<?xml version="1.0" encoding="UTF-8"?>
<TestRun id="3e144027-2c08-4997-89e2-a51c6d2baa35" name="bvdbovenkamp@LPBVDBOVENKAMP1 2018-06-12 14:27:14" runUser="TRICODE\bvdbovenkamp" xmlns="http://microsoft.com/schemas/VisualStudio/TeamTest/2010">
  <TestSettings name="Local" id="7b033f6e-e62e-47ef-a74c-e5b947ff6714">
    <Description>These are default test settings for a local test run.</Description>
    <Execution hostProcessPlatform="MSIL">
      <TestTypeSpecific />
      <AgentRule name="Execution Agents">
      </AgentRule>
    </Execution>
    <Deployment runDeploymentRoot="bvdbovenkamp_LPBVDBOVENKAMP1 2018-06-12 14_27_14" />
    <Properties>
      <Property name="TestSettingsUIType" value="LoadTest" />
    </Properties>
  </TestSettings>
  <Times creation="2018-06-12T14:27:14.2185339+02:00" queuing="2018-06-12T14:27:15.7119884+02:00" start="2018-06-12T14:27:16.0504646+02:00" finish="2018-06-12T14:27:42.6783620+02:00" />
  <ResultSummary outcome="Failed">
    <Counters total="1" executed="1" error="0" failed="1" timeout="0" aborted="0" inconclusive="0" passedButRunAborted="0" notRunnable="0" notExecuted="0" disconnected="0" warning="0" passed="0" completed="0" inProgress="0" pending="0" />
  </ResultSummary>
  <TestDefinitions>
    <WebTest name="WebTest2" storage="c:\projects\nots wapp\airbnb_v3\webandloadtestairbnb\webtest2.webtest" id="2a6c56fe-7e44-4c44-a555-8137a92e4c8b" persistedWebTest="77u/PD94bWwgdmVyc2lvbj0iMS4wIiBlbmNvZGluZz0iVVRGLTgiIHN0YW5kYWxvbmU9InllcyI/Pg0KPFdlYlRlc3QgTmFtZT0iV2ViVGVzdDIiIElkPSIyYTZjNTZmZS03ZTQ0LTRjNDQtYTU1NS04MTM3YTkyZTRjOGIiIE93bmVyPSIiIFByaW9yaXR5PSIyMTQ3NDgzNjQ3IiBFbmFibGVkPSJUcnVlIiBDc3NQcm9qZWN0U3RydWN0dXJlPSIiIENzc0l0ZXJhdGlvbj0iIiBUaW1lb3V0PSIwIiBXb3JrSXRlbUlkcz0iIiB4bWxucz0iaHR0cDovL21pY3Jvc29mdC5jb20vc2NoZW1hcy9WaXN1YWxTdHVkaW8vVGVhbVRlc3QvMjAxMCIgRGVzY3JpcHRpb249IiIgQ3JlZGVudGlhbFVzZXJOYW1lPSIiIENyZWRlbnRpYWxQYXNzd29yZD0iIiBQcmVBdXRoZW50aWNhdGU9IlRydWUiIFByb3h5PSJkZWZhdWx0IiBTdG9wT25FcnJvcj0iRmFsc2UiIFJlY29yZGVkUmVzdWx0RmlsZT0iV2ViVGVzdDIuMjViZTA5NjEtODAxZS00NmVhLTlkYjItMzY4MDg1MmQ2NzhmLnJlYy53ZWJ0ZXN0cmVzdWx0IiBSZXN1bHRzTG9jYWxlPSIiPg0KICA8SXRlbXM+DQogICAgPFJlcXVlc3QgTWV0aG9kPSJHRVQiIEd1aWQ9IjZhNWM1ZDdkLTA5NzAtNGU3ZC05NDgwLWE1MWJiMTFhMjM2MSIgVmVyc2lvbj0iMS4xIiBVcmw9Imh0dHA6Ly9hcGkuYmluZy5jb20vcXNtbC5hc3B4IiBUaGlua1RpbWU9IjAiIFRpbWVvdXQ9IjMwMCIgUGFyc2VEZXBlbmRlbnRSZXF1ZXN0cz0iVHJ1ZSIgRm9sbG93UmVkaXJlY3RzPSJUcnVlIiBSZWNvcmRSZXN1bHQ9IlRydWUiIENhY2hlPSJGYWxzZSIgUmVzcG9uc2VUaW1lR29hbD0iMCIgRW5jb2Rpbmc9InV0Zi04IiBFeHBlY3RlZEh0dHBTdGF0dXNDb2RlPSIwIiBFeHBlY3RlZFJlc3BvbnNlVXJsPSJodHRwczovL2FwaS5iaW5nLmNvbS9xc21sLmFzcHg/cXVlcnk9dyZhbXA7bWF4d2lkdGg9MzI3NjUmYW1wO3Jvd2hlaWdodD0yMCZhbXA7c2VjdGlvbkhlaWdodD0xNjAmYW1wO0ZPUk09SUVTUzROJmFtcDttYXJrZXQ9ZW4tTkwiIFJlcG9ydGluZ05hbWU9IiIgSWdub3JlSHR0cFN0YXR1c0NvZGU9IkZhbHNlIj4NCiAgICAgIDxRdWVyeVN0cmluZ1BhcmFtZXRlcnM+DQogICAgICAgIDxRdWVyeVN0cmluZ1BhcmFtZXRlciBOYW1lPSJxdWVyeSIgVmFsdWU9InciIFJlY29yZGVkVmFsdWU9InciIENvcnJlbGF0aW9uQmluZGluZz0iIiBVcmxFbmNvZGU9IkZhbHNlIiBVc2VUb0dyb3VwUmVzdWx0cz0iRmFsc2UiIC8+DQogICAgICAgIDxRdWVyeVN0cmluZ1BhcmFtZXRlciBOYW1lPSJtYXh3aWR0aCIgVmFsdWU9IjMyNzY1IiBSZWNvcmRlZFZhbHVlPSIzMjc2NSIgQ29ycmVsYXRpb25CaW5kaW5nPSIiIFVybEVuY29kZT0iRmFsc2UiIFVzZVRvR3JvdXBSZXN1bHRzPSJGYWxzZSIgLz4NCiAgICAgICAgPFF1ZXJ5U3RyaW5nUGFyYW1ldGVyIE5hbWU9InJvd2hlaWdodCIgVmFsdWU9IjIwIiBSZWNvcmRlZFZhbHVlPSIyMCIgQ29ycmVsYXRpb25CaW5kaW5nPSIiIFVybEVuY29kZT0iRmFsc2UiIFVzZVRvR3JvdXBSZXN1bHRzPSJGYWxzZSIgLz4NCiAgICAgICAgPFF1ZXJ5U3RyaW5nUGFyYW1ldGVyIE5hbWU9InNlY3Rpb25IZWlnaHQiIFZhbHVlPSIxNjAiIFJlY29yZGVkVmFsdWU9IjE2MCIgQ29ycmVsYXRpb25CaW5kaW5nPSIiIFVybEVuY29kZT0iRmFsc2UiIFVzZVRvR3JvdXBSZXN1bHRzPSJGYWxzZSIgLz4NCiAgICAgICAgPFF1ZXJ5U3RyaW5nUGFyYW1ldGVyIE5hbWU9IkZPUk0iIFZhbHVlPSJJRVNTNE4iIFJlY29yZGVkVmFsdWU9IklFU1M0TiIgQ29ycmVsYXRpb25CaW5kaW5nPSIiIFVybEVuY29kZT0iRmFsc2UiIFVzZVRvR3JvdXBSZXN1bHRzPSJGYWxzZSIgLz4NCiAgICAgICAgPFF1ZXJ5U3RyaW5nUGFyYW1ldGVyIE5hbWU9Im1hcmtldCIgVmFsdWU9ImVuLU5MIiBSZWNvcmRlZFZhbHVlPSJlbi1OTCIgQ29ycmVsYXRpb25CaW5kaW5nPSIiIFVybEVuY29kZT0iRmFsc2UiIFVzZVRvR3JvdXBSZXN1bHRzPSJGYWxzZSIgLz4NCiAgICAgIDwvUXVlcnlTdHJpbmdQYXJhbWV0ZXJzPg0KICAgIDwvUmVxdWVzdD4NCiAgICA8UmVxdWVzdCBNZXRob2Q9IkdFVCIgR3VpZD0iNDExODg3YTQtZjA3Zi00NjEwLTg1ZjYtMDhjODYzOGZhZjYyIiBWZXJzaW9uPSIxLjEiIFVybD0iaHR0cDovL2FwaS5iaW5nLmNvbS9xc21sLmFzcHgiIFRoaW5rVGltZT0iMCIgVGltZW91dD0iMzAwIiBQYXJzZURlcGVuZGVudFJlcXVlc3RzPSJUcnVlIiBGb2xsb3dSZWRpcmVjdHM9IlRydWUiIFJlY29yZFJlc3VsdD0iVHJ1ZSIgQ2FjaGU9IkZhbHNlIiBSZXNwb25zZVRpbWVHb2FsPSIwIiBFbmNvZGluZz0idXRmLTgiIEV4cGVjdGVkSHR0cFN0YXR1c0NvZGU9IjAiIEV4cGVjdGVkUmVzcG9uc2VVcmw9Imh0dHBzOi8vYXBpLmJpbmcuY29tL3FzbWwuYXNweD9xdWVyeT13dyZhbXA7bWF4d2lkdGg9MzI3NjUmYW1wO3Jvd2hlaWdodD0yMCZhbXA7c2VjdGlvbkhlaWdodD0xNjAmYW1wO0ZPUk09SUVTUzROJmFtcDttYXJrZXQ9ZW4tTkwiIFJlcG9ydGluZ05hbWU9IiIgSWdub3JlSHR0cFN0YXR1c0NvZGU9IkZhbHNlIj4NCiAgICAgIDxRdWVyeVN0cmluZ1BhcmFtZXRlcnM+DQogICAgICAgIDxRdWVyeVN0cmluZ1BhcmFtZXRlciBOYW1lPSJxdWVyeSIgVmFsdWU9Ind3IiBSZWNvcmRlZFZhbHVlPSJ3dyIgQ29ycmVsYXRpb25CaW5kaW5nPSIiIFVybEVuY29kZT0iRmFsc2UiIFVzZVRvR3JvdXBSZXN1bHRzPSJGYWxzZSIgLz4NCiAgICAgICAgPFF1ZXJ5U3RyaW5nUGFyYW1ldGVyIE5hbWU9Im1heHdpZHRoIiBWYWx1ZT0iMzI3NjUiIFJlY29yZGVkVmFsdWU9IjMyNzY1IiBDb3JyZWxhdGlvbkJpbmRpbmc9IiIgVXJsRW5jb2RlPSJGYWxzZSIgVXNlVG9Hcm91cFJlc3VsdHM9IkZhbHNlIiAvPg0KICAgICAgICA8UXVlcnlTdHJpbmdQYXJhbWV0ZXIgTmFtZT0icm93aGVpZ2h0IiBWYWx1ZT0iMjAiIFJlY29yZGVkVmFsdWU9IjIwIiBDb3JyZWxhdGlvbkJpbmRpbmc9IiIgVXJsRW5jb2RlPSJGYWxzZSIgVXNlVG9Hcm91cFJlc3VsdHM9IkZhbHNlIiAvPg0KICAgICAgICA8UXVlcnlTdHJpbmdQYXJhbWV0ZXIgTmFtZT0ic2VjdGlvbkhlaWdodCIgVmFsdWU9IjE2MCIgUmVjb3JkZWRWYWx1ZT0iMTYwIiBDb3JyZWxhdGlvbkJpbmRpbmc9IiIgVXJsRW5jb2RlPSJGYWxzZSIgVXNlVG9Hcm91cFJlc3VsdHM9IkZhbHNlIiAvPg0KICAgICAgICA8UXVlcnlTdHJpbmdQYXJhbWV0ZXIgTmFtZT0iRk9STSIgVmFsdWU9IklFU1M0TiIgUmVjb3JkZWRWYWx1ZT0iSUVTUzROIiBDb3JyZWxhdGlvbkJpbmRpbmc9IiIgVXJsRW5jb2RlPSJGYWxzZSIgVXNlVG9Hcm91cFJlc3VsdHM9IkZhbHNlIiAvPg0KICAgICAgICA8UXVlcnlTdHJpbmdQYXJhbWV0ZXIgTmFtZT0ibWFya2V0IiBWYWx1ZT0iZW4tTkwiIFJlY29yZGVkVmFsdWU9ImVuLU5MIiBDb3JyZWxhdGlvbkJpbmRpbmc9IiIgVXJsRW5jb2RlPSJGYWxzZSIgVXNlVG9Hcm91cFJlc3VsdHM9IkZhbHNlIiAvPg0KICAgICAgPC9RdWVyeVN0cmluZ1BhcmFtZXRlcnM+DQogICAgPC9SZXF1ZXN0Pg0KICAgIDxSZXF1ZXN0IE1ldGhvZD0iR0VUIiBHdWlkPSJhYTBlNThjMi05ZTA2LTQwN2ItYTUyOC1mNmI5OWVlMTdiYTYiIFZlcnNpb249IjEuMSIgVXJsPSJodHRwOi8vYXBpLmJpbmcuY29tL3FzbWwuYXNweCIgVGhpbmtUaW1lPSIwIiBUaW1lb3V0PSIzMDAiIFBhcnNlRGVwZW5kZW50UmVxdWVzdHM9IlRydWUiIEZvbGxvd1JlZGlyZWN0cz0iVHJ1ZSIgUmVjb3JkUmVzdWx0PSJUcnVlIiBDYWNoZT0iRmFsc2UiIFJlc3BvbnNlVGltZUdvYWw9IjAiIEVuY29kaW5nPSJ1dGYtOCIgRXhwZWN0ZWRIdHRwU3RhdHVzQ29kZT0iMCIgRXhwZWN0ZWRSZXNwb25zZVVybD0iaHR0cHM6Ly9hcGkuYmluZy5jb20vcXNtbC5hc3B4P3F1ZXJ5PXd3dyZhbXA7bWF4d2lkdGg9MzI3NjUmYW1wO3Jvd2hlaWdodD0yMCZhbXA7c2VjdGlvbkhlaWdodD0xNjAmYW1wO0ZPUk09SUVTUzROJmFtcDttYXJrZXQ9ZW4tTkwiIFJlcG9ydGluZ05hbWU9IiIgSWdub3JlSHR0cFN0YXR1c0NvZGU9IkZhbHNlIj4NCiAgICAgIDxRdWVyeVN0cmluZ1BhcmFtZXRlcnM+DQogICAgICAgIDxRdWVyeVN0cmluZ1BhcmFtZXRlciBOYW1lPSJxdWVyeSIgVmFsdWU9Ind3dyIgUmVjb3JkZWRWYWx1ZT0id3d3IiBDb3JyZWxhdGlvbkJpbmRpbmc9IiIgVXJsRW5jb2RlPSJGYWxzZSIgVXNlVG9Hcm91cFJlc3VsdHM9IkZhbHNlIiAvPg0KICAgICAgICA8UXVlcnlTdHJpbmdQYXJhbWV0ZXIgTmFtZT0ibWF4d2lkdGgiIFZhbHVlPSIzMjc2NSIgUmVjb3JkZWRWYWx1ZT0iMzI3NjUiIENvcnJlbGF0aW9uQmluZGluZz0iIiBVcmxFbmNvZGU9IkZhbHNlIiBVc2VUb0dyb3VwUmVzdWx0cz0iRmFsc2UiIC8+DQogICAgICAgIDxRdWVyeVN0cmluZ1BhcmFtZXRlciBOYW1lPSJyb3doZWlnaHQiIFZhbHVlPSIyMCIgUmVjb3JkZWRWYWx1ZT0iMjAiIENvcnJlbGF0aW9uQmluZGluZz0iIiBVcmxFbmNvZGU9IkZhbHNlIiBVc2VUb0dyb3VwUmVzdWx0cz0iRmFsc2UiIC8+DQogICAgICAgIDxRdWVyeVN0cmluZ1BhcmFtZXRlciBOYW1lPSJzZWN0aW9uSGVpZ2h0IiBWYWx1ZT0iMTYwIiBSZWNvcmRlZFZhbHVlPSIxNjAiIENvcnJlbGF0aW9uQmluZGluZz0iIiBVcmxFbmNvZGU9IkZhbHNlIiBVc2VUb0dyb3VwUmVzdWx0cz0iRmFsc2UiIC8+DQogICAgICAgIDxRdWVyeVN0cmluZ1BhcmFtZXRlciBOYW1lPSJGT1JNIiBWYWx1ZT0iSUVTUzROIiBSZWNvcmRlZFZhbHVlPSJJRVNTNE4iIENvcnJlbGF0aW9uQmluZGluZz0iIiBVcmxFbmNvZGU9IkZhbHNlIiBVc2VUb0dyb3VwUmVzdWx0cz0iRmFsc2UiIC8+DQogICAgICAgIDxRdWVyeVN0cmluZ1BhcmFtZXRlciBOYW1lPSJtYXJrZXQiIFZhbHVlPSJlbi1OTCIgUmVjb3JkZWRWYWx1ZT0iZW4tTkwiIENvcnJlbGF0aW9uQmluZGluZz0iIiBVcmxFbmNvZGU9IkZhbHNlIiBVc2VUb0dyb3VwUmVzdWx0cz0iRmFsc2UiIC8+DQogICAgICA8L1F1ZXJ5U3RyaW5nUGFyYW1ldGVycz4NCiAgICA8L1JlcXVlc3Q+DQogICAgPFJlcXVlc3QgTWV0aG9kPSJHRVQiIEd1aWQ9ImFlZjY1MzU5LTFiYzctNGNmYi04NDlmLTNkYzhhODJlY2YxMyIgVmVyc2lvbj0iMS4xIiBVcmw9Imh0dHA6Ly9hcGkuYmluZy5jb20vcXNtbC5hc3B4IiBUaGlua1RpbWU9IjciIFRpbWVvdXQ9IjMwMCIgUGFyc2VEZXBlbmRlbnRSZXF1ZXN0cz0iVHJ1ZSIgRm9sbG93UmVkaXJlY3RzPSJUcnVlIiBSZWNvcmRSZXN1bHQ9IlRydWUiIENhY2hlPSJGYWxzZSIgUmVzcG9uc2VUaW1lR29hbD0iMCIgRW5jb2Rpbmc9InV0Zi04IiBFeHBlY3RlZEh0dHBTdGF0dXNDb2RlPSIwIiBFeHBlY3RlZFJlc3BvbnNlVXJsPSJodHRwczovL2FwaS5iaW5nLmNvbS9xc21sLmFzcHg/cXVlcnk9d3d3LiZhbXA7bWF4d2lkdGg9MzI3NjUmYW1wO3Jvd2hlaWdodD0yMCZhbXA7c2VjdGlvbkhlaWdodD0xNjAmYW1wO0ZPUk09SUVTUzROJmFtcDttYXJrZXQ9ZW4tTkwiIFJlcG9ydGluZ05hbWU9IiIgSWdub3JlSHR0cFN0YXR1c0NvZGU9IkZhbHNlIj4NCiAgICAgIDxRdWVyeVN0cmluZ1BhcmFtZXRlcnM+DQogICAgICAgIDxRdWVyeVN0cmluZ1BhcmFtZXRlciBOYW1lPSJxdWVyeSIgVmFsdWU9Ind3dy4iIFJlY29yZGVkVmFsdWU9Ind3dy4iIENvcnJlbGF0aW9uQmluZGluZz0iIiBVcmxFbmNvZGU9IkZhbHNlIiBVc2VUb0dyb3VwUmVzdWx0cz0iRmFsc2UiIC8+DQogICAgICAgIDxRdWVyeVN0cmluZ1BhcmFtZXRlciBOYW1lPSJtYXh3aWR0aCIgVmFsdWU9IjMyNzY1IiBSZWNvcmRlZFZhbHVlPSIzMjc2NSIgQ29ycmVsYXRpb25CaW5kaW5nPSIiIFVybEVuY29kZT0iRmFsc2UiIFVzZVRvR3JvdXBSZXN1bHRzPSJGYWxzZSIgLz4NCiAgICAgICAgPFF1ZXJ5U3RyaW5nUGFyYW1ldGVyIE5hbWU9InJvd2hlaWdodCIgVmFsdWU9IjIwIiBSZWNvcmRlZFZhbHVlPSIyMCIgQ29ycmVsYXRpb25CaW5kaW5nPSIiIFVybEVuY29kZT0iRmFsc2UiIFVzZVRvR3JvdXBSZXN1bHRzPSJGYWxzZSIgLz4NCiAgICAgICAgPFF1ZXJ5U3RyaW5nUGFyYW1ldGVyIE5hbWU9InNlY3Rpb25IZWlnaHQiIFZhbHVlPSIxNjAiIFJlY29yZGVkVmFsdWU9IjE2MCIgQ29ycmVsYXRpb25CaW5kaW5nPSIiIFVybEVuY29kZT0iRmFsc2UiIFVzZVRvR3JvdXBSZXN1bHRzPSJGYWxzZSIgLz4NCiAgICAgICAgPFF1ZXJ5U3RyaW5nUGFyYW1ldGVyIE5hbWU9IkZPUk0iIFZhbHVlPSJJRVNTNE4iIFJlY29yZGVkVmFsdWU9IklFU1M0TiIgQ29ycmVsYXRpb25CaW5kaW5nPSIiIFVybEVuY29kZT0iRmFsc2UiIFVzZVRvR3JvdXBSZXN1bHRzPSJGYWxzZSIgLz4NCiAgICAgICAgPFF1ZXJ5U3RyaW5nUGFyYW1ldGVyIE5hbWU9Im1hcmtldCIgVmFsdWU9ImVuLU5MIiBSZWNvcmRlZFZhbHVlPSJlbi1OTCIgQ29ycmVsYXRpb25CaW5kaW5nPSIiIFVybEVuY29kZT0iRmFsc2UiIFVzZVRvR3JvdXBSZXN1bHRzPSJGYWxzZSIgLz4NCiAgICAgIDwvUXVlcnlTdHJpbmdQYXJhbWV0ZXJzPg0KICAgIDwvUmVxdWVzdD4NCiAgICA8UmVxdWVzdCBNZXRob2Q9IkdFVCIgR3VpZD0iYWM5MDA2ZDgtMGNjMi00MWM4LWEzZWQtZGFlMzgwNDM3MTZiIiBWZXJzaW9uPSIxLjEiIFVybD0iaHR0cDovL2FwaS5iaW5nLmNvbS9xc21sLmFzcHgiIFRoaW5rVGltZT0iMCIgVGltZW91dD0iMzAwIiBQYXJzZURlcGVuZGVudFJlcXVlc3RzPSJUcnVlIiBGb2xsb3dSZWRpcmVjdHM9IlRydWUiIFJlY29yZFJlc3VsdD0iVHJ1ZSIgQ2FjaGU9IkZhbHNlIiBSZXNwb25zZVRpbWVHb2FsPSIwIiBFbmNvZGluZz0idXRmLTgiIEV4cGVjdGVkSHR0cFN0YXR1c0NvZGU9IjAiIEV4cGVjdGVkUmVzcG9uc2VVcmw9Imh0dHBzOi8vYXBpLmJpbmcuY29tL3FzbWwuYXNweD9xdWVyeT13d3cubSZhbXA7bWF4d2lkdGg9MzI3NjUmYW1wO3Jvd2hlaWdodD0yMCZhbXA7c2VjdGlvbkhlaWdodD0xNjAmYW1wO0ZPUk09SUVTUzROJmFtcDttYXJrZXQ9ZW4tTkwiIFJlcG9ydGluZ05hbWU9IiIgSWdub3JlSHR0cFN0YXR1c0NvZGU9IkZhbHNlIj4NCiAgICAgIDxRdWVyeVN0cmluZ1BhcmFtZXRlcnM+DQogICAgICAgIDxRdWVyeVN0cmluZ1BhcmFtZXRlciBOYW1lPSJxdWVyeSIgVmFsdWU9Ind3dy5tIiBSZWNvcmRlZFZhbHVlPSJ3d3cubSIgQ29ycmVsYXRpb25CaW5kaW5nPSIiIFVybEVuY29kZT0iRmFsc2UiIFVzZVRvR3JvdXBSZXN1bHRzPSJGYWxzZSIgLz4NCiAgICAgICAgPFF1ZXJ5U3RyaW5nUGFyYW1ldGVyIE5hbWU9Im1heHdpZHRoIiBWYWx1ZT0iMzI3NjUiIFJlY29yZGVkVmFsdWU9IjMyNzY1IiBDb3JyZWxhdGlvbkJpbmRpbmc9IiIgVXJsRW5jb2RlPSJGYWxzZSIgVXNlVG9Hcm91cFJlc3VsdHM9IkZhbHNlIiAvPg0KICAgICAgICA8UXVlcnlTdHJpbmdQYXJhbWV0ZXIgTmFtZT0icm93aGVpZ2h0IiBWYWx1ZT0iMjAiIFJlY29yZGVkVmFsdWU9IjIwIiBDb3JyZWxhdGlvbkJpbmRpbmc9IiIgVXJsRW5jb2RlPSJGYWxzZSIgVXNlVG9Hcm91cFJlc3VsdHM9IkZhbHNlIiAvPg0KICAgICAgICA8UXVlcnlTdHJpbmdQYXJhbWV0ZXIgTmFtZT0ic2VjdGlvbkhlaWdodCIgVmFsdWU9IjE2MCIgUmVjb3JkZWRWYWx1ZT0iMTYwIiBDb3JyZWxhdGlvbkJpbmRpbmc9IiIgVXJsRW5jb2RlPSJGYWxzZSIgVXNlVG9Hcm91cFJlc3VsdHM9IkZhbHNlIiAvPg0KICAgICAgICA8UXVlcnlTdHJpbmdQYXJhbWV0ZXIgTmFtZT0iRk9STSIgVmFsdWU9IklFU1M0TiIgUmVjb3JkZWRWYWx1ZT0iSUVTUzROIiBDb3JyZWxhdGlvbkJpbmRpbmc9IiIgVXJsRW5jb2RlPSJGYWxzZSIgVXNlVG9Hcm91cFJlc3VsdHM9IkZhbHNlIiAvPg0KICAgICAgICA8UXVlcnlTdHJpbmdQYXJhbWV0ZXIgTmFtZT0ibWFya2V0IiBWYWx1ZT0iZW4tTkwiIFJlY29yZGVkVmFsdWU9ImVuLU5MIiBDb3JyZWxhdGlvbkJpbmRpbmc9IiIgVXJsRW5jb2RlPSJGYWxzZSIgVXNlVG9Hcm91cFJlc3VsdHM9IkZhbHNlIiAvPg0KICAgICAgPC9RdWVyeVN0cmluZ1BhcmFtZXRlcnM+DQogICAgPC9SZXF1ZXN0Pg0KICAgIDxSZXF1ZXN0IE1ldGhvZD0iR0VUIiBHdWlkPSJhOGVhMWYwYS1lNWJjLTRjODUtYjMwZC0zY2FlZDIwY2NmOTAiIFZlcnNpb249IjEuMSIgVXJsPSJodHRwOi8vYXBpLmJpbmcuY29tL3FzbWwuYXNweCIgVGhpbmtUaW1lPSIwIiBUaW1lb3V0PSIzMDAiIFBhcnNlRGVwZW5kZW50UmVxdWVzdHM9IlRydWUiIEZvbGxvd1JlZGlyZWN0cz0iVHJ1ZSIgUmVjb3JkUmVzdWx0PSJUcnVlIiBDYWNoZT0iRmFsc2UiIFJlc3BvbnNlVGltZUdvYWw9IjAiIEVuY29kaW5nPSJ1dGYtOCIgRXhwZWN0ZWRIdHRwU3RhdHVzQ29kZT0iMCIgRXhwZWN0ZWRSZXNwb25zZVVybD0iaHR0cHM6Ly9hcGkuYmluZy5jb20vcXNtbC5hc3B4P3F1ZXJ5PXd3dy5tYSZhbXA7bWF4d2lkdGg9MzI3NjUmYW1wO3Jvd2hlaWdodD0yMCZhbXA7c2VjdGlvbkhlaWdodD0xNjAmYW1wO0ZPUk09SUVTUzROJmFtcDttYXJrZXQ9ZW4tTkwiIFJlcG9ydGluZ05hbWU9IiIgSWdub3JlSHR0cFN0YXR1c0NvZGU9IkZhbHNlIj4NCiAgICAgIDxRdWVyeVN0cmluZ1BhcmFtZXRlcnM+DQogICAgICAgIDxRdWVyeVN0cmluZ1BhcmFtZXRlciBOYW1lPSJxdWVyeSIgVmFsdWU9Ind3dy5tYSIgUmVjb3JkZWRWYWx1ZT0id3d3Lm1hIiBDb3JyZWxhdGlvbkJpbmRpbmc9IiIgVXJsRW5jb2RlPSJGYWxzZSIgVXNlVG9Hcm91cFJlc3VsdHM9IkZhbHNlIiAvPg0KICAgICAgICA8UXVlcnlTdHJpbmdQYXJhbWV0ZXIgTmFtZT0ibWF4d2lkdGgiIFZhbHVlPSIzMjc2NSIgUmVjb3JkZWRWYWx1ZT0iMzI3NjUiIENvcnJlbGF0aW9uQmluZGluZz0iIiBVcmxFbmNvZGU9IkZhbHNlIiBVc2VUb0dyb3VwUmVzdWx0cz0iRmFsc2UiIC8+DQogICAgICAgIDxRdWVyeVN0cmluZ1BhcmFtZXRlciBOYW1lPSJyb3doZWlnaHQiIFZhbHVlPSIyMCIgUmVjb3JkZWRWYWx1ZT0iMjAiIENvcnJlbGF0aW9uQmluZGluZz0iIiBVcmxFbmNvZGU9IkZhbHNlIiBVc2VUb0dyb3VwUmVzdWx0cz0iRmFsc2UiIC8+DQogICAgICAgIDxRdWVyeVN0cmluZ1BhcmFtZXRlciBOYW1lPSJzZWN0aW9uSGVpZ2h0IiBWYWx1ZT0iMTYwIiBSZWNvcmRlZFZhbHVlPSIxNjAiIENvcnJlbGF0aW9uQmluZGluZz0iIiBVcmxFbmNvZGU9IkZhbHNlIiBVc2VUb0dyb3VwUmVzdWx0cz0iRmFsc2UiIC8+DQogICAgICAgIDxRdWVyeVN0cmluZ1BhcmFtZXRlciBOYW1lPSJGT1JNIiBWYWx1ZT0iSUVTUzROIiBSZWNvcmRlZFZhbHVlPSJJRVNTNE4iIENvcnJlbGF0aW9uQmluZGluZz0iIiBVcmxFbmNvZGU9IkZhbHNlIiBVc2VUb0dyb3VwUmVzdWx0cz0iRmFsc2UiIC8+DQogICAgICAgIDxRdWVyeVN0cmluZ1BhcmFtZXRlciBOYW1lPSJtYXJrZXQiIFZhbHVlPSJlbi1OTCIgUmVjb3JkZWRWYWx1ZT0iZW4tTkwiIENvcnJlbGF0aW9uQmluZGluZz0iIiBVcmxFbmNvZGU9IkZhbHNlIiBVc2VUb0dyb3VwUmVzdWx0cz0iRmFsc2UiIC8+DQogICAgICA8L1F1ZXJ5U3RyaW5nUGFyYW1ldGVycz4NCiAgICA8L1JlcXVlc3Q+DQogICAgPFJlcXVlc3QgTWV0aG9kPSJHRVQiIEd1aWQ9IjYwNDM1YThlLWM4N2MtNDMyNi1hNzA0LTIzZDU1OGQwYmUxMyIgVmVyc2lvbj0iMS4xIiBVcmw9Imh0dHA6Ly9hcGkuYmluZy5jb20vcXNtbC5hc3B4IiBUaGlua1RpbWU9IjAiIFRpbWVvdXQ9IjMwMCIgUGFyc2VEZXBlbmRlbnRSZXF1ZXN0cz0iVHJ1ZSIgRm9sbG93UmVkaXJlY3RzPSJUcnVlIiBSZWNvcmRSZXN1bHQ9IlRydWUiIENhY2hlPSJGYWxzZSIgUmVzcG9uc2VUaW1lR29hbD0iMCIgRW5jb2Rpbmc9InV0Zi04IiBFeHBlY3RlZEh0dHBTdGF0dXNDb2RlPSIwIiBFeHBlY3RlZFJlc3BvbnNlVXJsPSJodHRwczovL2FwaS5iaW5nLmNvbS9xc21sLmFzcHg/cXVlcnk9d3d3Lm1hciZhbXA7bWF4d2lkdGg9MzI3NjUmYW1wO3Jvd2hlaWdodD0yMCZhbXA7c2VjdGlvbkhlaWdodD0xNjAmYW1wO0ZPUk09SUVTUzROJmFtcDttYXJrZXQ9ZW4tTkwiIFJlcG9ydGluZ05hbWU9IiIgSWdub3JlSHR0cFN0YXR1c0NvZGU9IkZhbHNlIj4NCiAgICAgIDxRdWVyeVN0cmluZ1BhcmFtZXRlcnM+DQogICAgICAgIDxRdWVyeVN0cmluZ1BhcmFtZXRlciBOYW1lPSJxdWVyeSIgVmFsdWU9Ind3dy5tYXIiIFJlY29yZGVkVmFsdWU9Ind3dy5tYXIiIENvcnJlbGF0aW9uQmluZGluZz0iIiBVcmxFbmNvZGU9IkZhbHNlIiBVc2VUb0dyb3VwUmVzdWx0cz0iRmFsc2UiIC8+DQogICAgICAgIDxRdWVyeVN0cmluZ1BhcmFtZXRlciBOYW1lPSJtYXh3aWR0aCIgVmFsdWU9IjMyNzY1IiBSZWNvcmRlZFZhbHVlPSIzMjc2NSIgQ29ycmVsYXRpb25CaW5kaW5nPSIiIFVybEVuY29kZT0iRmFsc2UiIFVzZVRvR3JvdXBSZXN1bHRzPSJGYWxzZSIgLz4NCiAgICAgICAgPFF1ZXJ5U3RyaW5nUGFyYW1ldGVyIE5hbWU9InJvd2hlaWdodCIgVmFsdWU9IjIwIiBSZWNvcmRlZFZhbHVlPSIyMCIgQ29ycmVsYXRpb25CaW5kaW5nPSIiIFVybEVuY29kZT0iRmFsc2UiIFVzZVRvR3JvdXBSZXN1bHRzPSJGYWxzZSIgLz4NCiAgICAgICAgPFF1ZXJ5U3RyaW5nUGFyYW1ldGVyIE5hbWU9InNlY3Rpb25IZWlnaHQiIFZhbHVlPSIxNjAiIFJlY29yZGVkVmFsdWU9IjE2MCIgQ29ycmVsYXRpb25CaW5kaW5nPSIiIFVybEVuY29kZT0iRmFsc2UiIFVzZVRvR3JvdXBSZXN1bHRzPSJGYWxzZSIgLz4NCiAgICAgICAgPFF1ZXJ5U3RyaW5nUGFyYW1ldGVyIE5hbWU9IkZPUk0iIFZhbHVlPSJJRVNTNE4iIFJlY29yZGVkVmFsdWU9IklFU1M0TiIgQ29ycmVsYXRpb25CaW5kaW5nPSIiIFVybEVuY29kZT0iRmFsc2UiIFVzZVRvR3JvdXBSZXN1bHRzPSJGYWxzZSIgLz4NCiAgICAgICAgPFF1ZXJ5U3RyaW5nUGFyYW1ldGVyIE5hbWU9Im1hcmtldCIgVmFsdWU9ImVuLU5MIiBSZWNvcmRlZFZhbHVlPSJlbi1OTCIgQ29ycmVsYXRpb25CaW5kaW5nPSIiIFVybEVuY29kZT0iRmFsc2UiIFVzZVRvR3JvdXBSZXN1bHRzPSJGYWxzZSIgLz4NCiAgICAgIDwvUXVlcnlTdHJpbmdQYXJhbWV0ZXJzPg0KICAgIDwvUmVxdWVzdD4NCiAgICA8UmVxdWVzdCBNZXRob2Q9IkdFVCIgR3VpZD0iNjc3NmFhMjItOTYyNS00Mzc0LThkNWItODc4OTAwMGI2MGQyIiBWZXJzaW9uPSIxLjEiIFVybD0iaHR0cDovL2FwaS5iaW5nLmNvbS9xc21sLmFzcHgiIFRoaW5rVGltZT0iMCIgVGltZW91dD0iMzAwIiBQYXJzZURlcGVuZGVudFJlcXVlc3RzPSJUcnVlIiBGb2xsb3dSZWRpcmVjdHM9IlRydWUiIFJlY29yZFJlc3VsdD0iVHJ1ZSIgQ2FjaGU9IkZhbHNlIiBSZXNwb25zZVRpbWVHb2FsPSIwIiBFbmNvZGluZz0idXRmLTgiIEV4cGVjdGVkSHR0cFN0YXR1c0NvZGU9IjAiIEV4cGVjdGVkUmVzcG9uc2VVcmw9Imh0dHBzOi8vYXBpLmJpbmcuY29tL3FzbWwuYXNweD9xdWVyeT13d3cubWFyayZhbXA7bWF4d2lkdGg9MzI3NjUmYW1wO3Jvd2hlaWdodD0yMCZhbXA7c2VjdGlvbkhlaWdodD0xNjAmYW1wO0ZPUk09SUVTUzROJmFtcDttYXJrZXQ9ZW4tTkwiIFJlcG9ydGluZ05hbWU9IiIgSWdub3JlSHR0cFN0YXR1c0NvZGU9IkZhbHNlIj4NCiAgICAgIDxRdWVyeVN0cmluZ1BhcmFtZXRlcnM+DQogICAgICAgIDxRdWVyeVN0cmluZ1BhcmFtZXRlciBOYW1lPSJxdWVyeSIgVmFsdWU9Ind3dy5tYXJrIiBSZWNvcmRlZFZhbHVlPSJ3d3cubWFyayIgQ29ycmVsYXRpb25CaW5kaW5nPSIiIFVybEVuY29kZT0iRmFsc2UiIFVzZVRvR3JvdXBSZXN1bHRzPSJGYWxzZSIgLz4NCiAgICAgICAgPFF1ZXJ5U3RyaW5nUGFyYW1ldGVyIE5hbWU9Im1heHdpZHRoIiBWYWx1ZT0iMzI3NjUiIFJlY29yZGVkVmFsdWU9IjMyNzY1IiBDb3JyZWxhdGlvbkJpbmRpbmc9IiIgVXJsRW5jb2RlPSJGYWxzZSIgVXNlVG9Hcm91cFJlc3VsdHM9IkZhbHNlIiAvPg0KICAgICAgICA8UXVlcnlTdHJpbmdQYXJhbWV0ZXIgTmFtZT0icm93aGVpZ2h0IiBWYWx1ZT0iMjAiIFJlY29yZGVkVmFsdWU9IjIwIiBDb3JyZWxhdGlvbkJpbmRpbmc9IiIgVXJsRW5jb2RlPSJGYWxzZSIgVXNlVG9Hcm91cFJlc3VsdHM9IkZhbHNlIiAvPg0KICAgICAgICA8UXVlcnlTdHJpbmdQYXJhbWV0ZXIgTmFtZT0ic2VjdGlvbkhlaWdodCIgVmFsdWU9IjE2MCIgUmVjb3JkZWRWYWx1ZT0iMTYwIiBDb3JyZWxhdGlvbkJpbmRpbmc9IiIgVXJsRW5jb2RlPSJGYWxzZSIgVXNlVG9Hcm91cFJlc3VsdHM9IkZhbHNlIiAvPg0KICAgICAgICA8UXVlcnlTdHJpbmdQYXJhbWV0ZXIgTmFtZT0iRk9STSIgVmFsdWU9IklFU1M0TiIgUmVjb3JkZWRWYWx1ZT0iSUVTUzROIiBDb3JyZWxhdGlvbkJpbmRpbmc9IiIgVXJsRW5jb2RlPSJGYWxzZSIgVXNlVG9Hcm91cFJlc3VsdHM9IkZhbHNlIiAvPg0KICAgICAgICA8UXVlcnlTdHJpbmdQYXJhbWV0ZXIgTmFtZT0ibWFya2V0IiBWYWx1ZT0iZW4tTkwiIFJlY29yZGVkVmFsdWU9ImVuLU5MIiBDb3JyZWxhdGlvbkJpbmRpbmc9IiIgVXJsRW5jb2RlPSJGYWxzZSIgVXNlVG9Hcm91cFJlc3VsdHM9IkZhbHNlIiAvPg0KICAgICAgPC9RdWVyeVN0cmluZ1BhcmFtZXRlcnM+DQogICAgPC9SZXF1ZXN0Pg0KICAgIDxSZXF1ZXN0IE1ldGhvZD0iR0VUIiBHdWlkPSI0NzdiMzg4Mi1kOGU5LTQ1YmYtYjVkYS1hN2M5YTg5NTBhYmQiIFZlcnNpb249IjEuMSIgVXJsPSJodHRwOi8vYXBpLmJpbmcuY29tL3FzbWwuYXNweCIgVGhpbmtUaW1lPSIwIiBUaW1lb3V0PSIzMDAiIFBhcnNlRGVwZW5kZW50UmVxdWVzdHM9IlRydWUiIEZvbGxvd1JlZGlyZWN0cz0iVHJ1ZSIgUmVjb3JkUmVzdWx0PSJUcnVlIiBDYWNoZT0iRmFsc2UiIFJlc3BvbnNlVGltZUdvYWw9IjAiIEVuY29kaW5nPSJ1dGYtOCIgRXhwZWN0ZWRIdHRwU3RhdHVzQ29kZT0iMCIgRXhwZWN0ZWRSZXNwb25zZVVybD0iaHR0cHM6Ly9hcGkuYmluZy5jb20vcXNtbC5hc3B4P3F1ZXJ5PXd3dy5tYXJrdCZhbXA7bWF4d2lkdGg9MzI3NjUmYW1wO3Jvd2hlaWdodD0yMCZhbXA7c2VjdGlvbkhlaWdodD0xNjAmYW1wO0ZPUk09SUVTUzROJmFtcDttYXJrZXQ9ZW4tTkwiIFJlcG9ydGluZ05hbWU9IiIgSWdub3JlSHR0cFN0YXR1c0NvZGU9IkZhbHNlIj4NCiAgICAgIDxRdWVyeVN0cmluZ1BhcmFtZXRlcnM+DQogICAgICAgIDxRdWVyeVN0cmluZ1BhcmFtZXRlciBOYW1lPSJxdWVyeSIgVmFsdWU9Ind3dy5tYXJrdCIgUmVjb3JkZWRWYWx1ZT0id3d3Lm1hcmt0IiBDb3JyZWxhdGlvbkJpbmRpbmc9IiIgVXJsRW5jb2RlPSJGYWxzZSIgVXNlVG9Hcm91cFJlc3VsdHM9IkZhbHNlIiAvPg0KICAgICAgICA8UXVlcnlTdHJpbmdQYXJhbWV0ZXIgTmFtZT0ibWF4d2lkdGgiIFZhbHVlPSIzMjc2NSIgUmVjb3JkZWRWYWx1ZT0iMzI3NjUiIENvcnJlbGF0aW9uQmluZGluZz0iIiBVcmxFbmNvZGU9IkZhbHNlIiBVc2VUb0dyb3VwUmVzdWx0cz0iRmFsc2UiIC8+DQogICAgICAgIDxRdWVyeVN0cmluZ1BhcmFtZXRlciBOYW1lPSJyb3doZWlnaHQiIFZhbHVlPSIyMCIgUmVjb3JkZWRWYWx1ZT0iMjAiIENvcnJlbGF0aW9uQmluZGluZz0iIiBVcmxFbmNvZGU9IkZhbHNlIiBVc2VUb0dyb3VwUmVzdWx0cz0iRmFsc2UiIC8+DQogICAgICAgIDxRdWVyeVN0cmluZ1BhcmFtZXRlciBOYW1lPSJzZWN0aW9uSGVpZ2h0IiBWYWx1ZT0iMTYwIiBSZWNvcmRlZFZhbHVlPSIxNjAiIENvcnJlbGF0aW9uQmluZGluZz0iIiBVcmxFbmNvZGU9IkZhbHNlIiBVc2VUb0dyb3VwUmVzdWx0cz0iRmFsc2UiIC8+DQogICAgICAgIDxRdWVyeVN0cmluZ1BhcmFtZXRlciBOYW1lPSJGT1JNIiBWYWx1ZT0iSUVTUzROIiBSZWNvcmRlZFZhbHVlPSJJRVNTNE4iIENvcnJlbGF0aW9uQmluZGluZz0iIiBVcmxFbmNvZGU9IkZhbHNlIiBVc2VUb0dyb3VwUmVzdWx0cz0iRmFsc2UiIC8+DQogICAgICAgIDxRdWVyeVN0cmluZ1BhcmFtZXRlciBOYW1lPSJtYXJrZXQiIFZhbHVlPSJlbi1OTCIgUmVjb3JkZWRWYWx1ZT0iZW4tTkwiIENvcnJlbGF0aW9uQmluZGluZz0iIiBVcmxFbmNvZGU9IkZhbHNlIiBVc2VUb0dyb3VwUmVzdWx0cz0iRmFsc2UiIC8+DQogICAgICA8L1F1ZXJ5U3RyaW5nUGFyYW1ldGVycz4NCiAgICA8L1JlcXVlc3Q+DQogICAgPFJlcXVlc3QgTWV0aG9kPSJHRVQiIEd1aWQ9ImZiNjRjOGQ4LTA1ZTMtNDA5ZC04MDY0LWUwNzg5MmU0NDAwYiIgVmVyc2lvbj0iMS4xIiBVcmw9Imh0dHA6Ly9hcGkuYmluZy5jb20vcXNtbC5hc3B4IiBUaGlua1RpbWU9IjAiIFRpbWVvdXQ9IjMwMCIgUGFyc2VEZXBlbmRlbnRSZXF1ZXN0cz0iVHJ1ZSIgRm9sbG93UmVkaXJlY3RzPSJUcnVlIiBSZWNvcmRSZXN1bHQ9IlRydWUiIENhY2hlPSJGYWxzZSIgUmVzcG9uc2VUaW1lR29hbD0iMCIgRW5jb2Rpbmc9InV0Zi04IiBFeHBlY3RlZEh0dHBTdGF0dXNDb2RlPSIwIiBFeHBlY3RlZFJlc3BvbnNlVXJsPSJodHRwczovL2FwaS5iaW5nLmNvbS9xc21sLmFzcHg/cXVlcnk9d3d3Lm1hcmt0cCZhbXA7bWF4d2lkdGg9MzI3NjUmYW1wO3Jvd2hlaWdodD0yMCZhbXA7c2VjdGlvbkhlaWdodD0xNjAmYW1wO0ZPUk09SUVTUzROJmFtcDttYXJrZXQ9ZW4tTkwiIFJlcG9ydGluZ05hbWU9IiIgSWdub3JlSHR0cFN0YXR1c0NvZGU9IkZhbHNlIj4NCiAgICAgIDxRdWVyeVN0cmluZ1BhcmFtZXRlcnM+DQogICAgICAgIDxRdWVyeVN0cmluZ1BhcmFtZXRlciBOYW1lPSJxdWVyeSIgVmFsdWU9Ind3dy5tYXJrdHAiIFJlY29yZGVkVmFsdWU9Ind3dy5tYXJrdHAiIENvcnJlbGF0aW9uQmluZGluZz0iIiBVcmxFbmNvZGU9IkZhbHNlIiBVc2VUb0dyb3VwUmVzdWx0cz0iRmFsc2UiIC8+DQogICAgICAgIDxRdWVyeVN0cmluZ1BhcmFtZXRlciBOYW1lPSJtYXh3aWR0aCIgVmFsdWU9IjMyNzY1IiBSZWNvcmRlZFZhbHVlPSIzMjc2NSIgQ29ycmVsYXRpb25CaW5kaW5nPSIiIFVybEVuY29kZT0iRmFsc2UiIFVzZVRvR3JvdXBSZXN1bHRzPSJGYWxzZSIgLz4NCiAgICAgICAgPFF1ZXJ5U3RyaW5nUGFyYW1ldGVyIE5hbWU9InJvd2hlaWdodCIgVmFsdWU9IjIwIiBSZWNvcmRlZFZhbHVlPSIyMCIgQ29ycmVsYXRpb25CaW5kaW5nPSIiIFVybEVuY29kZT0iRmFsc2UiIFVzZVRvR3JvdXBSZXN1bHRzPSJGYWxzZSIgLz4NCiAgICAgICAgPFF1ZXJ5U3RyaW5nUGFyYW1ldGVyIE5hbWU9InNlY3Rpb25IZWlnaHQiIFZhbHVlPSIxNjAiIFJlY29yZGVkVmFsdWU9IjE2MCIgQ29ycmVsYXRpb25CaW5kaW5nPSIiIFVybEVuY29kZT0iRmFsc2UiIFVzZVRvR3JvdXBSZXN1bHRzPSJGYWxzZSIgLz4NCiAgICAgICAgPFF1ZXJ5U3RyaW5nUGFyYW1ldGVyIE5hbWU9IkZPUk0iIFZhbHVlPSJJRVNTNE4iIFJlY29yZGVkVmFsdWU9IklFU1M0TiIgQ29ycmVsYXRpb25CaW5kaW5nPSIiIFVybEVuY29kZT0iRmFsc2UiIFVzZVRvR3JvdXBSZXN1bHRzPSJGYWxzZSIgLz4NCiAgICAgICAgPFF1ZXJ5U3RyaW5nUGFyYW1ldGVyIE5hbWU9Im1hcmtldCIgVmFsdWU9ImVuLU5MIiBSZWNvcmRlZFZhbHVlPSJlbi1OTCIgQ29ycmVsYXRpb25CaW5kaW5nPSIiIFVybEVuY29kZT0iRmFsc2UiIFVzZVRvR3JvdXBSZXN1bHRzPSJGYWxzZSIgLz4NCiAgICAgIDwvUXVlcnlTdHJpbmdQYXJhbWV0ZXJzPg0KICAgIDwvUmVxdWVzdD4NCiAgICA8UmVxdWVzdCBNZXRob2Q9IkdFVCIgR3VpZD0iMzViNzc0OTAtNTA0ZC00MzcwLTkxNTEtOTUxMjkyODJkNmUwIiBWZXJzaW9uPSIxLjEiIFVybD0iaHR0cDovL2FwaS5iaW5nLmNvbS9xc21sLmFzcHgiIFRoaW5rVGltZT0iMCIgVGltZW91dD0iMzAwIiBQYXJzZURlcGVuZGVudFJlcXVlc3RzPSJUcnVlIiBGb2xsb3dSZWRpcmVjdHM9IlRydWUiIFJlY29yZFJlc3VsdD0iVHJ1ZSIgQ2FjaGU9IkZhbHNlIiBSZXNwb25zZVRpbWVHb2FsPSIwIiBFbmNvZGluZz0idXRmLTgiIEV4cGVjdGVkSHR0cFN0YXR1c0NvZGU9IjAiIEV4cGVjdGVkUmVzcG9uc2VVcmw9Imh0dHBzOi8vYXBpLmJpbmcuY29tL3FzbWwuYXNweD9xdWVyeT13d3cubWFya3RwbCZhbXA7bWF4d2lkdGg9MzI3NjUmYW1wO3Jvd2hlaWdodD0yMCZhbXA7c2VjdGlvbkhlaWdodD0xNjAmYW1wO0ZPUk09SUVTUzROJmFtcDttYXJrZXQ9ZW4tTkwiIFJlcG9ydGluZ05hbWU9IiIgSWdub3JlSHR0cFN0YXR1c0NvZGU9IkZhbHNlIj4NCiAgICAgIDxRdWVyeVN0cmluZ1BhcmFtZXRlcnM+DQogICAgICAgIDxRdWVyeVN0cmluZ1BhcmFtZXRlciBOYW1lPSJxdWVyeSIgVmFsdWU9Ind3dy5tYXJrdHBsIiBSZWNvcmRlZFZhbHVlPSJ3d3cubWFya3RwbCIgQ29ycmVsYXRpb25CaW5kaW5nPSIiIFVybEVuY29kZT0iRmFsc2UiIFVzZVRvR3JvdXBSZXN1bHRzPSJGYWxzZSIgLz4NCiAgICAgICAgPFF1ZXJ5U3RyaW5nUGFyYW1ldGVyIE5hbWU9Im1heHdpZHRoIiBWYWx1ZT0iMzI3NjUiIFJlY29yZGVkVmFsdWU9IjMyNzY1IiBDb3JyZWxhdGlvbkJpbmRpbmc9IiIgVXJsRW5jb2RlPSJGYWxzZSIgVXNlVG9Hcm91cFJlc3VsdHM9IkZhbHNlIiAvPg0KICAgICAgICA8UXVlcnlTdHJpbmdQYXJhbWV0ZXIgTmFtZT0icm93aGVpZ2h0IiBWYWx1ZT0iMjAiIFJlY29yZGVkVmFsdWU9IjIwIiBDb3JyZWxhdGlvbkJpbmRpbmc9IiIgVXJsRW5jb2RlPSJGYWxzZSIgVXNlVG9Hcm91cFJlc3VsdHM9IkZhbHNlIiAvPg0KICAgICAgICA8UXVlcnlTdHJpbmdQYXJhbWV0ZXIgTmFtZT0ic2VjdGlvbkhlaWdodCIgVmFsdWU9IjE2MCIgUmVjb3JkZWRWYWx1ZT0iMTYwIiBDb3JyZWxhdGlvbkJpbmRpbmc9IiIgVXJsRW5jb2RlPSJGYWxzZSIgVXNlVG9Hcm91cFJlc3VsdHM9IkZhbHNlIiAvPg0KICAgICAgICA8UXVlcnlTdHJpbmdQYXJhbWV0ZXIgTmFtZT0iRk9STSIgVmFsdWU9IklFU1M0TiIgUmVjb3JkZWRWYWx1ZT0iSUVTUzROIiBDb3JyZWxhdGlvbkJpbmRpbmc9IiIgVXJsRW5jb2RlPSJGYWxzZSIgVXNlVG9Hcm91cFJlc3VsdHM9IkZhbHNlIiAvPg0KICAgICAgICA8UXVlcnlTdHJpbmdQYXJhbWV0ZXIgTmFtZT0ibWFya2V0IiBWYWx1ZT0iZW4tTkwiIFJlY29yZGVkVmFsdWU9ImVuLU5MIiBDb3JyZWxhdGlvbkJpbmRpbmc9IiIgVXJsRW5jb2RlPSJGYWxzZSIgVXNlVG9Hcm91cFJlc3VsdHM9IkZhbHNlIiAvPg0KICAgICAgPC9RdWVyeVN0cmluZ1BhcmFtZXRlcnM+DQogICAgPC9SZXF1ZXN0Pg0KICAgIDxSZXF1ZXN0IE1ldGhvZD0iR0VUIiBHdWlkPSI5ZmM0MDBkYS0zMzViLTRlNjItOTIyMC01Y2Q4Yjc3NWVkYTciIFZlcnNpb249IjEuMSIgVXJsPSJodHRwOi8vYXBpLmJpbmcuY29tL3FzbWwuYXNweCIgVGhpbmtUaW1lPSIwIiBUaW1lb3V0PSIzMDAiIFBhcnNlRGVwZW5kZW50UmVxdWVzdHM9IlRydWUiIEZvbGxvd1JlZGlyZWN0cz0iVHJ1ZSIgUmVjb3JkUmVzdWx0PSJUcnVlIiBDYWNoZT0iRmFsc2UiIFJlc3BvbnNlVGltZUdvYWw9IjAiIEVuY29kaW5nPSJ1dGYtOCIgRXhwZWN0ZWRIdHRwU3RhdHVzQ29kZT0iMCIgRXhwZWN0ZWRSZXNwb25zZVVybD0iaHR0cHM6Ly9hcGkuYmluZy5jb20vcXNtbC5hc3B4P3F1ZXJ5PXd3dy5tYXJrdHBsYSZhbXA7bWF4d2lkdGg9MzI3NjUmYW1wO3Jvd2hlaWdodD0yMCZhbXA7c2VjdGlvbkhlaWdodD0xNjAmYW1wO0ZPUk09SUVTUzROJmFtcDttYXJrZXQ9ZW4tTkwiIFJlcG9ydGluZ05hbWU9IiIgSWdub3JlSHR0cFN0YXR1c0NvZGU9IkZhbHNlIj4NCiAgICAgIDxRdWVyeVN0cmluZ1BhcmFtZXRlcnM+DQogICAgICAgIDxRdWVyeVN0cmluZ1BhcmFtZXRlciBOYW1lPSJxdWVyeSIgVmFsdWU9Ind3dy5tYXJrdHBsYSIgUmVjb3JkZWRWYWx1ZT0id3d3Lm1hcmt0cGxhIiBDb3JyZWxhdGlvbkJpbmRpbmc9IiIgVXJsRW5jb2RlPSJGYWxzZSIgVXNlVG9Hcm91cFJlc3VsdHM9IkZhbHNlIiAvPg0KICAgICAgICA8UXVlcnlTdHJpbmdQYXJhbWV0ZXIgTmFtZT0ibWF4d2lkdGgiIFZhbHVlPSIzMjc2NSIgUmVjb3JkZWRWYWx1ZT0iMzI3NjUiIENvcnJlbGF0aW9uQmluZGluZz0iIiBVcmxFbmNvZGU9IkZhbHNlIiBVc2VUb0dyb3VwUmVzdWx0cz0iRmFsc2UiIC8+DQogICAgICAgIDxRdWVyeVN0cmluZ1BhcmFtZXRlciBOYW1lPSJyb3doZWlnaHQiIFZhbHVlPSIyMCIgUmVjb3JkZWRWYWx1ZT0iMjAiIENvcnJlbGF0aW9uQmluZGluZz0iIiBVcmxFbmNvZGU9IkZhbHNlIiBVc2VUb0dyb3VwUmVzdWx0cz0iRmFsc2UiIC8+DQogICAgICAgIDxRdWVyeVN0cmluZ1BhcmFtZXRlciBOYW1lPSJzZWN0aW9uSGVpZ2h0IiBWYWx1ZT0iMTYwIiBSZWNvcmRlZFZhbHVlPSIxNjAiIENvcnJlbGF0aW9uQmluZGluZz0iIiBVcmxFbmNvZGU9IkZhbHNlIiBVc2VUb0dyb3VwUmVzdWx0cz0iRmFsc2UiIC8+DQogICAgICAgIDxRdWVyeVN0cmluZ1BhcmFtZXRlciBOYW1lPSJGT1JNIiBWYWx1ZT0iSUVTUzROIiBSZWNvcmRlZFZhbHVlPSJJRVNTNE4iIENvcnJlbGF0aW9uQmluZGluZz0iIiBVcmxFbmNvZGU9IkZhbHNlIiBVc2VUb0dyb3VwUmVzdWx0cz0iRmFsc2UiIC8+DQogICAgICAgIDxRdWVyeVN0cmluZ1BhcmFtZXRlciBOYW1lPSJtYXJrZXQiIFZhbHVlPSJlbi1OTCIgUmVjb3JkZWRWYWx1ZT0iZW4tTkwiIENvcnJlbGF0aW9uQmluZGluZz0iIiBVcmxFbmNvZGU9IkZhbHNlIiBVc2VUb0dyb3VwUmVzdWx0cz0iRmFsc2UiIC8+DQogICAgICA8L1F1ZXJ5U3RyaW5nUGFyYW1ldGVycz4NCiAgICA8L1JlcXVlc3Q+DQogICAgPFJlcXVlc3QgTWV0aG9kPSJHRVQiIEd1aWQ9IjI5Y2I1ZTJlLWI1NDQtNDIwZS1hMDMzLWQzNTlmMjU5Mjc0ZCIgVmVyc2lvbj0iMS4xIiBVcmw9Imh0dHA6Ly9hcGkuYmluZy5jb20vcXNtbC5hc3B4IiBUaGlua1RpbWU9IjAiIFRpbWVvdXQ9IjMwMCIgUGFyc2VEZXBlbmRlbnRSZXF1ZXN0cz0iVHJ1ZSIgRm9sbG93UmVkaXJlY3RzPSJUcnVlIiBSZWNvcmRSZXN1bHQ9IlRydWUiIENhY2hlPSJGYWxzZSIgUmVzcG9uc2VUaW1lR29hbD0iMCIgRW5jb2Rpbmc9InV0Zi04IiBFeHBlY3RlZEh0dHBTdGF0dXNDb2RlPSIwIiBFeHBlY3RlZFJlc3BvbnNlVXJsPSJodHRwczovL2FwaS5iaW5nLmNvbS9xc21sLmFzcHg/cXVlcnk9d3d3Lm1hcmt0cGxhYSZhbXA7bWF4d2lkdGg9MzI3NjUmYW1wO3Jvd2hlaWdodD0yMCZhbXA7c2VjdGlvbkhlaWdodD0xNjAmYW1wO0ZPUk09SUVTUzROJmFtcDttYXJrZXQ9ZW4tTkwiIFJlcG9ydGluZ05hbWU9IiIgSWdub3JlSHR0cFN0YXR1c0NvZGU9IkZhbHNlIj4NCiAgICAgIDxRdWVyeVN0cmluZ1BhcmFtZXRlcnM+DQogICAgICAgIDxRdWVyeVN0cmluZ1BhcmFtZXRlciBOYW1lPSJxdWVyeSIgVmFsdWU9Ind3dy5tYXJrdHBsYWEiIFJlY29yZGVkVmFsdWU9Ind3dy5tYXJrdHBsYWEiIENvcnJlbGF0aW9uQmluZGluZz0iIiBVcmxFbmNvZGU9IkZhbHNlIiBVc2VUb0dyb3VwUmVzdWx0cz0iRmFsc2UiIC8+DQogICAgICAgIDxRdWVyeVN0cmluZ1BhcmFtZXRlciBOYW1lPSJtYXh3aWR0aCIgVmFsdWU9IjMyNzY1IiBSZWNvcmRlZFZhbHVlPSIzMjc2NSIgQ29ycmVsYXRpb25CaW5kaW5nPSIiIFVybEVuY29kZT0iRmFsc2UiIFVzZVRvR3JvdXBSZXN1bHRzPSJGYWxzZSIgLz4NCiAgICAgICAgPFF1ZXJ5U3RyaW5nUGFyYW1ldGVyIE5hbWU9InJvd2hlaWdodCIgVmFsdWU9IjIwIiBSZWNvcmRlZFZhbHVlPSIyMCIgQ29ycmVsYXRpb25CaW5kaW5nPSIiIFVybEVuY29kZT0iRmFsc2UiIFVzZVRvR3JvdXBSZXN1bHRzPSJGYWxzZSIgLz4NCiAgICAgICAgPFF1ZXJ5U3RyaW5nUGFyYW1ldGVyIE5hbWU9InNlY3Rpb25IZWlnaHQiIFZhbHVlPSIxNjAiIFJlY29yZGVkVmFsdWU9IjE2MCIgQ29ycmVsYXRpb25CaW5kaW5nPSIiIFVybEVuY29kZT0iRmFsc2UiIFVzZVRvR3JvdXBSZXN1bHRzPSJGYWxzZSIgLz4NCiAgICAgICAgPFF1ZXJ5U3RyaW5nUGFyYW1ldGVyIE5hbWU9IkZPUk0iIFZhbHVlPSJJRVNTNE4iIFJlY29yZGVkVmFsdWU9IklFU1M0TiIgQ29ycmVsYXRpb25CaW5kaW5nPSIiIFVybEVuY29kZT0iRmFsc2UiIFVzZVRvR3JvdXBSZXN1bHRzPSJGYWxzZSIgLz4NCiAgICAgICAgPFF1ZXJ5U3RyaW5nUGFyYW1ldGVyIE5hbWU9Im1hcmtldCIgVmFsdWU9ImVuLU5MIiBSZWNvcmRlZFZhbHVlPSJlbi1OTCIgQ29ycmVsYXRpb25CaW5kaW5nPSIiIFVybEVuY29kZT0iRmFsc2UiIFVzZVRvR3JvdXBSZXN1bHRzPSJGYWxzZSIgLz4NCiAgICAgIDwvUXVlcnlTdHJpbmdQYXJhbWV0ZXJzPg0KICAgIDwvUmVxdWVzdD4NCiAgICA8UmVxdWVzdCBNZXRob2Q9IkdFVCIgR3VpZD0iNThhYWNmNWUtNjFlYi00M2U0LWJiYzAtNDRhNTk3M2EzYjExIiBWZXJzaW9uPSIxLjEiIFVybD0iaHR0cDovL2FwaS5iaW5nLmNvbS9xc21sLmFzcHgiIFRoaW5rVGltZT0iMCIgVGltZW91dD0iMzAwIiBQYXJzZURlcGVuZGVudFJlcXVlc3RzPSJUcnVlIiBGb2xsb3dSZWRpcmVjdHM9IlRydWUiIFJlY29yZFJlc3VsdD0iVHJ1ZSIgQ2FjaGU9IkZhbHNlIiBSZXNwb25zZVRpbWVHb2FsPSIwIiBFbmNvZGluZz0idXRmLTgiIEV4cGVjdGVkSHR0cFN0YXR1c0NvZGU9IjAiIEV4cGVjdGVkUmVzcG9uc2VVcmw9Imh0dHBzOi8vYXBpLmJpbmcuY29tL3FzbWwuYXNweD9xdWVyeT13d3cubWFya3RwbGFhdCZhbXA7bWF4d2lkdGg9MzI3NjUmYW1wO3Jvd2hlaWdodD0yMCZhbXA7c2VjdGlvbkhlaWdodD0xNjAmYW1wO0ZPUk09SUVTUzROJmFtcDttYXJrZXQ9ZW4tTkwiIFJlcG9ydGluZ05hbWU9IiIgSWdub3JlSHR0cFN0YXR1c0NvZGU9IkZhbHNlIj4NCiAgICAgIDxRdWVyeVN0cmluZ1BhcmFtZXRlcnM+DQogICAgICAgIDxRdWVyeVN0cmluZ1BhcmFtZXRlciBOYW1lPSJxdWVyeSIgVmFsdWU9Ind3dy5tYXJrdHBsYWF0IiBSZWNvcmRlZFZhbHVlPSJ3d3cubWFya3RwbGFhdCIgQ29ycmVsYXRpb25CaW5kaW5nPSIiIFVybEVuY29kZT0iRmFsc2UiIFVzZVRvR3JvdXBSZXN1bHRzPSJGYWxzZSIgLz4NCiAgICAgICAgPFF1ZXJ5U3RyaW5nUGFyYW1ldGVyIE5hbWU9Im1heHdpZHRoIiBWYWx1ZT0iMzI3NjUiIFJlY29yZGVkVmFsdWU9IjMyNzY1IiBDb3JyZWxhdGlvbkJpbmRpbmc9IiIgVXJsRW5jb2RlPSJGYWxzZSIgVXNlVG9Hcm91cFJlc3VsdHM9IkZhbHNlIiAvPg0KICAgICAgICA8UXVlcnlTdHJpbmdQYXJhbWV0ZXIgTmFtZT0icm93aGVpZ2h0IiBWYWx1ZT0iMjAiIFJlY29yZGVkVmFsdWU9IjIwIiBDb3JyZWxhdGlvbkJpbmRpbmc9IiIgVXJsRW5jb2RlPSJGYWxzZSIgVXNlVG9Hcm91cFJlc3VsdHM9IkZhbHNlIiAvPg0KICAgICAgICA8UXVlcnlTdHJpbmdQYXJhbWV0ZXIgTmFtZT0ic2VjdGlvbkhlaWdodCIgVmFsdWU9IjE2MCIgUmVjb3JkZWRWYWx1ZT0iMTYwIiBDb3JyZWxhdGlvbkJpbmRpbmc9IiIgVXJsRW5jb2RlPSJGYWxzZSIgVXNlVG9Hcm91cFJlc3VsdHM9IkZhbHNlIiAvPg0KICAgICAgICA8UXVlcnlTdHJpbmdQYXJhbWV0ZXIgTmFtZT0iRk9STSIgVmFsdWU9IklFU1M0TiIgUmVjb3JkZWRWYWx1ZT0iSUVTUzROIiBDb3JyZWxhdGlvbkJpbmRpbmc9IiIgVXJsRW5jb2RlPSJGYWxzZSIgVXNlVG9Hcm91cFJlc3VsdHM9IkZhbHNlIiAvPg0KICAgICAgICA8UXVlcnlTdHJpbmdQYXJhbWV0ZXIgTmFtZT0ibWFya2V0IiBWYWx1ZT0iZW4tTkwiIFJlY29yZGVkVmFsdWU9ImVuLU5MIiBDb3JyZWxhdGlvbkJpbmRpbmc9IiIgVXJsRW5jb2RlPSJGYWxzZSIgVXNlVG9Hcm91cFJlc3VsdHM9IkZhbHNlIiAvPg0KICAgICAgPC9RdWVyeVN0cmluZ1BhcmFtZXRlcnM+DQogICAgPC9SZXF1ZXN0Pg0KICAgIDxSZXF1ZXN0IE1ldGhvZD0iR0VUIiBHdWlkPSJiMTBiZGQ2OC1mOGY3LTRmZGYtOWRmNi01NzE0NWRiMmI3NGYiIFZlcnNpb249IjEuMSIgVXJsPSJodHRwOi8vYXBpLmJpbmcuY29tL3FzbWwuYXNweCIgVGhpbmtUaW1lPSIwIiBUaW1lb3V0PSIzMDAiIFBhcnNlRGVwZW5kZW50UmVxdWVzdHM9IlRydWUiIEZvbGxvd1JlZGlyZWN0cz0iVHJ1ZSIgUmVjb3JkUmVzdWx0PSJUcnVlIiBDYWNoZT0iRmFsc2UiIFJlc3BvbnNlVGltZUdvYWw9IjAiIEVuY29kaW5nPSJ1dGYtOCIgRXhwZWN0ZWRIdHRwU3RhdHVzQ29kZT0iMCIgRXhwZWN0ZWRSZXNwb25zZVVybD0iaHR0cHM6Ly9hcGkuYmluZy5jb20vcXNtbC5hc3B4P3F1ZXJ5PXd3dy5tYXJrdHBsYWF0cyZhbXA7bWF4d2lkdGg9MzI3NjUmYW1wO3Jvd2hlaWdodD0yMCZhbXA7c2VjdGlvbkhlaWdodD0xNjAmYW1wO0ZPUk09SUVTUzROJmFtcDttYXJrZXQ9ZW4tTkwiIFJlcG9ydGluZ05hbWU9IiIgSWdub3JlSHR0cFN0YXR1c0NvZGU9IkZhbHNlIj4NCiAgICAgIDxRdWVyeVN0cmluZ1BhcmFtZXRlcnM+DQogICAgICAgIDxRdWVyeVN0cmluZ1BhcmFtZXRlciBOYW1lPSJxdWVyeSIgVmFsdWU9Ind3dy5tYXJrdHBsYWF0cyIgUmVjb3JkZWRWYWx1ZT0id3d3Lm1hcmt0cGxhYXRzIiBDb3JyZWxhdGlvbkJpbmRpbmc9IiIgVXJsRW5jb2RlPSJGYWxzZSIgVXNlVG9Hcm91cFJlc3VsdHM9IkZhbHNlIiAvPg0KICAgICAgICA8UXVlcnlTdHJpbmdQYXJhbWV0ZXIgTmFtZT0ibWF4d2lkdGgiIFZhbHVlPSIzMjc2NSIgUmVjb3JkZWRWYWx1ZT0iMzI3NjUiIENvcnJlbGF0aW9uQmluZGluZz0iIiBVcmxFbmNvZGU9IkZhbHNlIiBVc2VUb0dyb3VwUmVzdWx0cz0iRmFsc2UiIC8+DQogICAgICAgIDxRdWVyeVN0cmluZ1BhcmFtZXRlciBOYW1lPSJyb3doZWlnaHQiIFZhbHVlPSIyMCIgUmVjb3JkZWRWYWx1ZT0iMjAiIENvcnJlbGF0aW9uQmluZGluZz0iIiBVcmxFbmNvZGU9IkZhbHNlIiBVc2VUb0dyb3VwUmVzdWx0cz0iRmFsc2UiIC8+DQogICAgICAgIDxRdWVyeVN0cmluZ1BhcmFtZXRlciBOYW1lPSJzZWN0aW9uSGVpZ2h0IiBWYWx1ZT0iMTYwIiBSZWNvcmRlZFZhbHVlPSIxNjAiIENvcnJlbGF0aW9uQmluZGluZz0iIiBVcmxFbmNvZGU9IkZhbHNlIiBVc2VUb0dyb3VwUmVzdWx0cz0iRmFsc2UiIC8+DQogICAgICAgIDxRdWVyeVN0cmluZ1BhcmFtZXRlciBOYW1lPSJGT1JNIiBWYWx1ZT0iSUVTUzROIiBSZWNvcmRlZFZhbHVlPSJJRVNTNE4iIENvcnJlbGF0aW9uQmluZGluZz0iIiBVcmxFbmNvZGU9IkZhbHNlIiBVc2VUb0dyb3VwUmVzdWx0cz0iRmFsc2UiIC8+DQogICAgICAgIDxRdWVyeVN0cmluZ1BhcmFtZXRlciBOYW1lPSJtYXJrZXQiIFZhbHVlPSJlbi1OTCIgUmVjb3JkZWRWYWx1ZT0iZW4tTkwiIENvcnJlbGF0aW9uQmluZGluZz0iIiBVcmxFbmNvZGU9IkZhbHNlIiBVc2VUb0dyb3VwUmVzdWx0cz0iRmFsc2UiIC8+DQogICAgICA8L1F1ZXJ5U3RyaW5nUGFyYW1ldGVycz4NCiAgICA8L1JlcXVlc3Q+DQogICAgPFJlcXVlc3QgTWV0aG9kPSJHRVQiIEd1aWQ9IjZlNDAzODk3LWRkZDctNDdjNC05NGExLTIzZWI3MTU0OGRiYyIgVmVyc2lvbj0iMS4xIiBVcmw9Imh0dHA6Ly9hcGkuYmluZy5jb20vcXNtbC5hc3B4IiBUaGlua1RpbWU9IjAiIFRpbWVvdXQ9IjMwMCIgUGFyc2VEZXBlbmRlbnRSZXF1ZXN0cz0iVHJ1ZSIgRm9sbG93UmVkaXJlY3RzPSJUcnVlIiBSZWNvcmRSZXN1bHQ9IlRydWUiIENhY2hlPSJGYWxzZSIgUmVzcG9uc2VUaW1lR29hbD0iMCIgRW5jb2Rpbmc9InV0Zi04IiBFeHBlY3RlZEh0dHBTdGF0dXNDb2RlPSIwIiBFeHBlY3RlZFJlc3BvbnNlVXJsPSJodHRwczovL2FwaS5iaW5nLmNvbS9xc21sLmFzcHg/cXVlcnk9d3d3Lm1hcmt0cGxhYXRzLiZhbXA7bWF4d2lkdGg9MzI3NjUmYW1wO3Jvd2hlaWdodD0yMCZhbXA7c2VjdGlvbkhlaWdodD0xNjAmYW1wO0ZPUk09SUVTUzROJmFtcDttYXJrZXQ9ZW4tTkwiIFJlcG9ydGluZ05hbWU9IiIgSWdub3JlSHR0cFN0YXR1c0NvZGU9IkZhbHNlIj4NCiAgICAgIDxRdWVyeVN0cmluZ1BhcmFtZXRlcnM+DQogICAgICAgIDxRdWVyeVN0cmluZ1BhcmFtZXRlciBOYW1lPSJxdWVyeSIgVmFsdWU9Ind3dy5tYXJrdHBsYWF0cy4iIFJlY29yZGVkVmFsdWU9Ind3dy5tYXJrdHBsYWF0cy4iIENvcnJlbGF0aW9uQmluZGluZz0iIiBVcmxFbmNvZGU9IkZhbHNlIiBVc2VUb0dyb3VwUmVzdWx0cz0iRmFsc2UiIC8+DQogICAgICAgIDxRdWVyeVN0cmluZ1BhcmFtZXRlciBOYW1lPSJtYXh3aWR0aCIgVmFsdWU9IjMyNzY1IiBSZWNvcmRlZFZhbHVlPSIzMjc2NSIgQ29ycmVsYXRpb25CaW5kaW5nPSIiIFVybEVuY29kZT0iRmFsc2UiIFVzZVRvR3JvdXBSZXN1bHRzPSJGYWxzZSIgLz4NCiAgICAgICAgPFF1ZXJ5U3RyaW5nUGFyYW1ldGVyIE5hbWU9InJvd2hlaWdodCIgVmFsdWU9IjIwIiBSZWNvcmRlZFZhbHVlPSIyMCIgQ29ycmVsYXRpb25CaW5kaW5nPSIiIFVybEVuY29kZT0iRmFsc2UiIFVzZVRvR3JvdXBSZXN1bHRzPSJGYWxzZSIgLz4NCiAgICAgICAgPFF1ZXJ5U3RyaW5nUGFyYW1ldGVyIE5hbWU9InNlY3Rpb25IZWlnaHQiIFZhbHVlPSIxNjAiIFJlY29yZGVkVmFsdWU9IjE2MCIgQ29ycmVsYXRpb25CaW5kaW5nPSIiIFVybEVuY29kZT0iRmFsc2UiIFVzZVRvR3JvdXBSZXN1bHRzPSJGYWxzZSIgLz4NCiAgICAgICAgPFF1ZXJ5U3RyaW5nUGFyYW1ldGVyIE5hbWU9IkZPUk0iIFZhbHVlPSJJRVNTNE4iIFJlY29yZGVkVmFsdWU9IklFU1M0TiIgQ29ycmVsYXRpb25CaW5kaW5nPSIiIFVybEVuY29kZT0iRmFsc2UiIFVzZVRvR3JvdXBSZXN1bHRzPSJGYWxzZSIgLz4NCiAgICAgICAgPFF1ZXJ5U3RyaW5nUGFyYW1ldGVyIE5hbWU9Im1hcmtldCIgVmFsdWU9ImVuLU5MIiBSZWNvcmRlZFZhbHVlPSJlbi1OTCIgQ29ycmVsYXRpb25CaW5kaW5nPSIiIFVybEVuY29kZT0iRmFsc2UiIFVzZVRvR3JvdXBSZXN1bHRzPSJGYWxzZSIgLz4NCiAgICAgIDwvUXVlcnlTdHJpbmdQYXJhbWV0ZXJzPg0KICAgIDwvUmVxdWVzdD4NCiAgICA8UmVxdWVzdCBNZXRob2Q9IkdFVCIgR3VpZD0iYWU5YzcxZjgtN2UyZC00YmM0LWJhMDgtNjdiNzU4NmU1YjEwIiBWZXJzaW9uPSIxLjEiIFVybD0iaHR0cDovL2FwaS5iaW5nLmNvbS9xc21sLmFzcHgiIFRoaW5rVGltZT0iMCIgVGltZW91dD0iMzAwIiBQYXJzZURlcGVuZGVudFJlcXVlc3RzPSJUcnVlIiBGb2xsb3dSZWRpcmVjdHM9IlRydWUiIFJlY29yZFJlc3VsdD0iVHJ1ZSIgQ2FjaGU9IkZhbHNlIiBSZXNwb25zZVRpbWVHb2FsPSIwIiBFbmNvZGluZz0idXRmLTgiIEV4cGVjdGVkSHR0cFN0YXR1c0NvZGU9IjAiIEV4cGVjdGVkUmVzcG9uc2VVcmw9Imh0dHBzOi8vYXBpLmJpbmcuY29tL3FzbWwuYXNweD9xdWVyeT13d3cubWFya3RwbGFhdHMubiZhbXA7bWF4d2lkdGg9MzI3NjUmYW1wO3Jvd2hlaWdodD0yMCZhbXA7c2VjdGlvbkhlaWdodD0xNjAmYW1wO0ZPUk09SUVTUzROJmFtcDttYXJrZXQ9ZW4tTkwiIFJlcG9ydGluZ05hbWU9IiIgSWdub3JlSHR0cFN0YXR1c0NvZGU9IkZhbHNlIj4NCiAgICAgIDxRdWVyeVN0cmluZ1BhcmFtZXRlcnM+DQogICAgICAgIDxRdWVyeVN0cmluZ1BhcmFtZXRlciBOYW1lPSJxdWVyeSIgVmFsdWU9Ind3dy5tYXJrdHBsYWF0cy5uIiBSZWNvcmRlZFZhbHVlPSJ3d3cubWFya3RwbGFhdHMubiIgQ29ycmVsYXRpb25CaW5kaW5nPSIiIFVybEVuY29kZT0iRmFsc2UiIFVzZVRvR3JvdXBSZXN1bHRzPSJGYWxzZSIgLz4NCiAgICAgICAgPFF1ZXJ5U3RyaW5nUGFyYW1ldGVyIE5hbWU9Im1heHdpZHRoIiBWYWx1ZT0iMzI3NjUiIFJlY29yZGVkVmFsdWU9IjMyNzY1IiBDb3JyZWxhdGlvbkJpbmRpbmc9IiIgVXJsRW5jb2RlPSJGYWxzZSIgVXNlVG9Hcm91cFJlc3VsdHM9IkZhbHNlIiAvPg0KICAgICAgICA8UXVlcnlTdHJpbmdQYXJhbWV0ZXIgTmFtZT0icm93aGVpZ2h0IiBWYWx1ZT0iMjAiIFJlY29yZGVkVmFsdWU9IjIwIiBDb3JyZWxhdGlvbkJpbmRpbmc9IiIgVXJsRW5jb2RlPSJGYWxzZSIgVXNlVG9Hcm91cFJlc3VsdHM9IkZhbHNlIiAvPg0KICAgICAgICA8UXVlcnlTdHJpbmdQYXJhbWV0ZXIgTmFtZT0ic2VjdGlvbkhlaWdodCIgVmFsdWU9IjE2MCIgUmVjb3JkZWRWYWx1ZT0iMTYwIiBDb3JyZWxhdGlvbkJpbmRpbmc9IiIgVXJsRW5jb2RlPSJGYWxzZSIgVXNlVG9Hcm91cFJlc3VsdHM9IkZhbHNlIiAvPg0KICAgICAgICA8UXVlcnlTdHJpbmdQYXJhbWV0ZXIgTmFtZT0iRk9STSIgVmFsdWU9IklFU1M0TiIgUmVjb3JkZWRWYWx1ZT0iSUVTUzROIiBDb3JyZWxhdGlvbkJpbmRpbmc9IiIgVXJsRW5jb2RlPSJGYWxzZSIgVXNlVG9Hcm91cFJlc3VsdHM9IkZhbHNlIiAvPg0KICAgICAgICA8UXVlcnlTdHJpbmdQYXJhbWV0ZXIgTmFtZT0ibWFya2V0IiBWYWx1ZT0iZW4tTkwiIFJlY29yZGVkVmFsdWU9ImVuLU5MIiBDb3JyZWxhdGlvbkJpbmRpbmc9IiIgVXJsRW5jb2RlPSJGYWxzZSIgVXNlVG9Hcm91cFJlc3VsdHM9IkZhbHNlIiAvPg0KICAgICAgPC9RdWVyeVN0cmluZ1BhcmFtZXRlcnM+DQogICAgPC9SZXF1ZXN0Pg0KICAgIDxSZXF1ZXN0IE1ldGhvZD0iR0VUIiBHdWlkPSI3NDZhNjM2MC1iOTE4LTQzZWYtOGNhNi0wMGQwYTJjYTIyYTAiIFZlcnNpb249IjEuMSIgVXJsPSJodHRwOi8vYXBpLmJpbmcuY29tL3FzbWwuYXNweCIgVGhpbmtUaW1lPSIwIiBUaW1lb3V0PSIzMDAiIFBhcnNlRGVwZW5kZW50UmVxdWVzdHM9IlRydWUiIEZvbGxvd1JlZGlyZWN0cz0iVHJ1ZSIgUmVjb3JkUmVzdWx0PSJUcnVlIiBDYWNoZT0iRmFsc2UiIFJlc3BvbnNlVGltZUdvYWw9IjAiIEVuY29kaW5nPSJ1dGYtOCIgRXhwZWN0ZWRIdHRwU3RhdHVzQ29kZT0iMCIgRXhwZWN0ZWRSZXNwb25zZVVybD0iaHR0cHM6Ly9hcGkuYmluZy5jb20vcXNtbC5hc3B4P3F1ZXJ5PXd3dy5tYXJrdHBsYWF0cy5ubCZhbXA7bWF4d2lkdGg9MzI3NjUmYW1wO3Jvd2hlaWdodD0yMCZhbXA7c2VjdGlvbkhlaWdodD0xNjAmYW1wO0ZPUk09SUVTUzROJmFtcDttYXJrZXQ9ZW4tTkwiIFJlcG9ydGluZ05hbWU9IiIgSWdub3JlSHR0cFN0YXR1c0NvZGU9IkZhbHNlIj4NCiAgICAgIDxRdWVyeVN0cmluZ1BhcmFtZXRlcnM+DQogICAgICAgIDxRdWVyeVN0cmluZ1BhcmFtZXRlciBOYW1lPSJxdWVyeSIgVmFsdWU9Ind3dy5tYXJrdHBsYWF0cy5ubCIgUmVjb3JkZWRWYWx1ZT0id3d3Lm1hcmt0cGxhYXRzLm5sIiBDb3JyZWxhdGlvbkJpbmRpbmc9IiIgVXJsRW5jb2RlPSJGYWxzZSIgVXNlVG9Hcm91cFJlc3VsdHM9IkZhbHNlIiAvPg0KICAgICAgICA8UXVlcnlTdHJpbmdQYXJhbWV0ZXIgTmFtZT0ibWF4d2lkdGgiIFZhbHVlPSIzMjc2NSIgUmVjb3JkZWRWYWx1ZT0iMzI3NjUiIENvcnJlbGF0aW9uQmluZGluZz0iIiBVcmxFbmNvZGU9IkZhbHNlIiBVc2VUb0dyb3VwUmVzdWx0cz0iRmFsc2UiIC8+DQogICAgICAgIDxRdWVyeVN0cmluZ1BhcmFtZXRlciBOYW1lPSJyb3doZWlnaHQiIFZhbHVlPSIyMCIgUmVjb3JkZWRWYWx1ZT0iMjAiIENvcnJlbGF0aW9uQmluZGluZz0iIiBVcmxFbmNvZGU9IkZhbHNlIiBVc2VUb0dyb3VwUmVzdWx0cz0iRmFsc2UiIC8+DQogICAgICAgIDxRdWVyeVN0cmluZ1BhcmFtZXRlciBOYW1lPSJzZWN0aW9uSGVpZ2h0IiBWYWx1ZT0iMTYwIiBSZWNvcmRlZFZhbHVlPSIxNjAiIENvcnJlbGF0aW9uQmluZGluZz0iIiBVcmxFbmNvZGU9IkZhbHNlIiBVc2VUb0dyb3VwUmVzdWx0cz0iRmFsc2UiIC8+DQogICAgICAgIDxRdWVyeVN0cmluZ1BhcmFtZXRlciBOYW1lPSJGT1JNIiBWYWx1ZT0iSUVTUzROIiBSZWNvcmRlZFZhbHVlPSJJRVNTNE4iIENvcnJlbGF0aW9uQmluZGluZz0iIiBVcmxFbmNvZGU9IkZhbHNlIiBVc2VUb0dyb3VwUmVzdWx0cz0iRmFsc2UiIC8+DQogICAgICAgIDxRdWVyeVN0cmluZ1BhcmFtZXRlciBOYW1lPSJtYXJrZXQiIFZhbHVlPSJlbi1OTCIgUmVjb3JkZWRWYWx1ZT0iZW4tTkwiIENvcnJlbGF0aW9uQmluZGluZz0iIiBVcmxFbmNvZGU9IkZhbHNlIiBVc2VUb0dyb3VwUmVzdWx0cz0iRmFsc2UiIC8+DQogICAgICA8L1F1ZXJ5U3RyaW5nUGFyYW1ldGVycz4NCiAgICA8L1JlcXVlc3Q+DQogICAgPFJlcXVlc3QgTWV0aG9kPSJHRVQiIEd1aWQ9IjliODMzMTJhLWU5YmMtNDcwNy1hNjY5LWI4MTI0YTI1OTU2YiIgVmVyc2lvbj0iMS4xIiBVcmw9Imh0dHA6Ly93d3cubWFya3RwbGFhdHMubmwvIiBUaGlua1RpbWU9IjYiIFRpbWVvdXQ9IjMwMCIgUGFyc2VEZXBlbmRlbnRSZXF1ZXN0cz0iVHJ1ZSIgRm9sbG93UmVkaXJlY3RzPSJUcnVlIiBSZWNvcmRSZXN1bHQ9IlRydWUiIENhY2hlPSJGYWxzZSIgUmVzcG9uc2VUaW1lR29hbD0iMCIgRW5jb2Rpbmc9InV0Zi04IiBFeHBlY3RlZEh0dHBTdGF0dXNDb2RlPSIwIiBFeHBlY3RlZFJlc3BvbnNlVXJsPSJodHRwczovL3d3dy5tYXJrdHBsYWF0cy5ubC9jb29raWV3YWxsLz90YXJnZXQ9aHR0cHMlM0ElMkYlMkZ3d3cubWFya3RwbGFhdHMubmwlMkYiIFJlcG9ydGluZ05hbWU9IiIgSWdub3JlSHR0cFN0YXR1c0NvZGU9IkZhbHNlIj4NCiAgICAgIDxFeHRyYWN0aW9uUnVsZXM+DQogICAgICAgIDxFeHRyYWN0aW9uUnVsZSBDbGFzc25hbWU9Ik1pY3Jvc29mdC5WaXN1YWxTdHVkaW8uVGVzdFRvb2xzLldlYlRlc3RpbmcuUnVsZXMuRXh0cmFjdEhpZGRlbkZpZWxkcywgTWljcm9zb2Z0LlZpc3VhbFN0dWRpby5RdWFsaXR5VG9vbHMuV2ViVGVzdEZyYW1ld29yaywgVmVyc2lvbj0xMC4wLjAuMCwgQ3VsdHVyZT1uZXV0cmFsLCBQdWJsaWNLZXlUb2tlbj1iMDNmNWY3ZjExZDUwYTNhIiBWYXJpYWJsZU5hbWU9IjEiIERpc3BsYXlOYW1lPSJFeHRyYWN0IEhpZGRlbiBGaWVsZHMiIERlc2NyaXB0aW9uPSJFeHRyYWN0IGFsbCBoaWRkZW4gZmllbGRzIGZyb20gdGhlIHJlc3BvbnNlIGFuZCBwbGFjZSB0aGVtIGludG8gdGhlIHRlc3QgY29udGV4dC4iPg0KICAgICAgICAgIDxSdWxlUGFyYW1ldGVycz4NCiAgICAgICAgICAgIDxSdWxlUGFyYW1ldGVyIE5hbWU9IlJlcXVpcmVkIiBWYWx1ZT0iVHJ1ZSIgLz4NCiAgICAgICAgICAgIDxSdWxlUGFyYW1ldGVyIE5hbWU9Ikh0bWxEZWNvZGUiIFZhbHVlPSJUcnVlIiAvPg0KICAgICAgICAgIDwvUnVsZVBhcmFtZXRlcnM+DQogICAgICAgIDwvRXh0cmFjdGlvblJ1bGU+DQogICAgICA8L0V4dHJhY3Rpb25SdWxlcz4NCiAgICA8L1JlcXVlc3Q+DQogICAgPFJlcXVlc3QgTWV0aG9kPSJHRVQiIEd1aWQ9IjlmYjJhYjM0LWI3ZjQtNDhmZi05NjBkLTFlOWI2NGZlOTllYSIgVmVyc2lvbj0iMS4xIiBVcmw9Imh0dHBzOi8vd3d3Lm1hcmt0cGxhYXRzLm5sL2Nvb2tpZXdhbGwvIiBUaGlua1RpbWU9IjAiIFRpbWVvdXQ9IjMwMCIgUGFyc2VEZXBlbmRlbnRSZXF1ZXN0cz0iVHJ1ZSIgRm9sbG93UmVkaXJlY3RzPSJUcnVlIiBSZWNvcmRSZXN1bHQ9IlRydWUiIENhY2hlPSJGYWxzZSIgUmVzcG9uc2VUaW1lR29hbD0iMCIgRW5jb2Rpbmc9InV0Zi04IiBFeHBlY3RlZEh0dHBTdGF0dXNDb2RlPSIwIiBFeHBlY3RlZFJlc3BvbnNlVXJsPSJodHRwczovL3d3dy5tYXJrdHBsYWF0cy5ubC8iIFJlcG9ydGluZ05hbWU9IiIgSWdub3JlSHR0cFN0YXR1c0NvZGU9IkZhbHNlIj4NCiAgICAgIDxEZXBlbmRlbnRSZXF1ZXN0cz4NCiAgICAgICAgPFJlcXVlc3QgTWV0aG9kPSJHRVQiIEd1aWQ9IjJhMmM0OWE0LTc2NDAtNGM2My05OTRiLTM1NzQ2YjIwYzIxYyIgVmVyc2lvbj0iMS4xIiBVcmw9Imh0dHBzOi8vcy5tYXJrdHBsYWF0cy5jb20vei9kaXN0L2Jvd2VyX2NvbXBvbmVudHMvbWFya3RwbGFhdHMtZGVzaWduLXNkay9mb250cy9Sb2JvdG8vUm9ib3RvLUxpZ2h0LXdlYmZvbnQud29mZiIgVGhpbmtUaW1lPSIwIiBUaW1lb3V0PSIzMDAiIFBhcnNlRGVwZW5kZW50UmVxdWVzdHM9IlRydWUiIEZvbGxvd1JlZGlyZWN0cz0iVHJ1ZSIgUmVjb3JkUmVzdWx0PSJUcnVlIiBDYWNoZT0iRmFsc2UiIFJlc3BvbnNlVGltZUdvYWw9IjAiIEVuY29kaW5nPSJ1dGYtOCIgRXhwZWN0ZWRIdHRwU3RhdHVzQ29kZT0iMCIgRXhwZWN0ZWRSZXNwb25zZVVybD0iIiBSZXBvcnRpbmdOYW1lPSIiIElnbm9yZUh0dHBTdGF0dXNDb2RlPSJGYWxzZSI+DQogICAgICAgICAgPEhlYWRlcnM+DQogICAgICAgICAgICA8SGVhZGVyIE5hbWU9IlJlZmVyZXIiIFZhbHVlPSJodHRwczovL3d3dy5tYXJrdHBsYWF0cy5ubC8iIC8+DQogICAgICAgICAgPC9IZWFkZXJzPg0KICAgICAgICA8L1JlcXVlc3Q+DQogICAgICAgIDxSZXF1ZXN0IE1ldGhvZD0iR0VUIiBHdWlkPSI5YTNkN2M4NC1hMTM2LTRiNTQtYTNlNS0xZmU2ZmVhMjE4OWYiIFZlcnNpb249IjEuMSIgVXJsPSJodHRwczovL3MubWFya3RwbGFhdHMuY29tL3ovZGlzdC9ib3dlcl9jb21wb25lbnRzL21hcmt0cGxhYXRzLWRlc2lnbi1zZGsvZm9udHMvUm9ib3RvL1JvYm90by1SZWd1bGFyLXdlYmZvbnQud29mZiIgVGhpbmtUaW1lPSIwIiBUaW1lb3V0PSIzMDAiIFBhcnNlRGVwZW5kZW50UmVxdWVzdHM9IlRydWUiIEZvbGxvd1JlZGlyZWN0cz0iVHJ1ZSIgUmVjb3JkUmVzdWx0PSJUcnVlIiBDYWNoZT0iRmFsc2UiIFJlc3BvbnNlVGltZUdvYWw9IjAiIEVuY29kaW5nPSJ1dGYtOCIgRXhwZWN0ZWRIdHRwU3RhdHVzQ29kZT0iMCIgRXhwZWN0ZWRSZXNwb25zZVVybD0iIiBSZXBvcnRpbmdOYW1lPSIiIElnbm9yZUh0dHBTdGF0dXNDb2RlPSJGYWxzZSI+DQogICAgICAgICAgPEhlYWRlcnM+DQogICAgICAgICAgICA8SGVhZGVyIE5hbWU9IlJlZmVyZXIiIFZhbHVlPSJodHRwczovL3d3dy5tYXJrdHBsYWF0cy5ubC8iIC8+DQogICAgICAgICAgPC9IZWFkZXJzPg0KICAgICAgICA8L1JlcXVlc3Q+DQogICAgICAgIDxSZXF1ZXN0IE1ldGhvZD0iR0VUIiBHdWlkPSI5NTc3MGY2ZC1jYzgxLTRhYjEtOTUxNy1lMTY2ZjBiMDE4NGUiIFZlcnNpb249IjEuMSIgVXJsPSJodHRwczovL3MubWFya3RwbGFhdHMuY29tL3ovZGlzdC9ib3dlcl9jb21wb25lbnRzL21hcmt0cGxhYXRzLWRlc2lnbi1zZGsvZm9udHMvUm9ib3RvL1JvYm90by1NZWRpdW0td2ViZm9udC53b2ZmIiBUaGlua1RpbWU9IjAiIFRpbWVvdXQ9IjMwMCIgUGFyc2VEZXBlbmRlbnRSZXF1ZXN0cz0iVHJ1ZSIgRm9sbG93UmVkaXJlY3RzPSJUcnVlIiBSZWNvcmRSZXN1bHQ9IlRydWUiIENhY2hlPSJGYWxzZSIgUmVzcG9uc2VUaW1lR29hbD0iMCIgRW5jb2Rpbmc9InV0Zi04IiBFeHBlY3RlZEh0dHBTdGF0dXNDb2RlPSIwIiBFeHBlY3RlZFJlc3BvbnNlVXJsPSIiIFJlcG9ydGluZ05hbWU9IiIgSWdub3JlSHR0cFN0YXR1c0NvZGU9IkZhbHNlIj4NCiAgICAgICAgICA8SGVhZGVycz4NCiAgICAgICAgICAgIDxIZWFkZXIgTmFtZT0iUmVmZXJlciIgVmFsdWU9Imh0dHBzOi8vd3d3Lm1hcmt0cGxhYXRzLm5sLyIgLz4NCiAgICAgICAgICA8L0hlYWRlcnM+DQogICAgICAgIDwvUmVxdWVzdD4NCiAgICAgICAgPFJlcXVlc3QgTWV0aG9kPSJHRVQiIEd1aWQ9ImJmOTI0MTExLWJhMTMtNGRkZS1iNjdjLWRhNGRkZTJhN2RmMSIgVmVyc2lvbj0iMS4xIiBVcmw9Imh0dHBzOi8vcy5tYXJrdHBsYWF0cy5jb20vei9kaXN0L2Jvd2VyX2NvbXBvbmVudHMvbWFya3RwbGFhdHMtZGVzaWduLXNkay9mb250cy9CcmVlU2VyaWYvQnJlZVNlcmlmLUxpZ2h0LndvZmYiIFRoaW5rVGltZT0iMCIgVGltZW91dD0iMzAwIiBQYXJzZURlcGVuZGVudFJlcXVlc3RzPSJUcnVlIiBGb2xsb3dSZWRpcmVjdHM9IlRydWUiIFJlY29yZFJlc3VsdD0iVHJ1ZSIgQ2FjaGU9IkZhbHNlIiBSZXNwb25zZVRpbWVHb2FsPSIwIiBFbmNvZGluZz0idXRmLTgiIEV4cGVjdGVkSHR0cFN0YXR1c0NvZGU9IjAiIEV4cGVjdGVkUmVzcG9uc2VVcmw9IiIgUmVwb3J0aW5nTmFtZT0iIiBJZ25vcmVIdHRwU3RhdHVzQ29kZT0iRmFsc2UiPg0KICAgICAgICAgIDxIZWFkZXJzPg0KICAgICAgICAgICAgPEhlYWRlciBOYW1lPSJSZWZlcmVyIiBWYWx1ZT0iaHR0cHM6Ly93d3cubWFya3RwbGFhdHMubmwvIiAvPg0KICAgICAgICAgIDwvSGVhZGVycz4NCiAgICAgICAgPC9SZXF1ZXN0Pg0KICAgICAgICA8UmVxdWVzdCBNZXRob2Q9IkdFVCIgR3VpZD0iMGQ2ODYxYzUtOWJmNy00MWEyLTg3MWMtMTQ0NGY3OTZkMDNkIiBWZXJzaW9uPSIxLjEiIFVybD0iaHR0cHM6Ly9zLm1hcmt0cGxhYXRzLmNvbS96L2Rpc3QvYm93ZXJfY29tcG9uZW50cy9tYXJrdHBsYWF0cy1kZXNpZ24tc2RrL2ZvbnRzL0JyZWVTZXJpZi9CcmVlU2VyaWYtUmVndWxhci53b2ZmIiBUaGlua1RpbWU9IjAiIFRpbWVvdXQ9IjMwMCIgUGFyc2VEZXBlbmRlbnRSZXF1ZXN0cz0iVHJ1ZSIgRm9sbG93UmVkaXJlY3RzPSJUcnVlIiBSZWNvcmRSZXN1bHQ9IlRydWUiIENhY2hlPSJGYWxzZSIgUmVzcG9uc2VUaW1lR29hbD0iMCIgRW5jb2Rpbmc9InV0Zi04IiBFeHBlY3RlZEh0dHBTdGF0dXNDb2RlPSIwIiBFeHBlY3RlZFJlc3BvbnNlVXJsPSIiIFJlcG9ydGluZ05hbWU9IiIgSWdub3JlSHR0cFN0YXR1c0NvZGU9IkZhbHNlIj4NCiAgICAgICAgICA8SGVhZGVycz4NCiAgICAgICAgICAgIDxIZWFkZXIgTmFtZT0iUmVmZXJlciIgVmFsdWU9Imh0dHBzOi8vd3d3Lm1hcmt0cGxhYXRzLm5sLyIgLz4NCiAgICAgICAgICA8L0hlYWRlcnM+DQogICAgICAgIDwvUmVxdWVzdD4NCiAgICAgICAgPFJlcXVlc3QgTWV0aG9kPSJHRVQiIEd1aWQ9IjUzZjRiNzAyLTI1YjEtNDc4Ny05OTMxLWVmY2JkZjg4NDAyZCIgVmVyc2lvbj0iMS4xIiBVcmw9Imh0dHBzOi8vYWQuMzYweWllbGQuY29tL2hiIiBUaGlua1RpbWU9IjAiIFRpbWVvdXQ9IjMwMCIgUGFyc2VEZXBlbmRlbnRSZXF1ZXN0cz0iVHJ1ZSIgRm9sbG93UmVkaXJlY3RzPSJUcnVlIiBSZWNvcmRSZXN1bHQ9IlRydWUiIENhY2hlPSJGYWxzZSIgUmVzcG9uc2VUaW1lR29hbD0iMCIgRW5jb2Rpbmc9InV0Zi04IiBFeHBlY3RlZEh0dHBTdGF0dXNDb2RlPSIwIiBFeHBlY3RlZFJlc3BvbnNlVXJsPSIiIFJlcG9ydGluZ05hbWU9IiIgSWdub3JlSHR0cFN0YXR1c0NvZGU9IkZhbHNlIj4NCiAgICAgICAgICA8SGVhZGVycz4NCiAgICAgICAgICAgIDxIZWFkZXIgTmFtZT0iQ29udGVudC1UeXBlIiBWYWx1ZT0idGV4dC9wbGFpbiIgLz4NCiAgICAgICAgICAgIDxIZWFkZXIgTmFtZT0iUmVmZXJlciIgVmFsdWU9Imh0dHBzOi8vd3d3Lm1hcmt0cGxhYXRzLm5sLyIgLz4NCiAgICAgICAgICA8L0hlYWRlcnM+DQogICAgICAgICAgPFF1ZXJ5U3RyaW5nUGFyYW1ldGVycz4NCiAgICAgICAgICAgIDxRdWVyeVN0cmluZ1BhcmFtZXRlciBOYW1lPSJqc29ucCIgVmFsdWU9InslMjJiaWRfcmVxdWVzdCUyMjp7JTIyaWQlMjI6JTIyMTM4ZjBiNTE2MmNkZmY5JTIyLCUyMnZlcnNpb24lMjI6JTIyNC4wLjAtSlMtNC4yLjAlMjIsJTIyaW1wJTIyOlt7JTIyaWQlMjI6JTIyMmJlMGRhZmMxNmE1NSUyMiwlMjJwaWQlMjI6NTg5NjAzLCUyMnRpZCUyMjolMjI0N2ZhYjQzYi01OTNkLTRmNTEtYjUxNS01OTU1OWIwOGVmYzElMjIsJTIya3Z3JTIyOnslMjJwb3MlMjI6WyUyMmhvbWVfdG9wJTIyXSwlMjJjdCUyMjpbJTIyMCUyMl0sJTIyYXVzJTIyOlslMjIxOTEyODc5MTUyJTIyXSwlMjJpaWQlMjI6WyUyMjMzMTRlMGJmLWY4Y2UtMzgxNC1iMTkyLTdjMzllY2VmNjE0NCUyMl0sJTIyc2Vzc2lvbmlkJTIyOlslMjI4ZDNlOWUxYy0xNzkwLTRjMjktYTY1OC1jNjAwOWFhYTRhYTAlMjJdLCUyMnB0ZyUyMjpbJTIyYXVyNTQ1M19hJTIyLCUyMmF1cjU2MDZfYSUyMiwlMjJhdXI1NjA3X2ElMjIsJTIyYXVyNDkyNV9jJTIyLCUyMmF1cjUzMzdfYiUyMiwlMjJhdXI1MDcxX2IlMjIsJTIyYXVyNTA3MF9hJTIyLCUyMmF1cjU3NDlfYSUyMiwlMjJhdXI0OTc0LWFuZHJvaWRfYiUyMiwlMjJhdXI1NDg2X2IlMjIsJTIyYXVyNTM3OV9iJTIyLCUyMmF1cjQ5NTlfYSUyMiwlMjJhdXI1MzgwX2QlMjIsJTIyYXVyNDg0Ml9hJTIyLCUyMmF1cjU0MTVfYiUyMiwlMjJhdXI1NDMyX2ElMjIsJTIyYXVyNTk0M19jJTIyLCUyMmF1cjQxMTBfZiUyMiwlMjJhdXI1NTU5X2MlMjJdLCUyMnB0JTIyOlslMjJob21lcGFnZSUyMl0sJTIyaG4lMjI6WyUyMnd3dy5tYXJrdHBsYWF0cy5ubCUyMl0sJTIybGklMjI6WyUyMjAlMjJdLCUyMmt2JTIyOlslMjJoYiUyMl0sJTIyaGIlMjI6WyUyMjElMjJdfSwlMjJiYW5uZXIlMjI6e319XX19IiBSZWNvcmRlZFZhbHVlPSJ7JTIyYmlkX3JlcXVlc3QlMjI6eyUyMmlkJTIyOiUyMjEzOGYwYjUxNjJjZGZmOSUyMiwlMjJ2ZXJzaW9uJTIyOiUyMjQuMC4wLUpTLTQuMi4wJTIyLCUyMmltcCUyMjpbeyUyMmlkJTIyOiUyMjJiZTBkYWZjMTZhNTUlMjIsJTIycGlkJTIyOjU4OTYwMywlMjJ0aWQlMjI6JTIyNDdmYWI0M2ItNTkzZC00ZjUxLWI1MTUtNTk1NTliMDhlZmMxJTIyLCUyMmt2dyUyMjp7JTIycG9zJTIyOlslMjJob21lX3RvcCUyMl0sJTIyY3QlMjI6WyUyMjAlMjJdLCUyMmF1cyUyMjpbJTIyMTkxMjg3OTE1MiUyMl0sJTIyaWlkJTIyOlslMjIzMzE0ZTBiZi1mOGNlLTM4MTQtYjE5Mi03YzM5ZWNlZjYxNDQlMjJdLCUyMnNlc3Npb25pZCUyMjpbJTIyOGQzZTllMWMtMTc5MC00YzI5LWE2NTgtYzYwMDlhYWE0YWEwJTIyXSwlMjJwdGclMjI6WyUyMmF1cjU0NTNfYSUyMiwlMjJhdXI1NjA2X2ElMjIsJTIyYXVyNTYwN19hJTIyLCUyMmF1cjQ5MjVfYyUyMiwlMjJhdXI1MzM3X2IlMjIsJTIyYXVyNTA3MV9iJTIyLCUyMmF1cjUwNzBfYSUyMiwlMjJhdXI1NzQ5X2ElMjIsJTIyYXVyNDk3NC1hbmRyb2lkX2IlMjIsJTIyYXVyNTQ4Nl9iJTIyLCUyMmF1cjUzNzlfYiUyMiwlMjJhdXI0OTU5X2ElMjIsJTIyYXVyNTM4MF9kJTIyLCUyMmF1cjQ4NDJfYSUyMiwlMjJhdXI1NDE1X2IlMjIsJTIyYXVyNTQzMl9hJTIyLCUyMmF1cjU5NDNfYyUyMiwlMjJhdXI0MTEwX2YlMjIsJTIyYXVyNTU1OV9jJTIyXSwlMjJwdCUyMjpbJTIyaG9tZXBhZ2UlMjJdLCUyMmhuJTIyOlslMjJ3d3cubWFya3RwbGFhdHMubmwlMjJdLCUyMmxpJTIyOlslMjIwJTIyXSwlMjJrdiUyMjpbJTIyaGIlMjJdLCUyMmhiJTIyOlslMjIxJTIyXX0sJTIyYmFubmVyJTIyOnt9fV19fSIgQ29ycmVsYXRpb25CaW5kaW5nPSIiIFVybEVuY29kZT0iRmFsc2UiIFVzZVRvR3JvdXBSZXN1bHRzPSJGYWxzZSIgLz4NCiAgICAgICAgICA8L1F1ZXJ5U3RyaW5nUGFyYW1ldGVycz4NCiAgICAgICAgPC9SZXF1ZXN0Pg0KICAgICAgICA8UmVxdWVzdCBNZXRob2Q9IkdFVCIgR3VpZD0iMDQ1M2UxMDgtNjAyMy00NDI5LThkNGMtMTE1OWZlMTczZWJiIiBWZXJzaW9uPSIxLjEiIFVybD0iaHR0cHM6Ly9hZC4zNjB5aWVsZC5jb20vaGIiIFRoaW5rVGltZT0iMCIgVGltZW91dD0iMzAwIiBQYXJzZURlcGVuZGVudFJlcXVlc3RzPSJUcnVlIiBGb2xsb3dSZWRpcmVjdHM9IlRydWUiIFJlY29yZFJlc3VsdD0iVHJ1ZSIgQ2FjaGU9IkZhbHNlIiBSZXNwb25zZVRpbWVHb2FsPSIwIiBFbmNvZGluZz0idXRmLTgiIEV4cGVjdGVkSHR0cFN0YXR1c0NvZGU9IjAiIEV4cGVjdGVkUmVzcG9uc2VVcmw9Imh0dHBzOi8vYWQuMzYweWllbGQuY29tL3VsX2NiL2hiP2pzb25wPXsmcXVvdDtiaWRfcmVxdWVzdCZxdW90Ozp7JnF1b3Q7aWQmcXVvdDs6JnF1b3Q7MTQ1MDU3NDIwYjc4YmQzYyZxdW90OywmcXVvdDt2ZXJzaW9uJnF1b3Q7OiZxdW90OzQuMC4wLUpTLTQuMi4wJnF1b3Q7LCZxdW90O2ltcCZxdW90OzpbeyZxdW90O2lkJnF1b3Q7OiZxdW90OzNhMmMyMjZlYjBlMThjOCZxdW90OywmcXVvdDtwaWQmcXVvdDs6OTkxNywmcXVvdDt0aWQmcXVvdDs6JnF1b3Q7NzJlMzE5YTAtYmE0Yy00OTMzLWFlYzMtNzc4ZTY0MzRlNjAzJnF1b3Q7LCZxdW90O2t2dyZxdW90Ozp7JnF1b3Q7cG9zJnF1b3Q7OlsmcXVvdDtob21lX3JpZ2h0JnF1b3Q7XSwmcXVvdDtjdCZxdW90OzpbJnF1b3Q7MCZxdW90O10sJnF1b3Q7YXVzJnF1b3Q7OlsmcXVvdDszNTY3OTE2MTEmcXVvdDtdLCZxdW90O2lpZCZxdW90OzpbJnF1b3Q7NmI3MTRlNTgtZTU0Mi1mOTZhLTFkODAtM2M1NmI4ZWZjYjljJnF1b3Q7XSwmcXVvdDtzZXNzaW9uaWQmcXVvdDs6WyZxdW90OzhkM2U5ZTFjLTE3OTAtNGMyOS1hNjU4LWM2MDA5YWFhNGFhMCZxdW90O10sJnF1b3Q7cHRnJnF1b3Q7OlsmcXVvdDthdXI1NDUzX2EmcXVvdDssJnF1b3Q7YXVyNTYwNl9hJnF1b3Q7LCZxdW90O2F1cjU2MDdfYSZxdW90OywmcXVvdDthdXI0OTI1X2MmcXVvdDssJnF1b3Q7YXVyNTMzN19iJnF1b3Q7LCZxdW90O2F1cjUwNzFfYiZxdW90OywmcXVvdDthdXI1MDcwX2EmcXVvdDssJnF1b3Q7YXVyNTc0OV9hJnF1b3Q7LCZxdW90O2F1cjQ5NzQtYW5kcm9pZF9iJnF1b3Q7LCZxdW90O2F1cjU0ODZfYiZxdW90OywmcXVvdDthdXI1Mzc5X2ImcXVvdDssJnF1b3Q7YXVyNDk1OV9hJnF1b3Q7LCZxdW90O2F1cjUzODBfZCZxdW90OywmcXVvdDthdXI0ODQyX2EmcXVvdDssJnF1b3Q7YXVyNTQxNV9iJnF1b3Q7LCZxdW90O2F1cjU0MzJfYSZxdW90OywmcXVvdDthdXI1OTQzX2MmcXVvdDssJnF1b3Q7YXVyNDExMF9mJnF1b3Q7LCZxdW90O2F1cjU1NTlfYyZxdW90O10sJnF1b3Q7cHQmcXVvdDs6WyZxdW90O2hvbWVwYWdlJnF1b3Q7XSwmcXVvdDtobiZxdW90OzpbJnF1b3Q7d3d3Lm1hcmt0cGxhYXRzLm5sJnF1b3Q7XSwmcXVvdDtsaSZxdW90OzpbJnF1b3Q7MCZxdW90O10sJnF1b3Q7a3YmcXVvdDs6WyZxdW90O2hiJnF1b3Q7XSwmcXVvdDtoYiZxdW90OzpbJnF1b3Q7MSZxdW90O119LCZxdW90O2Jhbm5lciZxdW90Ozp7fX1dfX0iIFJlcG9ydGluZ05hbWU9IiIgSWdub3JlSHR0cFN0YXR1c0NvZGU9IkZhbHNlIj4NCiAgICAgICAgICA8SGVhZGVycz4NCiAgICAgICAgICAgIDxIZWFkZXIgTmFtZT0iQ29udGVudC1UeXBlIiBWYWx1ZT0idGV4dC9wbGFpbiIgLz4NCiAgICAgICAgICAgIDxIZWFkZXIgTmFtZT0iUmVmZXJlciIgVmFsdWU9Imh0dHBzOi8vd3d3Lm1hcmt0cGxhYXRzLm5sLyIgLz4NCiAgICAgICAgICA8L0hlYWRlcnM+DQogICAgICAgICAgPFF1ZXJ5U3RyaW5nUGFyYW1ldGVycz4NCiAgICAgICAgICAgIDxRdWVyeVN0cmluZ1BhcmFtZXRlciBOYW1lPSJqc29ucCIgVmFsdWU9InslMjJiaWRfcmVxdWVzdCUyMjp7JTIyaWQlMjI6JTIyMTQ1MDU3NDIwYjc4YmQzYyUyMiwlMjJ2ZXJzaW9uJTIyOiUyMjQuMC4wLUpTLTQuMi4wJTIyLCUyMmltcCUyMjpbeyUyMmlkJTIyOiUyMjNhMmMyMjZlYjBlMThjOCUyMiwlMjJwaWQlMjI6OTkxNywlMjJ0aWQlMjI6JTIyNzJlMzE5YTAtYmE0Yy00OTMzLWFlYzMtNzc4ZTY0MzRlNjAzJTIyLCUyMmt2dyUyMjp7JTIycG9zJTIyOlslMjJob21lX3JpZ2h0JTIyXSwlMjJjdCUyMjpbJTIyMCUyMl0sJTIyYXVzJTIyOlslMjIzNTY3OTE2MTElMjJdLCUyMmlpZCUyMjpbJTIyNmI3MTRlNTgtZTU0Mi1mOTZhLTFkODAtM2M1NmI4ZWZjYjljJTIyXSwlMjJzZXNzaW9uaWQlMjI6WyUyMjhkM2U5ZTFjLTE3OTAtNGMyOS1hNjU4LWM2MDA5YWFhNGFhMCUyMl0sJTIycHRnJTIyOlslMjJhdXI1NDUzX2ElMjIsJTIyYXVyNTYwNl9hJTIyLCUyMmF1cjU2MDdfYSUyMiwlMjJhdXI0OTI1X2MlMjIsJTIyYXVyNTMzN19iJTIyLCUyMmF1cjUwNzFfYiUyMiwlMjJhdXI1MDcwX2ElMjIsJTIyYXVyNTc0OV9hJTIyLCUyMmF1cjQ5NzQtYW5kcm9pZF9iJTIyLCUyMmF1cjU0ODZfYiUyMiwlMjJhdXI1Mzc5X2IlMjIsJTIyYXVyNDk1OV9hJTIyLCUyMmF1cjUzODBfZCUyMiwlMjJhdXI0ODQyX2ElMjIsJTIyYXVyNTQxNV9iJTIyLCUyMmF1cjU0MzJfYSUyMiwlMjJhdXI1OTQzX2MlMjIsJTIyYXVyNDExMF9mJTIyLCUyMmF1cjU1NTlfYyUyMl0sJTIycHQlMjI6WyUyMmhvbWVwYWdlJTIyXSwlMjJobiUyMjpbJTIyd3d3Lm1hcmt0cGxhYXRzLm5sJTIyXSwlMjJsaSUyMjpbJTIyMCUyMl0sJTIya3YlMjI6WyUyMmhiJTIyXSwlMjJoYiUyMjpbJTIyMSUyMl19LCUyMmJhbm5lciUyMjp7fX1dfX0iIFJlY29yZGVkVmFsdWU9InslMjJiaWRfcmVxdWVzdCUyMjp7JTIyaWQlMjI6JTIyMTQ1MDU3NDIwYjc4YmQzYyUyMiwlMjJ2ZXJzaW9uJTIyOiUyMjQuMC4wLUpTLTQuMi4wJTIyLCUyMmltcCUyMjpbeyUyMmlkJTIyOiUyMjNhMmMyMjZlYjBlMThjOCUyMiwlMjJwaWQlMjI6OTkxNywlMjJ0aWQlMjI6JTIyNzJlMzE5YTAtYmE0Yy00OTMzLWFlYzMtNzc4ZTY0MzRlNjAzJTIyLCUyMmt2dyUyMjp7JTIycG9zJTIyOlslMjJob21lX3JpZ2h0JTIyXSwlMjJjdCUyMjpbJTIyMCUyMl0sJTIyYXVzJTIyOlslMjIzNTY3OTE2MTElMjJdLCUyMmlpZCUyMjpbJTIyNmI3MTRlNTgtZTU0Mi1mOTZhLTFkODAtM2M1NmI4ZWZjYjljJTIyXSwlMjJzZXNzaW9uaWQlMjI6WyUyMjhkM2U5ZTFjLTE3OTAtNGMyOS1hNjU4LWM2MDA5YWFhNGFhMCUyMl0sJTIycHRnJTIyOlslMjJhdXI1NDUzX2ElMjIsJTIyYXVyNTYwNl9hJTIyLCUyMmF1cjU2MDdfYSUyMiwlMjJhdXI0OTI1X2MlMjIsJTIyYXVyNTMzN19iJTIyLCUyMmF1cjUwNzFfYiUyMiwlMjJhdXI1MDcwX2ElMjIsJTIyYXVyNTc0OV9hJTIyLCUyMmF1cjQ5NzQtYW5kcm9pZF9iJTIyLCUyMmF1cjU0ODZfYiUyMiwlMjJhdXI1Mzc5X2IlMjIsJTIyYXVyNDk1OV9hJTIyLCUyMmF1cjUzODBfZCUyMiwlMjJhdXI0ODQyX2ElMjIsJTIyYXVyNTQxNV9iJTIyLCUyMmF1cjU0MzJfYSUyMiwlMjJhdXI1OTQzX2MlMjIsJTIyYXVyNDExMF9mJTIyLCUyMmF1cjU1NTlfYyUyMl0sJTIycHQlMjI6WyUyMmhvbWVwYWdlJTIyXSwlMjJobiUyMjpbJTIyd3d3Lm1hcmt0cGxhYXRzLm5sJTIyXSwlMjJsaSUyMjpbJTIyMCUyMl0sJTIya3YlMjI6WyUyMmhiJTIyXSwlMjJoYiUyMjpbJTIyMSUyMl19LCUyMmJhbm5lciUyMjp7fX1dfX0iIENvcnJlbGF0aW9uQmluZGluZz0iIiBVcmxFbmNvZGU9IkZhbHNlIiBVc2VUb0dyb3VwUmVzdWx0cz0iRmFsc2UiIC8+DQogICAgICAgICAgPC9RdWVyeVN0cmluZ1BhcmFtZXRlcnM+DQogICAgICAgIDwvUmVxdWVzdD4NCiAgICAgICAgPFJlcXVlc3QgTWV0aG9kPSJHRVQiIEd1aWQ9IjZlNzhjNDU0LWM4MjItNDk4NC1iNThhLTI0ZDdiMjE0NzI4MCIgVmVyc2lvbj0iMS4xIiBVcmw9Imh0dHBzOi8vYXMtc2VjLmNhc2FsZW1lZGlhLmNvbS9jeWdudXMiIFRoaW5rVGltZT0iMCIgVGltZW91dD0iMzAwIiBQYXJzZURlcGVuZGVudFJlcXVlc3RzPSJUcnVlIiBGb2xsb3dSZWRpcmVjdHM9IlRydWUiIFJlY29yZFJlc3VsdD0iVHJ1ZSIgQ2FjaGU9IkZhbHNlIiBSZXNwb25zZVRpbWVHb2FsPSIwIiBFbmNvZGluZz0idXRmLTgiIEV4cGVjdGVkSHR0cFN0YXR1c0NvZGU9IjAiIEV4cGVjdGVkUmVzcG9uc2VVcmw9IiIgUmVwb3J0aW5nTmFtZT0iIiBJZ25vcmVIdHRwU3RhdHVzQ29kZT0iRmFsc2UiPg0KICAgICAgICAgIDxIZWFkZXJzPg0KICAgICAgICAgICAgPEhlYWRlciBOYW1lPSJSZWZlcmVyIiBWYWx1ZT0iaHR0cHM6Ly93d3cubWFya3RwbGFhdHMubmwvIiAvPg0KICAgICAgICAgIDwvSGVhZGVycz4NCiAgICAgICAgICA8UXVlcnlTdHJpbmdQYXJhbWV0ZXJzPg0KICAgICAgICAgICAgPFF1ZXJ5U3RyaW5nUGFyYW1ldGVyIE5hbWU9InYiIFZhbHVlPSI3IiBSZWNvcmRlZFZhbHVlPSI3IiBDb3JyZWxhdGlvbkJpbmRpbmc9IiIgVXJsRW5jb2RlPSJGYWxzZSIgVXNlVG9Hcm91cFJlc3VsdHM9IkZhbHNlIiAvPg0KICAgICAgICAgICAgPFF1ZXJ5U3RyaW5nUGFyYW1ldGVyIE5hbWU9ImZuIiBWYWx1ZT0iY3lnbnVzX2luZGV4X3BhcnNlX3JlcyIgUmVjb3JkZWRWYWx1ZT0iY3lnbnVzX2luZGV4X3BhcnNlX3JlcyIgQ29ycmVsYXRpb25CaW5kaW5nPSIiIFVybEVuY29kZT0iRmFsc2UiIFVzZVRvR3JvdXBSZXN1bHRzPSJGYWxzZSIgLz4NCiAgICAgICAgICAgIDxRdWVyeVN0cmluZ1BhcmFtZXRlciBOYW1lPSJzIiBWYWx1ZT0iMjM0Mjg1IiBSZWNvcmRlZFZhbHVlPSIyMzQyODUiIENvcnJlbGF0aW9uQmluZGluZz0iIiBVcmxFbmNvZGU9IkZhbHNlIiBVc2VUb0dyb3VwUmVzdWx0cz0iRmFsc2UiIC8+DQogICAgICAgICAgICA8UXVlcnlTdHJpbmdQYXJhbWV0ZXIgTmFtZT0iciIgVmFsdWU9IiU3QiUyMmlkJTIyJTNBJTIyMTg4NjkzOTQ2JTIyJTJDJTIyc2l0ZSUyMiUzQSU3QiUyMnBhZ2UlMjIlM0ElMjJodHRwcyUzQSUyRiUyRnd3dy5tYXJrdHBsYWF0cy5ubCUyRiUyMiUyQyUyMnJlZiUyMiUzQSUyMmh0dHBzJTNBJTJGJTJGd3d3Lm1hcmt0cGxhYXRzLm5sJTJGY29va2lld2FsbCUyRiUzRnRhcmdldCUzRGh0dHBzJTI1M0ElMjUyRiUyNTJGd3d3Lm1hcmt0cGxhYXRzLm5sJTI1MkYlMjIlN0QlMkMlMjJpbXAlMjIlM0ElNUIlN0IlMjJpZCUyMiUzQSUyMjElMjIlMkMlMjAlMjJiYW5uZXIlMjIlM0ElN0IlMjJ3JTIyJTNBNzI4JTJDJTIyaCUyMiUzQTkwJTJDJTIydG9wZnJhbWUlMjIlM0ExJTdEJTJDJTIyZXh0JTIyJTNBJTIwJTdCJTIyc2lkJTIyJTNBJTIyM18xJTIyJTJDJTIyc2l0ZUlEJTIyJTNBMjM0Mjg1JTdEJTdEJTJDJTdCJTIyaWQlMjIlM0ElMjIyJTIyJTJDJTIwJTIyYmFubmVyJTIyJTNBJTdCJTIydyUyMiUzQTk3MCUyQyUyMmglMjIlM0EyNTAlMkMlMjJ0b3BmcmFtZSUyMiUzQTElN0QlMkMlMjJleHQlMjIlM0ElMjAlN0IlMjJzaWQlMjIlM0ElMjIzXzIlMjIlMkMlMjJzaXRlSUQlMjIlM0EyMzQyODUlN0QlN0QlMkMlN0IlMjJpZCUyMiUzQSUyMjMlMjIlMkMlMjAlMjJiYW5uZXIlMjIlM0ElN0IlMjJ3JTIyJTNBMzAwJTJDJTIyaCUyMiUzQTI1MCUyQyUyMnRvcGZyYW1lJTIyJTNBMSU3RCUyQyUyMmV4dCUyMiUzQSUyMCU3QiUyMnNpZCUyMiUzQSUyMjRfMSUyMiUyQyUyMnNpdGVJRCUyMiUzQTIzNDI4NiU3RCU3RCU1RCU3RCIgUmVjb3JkZWRWYWx1ZT0iJTdCJTIyaWQlMjIlM0ElMjIxODg2OTM5NDYlMjIlMkMlMjJzaXRlJTIyJTNBJTdCJTIycGFnZSUyMiUzQSUyMmh0dHBzJTNBJTJGJTJGd3d3Lm1hcmt0cGxhYXRzLm5sJTJGJTIyJTJDJTIycmVmJTIyJTNBJTIyaHR0cHMlM0ElMkYlMkZ3d3cubWFya3RwbGFhdHMubmwlMkZjb29raWV3YWxsJTJGJTNGdGFyZ2V0JTNEaHR0cHMlMjUzQSUyNTJGJTI1MkZ3d3cubWFya3RwbGFhdHMubmwlMjUyRiUyMiU3RCUyQyUyMmltcCUyMiUzQSU1QiU3QiUyMmlkJTIyJTNBJTIyMSUyMiUyQyUyMCUyMmJhbm5lciUyMiUzQSU3QiUyMnclMjIlM0E3MjglMkMlMjJoJTIyJTNBOTAlMkMlMjJ0b3BmcmFtZSUyMiUzQTElN0QlMkMlMjJleHQlMjIlM0ElMjAlN0IlMjJzaWQlMjIlM0ElMjIzXzElMjIlMkMlMjJzaXRlSUQlMjIlM0EyMzQyODUlN0QlN0QlMkMlN0IlMjJpZCUyMiUzQSUyMjIlMjIlMkMlMjAlMjJiYW5uZXIlMjIlM0ElN0IlMjJ3JTIyJTNBOTcwJTJDJTIyaCUyMiUzQTI1MCUyQyUyMnRvcGZyYW1lJTIyJTNBMSU3RCUyQyUyMmV4dCUyMiUzQSUyMCU3QiUyMnNpZCUyMiUzQSUyMjNfMiUyMiUyQyUyMnNpdGVJRCUyMiUzQTIzNDI4NSU3RCU3RCUyQyU3QiUyMmlkJTIyJTNBJTIyMyUyMiUyQyUyMCUyMmJhbm5lciUyMiUzQSU3QiUyMnclMjIlM0EzMDAlMkMlMjJoJTIyJTNBMjUwJTJDJTIydG9wZnJhbWUlMjIlM0ExJTdEJTJDJTIyZXh0JTIyJTNBJTIwJTdCJTIyc2lkJTIyJTNBJTIyNF8xJTIyJTJDJTIyc2l0ZUlEJTIyJTNBMjM0Mjg2JTdEJTdEJTVEJTdEIiBDb3JyZWxhdGlvbkJpbmRpbmc9IiIgVXJsRW5jb2RlPSJGYWxzZSIgVXNlVG9Hcm91cFJlc3VsdHM9IkZhbHNlIiAvPg0KICAgICAgICAgICAgPFF1ZXJ5U3RyaW5nUGFyYW1ldGVyIE5hbWU9InBpZCIgVmFsdWU9InBiMC4zNC4xIiBSZWNvcmRlZFZhbHVlPSJwYjAuMzQuMSIgQ29ycmVsYXRpb25CaW5kaW5nPSIiIFVybEVuY29kZT0iRmFsc2UiIFVzZVRvR3JvdXBSZXN1bHRzPSJGYWxzZSIgLz4NCiAgICAgICAgICA8L1F1ZXJ5U3RyaW5nUGFyYW1ldGVycz4NCiAgICAgICAgPC9SZXF1ZXN0Pg0KICAgICAgICA8UmVxdWVzdCBNZXRob2Q9IkdFVCIgR3VpZD0iNmU3OWU5ZTItZDQ3MS00ZmJiLTg2YjEtMWIwZmU1OGUxYjQyIiBWZXJzaW9uPSIxLjEiIFVybD0iaHR0cHM6Ly9pYi5hZG54cy5jb20vanB0IiBUaGlua1RpbWU9IjAiIFRpbWVvdXQ9IjMwMCIgUGFyc2VEZXBlbmRlbnRSZXF1ZXN0cz0iVHJ1ZSIgRm9sbG93UmVkaXJlY3RzPSJUcnVlIiBSZWNvcmRSZXN1bHQ9IlRydWUiIENhY2hlPSJGYWxzZSIgUmVzcG9uc2VUaW1lR29hbD0iMCIgRW5jb2Rpbmc9InV0Zi04IiBFeHBlY3RlZEh0dHBTdGF0dXNDb2RlPSIwIiBFeHBlY3RlZFJlc3BvbnNlVXJsPSIiIFJlcG9ydGluZ05hbWU9IiIgSWdub3JlSHR0cFN0YXR1c0NvZGU9IkZhbHNlIj4NCiAgICAgICAgICA8SGVhZGVycz4NCiAgICAgICAgICAgIDxIZWFkZXIgTmFtZT0iUmVmZXJlciIgVmFsdWU9Imh0dHBzOi8vd3d3Lm1hcmt0cGxhYXRzLm5sLyIgLz4NCiAgICAgICAgICA8L0hlYWRlcnM+DQogICAgICAgICAgPFF1ZXJ5U3RyaW5nUGFyYW1ldGVycz4NCiAgICAgICAgICAgIDxRdWVyeVN0cmluZ1BhcmFtZXRlciBOYW1lPSJjYWxsYmFjayIgVmFsdWU9InBianMuaGFuZGxlQW5DQiIgUmVjb3JkZWRWYWx1ZT0icGJqcy5oYW5kbGVBbkNCIiBDb3JyZWxhdGlvbkJpbmRpbmc9IiIgVXJsRW5jb2RlPSJGYWxzZSIgVXNlVG9Hcm91cFJlc3VsdHM9IkZhbHNlIiAvPg0KICAgICAgICAgICAgPFF1ZXJ5U3RyaW5nUGFyYW1ldGVyIE5hbWU9ImNhbGxiYWNrX3VpZCIgVmFsdWU9IjgyODdiNGY0YWM1NjJhOCIgUmVjb3JkZWRWYWx1ZT0iODI4N2I0ZjRhYzU2MmE4IiBDb3JyZWxhdGlvbkJpbmRpbmc9IiIgVXJsRW5jb2RlPSJGYWxzZSIgVXNlVG9Hcm91cFJlc3VsdHM9IkZhbHNlIiAvPg0KICAgICAgICAgICAgPFF1ZXJ5U3RyaW5nUGFyYW1ldGVyIE5hbWU9InBzYSIgVmFsdWU9IjAiIFJlY29yZGVkVmFsdWU9IjAiIENvcnJlbGF0aW9uQmluZGluZz0iIiBVcmxFbmNvZGU9IkZhbHNlIiBVc2VUb0dyb3VwUmVzdWx0cz0iRmFsc2UiIC8+DQogICAgICAgICAgICA8UXVlcnlTdHJpbmdQYXJhbWV0ZXIgTmFtZT0iaWQiIFZhbHVlPSIxMjI2MTI1NSIgUmVjb3JkZWRWYWx1ZT0iMTIyNjEyNTUiIENvcnJlbGF0aW9uQmluZGluZz0iIiBVcmxFbmNvZGU9IkZhbHNlIiBVc2VUb0dyb3VwUmVzdWx0cz0iRmFsc2UiIC8+DQogICAgICAgICAgICA8UXVlcnlTdHJpbmdQYXJhbWV0ZXIgTmFtZT0ic2l6ZSIgVmFsdWU9IjcyOHg5MCIgUmVjb3JkZWRWYWx1ZT0iNzI4eDkwIiBDb3JyZWxhdGlvbkJpbmRpbmc9IiIgVXJsRW5jb2RlPSJGYWxzZSIgVXNlVG9Hcm91cFJlc3VsdHM9IkZhbHNlIiAvPg0KICAgICAgICAgICAgPFF1ZXJ5U3RyaW5nUGFyYW1ldGVyIE5hbWU9InByb21vX3NpemVzIiBWYWx1ZT0iOTcweDI1MCwxODAweDEwMDAsOTcweDEwMDAsMTgwMHgyMDAiIFJlY29yZGVkVmFsdWU9Ijk3MHgyNTAsMTgwMHgxMDAwLDk3MHgxMDAwLDE4MDB4MjAwIiBDb3JyZWxhdGlvbkJpbmRpbmc9IiIgVXJsRW5jb2RlPSJGYWxzZSIgVXNlVG9Hcm91cFJlc3VsdHM9IkZhbHNlIiAvPg0KICAgICAgICAgICAgPFF1ZXJ5U3RyaW5nUGFyYW1ldGVyIE5hbWU9Imt3X3BvcyIgVmFsdWU9ImhvbWVfdG9wIiBSZWNvcmRlZFZhbHVlPSJob21lX3RvcCIgQ29ycmVsYXRpb25CaW5kaW5nPSIiIFVybEVuY29kZT0iRmFsc2UiIFVzZVRvR3JvdXBSZXN1bHRzPSJGYWxzZSIgLz4NCiAgICAgICAgICAgIDxRdWVyeVN0cmluZ1BhcmFtZXRlciBOYW1lPSJrd19jdCIgVmFsdWU9IjAiIFJlY29yZGVkVmFsdWU9IjAiIENvcnJlbGF0aW9uQmluZGluZz0iIiBVcmxFbmNvZGU9IkZhbHNlIiBVc2VUb0dyb3VwUmVzdWx0cz0iRmFsc2UiIC8+DQogICAgICAgICAgICA8UXVlcnlTdHJpbmdQYXJhbWV0ZXIgTmFtZT0ia3dfYXVzIiBWYWx1ZT0iMTkxMjg3OTE1MiIgUmVjb3JkZWRWYWx1ZT0iMTkxMjg3OTE1MiIgQ29ycmVsYXRpb25CaW5kaW5nPSIiIFVybEVuY29kZT0iRmFsc2UiIFVzZVRvR3JvdXBSZXN1bHRzPSJGYWxzZSIgLz4NCiAgICAgICAgICAgIDxRdWVyeVN0cmluZ1BhcmFtZXRlciBOYW1lPSJrd19paWQiIFZhbHVlPSIzMzE0ZTBiZi1mOGNlLTM4MTQtYjE5Mi03YzM5ZWNlZjYxNDQiIFJlY29yZGVkVmFsdWU9IjMzMTRlMGJmLWY4Y2UtMzgxNC1iMTkyLTdjMzllY2VmNjE0NCIgQ29ycmVsYXRpb25CaW5kaW5nPSIiIFVybEVuY29kZT0iRmFsc2UiIFVzZVRvR3JvdXBSZXN1bHRzPSJGYWxzZSIgLz4NCiAgICAgICAgICAgIDxRdWVyeVN0cmluZ1BhcmFtZXRlciBOYW1lPSJrd19zZXNzaW9uaWQiIFZhbHVlPSI4ZDNlOWUxYy0xNzkwLTRjMjktYTY1OC1jNjAwOWFhYTRhYTAiIFJlY29yZGVkVmFsdWU9IjhkM2U5ZTFjLTE3OTAtNGMyOS1hNjU4LWM2MDA5YWFhNGFhMCIgQ29ycmVsYXRpb25CaW5kaW5nPSIiIFVybEVuY29kZT0iRmFsc2UiIFVzZVRvR3JvdXBSZXN1bHRzPSJGYWxzZSIgLz4NCiAgICAgICAgICAgIDxRdWVyeVN0cmluZ1BhcmFtZXRlciBOYW1lPSJrd19wdGciIFZhbHVlPSJhdXI1NDUzX2ElMkNhdXI1NjA2X2ElMkNhdXI1NjA3X2ElMkNhdXI0OTI1X2MlMkNhdXI1MzM3X2IlMkNhdXI1MDcxX2IlMkNhdXI1MDcwX2ElMkNhdXI1NzQ5X2ElMkNhdXI0OTc0LWFuZHJvaWRfYiUyQ2F1cjU0ODZfYiUyQ2F1cjUzNzlfYiUyQ2F1cjQ5NTlfYSUyQ2F1cjUzODBfZCUyQ2F1cjQ4NDJfYSUyQ2F1cjU0MTVfYiUyQ2F1cjU0MzJfYSUyQ2F1cjU5NDNfYyUyQ2F1cjQxMTBfZiUyQ2F1cjU1NTlfYyIgUmVjb3JkZWRWYWx1ZT0iYXVyNTQ1M19hJTJDYXVyNTYwNl9hJTJDYXVyNTYwN19hJTJDYXVyNDkyNV9jJTJDYXVyNTMzN19iJTJDYXVyNTA3MV9iJTJDYXVyNTA3MF9hJTJDYXVyNTc0OV9hJTJDYXVyNDk3NC1hbmRyb2lkX2IlMkNhdXI1NDg2X2IlMkNhdXI1Mzc5X2IlMkNhdXI0OTU5X2ElMkNhdXI1MzgwX2QlMkNhdXI0ODQyX2ElMkNhdXI1NDE1X2IlMkNhdXI1NDMyX2ElMkNhdXI1OTQzX2MlMkNhdXI0MTEwX2YlMkNhdXI1NTU5X2MiIENvcnJlbGF0aW9uQmluZGluZz0iIiBVcmxFbmNvZGU9IkZhbHNlIiBVc2VUb0dyb3VwUmVzdWx0cz0iRmFsc2UiIC8+DQogICAgICAgICAgICA8UXVlcnlTdHJpbmdQYXJhbWV0ZXIgTmFtZT0ia3dfcHQiIFZhbHVlPSJob21lcGFnZSIgUmVjb3JkZWRWYWx1ZT0iaG9tZXBhZ2UiIENvcnJlbGF0aW9uQmluZGluZz0iIiBVcmxFbmNvZGU9IkZhbHNlIiBVc2VUb0dyb3VwUmVzdWx0cz0iRmFsc2UiIC8+DQogICAgICAgICAgICA8UXVlcnlTdHJpbmdQYXJhbWV0ZXIgTmFtZT0ia3dfaG4iIFZhbHVlPSJ3d3cubWFya3RwbGFhdHMubmwiIFJlY29yZGVkVmFsdWU9Ind3dy5tYXJrdHBsYWF0cy5ubCIgQ29ycmVsYXRpb25CaW5kaW5nPSIiIFVybEVuY29kZT0iRmFsc2UiIFVzZVRvR3JvdXBSZXN1bHRzPSJGYWxzZSIgLz4NCiAgICAgICAgICAgIDxRdWVyeVN0cmluZ1BhcmFtZXRlciBOYW1lPSJrd19saSIgVmFsdWU9IjAiIFJlY29yZGVkVmFsdWU9IjAiIENvcnJlbGF0aW9uQmluZGluZz0iIiBVcmxFbmNvZGU9IkZhbHNlIiBVc2VUb0dyb3VwUmVzdWx0cz0iRmFsc2UiIC8+DQogICAgICAgICAgICA8UXVlcnlTdHJpbmdQYXJhbWV0ZXIgTmFtZT0ia3dfa3YiIFZhbHVlPSJoYiIgUmVjb3JkZWRWYWx1ZT0iaGIiIENvcnJlbGF0aW9uQmluZGluZz0iIiBVcmxFbmNvZGU9IkZhbHNlIiBVc2VUb0dyb3VwUmVzdWx0cz0iRmFsc2UiIC8+DQogICAgICAgICAgICA8UXVlcnlTdHJpbmdQYXJhbWV0ZXIgTmFtZT0ia3dfaGIiIFZhbHVlPSIxIiBSZWNvcmRlZFZhbHVlPSIxIiBDb3JyZWxhdGlvbkJpbmRpbmc9IiIgVXJsRW5jb2RlPSJGYWxzZSIgVXNlVG9Hcm91cFJlc3VsdHM9IkZhbHNlIiAvPg0KICAgICAgICAgICAgPFF1ZXJ5U3RyaW5nUGFyYW1ldGVyIE5hbWU9InJlZmVycmVyIiBWYWx1ZT0iaHR0cHMlM0ElMkYlMkZ3d3cubWFya3RwbGFhdHMubmwlMkYiIFJlY29yZGVkVmFsdWU9Imh0dHBzJTNBJTJGJTJGd3d3Lm1hcmt0cGxhYXRzLm5sJTJGIiBDb3JyZWxhdGlvbkJpbmRpbmc9IiIgVXJsRW5jb2RlPSJGYWxzZSIgVXNlVG9Hcm91cFJlc3VsdHM9IkZhbHNlIiAvPg0KICAgICAgICAgIDwvUXVlcnlTdHJpbmdQYXJhbWV0ZXJzPg0KICAgICAgICA8L1JlcXVlc3Q+DQogICAgICAgIDxSZXF1ZXN0IE1ldGhvZD0iR0VUIiBHdWlkPSI5NDRlNmIwZC0zZDU1LTQ5NWUtODE0NS00YmFmODM3YWM2MjYiIFZlcnNpb249IjEuMSIgVXJsPSJodHRwczovL2liLmFkbnhzLmNvbS9qcHQiIFRoaW5rVGltZT0iMCIgVGltZW91dD0iMzAwIiBQYXJzZURlcGVuZGVudFJlcXVlc3RzPSJUcnVlIiBGb2xsb3dSZWRpcmVjdHM9IlRydWUiIFJlY29yZFJlc3VsdD0iVHJ1ZSIgQ2FjaGU9IkZhbHNlIiBSZXNwb25zZVRpbWVHb2FsPSIwIiBFbmNvZGluZz0idXRmLTgiIEV4cGVjdGVkSHR0cFN0YXR1c0NvZGU9IjAiIEV4cGVjdGVkUmVzcG9uc2VVcmw9IiIgUmVwb3J0aW5nTmFtZT0iIiBJZ25vcmVIdHRwU3RhdHVzQ29kZT0iRmFsc2UiPg0KICAgICAgICAgIDxIZWFkZXJzPg0KICAgICAgICAgICAgPEhlYWRlciBOYW1lPSJSZWZlcmVyIiBWYWx1ZT0iaHR0cHM6Ly93d3cubWFya3RwbGFhdHMubmwvIiAvPg0KICAgICAgICAgIDwvSGVhZGVycz4NCiAgICAgICAgICA8UXVlcnlTdHJpbmdQYXJhbWV0ZXJzPg0KICAgICAgICAgICAgPFF1ZXJ5U3RyaW5nUGFyYW1ldGVyIE5hbWU9ImNhbGxiYWNrIiBWYWx1ZT0icGJqcy5oYW5kbGVBbkNCIiBSZWNvcmRlZFZhbHVlPSJwYmpzLmhhbmRsZUFuQ0IiIENvcnJlbGF0aW9uQmluZGluZz0iIiBVcmxFbmNvZGU9IkZhbHNlIiBVc2VUb0dyb3VwUmVzdWx0cz0iRmFsc2UiIC8+DQogICAgICAgICAgICA8UXVlcnlTdHJpbmdQYXJhbWV0ZXIgTmFtZT0iY2FsbGJhY2tfdWlkIiBWYWx1ZT0iOTU1OGQwZTJmMDk5ZTc4IiBSZWNvcmRlZFZhbHVlPSI5NTU4ZDBlMmYwOTllNzgiIENvcnJlbGF0aW9uQmluZGluZz0iIiBVcmxFbmNvZGU9IkZhbHNlIiBVc2VUb0dyb3VwUmVzdWx0cz0iRmFsc2UiIC8+DQogICAgICAgICAgICA8UXVlcnlTdHJpbmdQYXJhbWV0ZXIgTmFtZT0icHNhIiBWYWx1ZT0iMCIgUmVjb3JkZWRWYWx1ZT0iMCIgQ29ycmVsYXRpb25CaW5kaW5nPSIiIFVybEVuY29kZT0iRmFsc2UiIFVzZVRvR3JvdXBSZXN1bHRzPSJGYWxzZSIgLz4NCiAgICAgICAgICAgIDxRdWVyeVN0cmluZ1BhcmFtZXRlciBOYW1lPSJpZCIgVmFsdWU9IjEyMjYxMjU2IiBSZWNvcmRlZFZhbHVlPSIxMjI2MTI1NiIgQ29ycmVsYXRpb25CaW5kaW5nPSIiIFVybEVuY29kZT0iRmFsc2UiIFVzZVRvR3JvdXBSZXN1bHRzPSJGYWxzZSIgLz4NCiAgICAgICAgICAgIDxRdWVyeVN0cmluZ1BhcmFtZXRlciBOYW1lPSJzaXplIiBWYWx1ZT0iMzAweDI1MCIgUmVjb3JkZWRWYWx1ZT0iMzAweDI1MCIgQ29ycmVsYXRpb25CaW5kaW5nPSIiIFVybEVuY29kZT0iRmFsc2UiIFVzZVRvR3JvdXBSZXN1bHRzPSJGYWxzZSIgLz4NCiAgICAgICAgICAgIDxRdWVyeVN0cmluZ1BhcmFtZXRlciBOYW1lPSJrd19wb3MiIFZhbHVlPSJob21lX3JpZ2h0IiBSZWNvcmRlZFZhbHVlPSJob21lX3JpZ2h0IiBDb3JyZWxhdGlvbkJpbmRpbmc9IiIgVXJsRW5jb2RlPSJGYWxzZSIgVXNlVG9Hcm91cFJlc3VsdHM9IkZhbHNlIiAvPg0KICAgICAgICAgICAgPFF1ZXJ5U3RyaW5nUGFyYW1ldGVyIE5hbWU9Imt3X2N0IiBWYWx1ZT0iMCIgUmVjb3JkZWRWYWx1ZT0iMCIgQ29ycmVsYXRpb25CaW5kaW5nPSIiIFVybEVuY29kZT0iRmFsc2UiIFVzZVRvR3JvdXBSZXN1bHRzPSJGYWxzZSIgLz4NCiAgICAgICAgICAgIDxRdWVyeVN0cmluZ1BhcmFtZXRlciBOYW1lPSJrd19hdXMiIFZhbHVlPSIzNTY3OTE2MTEiIFJlY29yZGVkVmFsdWU9IjM1Njc5MTYxMSIgQ29ycmVsYXRpb25CaW5kaW5nPSIiIFVybEVuY29kZT0iRmFsc2UiIFVzZVRvR3JvdXBSZXN1bHRzPSJGYWxzZSIgLz4NCiAgICAgICAgICAgIDxRdWVyeVN0cmluZ1BhcmFtZXRlciBOYW1lPSJrd19paWQiIFZhbHVlPSI2YjcxNGU1OC1lNTQyLWY5NmEtMWQ4MC0zYzU2YjhlZmNiOWMiIFJlY29yZGVkVmFsdWU9IjZiNzE0ZTU4LWU1NDItZjk2YS0xZDgwLTNjNTZiOGVmY2I5YyIgQ29ycmVsYXRpb25CaW5kaW5nPSIiIFVybEVuY29kZT0iRmFsc2UiIFVzZVRvR3JvdXBSZXN1bHRzPSJGYWxzZSIgLz4NCiAgICAgICAgICAgIDxRdWVyeVN0cmluZ1BhcmFtZXRlciBOYW1lPSJrd19zZXNzaW9uaWQiIFZhbHVlPSI4ZDNlOWUxYy0xNzkwLTRjMjktYTY1OC1jNjAwOWFhYTRhYTAiIFJlY29yZGVkVmFsdWU9IjhkM2U5ZTFjLTE3OTAtNGMyOS1hNjU4LWM2MDA5YWFhNGFhMCIgQ29ycmVsYXRpb25CaW5kaW5nPSIiIFVybEVuY29kZT0iRmFsc2UiIFVzZVRvR3JvdXBSZXN1bHRzPSJGYWxzZSIgLz4NCiAgICAgICAgICAgIDxRdWVyeVN0cmluZ1BhcmFtZXRlciBOYW1lPSJrd19wdGciIFZhbHVlPSJhdXI1NDUzX2ElMkNhdXI1NjA2X2ElMkNhdXI1NjA3X2ElMkNhdXI0OTI1X2MlMkNhdXI1MzM3X2IlMkNhdXI1MDcxX2IlMkNhdXI1MDcwX2ElMkNhdXI1NzQ5X2ElMkNhdXI0OTc0LWFuZHJvaWRfYiUyQ2F1cjU0ODZfYiUyQ2F1cjUzNzlfYiUyQ2F1cjQ5NTlfYSUyQ2F1cjUzODBfZCUyQ2F1cjQ4NDJfYSUyQ2F1cjU0MTVfYiUyQ2F1cjU0MzJfYSUyQ2F1cjU5NDNfYyUyQ2F1cjQxMTBfZiUyQ2F1cjU1NTlfYyIgUmVjb3JkZWRWYWx1ZT0iYXVyNTQ1M19hJTJDYXVyNTYwNl9hJTJDYXVyNTYwN19hJTJDYXVyNDkyNV9jJTJDYXVyNTMzN19iJTJDYXVyNTA3MV9iJTJDYXVyNTA3MF9hJTJDYXVyNTc0OV9hJTJDYXVyNDk3NC1hbmRyb2lkX2IlMkNhdXI1NDg2X2IlMkNhdXI1Mzc5X2IlMkNhdXI0OTU5X2ElMkNhdXI1MzgwX2QlMkNhdXI0ODQyX2ElMkNhdXI1NDE1X2IlMkNhdXI1NDMyX2ElMkNhdXI1OTQzX2MlMkNhdXI0MTEwX2YlMkNhdXI1NTU5X2MiIENvcnJlbGF0aW9uQmluZGluZz0iIiBVcmxFbmNvZGU9IkZhbHNlIiBVc2VUb0dyb3VwUmVzdWx0cz0iRmFsc2UiIC8+DQogICAgICAgICAgICA8UXVlcnlTdHJpbmdQYXJhbWV0ZXIgTmFtZT0ia3dfcHQiIFZhbHVlPSJob21lcGFnZSIgUmVjb3JkZWRWYWx1ZT0iaG9tZXBhZ2UiIENvcnJlbGF0aW9uQmluZGluZz0iIiBVcmxFbmNvZGU9IkZhbHNlIiBVc2VUb0dyb3VwUmVzdWx0cz0iRmFsc2UiIC8+DQogICAgICAgICAgICA8UXVlcnlTdHJpbmdQYXJhbWV0ZXIgTmFtZT0ia3dfaG4iIFZhbHVlPSJ3d3cubWFya3RwbGFhdHMubmwiIFJlY29yZGVkVmFsdWU9Ind3dy5tYXJrdHBsYWF0cy5ubCIgQ29ycmVsYXRpb25CaW5kaW5nPSIiIFVybEVuY29kZT0iRmFsc2UiIFVzZVRvR3JvdXBSZXN1bHRzPSJGYWxzZSIgLz4NCiAgICAgICAgICAgIDxRdWVyeVN0cmluZ1BhcmFtZXRlciBOYW1lPSJrd19saSIgVmFsdWU9IjAiIFJlY29yZGVkVmFsdWU9IjAiIENvcnJlbGF0aW9uQmluZGluZz0iIiBVcmxFbmNvZGU9IkZhbHNlIiBVc2VUb0dyb3VwUmVzdWx0cz0iRmFsc2UiIC8+DQogICAgICAgICAgICA8UXVlcnlTdHJpbmdQYXJhbWV0ZXIgTmFtZT0ia3dfa3YiIFZhbHVlPSJoYiIgUmVjb3JkZWRWYWx1ZT0iaGIiIENvcnJlbGF0aW9uQmluZGluZz0iIiBVcmxFbmNvZGU9IkZhbHNlIiBVc2VUb0dyb3VwUmVzdWx0cz0iRmFsc2UiIC8+DQogICAgICAgICAgICA8UXVlcnlTdHJpbmdQYXJhbWV0ZXIgTmFtZT0ia3dfaGIiIFZhbHVlPSIxIiBSZWNvcmRlZFZhbHVlPSIxIiBDb3JyZWxhdGlvbkJpbmRpbmc9IiIgVXJsRW5jb2RlPSJGYWxzZSIgVXNlVG9Hcm91cFJlc3VsdHM9IkZhbHNlIiAvPg0KICAgICAgICAgICAgPFF1ZXJ5U3RyaW5nUGFyYW1ldGVyIE5hbWU9InJlZmVycmVyIiBWYWx1ZT0iaHR0cHMlM0ElMkYlMkZ3d3cubWFya3RwbGFhdHMubmwlMkYiIFJlY29yZGVkVmFsdWU9Imh0dHBzJTNBJTJGJTJGd3d3Lm1hcmt0cGxhYXRzLm5sJTJGIiBDb3JyZWxhdGlvbkJpbmRpbmc9IiIgVXJsRW5jb2RlPSJGYWxzZSIgVXNlVG9Hcm91cFJlc3VsdHM9IkZhbHNlIiAvPg0KICAgICAgICAgIDwvUXVlcnlTdHJpbmdQYXJhbWV0ZXJzPg0KICAgICAgICA8L1JlcXVlc3Q+DQogICAgICAgIDxSZXF1ZXN0IE1ldGhvZD0iR0VUIiBHdWlkPSJlYWFhZTBmZS1jYTFhLTQzNGQtYTAwYy1jM2VkYTk4ZDU3N2MiIFZlcnNpb249IjEuMSIgVXJsPSJodHRwczovL2Zhc3RsYW5lLnJ1Ymljb25wcm9qZWN0LmNvbS9hL2FwaS9mYXN0bGFuZS5qc29uIiBUaGlua1RpbWU9IjAiIFRpbWVvdXQ9IjMwMCIgUGFyc2VEZXBlbmRlbnRSZXF1ZXN0cz0iVHJ1ZSIgRm9sbG93UmVkaXJlY3RzPSJUcnVlIiBSZWNvcmRSZXN1bHQ9IlRydWUiIENhY2hlPSJGYWxzZSIgUmVzcG9uc2VUaW1lR29hbD0iMCIgRW5jb2Rpbmc9InV0Zi04IiBFeHBlY3RlZEh0dHBTdGF0dXNDb2RlPSIwIiBFeHBlY3RlZFJlc3BvbnNlVXJsPSIiIFJlcG9ydGluZ05hbWU9IiIgSWdub3JlSHR0cFN0YXR1c0NvZGU9IkZhbHNlIj4NCiAgICAgICAgICA8SGVhZGVycz4NCiAgICAgICAgICAgIDxIZWFkZXIgTmFtZT0iQ29udGVudC1UeXBlIiBWYWx1ZT0idGV4dC9wbGFpbiIgLz4NCiAgICAgICAgICAgIDxIZWFkZXIgTmFtZT0iUmVmZXJlciIgVmFsdWU9Imh0dHBzOi8vd3d3Lm1hcmt0cGxhYXRzLm5sLyIgLz4NCiAgICAgICAgICA8L0hlYWRlcnM+DQogICAgICAgICAgPFF1ZXJ5U3RyaW5nUGFyYW1ldGVycz4NCiAgICAgICAgICAgIDxRdWVyeVN0cmluZ1BhcmFtZXRlciBOYW1lPSJhY2NvdW50X2lkIiBWYWx1ZT0iMTYxMjgiIFJlY29yZGVkVmFsdWU9IjE2MTI4IiBDb3JyZWxhdGlvbkJpbmRpbmc9IiIgVXJsRW5jb2RlPSJGYWxzZSIgVXNlVG9Hcm91cFJlc3VsdHM9IkZhbHNlIiAvPg0KICAgICAgICAgICAgPFF1ZXJ5U3RyaW5nUGFyYW1ldGVyIE5hbWU9InNpdGVfaWQiIFZhbHVlPSIxNDk5MjYiIFJlY29yZGVkVmFsdWU9IjE0OTkyNiIgQ29ycmVsYXRpb25CaW5kaW5nPSIiIFVybEVuY29kZT0iRmFsc2UiIFVzZVRvR3JvdXBSZXN1bHRzPSJGYWxzZSIgLz4NCiAgICAgICAgICAgIDxRdWVyeVN0cmluZ1BhcmFtZXRlciBOYW1lPSJ6b25lX2lkIiBWYWx1ZT0iNzExMTkwIiBSZWNvcmRlZFZhbHVlPSI3MTExOTAiIENvcnJlbGF0aW9uQmluZGluZz0iIiBVcmxFbmNvZGU9IkZhbHNlIiBVc2VUb0dyb3VwUmVzdWx0cz0iRmFsc2UiIC8+DQogICAgICAgICAgICA8UXVlcnlTdHJpbmdQYXJhbWV0ZXIgTmFtZT0ic2l6ZV9pZCIgVmFsdWU9IjIiIFJlY29yZGVkVmFsdWU9IjIiIENvcnJlbGF0aW9uQmluZGluZz0iIiBVcmxFbmNvZGU9IkZhbHNlIiBVc2VUb0dyb3VwUmVzdWx0cz0iRmFsc2UiIC8+DQogICAgICAgICAgICA8UXVlcnlTdHJpbmdQYXJhbWV0ZXIgTmFtZT0iYWx0X3NpemVfaWRzIiBWYWx1ZT0iNTclMkM2OCIgUmVjb3JkZWRWYWx1ZT0iNTclMkM2OCIgQ29ycmVsYXRpb25CaW5kaW5nPSIiIFVybEVuY29kZT0iRmFsc2UiIFVzZVRvR3JvdXBSZXN1bHRzPSJGYWxzZSIgLz4NCiAgICAgICAgICAgIDxRdWVyeVN0cmluZ1BhcmFtZXRlciBOYW1lPSJwX3BvcyIgVmFsdWU9ImJ0ZiIgUmVjb3JkZWRWYWx1ZT0iYnRmIiBDb3JyZWxhdGlvbkJpbmRpbmc9IiIgVXJsRW5jb2RlPSJGYWxzZSIgVXNlVG9Hcm91cFJlc3VsdHM9IkZhbHNlIiAvPg0KICAgICAgICAgICAgPFF1ZXJ5U3RyaW5nUGFyYW1ldGVyIE5hbWU9InJwX2Zsb29yIiBWYWx1ZT0iMC4wMSIgUmVjb3JkZWRWYWx1ZT0iMC4wMSIgQ29ycmVsYXRpb25CaW5kaW5nPSIiIFVybEVuY29kZT0iRmFsc2UiIFVzZVRvR3JvdXBSZXN1bHRzPSJGYWxzZSIgLz4NCiAgICAgICAgICAgIDxRdWVyeVN0cmluZ1BhcmFtZXRlciBOYW1lPSJycF9zZWN1cmUiIFZhbHVlPSIxIiBSZWNvcmRlZFZhbHVlPSIxIiBDb3JyZWxhdGlvbkJpbmRpbmc9IiIgVXJsRW5jb2RlPSJGYWxzZSIgVXNlVG9Hcm91cFJlc3VsdHM9IkZhbHNlIiAvPg0KICAgICAgICAgICAgPFF1ZXJ5U3RyaW5nUGFyYW1ldGVyIE5hbWU9InRrX2ZsaW50IiBWYWx1ZT0icGJqc19saXRlX3YwLjM0LjEiIFJlY29yZGVkVmFsdWU9InBianNfbGl0ZV92MC4zNC4xIiBDb3JyZWxhdGlvbkJpbmRpbmc9IiIgVXJsRW5jb2RlPSJGYWxzZSIgVXNlVG9Hcm91cFJlc3VsdHM9IkZhbHNlIiAvPg0KICAgICAgICAgICAgPFF1ZXJ5U3RyaW5nUGFyYW1ldGVyIE5hbWU9InRpZCIgVmFsdWU9IjQ3ZmFiNDNiLTU5M2QtNGY1MS1iNTE1LTU5NTU5YjA4ZWZjMSIgUmVjb3JkZWRWYWx1ZT0iNDdmYWI0M2ItNTkzZC00ZjUxLWI1MTUtNTk1NTliMDhlZmMxIiBDb3JyZWxhdGlvbkJpbmRpbmc9IiIgVXJsRW5jb2RlPSJGYWxzZSIgVXNlVG9Hcm91cFJlc3VsdHM9IkZhbHNlIiAvPg0KICAgICAgICAgICAgPFF1ZXJ5U3RyaW5nUGFyYW1ldGVyIE5hbWU9InBfc2NyZWVuX3JlcyIgVmFsdWU9IjE1Mjd4OTU1IiBSZWNvcmRlZFZhbHVlPSIxNTI3eDk1NSIgQ29ycmVsYXRpb25CaW5kaW5nPSIiIFVybEVuY29kZT0iRmFsc2UiIFVzZVRvR3JvdXBSZXN1bHRzPSJGYWxzZSIgLz4NCiAgICAgICAgICAgIDxRdWVyeVN0cmluZ1BhcmFtZXRlciBOYW1lPSJ0Z19pLnBvcyIgVmFsdWU9ImhvbWVfdG9wIiBSZWNvcmRlZFZhbHVlPSJob21lX3RvcCIgQ29ycmVsYXRpb25CaW5kaW5nPSIiIFVybEVuY29kZT0iRmFsc2UiIFVzZVRvR3JvdXBSZXN1bHRzPSJGYWxzZSIgLz4NCiAgICAgICAgICAgIDxRdWVyeVN0cmluZ1BhcmFtZXRlciBOYW1lPSJ0Z19pLmN0IiBWYWx1ZT0iMCIgUmVjb3JkZWRWYWx1ZT0iMCIgQ29ycmVsYXRpb25CaW5kaW5nPSIiIFVybEVuY29kZT0iRmFsc2UiIFVzZVRvR3JvdXBSZXN1bHRzPSJGYWxzZSIgLz4NCiAgICAgICAgICAgIDxRdWVyeVN0cmluZ1BhcmFtZXRlciBOYW1lPSJ0Z19pLmF1cyIgVmFsdWU9IjE5MTI4NzkxNTIiIFJlY29yZGVkVmFsdWU9IjE5MTI4NzkxNTIiIENvcnJlbGF0aW9uQmluZGluZz0iIiBVcmxFbmNvZGU9IkZhbHNlIiBVc2VUb0dyb3VwUmVzdWx0cz0iRmFsc2UiIC8+DQogICAgICAgICAgICA8UXVlcnlTdHJpbmdQYXJhbWV0ZXIgTmFtZT0idGdfaS5paWQiIFZhbHVlPSIzMzE0ZTBiZi1mOGNlLTM4MTQtYjE5Mi03YzM5ZWNlZjYxNDQiIFJlY29yZGVkVmFsdWU9IjMzMTRlMGJmLWY4Y2UtMzgxNC1iMTkyLTdjMzllY2VmNjE0NCIgQ29ycmVsYXRpb25CaW5kaW5nPSIiIFVybEVuY29kZT0iRmFsc2UiIFVzZVRvR3JvdXBSZXN1bHRzPSJGYWxzZSIgLz4NCiAgICAgICAgICAgIDxRdWVyeVN0cmluZ1BhcmFtZXRlciBOYW1lPSJ0Z19pLnNlc3Npb25pZCIgVmFsdWU9IjhkM2U5ZTFjLTE3OTAtNGMyOS1hNjU4LWM2MDA5YWFhNGFhMCIgUmVjb3JkZWRWYWx1ZT0iOGQzZTllMWMtMTc5MC00YzI5LWE2NTgtYzYwMDlhYWE0YWEwIiBDb3JyZWxhdGlvbkJpbmRpbmc9IiIgVXJsRW5jb2RlPSJGYWxzZSIgVXNlVG9Hcm91cFJlc3VsdHM9IkZhbHNlIiAvPg0KICAgICAgICAgICAgPFF1ZXJ5U3RyaW5nUGFyYW1ldGVyIE5hbWU9InRnX2kucHRnIiBWYWx1ZT0iYXVyNTQ1M19hJTJDYXVyNTYwNl9hJTJDYXVyNTYwN19hJTJDYXVyNDkyNV9jJTJDYXVyNTMzN19iJTJDYXVyNTA3MV9iJTJDYXVyNTA3MF9hJTJDYXVyNTc0OV9hJTJDYXVyNDk3NC1hbmRyb2lkX2IlMkNhdXI1NDg2X2IlMkNhdXI1Mzc5X2IlMkNhdXI0OTU5X2ElMkNhdXI1MzgwX2QlMkNhdXI0ODQyX2ElMkNhdXI1NDE1X2IlMkNhdXI1NDMyX2ElMkNhdXI1OTQzX2MlMkNhdXI0MTEwX2YlMkNhdXI1NTU5X2MiIFJlY29yZGVkVmFsdWU9ImF1cjU0NTNfYSUyQ2F1cjU2MDZfYSUyQ2F1cjU2MDdfYSUyQ2F1cjQ5MjVfYyUyQ2F1cjUzMzdfYiUyQ2F1cjUwNzFfYiUyQ2F1cjUwNzBfYSUyQ2F1cjU3NDlfYSUyQ2F1cjQ5NzQtYW5kcm9pZF9iJTJDYXVyNTQ4Nl9iJTJDYXVyNTM3OV9iJTJDYXVyNDk1OV9hJTJDYXVyNTM4MF9kJTJDYXVyNDg0Ml9hJTJDYXVyNTQxNV9iJTJDYXVyNTQzMl9hJTJDYXVyNTk0M19jJTJDYXVyNDExMF9mJTJDYXVyNTU1OV9jIiBDb3JyZWxhdGlvbkJpbmRpbmc9IiIgVXJsRW5jb2RlPSJGYWxzZSIgVXNlVG9Hcm91cFJlc3VsdHM9IkZhbHNlIiAvPg0KICAgICAgICAgICAgPFF1ZXJ5U3RyaW5nUGFyYW1ldGVyIE5hbWU9InRnX2kucHQiIFZhbHVlPSJob21lcGFnZSIgUmVjb3JkZWRWYWx1ZT0iaG9tZXBhZ2UiIENvcnJlbGF0aW9uQmluZGluZz0iIiBVcmxFbmNvZGU9IkZhbHNlIiBVc2VUb0dyb3VwUmVzdWx0cz0iRmFsc2UiIC8+DQogICAgICAgICAgICA8UXVlcnlTdHJpbmdQYXJhbWV0ZXIgTmFtZT0idGdfaS5obiIgVmFsdWU9Ind3dy5tYXJrdHBsYWF0cy5ubCIgUmVjb3JkZWRWYWx1ZT0id3d3Lm1hcmt0cGxhYXRzLm5sIiBDb3JyZWxhdGlvbkJpbmRpbmc9IiIgVXJsRW5jb2RlPSJGYWxzZSIgVXNlVG9Hcm91cFJlc3VsdHM9IkZhbHNlIiAvPg0KICAgICAgICAgICAgPFF1ZXJ5U3RyaW5nUGFyYW1ldGVyIE5hbWU9InRnX2kubGkiIFZhbHVlPSIwIiBSZWNvcmRlZFZhbHVlPSIwIiBDb3JyZWxhdGlvbkJpbmRpbmc9IiIgVXJsRW5jb2RlPSJGYWxzZSIgVXNlVG9Hcm91cFJlc3VsdHM9IkZhbHNlIiAvPg0KICAgICAgICAgICAgPFF1ZXJ5U3RyaW5nUGFyYW1ldGVyIE5hbWU9InRnX2kua3YiIFZhbHVlPSJoYiIgUmVjb3JkZWRWYWx1ZT0iaGIiIENvcnJlbGF0aW9uQmluZGluZz0iIiBVcmxFbmNvZGU9IkZhbHNlIiBVc2VUb0dyb3VwUmVzdWx0cz0iRmFsc2UiIC8+DQogICAgICAgICAgICA8UXVlcnlTdHJpbmdQYXJhbWV0ZXIgTmFtZT0idGdfaS5oYiIgVmFsdWU9IjEiIFJlY29yZGVkVmFsdWU9IjEiIENvcnJlbGF0aW9uQmluZGluZz0iIiBVcmxFbmNvZGU9IkZhbHNlIiBVc2VUb0dyb3VwUmVzdWx0cz0iRmFsc2UiIC8+DQogICAgICAgICAgICA8UXVlcnlTdHJpbmdQYXJhbWV0ZXIgTmFtZT0icmFuZCIgVmFsdWU9IjAuNjQwMjQxNDI3NTA3ODM3IiBSZWNvcmRlZFZhbHVlPSIwLjY0MDI0MTQyNzUwNzgzNyIgQ29ycmVsYXRpb25CaW5kaW5nPSIiIFVybEVuY29kZT0iRmFsc2UiIFVzZVRvR3JvdXBSZXN1bHRzPSJGYWxzZSIgLz4NCiAgICAgICAgICAgIDxRdWVyeVN0cmluZ1BhcmFtZXRlciBOYW1lPSJyZiIgVmFsdWU9Imh0dHBzJTNBJTJGJTJGd3d3Lm1hcmt0cGxhYXRzLm5sJTJGIiBSZWNvcmRlZFZhbHVlPSJodHRwcyUzQSUyRiUyRnd3dy5tYXJrdHBsYWF0cy5ubCUyRiIgQ29ycmVsYXRpb25CaW5kaW5nPSIiIFVybEVuY29kZT0iRmFsc2UiIFVzZVRvR3JvdXBSZXN1bHRzPSJGYWxzZSIgLz4NCiAgICAgICAgICA8L1F1ZXJ5U3RyaW5nUGFyYW1ldGVycz4NCiAgICAgICAgPC9SZXF1ZXN0Pg0KICAgICAgICA8UmVxdWVzdCBNZXRob2Q9IkdFVCIgR3VpZD0iNmUyOWZkYWMtZDJmMC00YjJiLWI5ZGMtZjcxM2FkNDg4NGU2IiBWZXJzaW9uPSIxLjEiIFVybD0iaHR0cHM6Ly9mYXN0bGFuZS5ydWJpY29ucHJvamVjdC5jb20vYS9hcGkvZmFzdGxhbmUuanNvbiIgVGhpbmtUaW1lPSIwIiBUaW1lb3V0PSIzMDAiIFBhcnNlRGVwZW5kZW50UmVxdWVzdHM9IlRydWUiIEZvbGxvd1JlZGlyZWN0cz0iVHJ1ZSIgUmVjb3JkUmVzdWx0PSJUcnVlIiBDYWNoZT0iRmFsc2UiIFJlc3BvbnNlVGltZUdvYWw9IjAiIEVuY29kaW5nPSJ1dGYtOCIgRXhwZWN0ZWRIdHRwU3RhdHVzQ29kZT0iMCIgRXhwZWN0ZWRSZXNwb25zZVVybD0iIiBSZXBvcnRpbmdOYW1lPSIiIElnbm9yZUh0dHBTdGF0dXNDb2RlPSJGYWxzZSI+DQogICAgICAgICAgPEhlYWRlcnM+DQogICAgICAgICAgICA8SGVhZGVyIE5hbWU9IkNvbnRlbnQtVHlwZSIgVmFsdWU9InRleHQvcGxhaW4iIC8+DQogICAgICAgICAgICA8SGVhZGVyIE5hbWU9IlJlZmVyZXIiIFZhbHVlPSJodHRwczovL3d3dy5tYXJrdHBsYWF0cy5ubC8iIC8+DQogICAgICAgICAgPC9IZWFkZXJzPg0KICAgICAgICAgIDxRdWVyeVN0cmluZ1BhcmFtZXRlcnM+DQogICAgICAgICAgICA8UXVlcnlTdHJpbmdQYXJhbWV0ZXIgTmFtZT0iYWNjb3VudF9pZCIgVmFsdWU9IjE2MTI4IiBSZWNvcmRlZFZhbHVlPSIxNjEyOCIgQ29ycmVsYXRpb25CaW5kaW5nPSIiIFVybEVuY29kZT0iRmFsc2UiIFVzZVRvR3JvdXBSZXN1bHRzPSJGYWxzZSIgLz4NCiAgICAgICAgICAgIDxRdWVyeVN0cmluZ1BhcmFtZXRlciBOYW1lPSJzaXRlX2lkIiBWYWx1ZT0iMTQ5OTI2IiBSZWNvcmRlZFZhbHVlPSIxNDk5MjYiIENvcnJlbGF0aW9uQmluZGluZz0iIiBVcmxFbmNvZGU9IkZhbHNlIiBVc2VUb0dyb3VwUmVzdWx0cz0iRmFsc2UiIC8+DQogICAgICAgICAgICA8UXVlcnlTdHJpbmdQYXJhbWV0ZXIgTmFtZT0iem9uZV9pZCIgVmFsdWU9IjcxMTE4OCIgUmVjb3JkZWRWYWx1ZT0iNzExMTg4IiBDb3JyZWxhdGlvbkJpbmRpbmc9IiIgVXJsRW5jb2RlPSJGYWxzZSIgVXNlVG9Hcm91cFJlc3VsdHM9IkZhbHNlIiAvPg0KICAgICAgICAgICAgPFF1ZXJ5U3RyaW5nUGFyYW1ldGVyIE5hbWU9InNpemVfaWQiIFZhbHVlPSIxNSIgUmVjb3JkZWRWYWx1ZT0iMTUiIENvcnJlbGF0aW9uQmluZGluZz0iIiBVcmxFbmNvZGU9IkZhbHNlIiBVc2VUb0dyb3VwUmVzdWx0cz0iRmFsc2UiIC8+DQogICAgICAgICAgICA8UXVlcnlTdHJpbmdQYXJhbWV0ZXIgTmFtZT0icF9wb3MiIFZhbHVlPSJidGYiIFJlY29yZGVkVmFsdWU9ImJ0ZiIgQ29ycmVsYXRpb25CaW5kaW5nPSIiIFVybEVuY29kZT0iRmFsc2UiIFVzZVRvR3JvdXBSZXN1bHRzPSJGYWxzZSIgLz4NCiAgICAgICAgICAgIDxRdWVyeVN0cmluZ1BhcmFtZXRlciBOYW1lPSJycF9mbG9vciIgVmFsdWU9IjAuMDEiIFJlY29yZGVkVmFsdWU9IjAuMDEiIENvcnJlbGF0aW9uQmluZGluZz0iIiBVcmxFbmNvZGU9IkZhbHNlIiBVc2VUb0dyb3VwUmVzdWx0cz0iRmFsc2UiIC8+DQogICAgICAgICAgICA8UXVlcnlTdHJpbmdQYXJhbWV0ZXIgTmFtZT0icnBfc2VjdXJlIiBWYWx1ZT0iMSIgUmVjb3JkZWRWYWx1ZT0iMSIgQ29ycmVsYXRpb25CaW5kaW5nPSIiIFVybEVuY29kZT0iRmFsc2UiIFVzZVRvR3JvdXBSZXN1bHRzPSJGYWxzZSIgLz4NCiAgICAgICAgICAgIDxRdWVyeVN0cmluZ1BhcmFtZXRlciBOYW1lPSJ0a19mbGludCIgVmFsdWU9InBianNfbGl0ZV92MC4zNC4xIiBSZWNvcmRlZFZhbHVlPSJwYmpzX2xpdGVfdjAuMzQuMSIgQ29ycmVsYXRpb25CaW5kaW5nPSIiIFVybEVuY29kZT0iRmFsc2UiIFVzZVRvR3JvdXBSZXN1bHRzPSJGYWxzZSIgLz4NCiAgICAgICAgICAgIDxRdWVyeVN0cmluZ1BhcmFtZXRlciBOYW1lPSJ0aWQiIFZhbHVlPSI3MmUzMTlhMC1iYTRjLTQ5MzMtYWVjMy03NzhlNjQzNGU2MDMiIFJlY29yZGVkVmFsdWU9IjcyZTMxOWEwLWJhNGMtNDkzMy1hZWMzLTc3OGU2NDM0ZTYwMyIgQ29ycmVsYXRpb25CaW5kaW5nPSIiIFVybEVuY29kZT0iRmFsc2UiIFVzZVRvR3JvdXBSZXN1bHRzPSJGYWxzZSIgLz4NCiAgICAgICAgICAgIDxRdWVyeVN0cmluZ1BhcmFtZXRlciBOYW1lPSJwX3NjcmVlbl9yZXMiIFZhbHVlPSIxNTI3eDk1NSIgUmVjb3JkZWRWYWx1ZT0iMTUyN3g5NTUiIENvcnJlbGF0aW9uQmluZGluZz0iIiBVcmxFbmNvZGU9IkZhbHNlIiBVc2VUb0dyb3VwUmVzdWx0cz0iRmFsc2UiIC8+DQogICAgICAgICAgICA8UXVlcnlTdHJpbmdQYXJhbWV0ZXIgTmFtZT0idGdfaS5wb3MiIFZhbHVlPSJob21lX3JpZ2h0IiBSZWNvcmRlZFZhbHVlPSJob21lX3JpZ2h0IiBDb3JyZWxhdGlvbkJpbmRpbmc9IiIgVXJsRW5jb2RlPSJGYWxzZSIgVXNlVG9Hcm91cFJlc3VsdHM9IkZhbHNlIiAvPg0KICAgICAgICAgICAgPFF1ZXJ5U3RyaW5nUGFyYW1ldGVyIE5hbWU9InRnX2kuY3QiIFZhbHVlPSIwIiBSZWNvcmRlZFZhbHVlPSIwIiBDb3JyZWxhdGlvbkJpbmRpbmc9IiIgVXJsRW5jb2RlPSJGYWxzZSIgVXNlVG9Hcm91cFJlc3VsdHM9IkZhbHNlIiAvPg0KICAgICAgICAgICAgPFF1ZXJ5U3RyaW5nUGFyYW1ldGVyIE5hbWU9InRnX2kuYXVzIiBWYWx1ZT0iMzU2NzkxNjExIiBSZWNvcmRlZFZhbHVlPSIzNTY3OTE2MTEiIENvcnJlbGF0aW9uQmluZGluZz0iIiBVcmxFbmNvZGU9IkZhbHNlIiBVc2VUb0dyb3VwUmVzdWx0cz0iRmFsc2UiIC8+DQogICAgICAgICAgICA8UXVlcnlTdHJpbmdQYXJhbWV0ZXIgTmFtZT0idGdfaS5paWQiIFZhbHVlPSI2YjcxNGU1OC1lNTQyLWY5NmEtMWQ4MC0zYzU2YjhlZmNiOWMiIFJlY29yZGVkVmFsdWU9IjZiNzE0ZTU4LWU1NDItZjk2YS0xZDgwLTNjNTZiOGVmY2I5YyIgQ29ycmVsYXRpb25CaW5kaW5nPSIiIFVybEVuY29kZT0iRmFsc2UiIFVzZVRvR3JvdXBSZXN1bHRzPSJGYWxzZSIgLz4NCiAgICAgICAgICAgIDxRdWVyeVN0cmluZ1BhcmFtZXRlciBOYW1lPSJ0Z19pLnNlc3Npb25pZCIgVmFsdWU9IjhkM2U5ZTFjLTE3OTAtNGMyOS1hNjU4LWM2MDA5YWFhNGFhMCIgUmVjb3JkZWRWYWx1ZT0iOGQzZTllMWMtMTc5MC00YzI5LWE2NTgtYzYwMDlhYWE0YWEwIiBDb3JyZWxhdGlvbkJpbmRpbmc9IiIgVXJsRW5jb2RlPSJGYWxzZSIgVXNlVG9Hcm91cFJlc3VsdHM9IkZhbHNlIiAvPg0KICAgICAgICAgICAgPFF1ZXJ5U3RyaW5nUGFyYW1ldGVyIE5hbWU9InRnX2kucHRnIiBWYWx1ZT0iYXVyNTQ1M19hJTJDYXVyNTYwNl9hJTJDYXVyNTYwN19hJTJDYXVyNDkyNV9jJTJDYXVyNTMzN19iJTJDYXVyNTA3MV9iJTJDYXVyNTA3MF9hJTJDYXVyNTc0OV9hJTJDYXVyNDk3NC1hbmRyb2lkX2IlMkNhdXI1NDg2X2IlMkNhdXI1Mzc5X2IlMkNhdXI0OTU5X2ElMkNhdXI1MzgwX2QlMkNhdXI0ODQyX2ElMkNhdXI1NDE1X2IlMkNhdXI1NDMyX2ElMkNhdXI1OTQzX2MlMkNhdXI0MTEwX2YlMkNhdXI1NTU5X2MiIFJlY29yZGVkVmFsdWU9ImF1cjU0NTNfYSUyQ2F1cjU2MDZfYSUyQ2F1cjU2MDdfYSUyQ2F1cjQ5MjVfYyUyQ2F1cjUzMzdfYiUyQ2F1cjUwNzFfYiUyQ2F1cjUwNzBfYSUyQ2F1cjU3NDlfYSUyQ2F1cjQ5NzQtYW5kcm9pZF9iJTJDYXVyNTQ4Nl9iJTJDYXVyNTM3OV9iJTJDYXVyNDk1OV9hJTJDYXVyNTM4MF9kJTJDYXVyNDg0Ml9hJTJDYXVyNTQxNV9iJTJDYXVyNTQzMl9hJTJDYXVyNTk0M19jJTJDYXVyNDExMF9mJTJDYXVyNTU1OV9jIiBDb3JyZWxhdGlvbkJpbmRpbmc9IiIgVXJsRW5jb2RlPSJGYWxzZSIgVXNlVG9Hcm91cFJlc3VsdHM9IkZhbHNlIiAvPg0KICAgICAgICAgICAgPFF1ZXJ5U3RyaW5nUGFyYW1ldGVyIE5hbWU9InRnX2kucHQiIFZhbHVlPSJob21lcGFnZSIgUmVjb3JkZWRWYWx1ZT0iaG9tZXBhZ2UiIENvcnJlbGF0aW9uQmluZGluZz0iIiBVcmxFbmNvZGU9IkZhbHNlIiBVc2VUb0dyb3VwUmVzdWx0cz0iRmFsc2UiIC8+DQogICAgICAgICAgICA8UXVlcnlTdHJpbmdQYXJhbWV0ZXIgTmFtZT0idGdfaS5obiIgVmFsdWU9Ind3dy5tYXJrdHBsYWF0cy5ubCIgUmVjb3JkZWRWYWx1ZT0id3d3Lm1hcmt0cGxhYXRzLm5sIiBDb3JyZWxhdGlvbkJpbmRpbmc9IiIgVXJsRW5jb2RlPSJGYWxzZSIgVXNlVG9Hcm91cFJlc3VsdHM9IkZhbHNlIiAvPg0KICAgICAgICAgICAgPFF1ZXJ5U3RyaW5nUGFyYW1ldGVyIE5hbWU9InRnX2kubGkiIFZhbHVlPSIwIiBSZWNvcmRlZFZhbHVlPSIwIiBDb3JyZWxhdGlvbkJpbmRpbmc9IiIgVXJsRW5jb2RlPSJGYWxzZSIgVXNlVG9Hcm91cFJlc3VsdHM9IkZhbHNlIiAvPg0KICAgICAgICAgICAgPFF1ZXJ5U3RyaW5nUGFyYW1ldGVyIE5hbWU9InRnX2kua3YiIFZhbHVlPSJoYiIgUmVjb3JkZWRWYWx1ZT0iaGIiIENvcnJlbGF0aW9uQmluZGluZz0iIiBVcmxFbmNvZGU9IkZhbHNlIiBVc2VUb0dyb3VwUmVzdWx0cz0iRmFsc2UiIC8+DQogICAgICAgICAgICA8UXVlcnlTdHJpbmdQYXJhbWV0ZXIgTmFtZT0idGdfaS5oYiIgVmFsdWU9IjEiIFJlY29yZGVkVmFsdWU9IjEiIENvcnJlbGF0aW9uQmluZGluZz0iIiBVcmxFbmNvZGU9IkZhbHNlIiBVc2VUb0dyb3VwUmVzdWx0cz0iRmFsc2UiIC8+DQogICAgICAgICAgICA8UXVlcnlTdHJpbmdQYXJhbWV0ZXIgTmFtZT0icmFuZCIgVmFsdWU9IjAuNzUwNzY5MDc5NjIwNDQyIiBSZWNvcmRlZFZhbHVlPSIwLjc1MDc2OTA3OTYyMDQ0MiIgQ29ycmVsYXRpb25CaW5kaW5nPSIiIFVybEVuY29kZT0iRmFsc2UiIFVzZVRvR3JvdXBSZXN1bHRzPSJGYWxzZSIgLz4NCiAgICAgICAgICAgIDxRdWVyeVN0cmluZ1BhcmFtZXRlciBOYW1lPSJyZiIgVmFsdWU9Imh0dHBzJTNBJTJGJTJGd3d3Lm1hcmt0cGxhYXRzLm5sJTJGIiBSZWNvcmRlZFZhbHVlPSJodHRwcyUzQSUyRiUyRnd3dy5tYXJrdHBsYWF0cy5ubCUyRiIgQ29ycmVsYXRpb25CaW5kaW5nPSIiIFVybEVuY29kZT0iRmFsc2UiIFVzZVRvR3JvdXBSZXN1bHRzPSJGYWxzZSIgLz4NCiAgICAgICAgICA8L1F1ZXJ5U3RyaW5nUGFyYW1ldGVycz4NCiAgICAgICAgPC9SZXF1ZXN0Pg0KICAgICAgICA8UmVxdWVzdCBNZXRob2Q9IkdFVCIgR3VpZD0iMzExY2QxZTEtMjdkZi00Y2I3LTlmZDctMWRjNmM5NmUyZTk0IiBWZXJzaW9uPSIxLjEiIFVybD0iaHR0cHM6Ly93d3cubWFya3RwbGFhdHMubmwvbWVsZGluZ2VuL2FwaS9ub3RpZmljYXRpb24tY2VudGVyL3YxL25vdGlmaWNhdGlvbnMiIFRoaW5rVGltZT0iMCIgVGltZW91dD0iMzAwIiBQYXJzZURlcGVuZGVudFJlcXVlc3RzPSJUcnVlIiBGb2xsb3dSZWRpcmVjdHM9IlRydWUiIFJlY29yZFJlc3VsdD0iVHJ1ZSIgQ2FjaGU9IkZhbHNlIiBSZXNwb25zZVRpbWVHb2FsPSIwIiBFbmNvZGluZz0idXRmLTgiIEV4cGVjdGVkSHR0cFN0YXR1c0NvZGU9IjAiIEV4cGVjdGVkUmVzcG9uc2VVcmw9IiIgUmVwb3J0aW5nTmFtZT0iIiBJZ25vcmVIdHRwU3RhdHVzQ29kZT0iRmFsc2UiPg0KICAgICAgICAgIDxIZWFkZXJzPg0KICAgICAgICAgICAgPEhlYWRlciBOYW1lPSJSZWZlcmVyIiBWYWx1ZT0iaHR0cHM6Ly93d3cubWFya3RwbGFhdHMubmwvIiAvPg0KICAgICAgICAgIDwvSGVhZGVycz4NCiAgICAgICAgICA8UXVlcnlTdHJpbmdQYXJhbWV0ZXJzPg0KICAgICAgICAgICAgPFF1ZXJ5U3RyaW5nUGFyYW1ldGVyIE5hbWU9ImxpbWl0IiBWYWx1ZT0iMCIgUmVjb3JkZWRWYWx1ZT0iMCIgQ29ycmVsYXRpb25CaW5kaW5nPSJ7e1F1ZXJ5U3RyaW5nUGFyYW0yMDM0LmxpbWl0fX0iIFVybEVuY29kZT0iRmFsc2UiIFVzZVRvR3JvdXBSZXN1bHRzPSJGYWxzZSIgLz4NCiAgICAgICAgICA8L1F1ZXJ5U3RyaW5nUGFyYW1ldGVycz4NCiAgICAgICAgPC9SZXF1ZXN0Pg0KICAgICAgICA8UmVxdWVzdCBNZXRob2Q9IkdFVCIgR3VpZD0iZTBjODEwYzQtNjJhMS00NTgyLWExZTMtZTQwYTE1OGVlNzhjIiBWZXJzaW9uPSIxLjEiIFVybD0iaHR0cHM6Ly9zZWN1cmVwdWJhZHMuZy5kb3VibGVjbGljay5uZXQvZ2FtcGFkL2FkcyIgVGhpbmtUaW1lPSIwIiBUaW1lb3V0PSIzMDAiIFBhcnNlRGVwZW5kZW50UmVxdWVzdHM9IlRydWUiIEZvbGxvd1JlZGlyZWN0cz0iVHJ1ZSIgUmVjb3JkUmVzdWx0PSJUcnVlIiBDYWNoZT0iRmFsc2UiIFJlc3BvbnNlVGltZUdvYWw9IjAiIEVuY29kaW5nPSJ1dGYtOCIgRXhwZWN0ZWRIdHRwU3RhdHVzQ29kZT0iMCIgRXhwZWN0ZWRSZXNwb25zZVVybD0iIiBSZXBvcnRpbmdOYW1lPSIiIElnbm9yZUh0dHBTdGF0dXNDb2RlPSJGYWxzZSI+DQogICAgICAgICAgPEhlYWRlcnM+DQogICAgICAgICAgICA8SGVhZGVyIE5hbWU9IlJlZmVyZXIiIFZhbHVlPSJodHRwczovL3d3dy5tYXJrdHBsYWF0cy5ubC8iIC8+DQogICAgICAgICAgPC9IZWFkZXJzPg0KICAgICAgICAgIDxRdWVyeVN0cmluZ1BhcmFtZXRlcnM+DQogICAgICAgICAgICA8UXVlcnlTdHJpbmdQYXJhbWV0ZXIgTmFtZT0iZ2RmcF9yZXEiIFZhbHVlPSIxIiBSZWNvcmRlZFZhbHVlPSIxIiBDb3JyZWxhdGlvbkJpbmRpbmc9IiIgVXJsRW5jb2RlPSJGYWxzZSIgVXNlVG9Hcm91cFJlc3VsdHM9IkZhbHNlIiAvPg0KICAgICAgICAgICAgPFF1ZXJ5U3RyaW5nUGFyYW1ldGVyIE5hbWU9InB2c2lkIiBWYWx1ZT0iMzkyMzgzMDEwNDQ3MTU2MCIgUmVjb3JkZWRWYWx1ZT0iMzkyMzgzMDEwNDQ3MTU2MCIgQ29ycmVsYXRpb25CaW5kaW5nPSIiIFVybEVuY29kZT0iRmFsc2UiIFVzZVRvR3JvdXBSZXN1bHRzPSJGYWxzZSIgLz4NCiAgICAgICAgICAgIDxRdWVyeVN0cmluZ1BhcmFtZXRlciBOYW1lPSJjb3JyZWxhdG9yIiBWYWx1ZT0iMjExNDM0MjM0MTE2Njc5MyIgUmVjb3JkZWRWYWx1ZT0iMjExNDM0MjM0MTE2Njc5MyIgQ29ycmVsYXRpb25CaW5kaW5nPSIiIFVybEVuY29kZT0iRmFsc2UiIFVzZVRvR3JvdXBSZXN1bHRzPSJGYWxzZSIgLz4NCiAgICAgICAgICAgIDxRdWVyeVN0cmluZ1BhcmFtZXRlciBOYW1lPSJvdXRwdXQiIFZhbHVlPSJqc29uX2h0bWwiIFJlY29yZGVkVmFsdWU9Impzb25faHRtbCIgQ29ycmVsYXRpb25CaW5kaW5nPSIiIFVybEVuY29kZT0iRmFsc2UiIFVzZVRvR3JvdXBSZXN1bHRzPSJGYWxzZSIgLz4NCiAgICAgICAgICAgIDxRdWVyeVN0cmluZ1BhcmFtZXRlciBOYW1lPSJjYWxsYmFjayIgVmFsdWU9Imdvb2dsZXRhZy5pbXBsLnB1YmFkcy5jYWxsYmFja1Byb3h5MSIgUmVjb3JkZWRWYWx1ZT0iZ29vZ2xldGFnLmltcGwucHViYWRzLmNhbGxiYWNrUHJveHkxIiBDb3JyZWxhdGlvbkJpbmRpbmc9IiIgVXJsRW5jb2RlPSJGYWxzZSIgVXNlVG9Hcm91cFJlc3VsdHM9IkZhbHNlIiAvPg0KICAgICAgICAgICAgPFF1ZXJ5U3RyaW5nUGFyYW1ldGVyIE5hbWU9ImltcGwiIFZhbHVlPSJmaWZzIiBSZWNvcmRlZFZhbHVlPSJmaWZzIiBDb3JyZWxhdGlvbkJpbmRpbmc9IiIgVXJsRW5jb2RlPSJGYWxzZSIgVXNlVG9Hcm91cFJlc3VsdHM9IkZhbHNlIiAvPg0KICAgICAgICAgICAgPFF1ZXJ5U3RyaW5nUGFyYW1ldGVyIE5hbWU9ImFkc2lkIiBWYWx1ZT0iTlQiIFJlY29yZGVkVmFsdWU9Ik5UIiBDb3JyZWxhdGlvbkJpbmRpbmc9IiIgVXJsRW5jb2RlPSJGYWxzZSIgVXNlVG9Hcm91cFJlc3VsdHM9IkZhbHNlIiAvPg0KICAgICAgICAgICAgPFF1ZXJ5U3RyaW5nUGFyYW1ldGVyIE5hbWU9Impzb25fYSIgVmFsdWU9IjEiIFJlY29yZGVkVmFsdWU9IjEiIENvcnJlbGF0aW9uQmluZGluZz0iIiBVcmxFbmNvZGU9IkZhbHNlIiBVc2VUb0dyb3VwUmVzdWx0cz0iRmFsc2UiIC8+DQogICAgICAgICAgICA8UXVlcnlTdHJpbmdQYXJhbWV0ZXIgTmFtZT0idnJnIiBWYWx1ZT0iMjE0IiBSZWNvcmRlZFZhbHVlPSIyMTQiIENvcnJlbGF0aW9uQmluZGluZz0iIiBVcmxFbmNvZGU9IkZhbHNlIiBVc2VUb0dyb3VwUmVzdWx0cz0iRmFsc2UiIC8+DQogICAgICAgICAgICA8UXVlcnlTdHJpbmdQYXJhbWV0ZXIgTmFtZT0iZ3VjaSIgVmFsdWU9IjEuMi4wLjAuMi4yLjAiIFJlY29yZGVkVmFsdWU9IjEuMi4wLjAuMi4yLjAiIENvcnJlbGF0aW9uQmluZGluZz0iIiBVcmxFbmNvZGU9IkZhbHNlIiBVc2VUb0dyb3VwUmVzdWx0cz0iRmFsc2UiIC8+DQogICAgICAgICAgICA8UXVlcnlTdHJpbmdQYXJhbWV0ZXIgTmFtZT0ic2MiIFZhbHVlPSIxIiBSZWNvcmRlZFZhbHVlPSIxIiBDb3JyZWxhdGlvbkJpbmRpbmc9IiIgVXJsRW5jb2RlPSJGYWxzZSIgVXNlVG9Hcm91cFJlc3VsdHM9IkZhbHNlIiAvPg0KICAgICAgICAgICAgPFF1ZXJ5U3RyaW5nUGFyYW1ldGVyIE5hbWU9InNmdiIgVmFsdWU9IjEtMC0yOCIgUmVjb3JkZWRWYWx1ZT0iMS0wLTI4IiBDb3JyZWxhdGlvbkJpbmRpbmc9IiIgVXJsRW5jb2RlPSJGYWxzZSIgVXNlVG9Hcm91cFJlc3VsdHM9IkZhbHNlIiAvPg0KICAgICAgICAgICAgPFF1ZXJ5U3RyaW5nUGFyYW1ldGVyIE5hbWU9Iml1X3BhcnRzIiBWYWx1ZT0iNDI4MiUyQ3dlYiUyQ21wbmwuMCUyQ2hvbWUlMkNob21lcGFnZSUyQ2hvbWVfdG9wJTJDaG9tZV9yaWdodCIgUmVjb3JkZWRWYWx1ZT0iNDI4MiUyQ3dlYiUyQ21wbmwuMCUyQ2hvbWUlMkNob21lcGFnZSUyQ2hvbWVfdG9wJTJDaG9tZV9yaWdodCIgQ29ycmVsYXRpb25CaW5kaW5nPSIiIFVybEVuY29kZT0iRmFsc2UiIFVzZVRvR3JvdXBSZXN1bHRzPSJGYWxzZSIgLz4NCiAgICAgICAgICAgIDxRdWVyeVN0cmluZ1BhcmFtZXRlciBOYW1lPSJlbmNfcHJldl9pdXMiIFZhbHVlPSIlMkYwJTJGMSUyRjIlMkYzJTJGNCUyRjUlMkMlMkYwJTJGMSUyRjIlMkYzJTJGNCUyRjYiIFJlY29yZGVkVmFsdWU9IiUyRjAlMkYxJTJGMiUyRjMlMkY0JTJGNSUyQyUyRjAlMkYxJTJGMiUyRjMlMkY0JTJGNiIgQ29ycmVsYXRpb25CaW5kaW5nPSIiIFVybEVuY29kZT0iRmFsc2UiIFVzZVRvR3JvdXBSZXN1bHRzPSJGYWxzZSIgLz4NCiAgICAgICAgICAgIDxRdWVyeVN0cmluZ1BhcmFtZXRlciBOYW1lPSJwcmV2X2l1X3N6cyIgVmFsdWU9IjcyOHg5MCU3Qzk3MHgyNTAlN0MxODAweDEwMDAlN0M5NzB4MTAwMCU3QzE4MDB4MjAwJTJDMzAweDI1MCIgUmVjb3JkZWRWYWx1ZT0iNzI4eDkwJTdDOTcweDI1MCU3QzE4MDB4MTAwMCU3Qzk3MHgxMDAwJTdDMTgwMHgyMDAlMkMzMDB4MjUwIiBDb3JyZWxhdGlvbkJpbmRpbmc9IiIgVXJsRW5jb2RlPSJGYWxzZSIgVXNlVG9Hcm91cFJlc3VsdHM9IkZhbHNlIiAvPg0KICAgICAgICAgICAgPFF1ZXJ5U3RyaW5nUGFyYW1ldGVyIE5hbWU9InByZXZfc2NwIiBWYWx1ZT0iY3QlM0QwJTI2cHRnJTNEYXVyNTQ1M19hJTJDYXVyNTYwNl9hJTJDYXVyNTYwN19hJTJDYXVyNDkyNV9jJTJDYXVyNTMzN19iJTJDYXVyNTA3MV9iJTJDYXVyNTA3MF9hJTJDYXVyNTc0OV9hJTJDYXVyNDk3NC1hbmRyb2lkX2IlMkNhdXI1NDg2X2IlMkNhdXI1Mzc5X2IlMkNhdXI0OTU5X2ElMkNhdXI1MzgwX2QlMkNhdXI0ODQyX2ElMkNhdXI1NDE1X2IlMkNhdXI1NDMyX2ElMkNhdXI1OTQzX2MlMkNhdXI0MTEwX2YlMkNhdXI1NTU5X2MlMjZwdCUzRGhvbWVwYWdlJTI2cG9zJTNEaG9tZV90b3AlMjZobiUzRHd3dy5tYXJrdHBsYWF0cy5ubCUyNmxpJTNEMCUyNnVzZXJpZCUzRCUyNnNlc3Npb25pZCUzRDhkM2U5ZTFjLTE3OTAtNGMyOS1hNjU4LWM2MDA5YWFhNGFhMCUyNmlpZCUzRDMzMTRlMGJmLWY4Y2UtMzgxNC1iMTkyLTdjMzllY2VmNjE0NCUyNmF1cyUzRDE5MTI4NzkxNTIlMjZoYiUzRDElMjZob2QlM0QxMiUyNnNmJTNEMSUyNmFkX2dyb3VwJTNEYWRfb3B0JTdDY3QlM0QwJTI2cHRnJTNEYXVyNTQ1M19hJTJDYXVyNTYwNl9hJTJDYXVyNTYwN19hJTJDYXVyNDkyNV9jJTJDYXVyNTMzN19iJTJDYXVyNTA3MV9iJTJDYXVyNTA3MF9hJTJDYXVyNTc0OV9hJTJDYXVyNDk3NC1hbmRyb2lkX2IlMkNhdXI1NDg2X2IlMkNhdXI1Mzc5X2IlMkNhdXI0OTU5X2ElMkNhdXI1MzgwX2QlMkNhdXI0ODQyX2ElMkNhdXI1NDE1X2IlMkNhdXI1NDMyX2ElMkNhdXI1OTQzX2MlMkNhdXI0MTEwX2YlMkNhdXI1NTU5X2MlMjZwdCUzRGhvbWVwYWdlJTI2cG9zJTNEaG9tZV9yaWdodCUyNmhuJTNEd3d3Lm1hcmt0cGxhYXRzLm5sJTI2bGklM0QwJTI2dXNlcmlkJTNEJTI2c2Vzc2lvbmlkJTNEOGQzZTllMWMtMTc5MC00YzI5LWE2NTgtYzYwMDlhYWE0YWEwJTI2aWlkJTNENmI3MTRlNTgtZTU0Mi1mOTZhLTFkODAtM2M1NmI4ZWZjYjljJTI2YXVzJTNEMzU2NzkxNjExJTI2aGIlM0QxJTI2aG9kJTNEMTIlMjZzZiUzRDIlMjZhZF9ncm91cCUzRGFkX29wdCIgUmVjb3JkZWRWYWx1ZT0iY3QlM0QwJTI2cHRnJTNEYXVyNTQ1M19hJTJDYXVyNTYwNl9hJTJDYXVyNTYwN19hJTJDYXVyNDkyNV9jJTJDYXVyNTMzN19iJTJDYXVyNTA3MV9iJTJDYXVyNTA3MF9hJTJDYXVyNTc0OV9hJTJDYXVyNDk3NC1hbmRyb2lkX2IlMkNhdXI1NDg2X2IlMkNhdXI1Mzc5X2IlMkNhdXI0OTU5X2ElMkNhdXI1MzgwX2QlMkNhdXI0ODQyX2ElMkNhdXI1NDE1X2IlMkNhdXI1NDMyX2ElMkNhdXI1OTQzX2MlMkNhdXI0MTEwX2YlMkNhdXI1NTU5X2MlMjZwdCUzRGhvbWVwYWdlJTI2cG9zJTNEaG9tZV90b3AlMjZobiUzRHd3dy5tYXJrdHBsYWF0cy5ubCUyNmxpJTNEMCUyNnVzZXJpZCUzRCUyNnNlc3Npb25pZCUzRDhkM2U5ZTFjLTE3OTAtNGMyOS1hNjU4LWM2MDA5YWFhNGFhMCUyNmlpZCUzRDMzMTRlMGJmLWY4Y2UtMzgxNC1iMTkyLTdjMzllY2VmNjE0NCUyNmF1cyUzRDE5MTI4NzkxNTIlMjZoYiUzRDElMjZob2QlM0QxMiUyNnNmJTNEMSUyNmFkX2dyb3VwJTNEYWRfb3B0JTdDY3QlM0QwJTI2cHRnJTNEYXVyNTQ1M19hJTJDYXVyNTYwNl9hJTJDYXVyNTYwN19hJTJDYXVyNDkyNV9jJTJDYXVyNTMzN19iJTJDYXVyNTA3MV9iJTJDYXVyNTA3MF9hJTJDYXVyNTc0OV9hJTJDYXVyNDk3NC1hbmRyb2lkX2IlMkNhdXI1NDg2X2IlMkNhdXI1Mzc5X2IlMkNhdXI0OTU5X2ElMkNhdXI1MzgwX2QlMkNhdXI0ODQyX2ElMkNhdXI1NDE1X2IlMkNhdXI1NDMyX2ElMkNhdXI1OTQzX2MlMkNhdXI0MTEwX2YlMkNhdXI1NTU5X2MlMjZwdCUzRGhvbWVwYWdlJTI2cG9zJTNEaG9tZV9yaWdodCUyNmhuJTNEd3d3Lm1hcmt0cGxhYXRzLm5sJTI2bGklM0QwJTI2dXNlcmlkJTNEJTI2c2Vzc2lvbmlkJTNEOGQzZTllMWMtMTc5MC00YzI5LWE2NTgtYzYwMDlhYWE0YWEwJTI2aWlkJTNENmI3MTRlNTgtZTU0Mi1mOTZhLTFkODAtM2M1NmI4ZWZjYjljJTI2YXVzJTNEMzU2NzkxNjExJTI2aGIlM0QxJTI2aG9kJTNEMTIlMjZzZiUzRDIlMjZhZF9ncm91cCUzRGFkX29wdCIgQ29ycmVsYXRpb25CaW5kaW5nPSIiIFVybEVuY29kZT0iRmFsc2UiIFVzZVRvR3JvdXBSZXN1bHRzPSJGYWxzZSIgLz4NCiAgICAgICAgICAgIDxRdWVyeVN0cmluZ1BhcmFtZXRlciBOYW1lPSJlcmkiIFZhbHVlPSIxIiBSZWNvcmRlZFZhbHVlPSIxIiBDb3JyZWxhdGlvbkJpbmRpbmc9IiIgVXJsRW5jb2RlPSJGYWxzZSIgVXNlVG9Hcm91cFJlc3VsdHM9IkZhbHNlIiAvPg0KICAgICAgICAgICAgPFF1ZXJ5U3RyaW5nUGFyYW1ldGVyIE5hbWU9ImN1c3RfcGFyYW1zIiBWYWx1ZT0idG8lM0QwIiBSZWNvcmRlZFZhbHVlPSJ0byUzRDAiIENvcnJlbGF0aW9uQmluZGluZz0iIiBVcmxFbmNvZGU9IkZhbHNlIiBVc2VUb0dyb3VwUmVzdWx0cz0iRmFsc2UiIC8+DQogICAgICAgICAgICA8UXVlcnlTdHJpbmdQYXJhbWV0ZXIgTmFtZT0iY29va2llX2VuYWJsZWQiIFZhbHVlPSIxIiBSZWNvcmRlZFZhbHVlPSIxIiBDb3JyZWxhdGlvbkJpbmRpbmc9IiIgVXJsRW5jb2RlPSJGYWxzZSIgVXNlVG9Hcm91cFJlc3VsdHM9IkZhbHNlIiAvPg0KICAgICAgICAgICAgPFF1ZXJ5U3RyaW5nUGFyYW1ldGVyIE5hbWU9ImJjIiBWYWx1ZT0iMSIgUmVjb3JkZWRWYWx1ZT0iMSIgQ29ycmVsYXRpb25CaW5kaW5nPSIiIFVybEVuY29kZT0iRmFsc2UiIFVzZVRvR3JvdXBSZXN1bHRzPSJGYWxzZSIgLz4NCiAgICAgICAgICAgIDxRdWVyeVN0cmluZ1BhcmFtZXRlciBOYW1lPSJhYnhlIiBWYWx1ZT0iMSIgUmVjb3JkZWRWYWx1ZT0iMSIgQ29ycmVsYXRpb25CaW5kaW5nPSIiIFVybEVuY29kZT0iRmFsc2UiIFVzZVRvR3JvdXBSZXN1bHRzPSJGYWxzZSIgLz4NCiAgICAgICAgICAgIDxRdWVyeVN0cmluZ1BhcmFtZXRlciBOYW1lPSJsbXQiIFZhbHVlPSIxNTI4ODA2NDAxIiBSZWNvcmRlZFZhbHVlPSIxNTI4ODA2NDAxIiBDb3JyZWxhdGlvbkJpbmRpbmc9IiIgVXJsRW5jb2RlPSJGYWxzZSIgVXNlVG9Hcm91cFJlc3VsdHM9IkZhbHNlIiAvPg0KICAgICAgICAgICAgPFF1ZXJ5U3RyaW5nUGFyYW1ldGVyIE5hbWU9ImR0IiBWYWx1ZT0iMTUyODgwNjQwMTk4NSIgUmVjb3JkZWRWYWx1ZT0iMTUyODgwNjQwMTk4NSIgQ29ycmVsYXRpb25CaW5kaW5nPSIiIFVybEVuY29kZT0iRmFsc2UiIFVzZVRvR3JvdXBSZXN1bHRzPSJGYWxzZSIgLz4NCiAgICAgICAgICAgIDxRdWVyeVN0cmluZ1BhcmFtZXRlciBOYW1lPSJmcm0iIFZhbHVlPSIyMCIgUmVjb3JkZWRWYWx1ZT0iMjAiIENvcnJlbGF0aW9uQmluZGluZz0iIiBVcmxFbmNvZGU9IkZhbHNlIiBVc2VUb0dyb3VwUmVzdWx0cz0iRmFsc2UiIC8+DQogICAgICAgICAgICA8UXVlcnlTdHJpbmdQYXJhbWV0ZXIgTmFtZT0iYml3IiBWYWx1ZT0iMTI3NCIgUmVjb3JkZWRWYWx1ZT0iMTI3NCIgQ29ycmVsYXRpb25CaW5kaW5nPSIiIFVybEVuY29kZT0iRmFsc2UiIFVzZVRvR3JvdXBSZXN1bHRzPSJGYWxzZSIgLz4NCiAgICAgICAgICAgIDxRdWVyeVN0cmluZ1BhcmFtZXRlciBOYW1lPSJiaWgiIFZhbHVlPSI4NjgiIFJlY29yZGVkVmFsdWU9Ijg2OCIgQ29ycmVsYXRpb25CaW5kaW5nPSIiIFVybEVuY29kZT0iRmFsc2UiIFVzZVRvR3JvdXBSZXN1bHRzPSJGYWxzZSIgLz4NCiAgICAgICAgICAgIDxRdWVyeVN0cmluZ1BhcmFtZXRlciBOYW1lPSJvaWQiIFZhbHVlPSIzIiBSZWNvcmRlZFZhbHVlPSIzIiBDb3JyZWxhdGlvbkJpbmRpbmc9IiIgVXJsRW5jb2RlPSJGYWxzZSIgVXNlVG9Hcm91cFJlc3VsdHM9IkZhbHNlIiAvPg0KICAgICAgICAgICAgPFF1ZXJ5U3RyaW5nUGFyYW1ldGVyIE5hbWU9ImFkeHMiIFZhbHVlPSIzNzklMkM4MzciIFJlY29yZGVkVmFsdWU9IjM3OSUyQzgzNyIgQ29ycmVsYXRpb25CaW5kaW5nPSIiIFVybEVuY29kZT0iRmFsc2UiIFVzZVRvR3JvdXBSZXN1bHRzPSJGYWxzZSIgLz4NCiAgICAgICAgICAgIDxRdWVyeVN0cmluZ1BhcmFtZXRlciBOYW1lPSJhZHlzIiBWYWx1ZT0iMTUxJTJDMjYxIiBSZWNvcmRlZFZhbHVlPSIxNTElMkMyNjEiIENvcnJlbGF0aW9uQmluZGluZz0iIiBVcmxFbmNvZGU9IkZhbHNlIiBVc2VUb0dyb3VwUmVzdWx0cz0iRmFsc2UiIC8+DQogICAgICAgICAgICA8UXVlcnlTdHJpbmdQYXJhbWV0ZXIgTmFtZT0iYWRrcyIgVmFsdWU9IjU0NzY3NzE0MSUyQzE3MTQyODk1NzQiIFJlY29yZGVkVmFsdWU9IjU0NzY3NzE0MSUyQzE3MTQyODk1NzQiIENvcnJlbGF0aW9uQmluZGluZz0iIiBVcmxFbmNvZGU9IkZhbHNlIiBVc2VUb0dyb3VwUmVzdWx0cz0iRmFsc2UiIC8+DQogICAgICAgICAgICA8UXVlcnlTdHJpbmdQYXJhbWV0ZXIgTmFtZT0iZ3V0IiBWYWx1ZT0idjIiIFJlY29yZGVkVmFsdWU9InYyIiBDb3JyZWxhdGlvbkJpbmRpbmc9IiIgVXJsRW5jb2RlPSJGYWxzZSIgVXNlVG9Hcm91cFJlc3VsdHM9IkZhbHNlIiAvPg0KICAgICAgICAgICAgPFF1ZXJ5U3RyaW5nUGFyYW1ldGVyIE5hbWU9ImlmaSIgVmFsdWU9IjEiIFJlY29yZGVkVmFsdWU9IjEiIENvcnJlbGF0aW9uQmluZGluZz0iIiBVcmxFbmNvZGU9IkZhbHNlIiBVc2VUb0dyb3VwUmVzdWx0cz0iRmFsc2UiIC8+DQogICAgICAgICAgICA8UXVlcnlTdHJpbmdQYXJhbWV0ZXIgTmFtZT0idV90eiIgVmFsdWU9IjEyMCIgUmVjb3JkZWRWYWx1ZT0iMTIwIiBDb3JyZWxhdGlvbkJpbmRpbmc9IiIgVXJsRW5jb2RlPSJGYWxzZSIgVXNlVG9Hcm91cFJlc3VsdHM9IkZhbHNlIiAvPg0KICAgICAgICAgICAgPFF1ZXJ5U3RyaW5nUGFyYW1ldGVyIE5hbWU9InVfaGlzIiBWYWx1ZT0iMiIgUmVjb3JkZWRWYWx1ZT0iMiIgQ29ycmVsYXRpb25CaW5kaW5nPSIiIFVybEVuY29kZT0iRmFsc2UiIFVzZVRvR3JvdXBSZXN1bHRzPSJGYWxzZSIgLz4NCiAgICAgICAgICAgIDxRdWVyeVN0cmluZ1BhcmFtZXRlciBOYW1lPSJ1X2phdmEiIFZhbHVlPSJ0cnVlIiBSZWNvcmRlZFZhbHVlPSJ0cnVlIiBDb3JyZWxhdGlvbkJpbmRpbmc9IiIgVXJsRW5jb2RlPSJGYWxzZSIgVXNlVG9Hcm91cFJlc3VsdHM9IkZhbHNlIiAvPg0KICAgICAgICAgICAgPFF1ZXJ5U3RyaW5nUGFyYW1ldGVyIE5hbWU9InVfaCIgVmFsdWU9Ijk1NSIgUmVjb3JkZWRWYWx1ZT0iOTU1IiBDb3JyZWxhdGlvbkJpbmRpbmc9IiIgVXJsRW5jb2RlPSJGYWxzZSIgVXNlVG9Hcm91cFJlc3VsdHM9IkZhbHNlIiAvPg0KICAgICAgICAgICAgPFF1ZXJ5U3RyaW5nUGFyYW1ldGVyIE5hbWU9InVfdyIgVmFsdWU9IjE1MjciIFJlY29yZGVkVmFsdWU9IjE1MjciIENvcnJlbGF0aW9uQmluZGluZz0iIiBVcmxFbmNvZGU9IkZhbHNlIiBVc2VUb0dyb3VwUmVzdWx0cz0iRmFsc2UiIC8+DQogICAgICAgICAgICA8UXVlcnlTdHJpbmdQYXJhbWV0ZXIgTmFtZT0idV9haCIgVmFsdWU9IjkxOCIgUmVjb3JkZWRWYWx1ZT0iOTE4IiBDb3JyZWxhdGlvbkJpbmRpbmc9IiIgVXJsRW5jb2RlPSJGYWxzZSIgVXNlVG9Hcm91cFJlc3VsdHM9IkZhbHNlIiAvPg0KICAgICAgICAgICAgPFF1ZXJ5U3RyaW5nUGFyYW1ldGVyIE5hbWU9InVfYXciIFZhbHVlPSIxNTI3IiBSZWNvcmRlZFZhbHVlPSIxNTI3IiBDb3JyZWxhdGlvbkJpbmRpbmc9IiIgVXJsRW5jb2RlPSJGYWxzZSIgVXNlVG9Hcm91cFJlc3VsdHM9IkZhbHNlIiAvPg0KICAgICAgICAgICAgPFF1ZXJ5U3RyaW5nUGFyYW1ldGVyIE5hbWU9InVfY2QiIFZhbHVlPSIyNCIgUmVjb3JkZWRWYWx1ZT0iMjQiIENvcnJlbGF0aW9uQmluZGluZz0iIiBVcmxFbmNvZGU9IkZhbHNlIiBVc2VUb0dyb3VwUmVzdWx0cz0iRmFsc2UiIC8+DQogICAgICAgICAgICA8UXVlcnlTdHJpbmdQYXJhbWV0ZXIgTmFtZT0idV9ucGx1ZyIgVmFsdWU9IjEiIFJlY29yZGVkVmFsdWU9IjEiIENvcnJlbGF0aW9uQmluZGluZz0iIiBVcmxFbmNvZGU9IkZhbHNlIiBVc2VUb0dyb3VwUmVzdWx0cz0iRmFsc2UiIC8+DQogICAgICAgICAgICA8UXVlcnlTdHJpbmdQYXJhbWV0ZXIgTmFtZT0idV9ubWltZSIgVmFsdWU9IjIiIFJlY29yZGVkVmFsdWU9IjIiIENvcnJlbGF0aW9uQmluZGluZz0iIiBVcmxFbmNvZGU9IkZhbHNlIiBVc2VUb0dyb3VwUmVzdWx0cz0iRmFsc2UiIC8+DQogICAgICAgICAgICA8UXVlcnlTdHJpbmdQYXJhbWV0ZXIgTmFtZT0idV9zZCIgVmFsdWU9IjEuMSIgUmVjb3JkZWRWYWx1ZT0iMS4xIiBDb3JyZWxhdGlvbkJpbmRpbmc9IiIgVXJsRW5jb2RlPSJGYWxzZSIgVXNlVG9Hcm91cFJlc3VsdHM9IkZhbHNlIiAvPg0KICAgICAgICAgICAgPFF1ZXJ5U3RyaW5nUGFyYW1ldGVyIE5hbWU9ImZsYXNoIiBWYWx1ZT0iMjkuMC4wIiBSZWNvcmRlZFZhbHVlPSIyOS4wLjAiIENvcnJlbGF0aW9uQmluZGluZz0iIiBVcmxFbmNvZGU9IkZhbHNlIiBVc2VUb0dyb3VwUmVzdWx0cz0iRmFsc2UiIC8+DQogICAgICAgICAgICA8UXVlcnlTdHJpbmdQYXJhbWV0ZXIgTmFtZT0idXJsIiBWYWx1ZT0iaHR0cHMlM0ElMkYlMkZ3d3cubWFya3RwbGFhdHMubmwlMkYiIFJlY29yZGVkVmFsdWU9Imh0dHBzJTNBJTJGJTJGd3d3Lm1hcmt0cGxhYXRzLm5sJTJGIiBDb3JyZWxhdGlvbkJpbmRpbmc9IiIgVXJsRW5jb2RlPSJGYWxzZSIgVXNlVG9Hcm91cFJlc3VsdHM9IkZhbHNlIiAvPg0KICAgICAgICAgICAgPFF1ZXJ5U3RyaW5nUGFyYW1ldGVyIE5hbWU9InJlZiIgVmFsdWU9Imh0dHBzJTNBJTJGJTJGd3d3Lm1hcmt0cGxhYXRzLm5sJTJGY29va2lld2FsbCUyRiUzRnRhcmdldCUzRGh0dHBzJTI1M0ElMjUyRiUyNTJGd3d3Lm1hcmt0cGxhYXRzLm5sJTI1MkYiIFJlY29yZGVkVmFsdWU9Imh0dHBzJTNBJTJGJTJGd3d3Lm1hcmt0cGxhYXRzLm5sJTJGY29va2lld2FsbCUyRiUzRnRhcmdldCUzRGh0dHBzJTI1M0ElMjUyRiUyNTJGd3d3Lm1hcmt0cGxhYXRzLm5sJTI1MkYiIENvcnJlbGF0aW9uQmluZGluZz0iIiBVcmxFbmNvZGU9IkZhbHNlIiBVc2VUb0dyb3VwUmVzdWx0cz0iRmFsc2UiIC8+DQogICAgICAgICAgICA8UXVlcnlTdHJpbmdQYXJhbWV0ZXIgTmFtZT0iZHNzeiIgVmFsdWU9IjM5IiBSZWNvcmRlZFZhbHVlPSIzOSIgQ29ycmVsYXRpb25CaW5kaW5nPSIiIFVybEVuY29kZT0iRmFsc2UiIFVzZVRvR3JvdXBSZXN1bHRzPSJGYWxzZSIgLz4NCiAgICAgICAgICAgIDxRdWVyeVN0cmluZ1BhcmFtZXRlciBOYW1lPSJpY3NnIiBWYWx1ZT0iMjQ5OTg0ODE5MiIgUmVjb3JkZWRWYWx1ZT0iMjQ5OTg0ODE5MiIgQ29ycmVsYXRpb25CaW5kaW5nPSIiIFVybEVuY29kZT0iRmFsc2UiIFVzZVRvR3JvdXBSZXN1bHRzPSJGYWxzZSIgLz4NCiAgICAgICAgICAgIDxRdWVyeVN0cmluZ1BhcmFtZXRlciBOYW1lPSJtc28iIFZhbHVlPSIxNjAiIFJlY29yZGVkVmFsdWU9IjE2MCIgQ29ycmVsYXRpb25CaW5kaW5nPSIiIFVybEVuY29kZT0iRmFsc2UiIFVzZVRvR3JvdXBSZXN1bHRzPSJGYWxzZSIgLz4NCiAgICAgICAgICAgIDxRdWVyeVN0cmluZ1BhcmFtZXRlciBOYW1lPSJ2aXMiIFZhbHVlPSIxIiBSZWNvcmRlZFZhbHVlPSIxIiBDb3JyZWxhdGlvbkJpbmRpbmc9IiIgVXJsRW5jb2RlPSJGYWxzZSIgVXNlVG9Hcm91cFJlc3VsdHM9IkZhbHNlIiAvPg0KICAgICAgICAgICAgPFF1ZXJ5U3RyaW5nUGFyYW1ldGVyIE5hbWU9InNjcl94IiBWYWx1ZT0iMCIgUmVjb3JkZWRWYWx1ZT0iMCIgQ29ycmVsYXRpb25CaW5kaW5nPSIiIFVybEVuY29kZT0iRmFsc2UiIFVzZVRvR3JvdXBSZXN1bHRzPSJGYWxzZSIgLz4NCiAgICAgICAgICAgIDxRdWVyeVN0cmluZ1BhcmFtZXRlciBOYW1lPSJzY3JfeSIgVmFsdWU9IjAiIFJlY29yZGVkVmFsdWU9IjAiIENvcnJlbGF0aW9uQmluZGluZz0iIiBVcmxFbmNvZGU9IkZhbHNlIiBVc2VUb0dyb3VwUmVzdWx0cz0iRmFsc2UiIC8+DQogICAgICAgICAgICA8UXVlcnlTdHJpbmdQYXJhbWV0ZXIgTmFtZT0icHN6IiBWYWx1ZT0iNzg3eDExMCU3Qzc4N3gtMSIgUmVjb3JkZWRWYWx1ZT0iNzg3eDExMCU3Qzc4N3gtMSIgQ29ycmVsYXRpb25CaW5kaW5nPSIiIFVybEVuY29kZT0iRmFsc2UiIFVzZVRvR3JvdXBSZXN1bHRzPSJGYWxzZSIgLz4NCiAgICAgICAgICAgIDxRdWVyeVN0cmluZ1BhcmFtZXRlciBOYW1lPSJnYV92aWQiIFZhbHVlPSIxNTg5NzM0MjIwLjE1Mjg4MDYzOTQiIFJlY29yZGVkVmFsdWU9IjE1ODk3MzQyMjAuMTUyODgwNjM5NCIgQ29ycmVsYXRpb25CaW5kaW5nPSIiIFVybEVuY29kZT0iRmFsc2UiIFVzZVRvR3JvdXBSZXN1bHRzPSJGYWxzZSIgLz4NCiAgICAgICAgICAgIDxRdWVyeVN0cmluZ1BhcmFtZXRlciBOYW1lPSJnYV9zaWQiIFZhbHVlPSIxNTI4ODA2NDAyIiBSZWNvcmRlZFZhbHVlPSIxNTI4ODA2NDAyIiBDb3JyZWxhdGlvbkJpbmRpbmc9IiIgVXJsRW5jb2RlPSJGYWxzZSIgVXNlVG9Hcm91cFJlc3VsdHM9IkZhbHNlIiAvPg0KICAgICAgICAgICAgPFF1ZXJ5U3RyaW5nUGFyYW1ldGVyIE5hbWU9ImdhX2hpZCIgVmFsdWU9IjQzMDM5NTA5NSIgUmVjb3JkZWRWYWx1ZT0iNDMwMzk1MDk1IiBDb3JyZWxhdGlvbkJpbmRpbmc9IiIgVXJsRW5jb2RlPSJGYWxzZSIgVXNlVG9Hcm91cFJlc3VsdHM9IkZhbHNlIiAvPg0KICAgICAgICAgIDwvUXVlcnlTdHJpbmdQYXJhbWV0ZXJzPg0KICAgICAgICA8L1JlcXVlc3Q+DQogICAgICAgIDxSZXF1ZXN0IE1ldGhvZD0iR0VUIiBHdWlkPSJiOGE1OThlMC0wMmViLTRhZTQtYWQyOS1kODg0MGVmZmJjMTciIFZlcnNpb249IjEuMSIgVXJsPSJodHRwczovL3NiLnNjb3JlY2FyZHJlc2VhcmNoLmNvbS9iIiBUaGlua1RpbWU9IjAiIFRpbWVvdXQ9IjMwMCIgUGFyc2VEZXBlbmRlbnRSZXF1ZXN0cz0iVHJ1ZSIgRm9sbG93UmVkaXJlY3RzPSJUcnVlIiBSZWNvcmRSZXN1bHQ9IlRydWUiIENhY2hlPSJGYWxzZSIgUmVzcG9uc2VUaW1lR29hbD0iMCIgRW5jb2Rpbmc9InV0Zi04IiBFeHBlY3RlZEh0dHBTdGF0dXNDb2RlPSIwIiBFeHBlY3RlZFJlc3BvbnNlVXJsPSJodHRwczovL3NiLnNjb3JlY2FyZHJlc2VhcmNoLmNvbS9iMj9jMT0yJmFtcDtjMj03NjAyODA1JmFtcDtuc19zaXRlPXRvdGFsJmFtcDtuYl8wMT1NYXJrdHBsYWF0cyZhbXA7bmJfMDI9TWFya3RwbGFhdHMmYW1wO25iXzExPXdlYiZhbXA7bmJfMTI9bWFya3RwbGFhdHMubmwmYW1wO25iXzI0PU4mYW1wO25iXzI1PU1hcmt0cGxhYXRzJmFtcDtuYl8yNz1ob21lcGFnZSZhbXA7bmJfMjg9aG9tZSZhbXA7bmJfMjk9Z2VuZXJhbCZhbXA7bnNfX3Q9MTUyODgwNjQwMjI2NCZhbXA7bnNfYz11dGYtOCZhbXA7Yzg9JUUyJTg5JUE1JTIwTWFya3RwbGFhdHMlMjAtJTIwRGUlMjBwbGVrJTIwb20lMjBuaWV1d2UlMjBlbiUyMHR3ZWVkZWhhbmRzJTIwc3B1bGxlbiUyMHRlJTIwa29wZW4lMjBlbiUyMHZlcmtvcGVuJmFtcDtjNz1odHRwcyUzQSUyRiUyRnd3dy5tYXJrdHBsYWF0cy5ubCUyRiZhbXA7Yzk9aHR0cHMlM0ElMkYlMkZ3d3cubWFya3RwbGFhdHMubmwlMkZjb29raWV3YWxsJTJGJTNGdGFyZ2V0JTNEaHR0cHMlMjUzQSUyNTJGJTI1MkZ3d3cubWFya3RwbGFhdHMubmwlMjUyRiIgUmVwb3J0aW5nTmFtZT0iIiBJZ25vcmVIdHRwU3RhdHVzQ29kZT0iRmFsc2UiPg0KICAgICAgICAgIDxIZWFkZXJzPg0KICAgICAgICAgICAgPEhlYWRlciBOYW1lPSJSZWZlcmVyIiBWYWx1ZT0iaHR0cHM6Ly93d3cubWFya3RwbGFhdHMubmwvIiAvPg0KICAgICAgICAgIDwvSGVhZGVycz4NCiAgICAgICAgICA8UXVlcnlTdHJpbmdQYXJhbWV0ZXJzPg0KICAgICAgICAgICAgPFF1ZXJ5U3RyaW5nUGFyYW1ldGVyIE5hbWU9ImMxIiBWYWx1ZT0iMiIgUmVjb3JkZWRWYWx1ZT0iMiIgQ29ycmVsYXRpb25CaW5kaW5nPSJ7e1F1ZXJ5U3RyaW5nUGFyYW0yOTMxLmMxfX0iIFVybEVuY29kZT0iRmFsc2UiIFVzZVRvR3JvdXBSZXN1bHRzPSJGYWxzZSIgLz4NCiAgICAgICAgICAgIDxRdWVyeVN0cmluZ1BhcmFtZXRlciBOYW1lPSJjMiIgVmFsdWU9Ijc2MDI4MDUiIFJlY29yZGVkVmFsdWU9Ijc2MDI4MDUiIENvcnJlbGF0aW9uQmluZGluZz0ie3tRdWVyeVN0cmluZ1BhcmFtMjkzMi5jMn19IiBVcmxFbmNvZGU9IkZhbHNlIiBVc2VUb0dyb3VwUmVzdWx0cz0iRmFsc2UiIC8+DQogICAgICAgICAgICA8UXVlcnlTdHJpbmdQYXJhbWV0ZXIgTmFtZT0ibnNfc2l0ZSIgVmFsdWU9InRvdGFsIiBSZWNvcmRlZFZhbHVlPSJ0b3RhbCIgQ29ycmVsYXRpb25CaW5kaW5nPSIiIFVybEVuY29kZT0iRmFsc2UiIFVzZVRvR3JvdXBSZXN1bHRzPSJGYWxzZSIgLz4NCiAgICAgICAgICAgIDxRdWVyeVN0cmluZ1BhcmFtZXRlciBOYW1lPSJuYl8wMSIgVmFsdWU9Ik1hcmt0cGxhYXRzIiBSZWNvcmRlZFZhbHVlPSJNYXJrdHBsYWF0cyIgQ29ycmVsYXRpb25CaW5kaW5nPSIiIFVybEVuY29kZT0iRmFsc2UiIFVzZVRvR3JvdXBSZXN1bHRzPSJGYWxzZSIgLz4NCiAgICAgICAgICAgIDxRdWVyeVN0cmluZ1BhcmFtZXRlciBOYW1lPSJuYl8wMiIgVmFsdWU9Ik1hcmt0cGxhYXRzIiBSZWNvcmRlZFZhbHVlPSJNYXJrdHBsYWF0cyIgQ29ycmVsYXRpb25CaW5kaW5nPSIiIFVybEVuY29kZT0iRmFsc2UiIFVzZVRvR3JvdXBSZXN1bHRzPSJGYWxzZSIgLz4NCiAgICAgICAgICAgIDxRdWVyeVN0cmluZ1BhcmFtZXRlciBOYW1lPSJuYl8xMSIgVmFsdWU9IndlYiIgUmVjb3JkZWRWYWx1ZT0id2ViIiBDb3JyZWxhdGlvbkJpbmRpbmc9IiIgVXJsRW5jb2RlPSJGYWxzZSIgVXNlVG9Hcm91cFJlc3VsdHM9IkZhbHNlIiAvPg0KICAgICAgICAgICAgPFF1ZXJ5U3RyaW5nUGFyYW1ldGVyIE5hbWU9Im5iXzEyIiBWYWx1ZT0ibWFya3RwbGFhdHMubmwiIFJlY29yZGVkVmFsdWU9Im1hcmt0cGxhYXRzLm5sIiBDb3JyZWxhdGlvbkJpbmRpbmc9IiIgVXJsRW5jb2RlPSJGYWxzZSIgVXNlVG9Hcm91cFJlc3VsdHM9IkZhbHNlIiAvPg0KICAgICAgICAgICAgPFF1ZXJ5U3RyaW5nUGFyYW1ldGVyIE5hbWU9Im5iXzI0IiBWYWx1ZT0iTiIgUmVjb3JkZWRWYWx1ZT0iTiIgQ29ycmVsYXRpb25CaW5kaW5nPSIiIFVybEVuY29kZT0iRmFsc2UiIFVzZVRvR3JvdXBSZXN1bHRzPSJGYWxzZSIgLz4NCiAgICAgICAgICAgIDxRdWVyeVN0cmluZ1BhcmFtZXRlciBOYW1lPSJuYl8yNSIgVmFsdWU9Ik1hcmt0cGxhYXRzIiBSZWNvcmRlZFZhbHVlPSJNYXJrdHBsYWF0cyIgQ29ycmVsYXRpb25CaW5kaW5nPSIiIFVybEVuY29kZT0iRmFsc2UiIFVzZVRvR3JvdXBSZXN1bHRzPSJGYWxzZSIgLz4NCiAgICAgICAgICAgIDxRdWVyeVN0cmluZ1BhcmFtZXRlciBOYW1lPSJuYl8yNyIgVmFsdWU9ImhvbWVwYWdlIiBSZWNvcmRlZFZhbHVlPSJob21lcGFnZSIgQ29ycmVsYXRpb25CaW5kaW5nPSIiIFVybEVuY29kZT0iRmFsc2UiIFVzZVRvR3JvdXBSZXN1bHRzPSJGYWxzZSIgLz4NCiAgICAgICAgICAgIDxRdWVyeVN0cmluZ1BhcmFtZXRlciBOYW1lPSJuYl8yOCIgVmFsdWU9ImhvbWUiIFJlY29yZGVkVmFsdWU9ImhvbWUiIENvcnJlbGF0aW9uQmluZGluZz0iIiBVcmxFbmNvZGU9IkZhbHNlIiBVc2VUb0dyb3VwUmVzdWx0cz0iRmFsc2UiIC8+DQogICAgICAgICAgICA8UXVlcnlTdHJpbmdQYXJhbWV0ZXIgTmFtZT0ibmJfMjkiIFZhbHVlPSJnZW5lcmFsIiBSZWNvcmRlZFZhbHVlPSJnZW5lcmFsIiBDb3JyZWxhdGlvbkJpbmRpbmc9IiIgVXJsRW5jb2RlPSJGYWxzZSIgVXNlVG9Hcm91cFJlc3VsdHM9IkZhbHNlIiAvPg0KICAgICAgICAgICAgPFF1ZXJ5U3RyaW5nUGFyYW1ldGVyIE5hbWU9Im5zX190IiBWYWx1ZT0iMTUyODgwNjQwMjI2NCIgUmVjb3JkZWRWYWx1ZT0iMTUyODgwNjQwMjI2NCIgQ29ycmVsYXRpb25CaW5kaW5nPSIiIFVybEVuY29kZT0iRmFsc2UiIFVzZVRvR3JvdXBSZXN1bHRzPSJGYWxzZSIgLz4NCiAgICAgICAgICAgIDxRdWVyeVN0cmluZ1BhcmFtZXRlciBOYW1lPSJuc19jIiBWYWx1ZT0idXRmLTgiIFJlY29yZGVkVmFsdWU9InV0Zi04IiBDb3JyZWxhdGlvbkJpbmRpbmc9IiIgVXJsRW5jb2RlPSJGYWxzZSIgVXNlVG9Hcm91cFJlc3VsdHM9IkZhbHNlIiAvPg0KICAgICAgICAgICAgPFF1ZXJ5U3RyaW5nUGFyYW1ldGVyIE5hbWU9ImM4IiBWYWx1ZT0iJUUyJTg5JUE1JTIwTWFya3RwbGFhdHMlMjAtJTIwRGUlMjBwbGVrJTIwb20lMjBuaWV1d2UlMjBlbiUyMHR3ZWVkZWhhbmRzJTIwc3B1bGxlbiUyMHRlJTIwa29wZW4lMjBlbiUyMHZlcmtvcGVuIiBSZWNvcmRlZFZhbHVlPSIlRTIlODklQTUlMjBNYXJrdHBsYWF0cyUyMC0lMjBEZSUyMHBsZWslMjBvbSUyMG5pZXV3ZSUyMGVuJTIwdHdlZWRlaGFuZHMlMjBzcHVsbGVuJTIwdGUlMjBrb3BlbiUyMGVuJTIwdmVya29wZW4iIENvcnJlbGF0aW9uQmluZGluZz0iIiBVcmxFbmNvZGU9IkZhbHNlIiBVc2VUb0dyb3VwUmVzdWx0cz0iRmFsc2UiIC8+DQogICAgICAgICAgICA8UXVlcnlTdHJpbmdQYXJhbWV0ZXIgTmFtZT0iYzciIFZhbHVlPSJodHRwcyUzQSUyRiUyRnd3dy5tYXJrdHBsYWF0cy5ubCUyRiIgUmVjb3JkZWRWYWx1ZT0iaHR0cHMlM0ElMkYlMkZ3d3cubWFya3RwbGFhdHMubmwlMkYiIENvcnJlbGF0aW9uQmluZGluZz0iIiBVcmxFbmNvZGU9IkZhbHNlIiBVc2VUb0dyb3VwUmVzdWx0cz0iRmFsc2UiIC8+DQogICAgICAgICAgICA8UXVlcnlTdHJpbmdQYXJhbWV0ZXIgTmFtZT0iYzkiIFZhbHVlPSJodHRwcyUzQSUyRiUyRnd3dy5tYXJrdHBsYWF0cy5ubCUyRmNvb2tpZXdhbGwlMkYlM0Z0YXJnZXQlM0RodHRwcyUyNTNBJTI1MkYlMjUyRnd3dy5tYXJrdHBsYWF0cy5ubCUyNTJGIiBSZWNvcmRlZFZhbHVlPSJodHRwcyUzQSUyRiUyRnd3dy5tYXJrdHBsYWF0cy5ubCUyRmNvb2tpZXdhbGwlMkYlM0Z0YXJnZXQlM0RodHRwcyUyNTNBJTI1MkYlMjUyRnd3dy5tYXJrdHBsYWF0cy5ubCUyNTJGIiBDb3JyZWxhdGlvbkJpbmRpbmc9IiIgVXJsRW5jb2RlPSJGYWxzZSIgVXNlVG9Hcm91cFJlc3VsdHM9IkZhbHNlIiAvPg0KICAgICAgICAgIDwvUXVlcnlTdHJpbmdQYXJhbWV0ZXJzPg0KICAgICAgICA8L1JlcXVlc3Q+DQogICAgICAgIDxSZXF1ZXN0IE1ldGhvZD0iR0VUIiBHdWlkPSI5ODI1MTY4Mi1jMzgzLTRkYmUtODkyMC1iMDVmZDEzNjU2NGYiIFZlcnNpb249IjEuMSIgVXJsPSJodHRwczovL3d3dy5tYXJrdHBsYWF0cy5ubC9kaXNjb3ZlcnkvZmVlZC9mOC5qc29uIiBUaGlua1RpbWU9IjAiIFRpbWVvdXQ9IjMwMCIgUGFyc2VEZXBlbmRlbnRSZXF1ZXN0cz0iVHJ1ZSIgRm9sbG93UmVkaXJlY3RzPSJUcnVlIiBSZWNvcmRSZXN1bHQ9IlRydWUiIENhY2hlPSJGYWxzZSIgUmVzcG9uc2VUaW1lR29hbD0iMCIgRW5jb2Rpbmc9InV0Zi04IiBFeHBlY3RlZEh0dHBTdGF0dXNDb2RlPSIwIiBFeHBlY3RlZFJlc3BvbnNlVXJsPSIiIFJlcG9ydGluZ05hbWU9IiIgSWdub3JlSHR0cFN0YXR1c0NvZGU9IkZhbHNlIj4NCiAgICAgICAgICA8SGVhZGVycz4NCiAgICAgICAgICAgIDxIZWFkZXIgTmFtZT0iQWNjZXB0IiBWYWx1ZT0iYXBwbGljYXRpb24vanNvbiwgdGV4dC9qYXZhc2NyaXB0LCAqLyo7IHE9MC4wMSIgLz4NCiAgICAgICAgICAgIDxIZWFkZXIgTmFtZT0iWC1SZXF1ZXN0ZWQtV2l0aCIgVmFsdWU9IlhNTEh0dHBSZXF1ZXN0IiAvPg0KICAgICAgICAgICAgPEhlYWRlciBOYW1lPSJSZWZlcmVyIiBWYWx1ZT0iaHR0cHM6Ly93d3cubWFya3RwbGFhdHMubmwvIiAvPg0KICAgICAgICAgIDwvSGVhZGVycz4NCiAgICAgICAgICA8UXVlcnlTdHJpbmdQYXJhbWV0ZXJzPg0KICAgICAgICAgICAgPFF1ZXJ5U3RyaW5nUGFyYW1ldGVyIE5hbWU9InNpemUiIFZhbHVlPSI0MCIgUmVjb3JkZWRWYWx1ZT0iNDAiIENvcnJlbGF0aW9uQmluZGluZz0iIiBVcmxFbmNvZGU9IkZhbHNlIiBVc2VUb0dyb3VwUmVzdWx0cz0iRmFsc2UiIC8+DQogICAgICAgICAgICA8UXVlcnlTdHJpbmdQYXJhbWV0ZXIgTmFtZT0ib2Zmc2V0IiBWYWx1ZT0iMCIgUmVjb3JkZWRWYWx1ZT0iMCIgQ29ycmVsYXRpb25CaW5kaW5nPSIiIFVybEVuY29kZT0iRmFsc2UiIFVzZVRvR3JvdXBSZXN1bHRzPSJGYWxzZSIgLz4NCiAgICAgICAgICAgIDxRdWVyeVN0cmluZ1BhcmFtZXRlciBOYW1lPSJoYXNoZWRQYWdlTG9jYXRpb24iIFZhbHVlPSIxZDI0NmMzMDgxOTBjMzc0NDcyNzBlMjQxMjBiMjU1MCIgUmVjb3JkZWRWYWx1ZT0iMWQyNDZjMzA4MTkwYzM3NDQ3MjcwZTI0MTIwYjI1NTAiIENvcnJlbGF0aW9uQmluZGluZz0iIiBVcmxFbmNvZGU9IkZhbHNlIiBVc2VUb0dyb3VwUmVzdWx0cz0iRmFsc2UiIC8+DQogICAgICAgICAgPC9RdWVyeVN0cmluZ1BhcmFtZXRlcnM+DQogICAgICAgIDwvUmVxdWVzdD4NCiAgICAgICAgPFJlcXVlc3QgTWV0aG9kPSJHRVQiIEd1aWQ9IjBmOGM0NmM3LTUwOTYtNGMzMi05NGIyLTFiODEzZjA3YzU2ZCIgVmVyc2lvbj0iMS4xIiBVcmw9Imh0dHBzOi8vYWFuYmllZGluZy5tYXJrdHBsYWF0cy5ubC9hcGkvdjEvZGVhbHMvd2lkZ2V0IiBUaGlua1RpbWU9IjAiIFRpbWVvdXQ9IjMwMCIgUGFyc2VEZXBlbmRlbnRSZXF1ZXN0cz0iVHJ1ZSIgRm9sbG93UmVkaXJlY3RzPSJUcnVlIiBSZWNvcmRSZXN1bHQ9IlRydWUiIENhY2hlPSJGYWxzZSIgUmVzcG9uc2VUaW1lR29hbD0iMCIgRW5jb2Rpbmc9InV0Zi04IiBFeHBlY3RlZEh0dHBTdGF0dXNDb2RlPSIwIiBFeHBlY3RlZFJlc3BvbnNlVXJsPSIiIFJlcG9ydGluZ05hbWU9IiIgSWdub3JlSHR0cFN0YXR1c0NvZGU9IkZhbHNlIj4NCiAgICAgICAgICA8SGVhZGVycz4NCiAgICAgICAgICAgIDxIZWFkZXIgTmFtZT0iQWNjZXB0IiBWYWx1ZT0iYXBwbGljYXRpb24vanNvbiwgdGV4dC9qYXZhc2NyaXB0LCAqLyo7IHE9MC4wMSIgLz4NCiAgICAgICAgICAgIDxIZWFkZXIgTmFtZT0iUmVmZXJlciIgVmFsdWU9Imh0dHBzOi8vd3d3Lm1hcmt0cGxhYXRzLm5sLyIgLz4NCiAgICAgICAgICA8L0hlYWRlcnM+DQogICAgICAgICAgPFF1ZXJ5U3RyaW5nUGFyYW1ldGVycz4NCiAgICAgICAgICAgIDxRdWVyeVN0cmluZ1BhcmFtZXRlciBOYW1lPSJ0eXBlIiBWYWx1ZT0iYmF5ZXNpYW4iIFJlY29yZGVkVmFsdWU9ImJheWVzaWFuIiBDb3JyZWxhdGlvbkJpbmRpbmc9IiIgVXJsRW5jb2RlPSJGYWxzZSIgVXNlVG9Hcm91cFJlc3VsdHM9IkZhbHNlIiAvPg0KICAgICAgICAgIDwvUXVlcnlTdHJpbmdQYXJhbWV0ZXJzPg0KICAgICAgICA8L1JlcXVlc3Q+DQogICAgICAgIDxSZXF1ZXN0IE1ldGhvZD0iR0VUIiBHdWlkPSI2MmUyMDZjYS0yMDNjLTQ3MTAtYWQyOS02MjJkZjAwMzRhNTYiIFZlcnNpb249IjEuMSIgVXJsPSJodHRwczovL2RwbS5kZW1kZXgubmV0L2lkIiBUaGlua1RpbWU9IjAiIFRpbWVvdXQ9IjMwMCIgUGFyc2VEZXBlbmRlbnRSZXF1ZXN0cz0iVHJ1ZSIgRm9sbG93UmVkaXJlY3RzPSJUcnVlIiBSZWNvcmRSZXN1bHQ9IlRydWUiIENhY2hlPSJGYWxzZSIgUmVzcG9uc2VUaW1lR29hbD0iMCIgRW5jb2Rpbmc9InV0Zi04IiBFeHBlY3RlZEh0dHBTdGF0dXNDb2RlPSIwIiBFeHBlY3RlZFJlc3BvbnNlVXJsPSIiIFJlcG9ydGluZ05hbWU9IiIgSWdub3JlSHR0cFN0YXR1c0NvZGU9IkZhbHNlIj4NCiAgICAgICAgICA8SGVhZGVycz4NCiAgICAgICAgICAgIDxIZWFkZXIgTmFtZT0iQ29udGVudC1UeXBlIiBWYWx1ZT0iYXBwbGljYXRpb24veC13d3ctZm9ybS11cmxlbmNvZGVkIiAvPg0KICAgICAgICAgICAgPEhlYWRlciBOYW1lPSJSZWZlcmVyIiBWYWx1ZT0iaHR0cHM6Ly93d3cubWFya3RwbGFhdHMubmwvIiAvPg0KICAgICAgICAgIDwvSGVhZGVycz4NCiAgICAgICAgICA8UXVlcnlTdHJpbmdQYXJhbWV0ZXJzPg0KICAgICAgICAgICAgPFF1ZXJ5U3RyaW5nUGFyYW1ldGVyIE5hbWU9ImRfdmlzaWRfdmVyIiBWYWx1ZT0iMi41LjAiIFJlY29yZGVkVmFsdWU9IjIuNS4wIiBDb3JyZWxhdGlvbkJpbmRpbmc9IiIgVXJsRW5jb2RlPSJGYWxzZSIgVXNlVG9Hcm91cFJlc3VsdHM9IkZhbHNlIiAvPg0KICAgICAgICAgICAgPFF1ZXJ5U3RyaW5nUGFyYW1ldGVyIE5hbWU9ImRfZmllbGRncm91cCIgVmFsdWU9Ik1DIiBSZWNvcmRlZFZhbHVlPSJNQyIgQ29ycmVsYXRpb25CaW5kaW5nPSIiIFVybEVuY29kZT0iRmFsc2UiIFVzZVRvR3JvdXBSZXN1bHRzPSJGYWxzZSIgLz4NCiAgICAgICAgICAgIDxRdWVyeVN0cmluZ1BhcmFtZXRlciBOYW1lPSJkX3J0YmQiIFZhbHVlPSJqc29uIiBSZWNvcmRlZFZhbHVlPSJqc29uIiBDb3JyZWxhdGlvbkJpbmRpbmc9IiIgVXJsRW5jb2RlPSJGYWxzZSIgVXNlVG9Hcm91cFJlc3VsdHM9IkZhbHNlIiAvPg0KICAgICAgICAgICAgPFF1ZXJ5U3RyaW5nUGFyYW1ldGVyIE5hbWU9ImRfdmVyIiBWYWx1ZT0iMiIgUmVjb3JkZWRWYWx1ZT0iMiIgQ29ycmVsYXRpb25CaW5kaW5nPSIiIFVybEVuY29kZT0iRmFsc2UiIFVzZVRvR3JvdXBSZXN1bHRzPSJGYWxzZSIgLz4NCiAgICAgICAgICAgIDxRdWVyeVN0cmluZ1BhcmFtZXRlciBOYW1lPSJkX29yZ2lkIiBWYWx1ZT0iQUNDMTdCMUU1OThDNzMzQzBBNDk1REEwJTQwQWRvYmVPcmciIFJlY29yZGVkVmFsdWU9IkFDQzE3QjFFNTk4QzczM0MwQTQ5NURBMCU0MEFkb2JlT3JnIiBDb3JyZWxhdGlvbkJpbmRpbmc9IiIgVXJsRW5jb2RlPSJGYWxzZSIgVXNlVG9Hcm91cFJlc3VsdHM9IkZhbHNlIiAvPg0KICAgICAgICAgICAgPFF1ZXJ5U3RyaW5nUGFyYW1ldGVyIE5hbWU9ImRfbnNpZCIgVmFsdWU9IjAiIFJlY29yZGVkVmFsdWU9IjAiIENvcnJlbGF0aW9uQmluZGluZz0iIiBVcmxFbmNvZGU9IkZhbHNlIiBVc2VUb0dyb3VwUmVzdWx0cz0iRmFsc2UiIC8+DQogICAgICAgICAgICA8UXVlcnlTdHJpbmdQYXJhbWV0ZXIgTmFtZT0idHMiIFZhbHVlPSIxNTI4ODA2NDAyNjU2IiBSZWNvcmRlZFZhbHVlPSIxNTI4ODA2NDAyNjU2IiBDb3JyZWxhdGlvbkJpbmRpbmc9IiIgVXJsRW5jb2RlPSJGYWxzZSIgVXNlVG9Hcm91cFJlc3VsdHM9IkZhbHNlIiAvPg0KICAgICAgICAgIDwvUXVlcnlTdHJpbmdQYXJhbWV0ZXJzPg0KICAgICAgICAgIDxGb3JtUG9zdEh0dHBCb2R5IC8+DQogICAgICAgIDwvUmVxdWVzdD4NCiAgICAgICAgPFJlcXVlc3QgTWV0aG9kPSJHRVQiIEd1aWQ9ImY5M2RhNzFmLTRiMTctNDc0YS04NzM0LWY2MDlkNGVlNzFhNyIgVmVyc2lvbj0iMS4xIiBVcmw9Imh0dHBzOi8vY29ubmVjdC5mYWNlYm9vay5uZXQvc2lnbmFscy9jb25maWcvNDEzOTI0NDQ1NDc1MzAzIiBUaGlua1RpbWU9IjAiIFRpbWVvdXQ9IjMwMCIgUGFyc2VEZXBlbmRlbnRSZXF1ZXN0cz0iVHJ1ZSIgRm9sbG93UmVkaXJlY3RzPSJUcnVlIiBSZWNvcmRSZXN1bHQ9IlRydWUiIENhY2hlPSJGYWxzZSIgUmVzcG9uc2VUaW1lR29hbD0iMCIgRW5jb2Rpbmc9InV0Zi04IiBFeHBlY3RlZEh0dHBTdGF0dXNDb2RlPSIwIiBFeHBlY3RlZFJlc3BvbnNlVXJsPSIiIFJlcG9ydGluZ05hbWU9IiIgSWdub3JlSHR0cFN0YXR1c0NvZGU9IkZhbHNlIj4NCiAgICAgICAgICA8SGVhZGVycz4NCiAgICAgICAgICAgIDxIZWFkZXIgTmFtZT0iUmVmZXJlciIgVmFsdWU9Imh0dHBzOi8vd3d3Lm1hcmt0cGxhYXRzLm5sLyIgLz4NCiAgICAgICAgICA8L0hlYWRlcnM+DQogICAgICAgICAgPFF1ZXJ5U3RyaW5nUGFyYW1ldGVycz4NCiAgICAgICAgICAgIDxRdWVyeVN0cmluZ1BhcmFtZXRlciBOYW1lPSJ2IiBWYWx1ZT0iMi44LjE2IiBSZWNvcmRlZFZhbHVlPSIyLjguMTYiIENvcnJlbGF0aW9uQmluZGluZz0iIiBVcmxFbmNvZGU9IkZhbHNlIiBVc2VUb0dyb3VwUmVzdWx0cz0iRmFsc2UiIC8+DQogICAgICAgICAgICA8UXVlcnlTdHJpbmdQYXJhbWV0ZXIgTmFtZT0iciIgVmFsdWU9InN0YWJsZSIgUmVjb3JkZWRWYWx1ZT0ic3RhYmxlIiBDb3JyZWxhdGlvbkJpbmRpbmc9IiIgVXJsRW5jb2RlPSJGYWxzZSIgVXNlVG9Hcm91cFJlc3VsdHM9IkZhbHNlIiAvPg0KICAgICAgICAgIDwvUXVlcnlTdHJpbmdQYXJhbWV0ZXJzPg0KICAgICAgICA8L1JlcXVlc3Q+DQogICAgICAgIDxSZXF1ZXN0IE1ldGhvZD0iR0VUIiBHdWlkPSI4YTJjNzg5Mi1jYjNhLTQzMWEtYmMyMS02ZWRhOGUzNDgxMzUiIFZlcnNpb249IjEuMSIgVXJsPSJodHRwczovL2dvb2dsZWFkcy5nLmRvdWJsZWNsaWNrLm5ldC9wYWdlYWQvdmlld3Rocm91Z2hjb252ZXJzaW9uLzk1NzY2OTkzNi8iIFRoaW5rVGltZT0iMCIgVGltZW91dD0iMzAwIiBQYXJzZURlcGVuZGVudFJlcXVlc3RzPSJUcnVlIiBGb2xsb3dSZWRpcmVjdHM9IlRydWUiIFJlY29yZFJlc3VsdD0iVHJ1ZSIgQ2FjaGU9IkZhbHNlIiBSZXNwb25zZVRpbWVHb2FsPSIwIiBFbmNvZGluZz0idXRmLTgiIEV4cGVjdGVkSHR0cFN0YXR1c0NvZGU9IjAiIEV4cGVjdGVkUmVzcG9uc2VVcmw9IiIgUmVwb3J0aW5nTmFtZT0iIiBJZ25vcmVIdHRwU3RhdHVzQ29kZT0iRmFsc2UiPg0KICAgICAgICAgIDxIZWFkZXJzPg0KICAgICAgICAgICAgPEhlYWRlciBOYW1lPSJSZWZlcmVyIiBWYWx1ZT0iaHR0cHM6Ly93d3cubWFya3RwbGFhdHMubmwvIiAvPg0KICAgICAgICAgIDwvSGVhZGVycz4NCiAgICAgICAgICA8UXVlcnlTdHJpbmdQYXJhbWV0ZXJzPg0KICAgICAgICAgICAgPFF1ZXJ5U3RyaW5nUGFyYW1ldGVyIE5hbWU9InJhbmRvbSIgVmFsdWU9IjE1Mjg4MDY0MDI3MjQiIFJlY29yZGVkVmFsdWU9IjE1Mjg4MDY0MDI3MjQiIENvcnJlbGF0aW9uQmluZGluZz0iIiBVcmxFbmNvZGU9IkZhbHNlIiBVc2VUb0dyb3VwUmVzdWx0cz0iRmFsc2UiIC8+DQogICAgICAgICAgICA8UXVlcnlTdHJpbmdQYXJhbWV0ZXIgTmFtZT0iY3YiIFZhbHVlPSI5IiBSZWNvcmRlZFZhbHVlPSI5IiBDb3JyZWxhdGlvbkJpbmRpbmc9IiIgVXJsRW5jb2RlPSJGYWxzZSIgVXNlVG9Hcm91cFJlc3VsdHM9IkZhbHNlIiAvPg0KICAgICAgICAgICAgPFF1ZXJ5U3RyaW5nUGFyYW1ldGVyIE5hbWU9ImZzdCIgVmFsdWU9IjE1Mjg4MDY0MDI3MjQiIFJlY29yZGVkVmFsdWU9IjE1Mjg4MDY0MDI3MjQiIENvcnJlbGF0aW9uQmluZGluZz0iIiBVcmxFbmNvZGU9IkZhbHNlIiBVc2VUb0dyb3VwUmVzdWx0cz0iRmFsc2UiIC8+DQogICAgICAgICAgICA8UXVlcnlTdHJpbmdQYXJhbWV0ZXIgTmFtZT0ibnVtIiBWYWx1ZT0iMSIgUmVjb3JkZWRWYWx1ZT0iMSIgQ29ycmVsYXRpb25CaW5kaW5nPSIiIFVybEVuY29kZT0iRmFsc2UiIFVzZVRvR3JvdXBSZXN1bHRzPSJGYWxzZSIgLz4NCiAgICAgICAgICAgIDxRdWVyeVN0cmluZ1BhcmFtZXRlciBOYW1lPSJndWlkIiBWYWx1ZT0iT04iIFJlY29yZGVkVmFsdWU9Ik9OIiBDb3JyZWxhdGlvbkJpbmRpbmc9IiIgVXJsRW5jb2RlPSJGYWxzZSIgVXNlVG9Hcm91cFJlc3VsdHM9IkZhbHNlIiAvPg0KICAgICAgICAgICAgPFF1ZXJ5U3RyaW5nUGFyYW1ldGVyIE5hbWU9InJlc3AiIFZhbHVlPSJHb29nbGVtS1R5YlFoQ3NPIiBSZWNvcmRlZFZhbHVlPSJHb29nbGVtS1R5YlFoQ3NPIiBDb3JyZWxhdGlvbkJpbmRpbmc9IiIgVXJsRW5jb2RlPSJGYWxzZSIgVXNlVG9Hcm91cFJlc3VsdHM9IkZhbHNlIiAvPg0KICAgICAgICAgICAgPFF1ZXJ5U3RyaW5nUGFyYW1ldGVyIE5hbWU9InVfaCIgVmFsdWU9Ijk1NSIgUmVjb3JkZWRWYWx1ZT0iOTU1IiBDb3JyZWxhdGlvbkJpbmRpbmc9IiIgVXJsRW5jb2RlPSJGYWxzZSIgVXNlVG9Hcm91cFJlc3VsdHM9IkZhbHNlIiAvPg0KICAgICAgICAgICAgPFF1ZXJ5U3RyaW5nUGFyYW1ldGVyIE5hbWU9InVfdyIgVmFsdWU9IjE1MjciIFJlY29yZGVkVmFsdWU9IjE1MjciIENvcnJlbGF0aW9uQmluZGluZz0iIiBVcmxFbmNvZGU9IkZhbHNlIiBVc2VUb0dyb3VwUmVzdWx0cz0iRmFsc2UiIC8+DQogICAgICAgICAgICA8UXVlcnlTdHJpbmdQYXJhbWV0ZXIgTmFtZT0idV9haCIgVmFsdWU9IjkxOCIgUmVjb3JkZWRWYWx1ZT0iOTE4IiBDb3JyZWxhdGlvbkJpbmRpbmc9IiIgVXJsRW5jb2RlPSJGYWxzZSIgVXNlVG9Hcm91cFJlc3VsdHM9IkZhbHNlIiAvPg0KICAgICAgICAgICAgPFF1ZXJ5U3RyaW5nUGFyYW1ldGVyIE5hbWU9InVfYXciIFZhbHVlPSIxNTI3IiBSZWNvcmRlZFZhbHVlPSIxNTI3IiBDb3JyZWxhdGlvbkJpbmRpbmc9IiIgVXJsRW5jb2RlPSJGYWxzZSIgVXNlVG9Hcm91cFJlc3VsdHM9IkZhbHNlIiAvPg0KICAgICAgICAgICAgPFF1ZXJ5U3RyaW5nUGFyYW1ldGVyIE5hbWU9InVfY2QiIFZhbHVlPSIyNCIgUmVjb3JkZWRWYWx1ZT0iMjQiIENvcnJlbGF0aW9uQmluZGluZz0iIiBVcmxFbmNvZGU9IkZhbHNlIiBVc2VUb0dyb3VwUmVzdWx0cz0iRmFsc2UiIC8+DQogICAgICAgICAgICA8UXVlcnlTdHJpbmdQYXJhbWV0ZXIgTmFtZT0idV9oaXMiIFZhbHVlPSIyIiBSZWNvcmRlZFZhbHVlPSIyIiBDb3JyZWxhdGlvbkJpbmRpbmc9IiIgVXJsRW5jb2RlPSJGYWxzZSIgVXNlVG9Hcm91cFJlc3VsdHM9IkZhbHNlIiAvPg0KICAgICAgICAgICAgPFF1ZXJ5U3RyaW5nUGFyYW1ldGVyIE5hbWU9InVfdHoiIFZhbHVlPSIxMjAiIFJlY29yZGVkVmFsdWU9IjEyMCIgQ29ycmVsYXRpb25CaW5kaW5nPSIiIFVybEVuY29kZT0iRmFsc2UiIFVzZVRvR3JvdXBSZXN1bHRzPSJGYWxzZSIgLz4NCiAgICAgICAgICAgIDxRdWVyeVN0cmluZ1BhcmFtZXRlciBOYW1lPSJ1X2phdmEiIFZhbHVlPSJ0cnVlIiBSZWNvcmRlZFZhbHVlPSJ0cnVlIiBDb3JyZWxhdGlvbkJpbmRpbmc9IiIgVXJsRW5jb2RlPSJGYWxzZSIgVXNlVG9Hcm91cFJlc3VsdHM9IkZhbHNlIiAvPg0KICAgICAgICAgICAgPFF1ZXJ5U3RyaW5nUGFyYW1ldGVyIE5hbWU9InVfbnBsdWciIFZhbHVlPSIxIiBSZWNvcmRlZFZhbHVlPSIxIiBDb3JyZWxhdGlvbkJpbmRpbmc9IiIgVXJsRW5jb2RlPSJGYWxzZSIgVXNlVG9Hcm91cFJlc3VsdHM9IkZhbHNlIiAvPg0KICAgICAgICAgICAgPFF1ZXJ5U3RyaW5nUGFyYW1ldGVyIE5hbWU9InVfbm1pbWUiIFZhbHVlPSIyIiBSZWNvcmRlZFZhbHVlPSIyIiBDb3JyZWxhdGlvbkJpbmRpbmc9IiIgVXJsRW5jb2RlPSJGYWxzZSIgVXNlVG9Hcm91cFJlc3VsdHM9IkZhbHNlIiAvPg0KICAgICAgICAgICAgPFF1ZXJ5U3RyaW5nUGFyYW1ldGVyIE5hbWU9Imd0bSIgVmFsdWU9Ikc2NCIgUmVjb3JkZWRWYWx1ZT0iRzY0IiBDb3JyZWxhdGlvbkJpbmRpbmc9IiIgVXJsRW5jb2RlPSJGYWxzZSIgVXNlVG9Hcm91cFJlc3VsdHM9IkZhbHNlIiAvPg0KICAgICAgICAgICAgPFF1ZXJ5U3RyaW5nUGFyYW1ldGVyIE5hbWU9ImZybSIgVmFsdWU9IjAiIFJlY29yZGVkVmFsdWU9IjAiIENvcnJlbGF0aW9uQmluZGluZz0iIiBVcmxFbmNvZGU9IkZhbHNlIiBVc2VUb0dyb3VwUmVzdWx0cz0iRmFsc2UiIC8+DQogICAgICAgICAgICA8UXVlcnlTdHJpbmdQYXJhbWV0ZXIgTmFtZT0idXJsIiBWYWx1ZT0iaHR0cHMlM0ElMkYlMkZ3d3cubWFya3RwbGFhdHMubmwlMkYiIFJlY29yZGVkVmFsdWU9Imh0dHBzJTNBJTJGJTJGd3d3Lm1hcmt0cGxhYXRzLm5sJTJGIiBDb3JyZWxhdGlvbkJpbmRpbmc9IiIgVXJsRW5jb2RlPSJGYWxzZSIgVXNlVG9Hcm91cFJlc3VsdHM9IkZhbHNlIiAvPg0KICAgICAgICAgICAgPFF1ZXJ5U3RyaW5nUGFyYW1ldGVyIE5hbWU9InJlZiIgVmFsdWU9Imh0dHBzJTNBJTJGJTJGd3d3Lm1hcmt0cGxhYXRzLm5sJTJGY29va2lld2FsbCUyRiUzRnRhcmdldCUzRGh0dHBzJTI1M0ElMjUyRiUyNTJGd3d3Lm1hcmt0cGxhYXRzLm5sJTI1MkYiIFJlY29yZGVkVmFsdWU9Imh0dHBzJTNBJTJGJTJGd3d3Lm1hcmt0cGxhYXRzLm5sJTJGY29va2lld2FsbCUyRiUzRnRhcmdldCUzRGh0dHBzJTI1M0ElMjUyRiUyNTJGd3d3Lm1hcmt0cGxhYXRzLm5sJTI1MkYiIENvcnJlbGF0aW9uQmluZGluZz0iIiBVcmxFbmNvZGU9IkZhbHNlIiBVc2VUb0dyb3VwUmVzdWx0cz0iRmFsc2UiIC8+DQogICAgICAgICAgICA8UXVlcnlTdHJpbmdQYXJhbWV0ZXIgTmFtZT0idGliYSIgVmFsdWU9IiVFMiU4OSVBNSUyME1hcmt0cGxhYXRzJTIwLSUyMERlJTIwcGxlayUyMG9tJTIwbmlldXdlJTIwZW4lMjB0d2VlZGVoYW5kcyUyMHNwdWxsZW4lMjB0ZSUyMGtvcGVuJTIwZW4lMjB2ZXJrb3BlbiIgUmVjb3JkZWRWYWx1ZT0iJUUyJTg5JUE1JTIwTWFya3RwbGFhdHMlMjAtJTIwRGUlMjBwbGVrJTIwb20lMjBuaWV1d2UlMjBlbiUyMHR3ZWVkZWhhbmRzJTIwc3B1bGxlbiUyMHRlJTIwa29wZW4lMjBlbiUyMHZlcmtvcGVuIiBDb3JyZWxhdGlvbkJpbmRpbmc9IiIgVXJsRW5jb2RlPSJGYWxzZSIgVXNlVG9Hcm91cFJlc3VsdHM9IkZhbHNlIiAvPg0KICAgICAgICAgICAgPFF1ZXJ5U3RyaW5nUGFyYW1ldGVyIE5hbWU9ImFzeW5jIiBWYWx1ZT0iMSIgUmVjb3JkZWRWYWx1ZT0iMSIgQ29ycmVsYXRpb25CaW5kaW5nPSIiIFVybEVuY29kZT0iRmFsc2UiIFVzZVRvR3JvdXBSZXN1bHRzPSJGYWxzZSIgLz4NCiAgICAgICAgICAgIDxRdWVyeVN0cmluZ1BhcmFtZXRlciBOYW1lPSJyZm10IiBWYWx1ZT0iMyIgUmVjb3JkZWRWYWx1ZT0iMyIgQ29ycmVsYXRpb25CaW5kaW5nPSIiIFVybEVuY29kZT0iRmFsc2UiIFVzZVRvR3JvdXBSZXN1bHRzPSJGYWxzZSIgLz4NCiAgICAgICAgICAgIDxRdWVyeVN0cmluZ1BhcmFtZXRlciBOYW1lPSJmbXQiIFZhbHVlPSI0IiBSZWNvcmRlZFZhbHVlPSI0IiBDb3JyZWxhdGlvbkJpbmRpbmc9IiIgVXJsRW5jb2RlPSJGYWxzZSIgVXNlVG9Hcm91cFJlc3VsdHM9IkZhbHNlIiAvPg0KICAgICAgICAgIDwvUXVlcnlTdHJpbmdQYXJhbWV0ZXJzPg0KICAgICAgICA8L1JlcXVlc3Q+DQogICAgICAgIDxSZXF1ZXN0IE1ldGhvZD0iR0VUIiBHdWlkPSJhODYzNDQxYy1jY2E0LTRmOWEtYWM5MC01OWZkZDhmNTBjYmIiIFZlcnNpb249IjEuMSIgVXJsPSJodHRwczovL2dvb2dsZWFkcy5nLmRvdWJsZWNsaWNrLm5ldC9wYWdlYWQvdmlld3Rocm91Z2hjb252ZXJzaW9uLzk1NjQwNzcwNy8iIFRoaW5rVGltZT0iMCIgVGltZW91dD0iMzAwIiBQYXJzZURlcGVuZGVudFJlcXVlc3RzPSJUcnVlIiBGb2xsb3dSZWRpcmVjdHM9IlRydWUiIFJlY29yZFJlc3VsdD0iVHJ1ZSIgQ2FjaGU9IkZhbHNlIiBSZXNwb25zZVRpbWVHb2FsPSIwIiBFbmNvZGluZz0idXRmLTgiIEV4cGVjdGVkSHR0cFN0YXR1c0NvZGU9IjAiIEV4cGVjdGVkUmVzcG9uc2VVcmw9IiIgUmVwb3J0aW5nTmFtZT0iIiBJZ25vcmVIdHRwU3RhdHVzQ29kZT0iRmFsc2UiPg0KICAgICAgICAgIDxIZWFkZXJzPg0KICAgICAgICAgICAgPEhlYWRlciBOYW1lPSJSZWZlcmVyIiBWYWx1ZT0iaHR0cHM6Ly93d3cubWFya3RwbGFhdHMubmwvIiAvPg0KICAgICAgICAgIDwvSGVhZGVycz4NCiAgICAgICAgICA8UXVlcnlTdHJpbmdQYXJhbWV0ZXJzPg0KICAgICAgICAgICAgPFF1ZXJ5U3RyaW5nUGFyYW1ldGVyIE5hbWU9InJhbmRvbSIgVmFsdWU9IjE1Mjg4MDY0MDI3MzEiIFJlY29yZGVkVmFsdWU9IjE1Mjg4MDY0MDI3MzEiIENvcnJlbGF0aW9uQmluZGluZz0iIiBVcmxFbmNvZGU9IkZhbHNlIiBVc2VUb0dyb3VwUmVzdWx0cz0iRmFsc2UiIC8+DQogICAgICAgICAgICA8UXVlcnlTdHJpbmdQYXJhbWV0ZXIgTmFtZT0iY3YiIFZhbHVlPSI5IiBSZWNvcmRlZFZhbHVlPSI5IiBDb3JyZWxhdGlvbkJpbmRpbmc9IiIgVXJsRW5jb2RlPSJGYWxzZSIgVXNlVG9Hcm91cFJlc3VsdHM9IkZhbHNlIiAvPg0KICAgICAgICAgICAgPFF1ZXJ5U3RyaW5nUGFyYW1ldGVyIE5hbWU9ImZzdCIgVmFsdWU9IjE1Mjg4MDY0MDI3MzEiIFJlY29yZGVkVmFsdWU9IjE1Mjg4MDY0MDI3MzEiIENvcnJlbGF0aW9uQmluZGluZz0iIiBVcmxFbmNvZGU9IkZhbHNlIiBVc2VUb0dyb3VwUmVzdWx0cz0iRmFsc2UiIC8+DQogICAgICAgICAgICA8UXVlcnlTdHJpbmdQYXJhbWV0ZXIgTmFtZT0ibnVtIiBWYWx1ZT0iMSIgUmVjb3JkZWRWYWx1ZT0iMSIgQ29ycmVsYXRpb25CaW5kaW5nPSIiIFVybEVuY29kZT0iRmFsc2UiIFVzZVRvR3JvdXBSZXN1bHRzPSJGYWxzZSIgLz4NCiAgICAgICAgICAgIDxRdWVyeVN0cmluZ1BhcmFtZXRlciBOYW1lPSJndWlkIiBWYWx1ZT0iT04iIFJlY29yZGVkVmFsdWU9Ik9OIiBDb3JyZWxhdGlvbkJpbmRpbmc9IiIgVXJsRW5jb2RlPSJGYWxzZSIgVXNlVG9Hcm91cFJlc3VsdHM9IkZhbHNlIiAvPg0KICAgICAgICAgICAgPFF1ZXJ5U3RyaW5nUGFyYW1ldGVyIE5hbWU9InJlc3AiIFZhbHVlPSJHb29nbGVtS1R5YlFoQ3NPIiBSZWNvcmRlZFZhbHVlPSJHb29nbGVtS1R5YlFoQ3NPIiBDb3JyZWxhdGlvbkJpbmRpbmc9IiIgVXJsRW5jb2RlPSJGYWxzZSIgVXNlVG9Hcm91cFJlc3VsdHM9IkZhbHNlIiAvPg0KICAgICAgICAgICAgPFF1ZXJ5U3RyaW5nUGFyYW1ldGVyIE5hbWU9InVfaCIgVmFsdWU9Ijk1NSIgUmVjb3JkZWRWYWx1ZT0iOTU1IiBDb3JyZWxhdGlvbkJpbmRpbmc9IiIgVXJsRW5jb2RlPSJGYWxzZSIgVXNlVG9Hcm91cFJlc3VsdHM9IkZhbHNlIiAvPg0KICAgICAgICAgICAgPFF1ZXJ5U3RyaW5nUGFyYW1ldGVyIE5hbWU9InVfdyIgVmFsdWU9IjE1MjciIFJlY29yZGVkVmFsdWU9IjE1MjciIENvcnJlbGF0aW9uQmluZGluZz0iIiBVcmxFbmNvZGU9IkZhbHNlIiBVc2VUb0dyb3VwUmVzdWx0cz0iRmFsc2UiIC8+DQogICAgICAgICAgICA8UXVlcnlTdHJpbmdQYXJhbWV0ZXIgTmFtZT0idV9haCIgVmFsdWU9IjkxOCIgUmVjb3JkZWRWYWx1ZT0iOTE4IiBDb3JyZWxhdGlvbkJpbmRpbmc9IiIgVXJsRW5jb2RlPSJGYWxzZSIgVXNlVG9Hcm91cFJlc3VsdHM9IkZhbHNlIiAvPg0KICAgICAgICAgICAgPFF1ZXJ5U3RyaW5nUGFyYW1ldGVyIE5hbWU9InVfYXciIFZhbHVlPSIxNTI3IiBSZWNvcmRlZFZhbHVlPSIxNTI3IiBDb3JyZWxhdGlvbkJpbmRpbmc9IiIgVXJsRW5jb2RlPSJGYWxzZSIgVXNlVG9Hcm91cFJlc3VsdHM9IkZhbHNlIiAvPg0KICAgICAgICAgICAgPFF1ZXJ5U3RyaW5nUGFyYW1ldGVyIE5hbWU9InVfY2QiIFZhbHVlPSIyNCIgUmVjb3JkZWRWYWx1ZT0iMjQiIENvcnJlbGF0aW9uQmluZGluZz0iIiBVcmxFbmNvZGU9IkZhbHNlIiBVc2VUb0dyb3VwUmVzdWx0cz0iRmFsc2UiIC8+DQogICAgICAgICAgICA8UXVlcnlTdHJpbmdQYXJhbWV0ZXIgTmFtZT0idV9oaXMiIFZhbHVlPSIyIiBSZWNvcmRlZFZhbHVlPSIyIiBDb3JyZWxhdGlvbkJpbmRpbmc9IiIgVXJsRW5jb2RlPSJGYWxzZSIgVXNlVG9Hcm91cFJlc3VsdHM9IkZhbHNlIiAvPg0KICAgICAgICAgICAgPFF1ZXJ5U3RyaW5nUGFyYW1ldGVyIE5hbWU9InVfdHoiIFZhbHVlPSIxMjAiIFJlY29yZGVkVmFsdWU9IjEyMCIgQ29ycmVsYXRpb25CaW5kaW5nPSIiIFVybEVuY29kZT0iRmFsc2UiIFVzZVRvR3JvdXBSZXN1bHRzPSJGYWxzZSIgLz4NCiAgICAgICAgICAgIDxRdWVyeVN0cmluZ1BhcmFtZXRlciBOYW1lPSJ1X2phdmEiIFZhbHVlPSJ0cnVlIiBSZWNvcmRlZFZhbHVlPSJ0cnVlIiBDb3JyZWxhdGlvbkJpbmRpbmc9IiIgVXJsRW5jb2RlPSJGYWxzZSIgVXNlVG9Hcm91cFJlc3VsdHM9IkZhbHNlIiAvPg0KICAgICAgICAgICAgPFF1ZXJ5U3RyaW5nUGFyYW1ldGVyIE5hbWU9InVfbnBsdWciIFZhbHVlPSIxIiBSZWNvcmRlZFZhbHVlPSIxIiBDb3JyZWxhdGlvbkJpbmRpbmc9IiIgVXJsRW5jb2RlPSJGYWxzZSIgVXNlVG9Hcm91cFJlc3VsdHM9IkZhbHNlIiAvPg0KICAgICAgICAgICAgPFF1ZXJ5U3RyaW5nUGFyYW1ldGVyIE5hbWU9InVfbm1pbWUiIFZhbHVlPSIyIiBSZWNvcmRlZFZhbHVlPSIyIiBDb3JyZWxhdGlvbkJpbmRpbmc9IiIgVXJsRW5jb2RlPSJGYWxzZSIgVXNlVG9Hcm91cFJlc3VsdHM9IkZhbHNlIiAvPg0KICAgICAgICAgICAgPFF1ZXJ5U3RyaW5nUGFyYW1ldGVyIE5hbWU9Imd0bSIgVmFsdWU9Ikc2NCIgUmVjb3JkZWRWYWx1ZT0iRzY0IiBDb3JyZWxhdGlvbkJpbmRpbmc9IiIgVXJsRW5jb2RlPSJGYWxzZSIgVXNlVG9Hcm91cFJlc3VsdHM9IkZhbHNlIiAvPg0KICAgICAgICAgICAgPFF1ZXJ5U3RyaW5nUGFyYW1ldGVyIE5hbWU9ImZybSIgVmFsdWU9IjAiIFJlY29yZGVkVmFsdWU9IjAiIENvcnJlbGF0aW9uQmluZGluZz0iIiBVcmxFbmNvZGU9IkZhbHNlIiBVc2VUb0dyb3VwUmVzdWx0cz0iRmFsc2UiIC8+DQogICAgICAgICAgICA8UXVlcnlTdHJpbmdQYXJhbWV0ZXIgTmFtZT0idXJsIiBWYWx1ZT0iaHR0cHMlM0ElMkYlMkZ3d3cubWFya3RwbGFhdHMubmwlMkYiIFJlY29yZGVkVmFsdWU9Imh0dHBzJTNBJTJGJTJGd3d3Lm1hcmt0cGxhYXRzLm5sJTJGIiBDb3JyZWxhdGlvbkJpbmRpbmc9IiIgVXJsRW5jb2RlPSJGYWxzZSIgVXNlVG9Hcm91cFJlc3VsdHM9IkZhbHNlIiAvPg0KICAgICAgICAgICAgPFF1ZXJ5U3RyaW5nUGFyYW1ldGVyIE5hbWU9InJlZiIgVmFsdWU9Imh0dHBzJTNBJTJGJTJGd3d3Lm1hcmt0cGxhYXRzLm5sJTJGY29va2lld2FsbCUyRiUzRnRhcmdldCUzRGh0dHBzJTI1M0ElMjUyRiUyNTJGd3d3Lm1hcmt0cGxhYXRzLm5sJTI1MkYiIFJlY29yZGVkVmFsdWU9Imh0dHBzJTNBJTJGJTJGd3d3Lm1hcmt0cGxhYXRzLm5sJTJGY29va2lld2FsbCUyRiUzRnRhcmdldCUzRGh0dHBzJTI1M0ElMjUyRiUyNTJGd3d3Lm1hcmt0cGxhYXRzLm5sJTI1MkYiIENvcnJlbGF0aW9uQmluZGluZz0iIiBVcmxFbmNvZGU9IkZhbHNlIiBVc2VUb0dyb3VwUmVzdWx0cz0iRmFsc2UiIC8+DQogICAgICAgICAgICA8UXVlcnlTdHJpbmdQYXJhbWV0ZXIgTmFtZT0idGliYSIgVmFsdWU9IiVFMiU4OSVBNSUyME1hcmt0cGxhYXRzJTIwLSUyMERlJTIwcGxlayUyMG9tJTIwbmlldXdlJTIwZW4lMjB0d2VlZGVoYW5kcyUyMHNwdWxsZW4lMjB0ZSUyMGtvcGVuJTIwZW4lMjB2ZXJrb3BlbiIgUmVjb3JkZWRWYWx1ZT0iJUUyJTg5JUE1JTIwTWFya3RwbGFhdHMlMjAtJTIwRGUlMjBwbGVrJTIwb20lMjBuaWV1d2UlMjBlbiUyMHR3ZWVkZWhhbmRzJTIwc3B1bGxlbiUyMHRlJTIwa29wZW4lMjBlbiUyMHZlcmtvcGVuIiBDb3JyZWxhdGlvbkJpbmRpbmc9IiIgVXJsRW5jb2RlPSJGYWxzZSIgVXNlVG9Hcm91cFJlc3VsdHM9IkZhbHNlIiAvPg0KICAgICAgICAgICAgPFF1ZXJ5U3RyaW5nUGFyYW1ldGVyIE5hbWU9ImFzeW5jIiBWYWx1ZT0iMSIgUmVjb3JkZWRWYWx1ZT0iMSIgQ29ycmVsYXRpb25CaW5kaW5nPSIiIFVybEVuY29kZT0iRmFsc2UiIFVzZVRvR3JvdXBSZXN1bHRzPSJGYWxzZSIgLz4NCiAgICAgICAgICAgIDxRdWVyeVN0cmluZ1BhcmFtZXRlciBOYW1lPSJyZm10IiBWYWx1ZT0iMyIgUmVjb3JkZWRWYWx1ZT0iMyIgQ29ycmVsYXRpb25CaW5kaW5nPSIiIFVybEVuY29kZT0iRmFsc2UiIFVzZVRvR3JvdXBSZXN1bHRzPSJGYWxzZSIgLz4NCiAgICAgICAgICAgIDxRdWVyeVN0cmluZ1BhcmFtZXRlciBOYW1lPSJmbXQiIFZhbHVlPSI0IiBSZWNvcmRlZFZhbHVlPSI0IiBDb3JyZWxhdGlvbkJpbmRpbmc9IiIgVXJsRW5jb2RlPSJGYWxzZSIgVXNlVG9Hcm91cFJlc3VsdHM9IkZhbHNlIiAvPg0KICAgICAgICAgIDwvUXVlcnlTdHJpbmdQYXJhbWV0ZXJzPg0KICAgICAgICA8L1JlcXVlc3Q+DQogICAgICAgIDxSZXF1ZXN0IE1ldGhvZD0iR0VUIiBHdWlkPSJmYWE4ZDQ3OS1iYWYwLTQ5YWQtOTAzNS0wYWVlMDc5YzE0ZDYiIFZlcnNpb249IjEuMSIgVXJsPSJodHRwczovL2Nvbm5lY3QuZmFjZWJvb2submV0L3NpZ25hbHMvY29uZmlnLzE3MDY5MzEyNTI5NTMwNjAiIFRoaW5rVGltZT0iMCIgVGltZW91dD0iMzAwIiBQYXJzZURlcGVuZGVudFJlcXVlc3RzPSJUcnVlIiBGb2xsb3dSZWRpcmVjdHM9IlRydWUiIFJlY29yZFJlc3VsdD0iVHJ1ZSIgQ2FjaGU9IkZhbHNlIiBSZXNwb25zZVRpbWVHb2FsPSIwIiBFbmNvZGluZz0idXRmLTgiIEV4cGVjdGVkSHR0cFN0YXR1c0NvZGU9IjAiIEV4cGVjdGVkUmVzcG9uc2VVcmw9IiIgUmVwb3J0aW5nTmFtZT0iIiBJZ25vcmVIdHRwU3RhdHVzQ29kZT0iRmFsc2UiPg0KICAgICAgICAgIDxIZWFkZXJzPg0KICAgICAgICAgICAgPEhlYWRlciBOYW1lPSJSZWZlcmVyIiBWYWx1ZT0iaHR0cHM6Ly93d3cubWFya3RwbGFhdHMubmwvIiAvPg0KICAgICAgICAgIDwvSGVhZGVycz4NCiAgICAgICAgICA8UXVlcnlTdHJpbmdQYXJhbWV0ZXJzPg0KICAgICAgICAgICAgPFF1ZXJ5U3RyaW5nUGFyYW1ldGVyIE5hbWU9InYiIFZhbHVlPSIyLjguMTYiIFJlY29yZGVkVmFsdWU9IjIuOC4xNiIgQ29ycmVsYXRpb25CaW5kaW5nPSIiIFVybEVuY29kZT0iRmFsc2UiIFVzZVRvR3JvdXBSZXN1bHRzPSJGYWxzZSIgLz4NCiAgICAgICAgICAgIDxRdWVyeVN0cmluZ1BhcmFtZXRlciBOYW1lPSJyIiBWYWx1ZT0ic3RhYmxlIiBSZWNvcmRlZFZhbHVlPSJzdGFibGUiIENvcnJlbGF0aW9uQmluZGluZz0iIiBVcmxFbmNvZGU9IkZhbHNlIiBVc2VUb0dyb3VwUmVzdWx0cz0iRmFsc2UiIC8+DQogICAgICAgICAgPC9RdWVyeVN0cmluZ1BhcmFtZXRlcnM+DQogICAgICAgIDwvUmVxdWVzdD4NCiAgICAgICAgPFJlcXVlc3QgTWV0aG9kPSJHRVQiIEd1aWQ9IjllY2UxNjFjLTQ5MjQtNGQ1ZC1hYzM3LTMwYmMxNGI4Y2MzYSIgVmVyc2lvbj0iMS4xIiBVcmw9Imh0dHBzOi8vaGItZW5kcG9pbnQtZWxiLTMwNzg0MTQxMS5hZG9taWsuY29tLyIgVGhpbmtUaW1lPSIwIiBUaW1lb3V0PSIzMDAiIFBhcnNlRGVwZW5kZW50UmVxdWVzdHM9IlRydWUiIEZvbGxvd1JlZGlyZWN0cz0iVHJ1ZSIgUmVjb3JkUmVzdWx0PSJUcnVlIiBDYWNoZT0iRmFsc2UiIFJlc3BvbnNlVGltZUdvYWw9IjAiIEVuY29kaW5nPSJ1dGYtOCIgRXhwZWN0ZWRIdHRwU3RhdHVzQ29kZT0iMCIgRXhwZWN0ZWRSZXNwb25zZVVybD0iIiBSZXBvcnRpbmdOYW1lPSIiIElnbm9yZUh0dHBTdGF0dXNDb2RlPSJGYWxzZSI+DQogICAgICAgICAgPEhlYWRlcnM+DQogICAgICAgICAgICA8SGVhZGVyIE5hbWU9IlJlZmVyZXIiIFZhbHVlPSJodHRwczovL3d3dy5tYXJrdHBsYWF0cy5ubC8iIC8+DQogICAgICAgICAgPC9IZWFkZXJzPg0KICAgICAgICAgIDxRdWVyeVN0cmluZ1BhcmFtZXRlcnM+DQogICAgICAgICAgICA8UXVlcnlTdHJpbmdQYXJhbWV0ZXIgTmFtZT0icSIgVmFsdWU9IkpHMWhjbXQwY0d4aFlYUnpMVGsyTnpReU12JTJCSDJja05KSGQzZHk1dFlYSnJkSEJzWVdGMGN5NXViQVJPTHpReU9ESXZkMlZpTDIxd2Jtd3VNQzlvYjIxbEwyaHZiV1Z3WVdkbEwyaHZiV1ZmZEc5d0FvQUZaQUFJSEVsTlVGSlBWa1ZFU1VkSlZFRk1Ha2xPUkVWWVJWaERTRUZPUjBVUVFWQlFUa1ZZVlZNT1VsVkNTVU5QVGdBUUlERTJaVGc1WldKak1UazRabVZqTURnYVNVNUVSVmhGV0VOSVFVNUhSUUFBQUFBQUFBQUNBQnd4TnpGaE1tTXpObVF6WkRJeE14cEpUa1JGV0VWWVEwaEJUa2RGQUFBQUFBQUFBZ0lBSGpFNE56SmxZemRtT1RaaU9UZzJZaHBKVGtSRldFVllRMGhCVGtkRkFBQUFBQUFBQWdJQUhqZ3lPRGRpTkdZMFlXTTFOakpoT0JCQlVGQk9SVmhWVXdBQUFBQUFBTndDQWdBZU1qQTVabVE1TnpObE1tSTBOV05rR2tsT1JFVllSVmhEU0VGT1IwVUFBQUFBQUFETUJRSUFJREl4T0RJeU1HWXlNV1UyWlRnMFpqZ2FTVTVFUlZoRldFTklRVTVIUlFBQUFBQUFBTTRGQWdBZ01qTXpNVFE0TWpZMllqVXlOamczWXh4SlRWQlNUMVpGUkVsSFNWUkJUQUFBQUFBQUFNd05BZ0FlTWpWaFpHUXlOelF5TlRnMlpUaG1EbEpWUWtsRFQwNEFBQUFBQUFDaURRSUFBQUJTTHpReU9ESXZkMlZpTDIxd2Jtd3VNQzlvYjIxbEwyaHZiV1Z3WVdkbEwyaHZiV1ZmY21sbmFIUUMyQVQwQXdBSUhFbE5VRkpQVmtWRVNVZEpWRUZNR2tsT1JFVllSVmhEU0VGT1IwVVFRVkJRVGtWWVZWTU9VbFZDU1VOUFRnQUlIamsxTlRoa01HVXlaakE1T1dVM09CQkJVRkJPUlZoVlV3QUFBQUFBQUxvRkFnQWVNakkwT0Roak1XTTBNakkzTUdaaUdrbE9SRVZZUlZoRFNFRk9SMFVBQUFBQUFBRFFCUUlBSURJME5UWmlOalE0TWprNE1HSXpNR01jU1UxUVVrOVdSVVJKUjBsVVFVd0FBQUFBQUFET0RRSUFIakkyWkRNM1kyVXdNRGhsWldVek53NVNWVUpKUTA5T0FBQUFBQUFBcEEwQ0FBQUFBQSUzRCUzRCIgUmVjb3JkZWRWYWx1ZT0iSkcxaGNtdDBjR3hoWVhSekxUazJOelF5TXYlMkJIMmNrTkpIZDNkeTV0WVhKcmRIQnNZV0YwY3k1dWJBUk9MelF5T0RJdmQyVmlMMjF3Ym13dU1DOW9iMjFsTDJodmJXVndZV2RsTDJodmJXVmZkRzl3QW9BRlpBQUlIRWxOVUZKUFZrVkVTVWRKVkVGTUdrbE9SRVZZUlZoRFNFRk9SMFVRUVZCUVRrVllWVk1PVWxWQ1NVTlBUZ0FRSURFMlpUZzVaV0pqTVRrNFptVmpNRGdhU1U1RVJWaEZXRU5JUVU1SFJRQUFBQUFBQUFBQ0FCd3hOekZoTW1Nek5tUXpaREl4TXhwSlRrUkZXRVZZUTBoQlRrZEZBQUFBQUFBQUFnSUFIakU0TnpKbFl6ZG1PVFppT1RnMllocEpUa1JGV0VWWVEwaEJUa2RGQUFBQUFBQUFBZ0lBSGpneU9EZGlOR1kwWVdNMU5qSmhPQkJCVUZCT1JWaFZVd0FBQUFBQUFOd0NBZ0FlTWpBNVptUTVOek5sTW1JME5XTmtHa2xPUkVWWVJWaERTRUZPUjBVQUFBQUFBQURNQlFJQUlESXhPREl5TUdZeU1XVTJaVGcwWmpnYVNVNUVSVmhGV0VOSVFVNUhSUUFBQUFBQUFNNEZBZ0FnTWpNek1UUTRNalkyWWpVeU5qZzNZeHhKVFZCU1QxWkZSRWxIU1ZSQlRBQUFBQUFBQU13TkFnQWVNalZoWkdReU56UXlOVGcyWlRobURsSlZRa2xEVDA0QUFBQUFBQUNpRFFJQUFBQlNMelF5T0RJdmQyVmlMMjF3Ym13dU1DOW9iMjFsTDJodmJXVndZV2RsTDJodmJXVmZjbWxuYUhRQzJBVDBBd0FJSEVsTlVGSlBWa1ZFU1VkSlZFRk1Ha2xPUkVWWVJWaERTRUZPUjBVUVFWQlFUa1ZZVlZNT1VsVkNTVU5QVGdBSUhqazFOVGhrTUdVeVpqQTVPV1UzT0JCQlVGQk9SVmhWVXdBQUFBQUFBTG9GQWdBZU1qSTBPRGhqTVdNME1qSTNNR1ppR2tsT1JFVllSVmhEU0VGT1IwVUFBQUFBQUFEUUJRSUFJREkwTlRaaU5qUTRNams0TUdJek1HTWNTVTFRVWs5V1JVUkpSMGxVUVV3QUFBQUFBQURPRFFJQUhqSTJaRE0zWTJVd01EaGxaV1V6Tnc1U1ZVSkpRMDlPQUFBQUFBQUFwQTBDQUFBQUFBJTNEJTNEIiBDb3JyZWxhdGlvbkJpbmRpbmc9IiIgVXJsRW5jb2RlPSJGYWxzZSIgVXNlVG9Hcm91cFJlc3VsdHM9IkZhbHNlIiAvPg0KICAgICAgICAgIDwvUXVlcnlTdHJpbmdQYXJhbWV0ZXJzPg0KICAgICAgICA8L1JlcXVlc3Q+DQogICAgICA8L0RlcGVuZGVudFJlcXVlc3RzPg0KICAgICAgPFF1ZXJ5U3RyaW5nUGFyYW1ldGVycz4NCiAgICAgICAgPFF1ZXJ5U3RyaW5nUGFyYW1ldGVyIE5hbWU9InRhcmdldCIgVmFsdWU9Imh0dHBzJTNBJTJGJTJGd3d3Lm1hcmt0cGxhYXRzLm5sJTJGIiBSZWNvcmRlZFZhbHVlPSJodHRwcyUzQSUyRiUyRnd3dy5tYXJrdHBsYWF0cy5ubCUyRiIgQ29ycmVsYXRpb25CaW5kaW5nPSIiIFVybEVuY29kZT0iRmFsc2UiIFVzZVRvR3JvdXBSZXN1bHRzPSJGYWxzZSIgLz4NCiAgICAgIDwvUXVlcnlTdHJpbmdQYXJhbWV0ZXJzPg0KICAgICAgPEZvcm1Qb3N0SHR0cEJvZHk+DQogICAgICAgIDxGb3JtUG9zdFBhcmFtZXRlciBOYW1lPSJ0YXJnZXQiIFZhbHVlPSJ7eyRISURERU4xLnRhcmdldH19IiBSZWNvcmRlZFZhbHVlPSJodHRwczovL3d3dy5tYXJrdHBsYWF0cy5ubC8iIENvcnJlbGF0aW9uQmluZGluZz0iIiBVcmxFbmNvZGU9IlRydWUiIC8+DQogICAgICA8L0Zvcm1Qb3N0SHR0cEJvZHk+DQogICAgPC9SZXF1ZXN0Pg0KICAgIDxSZXF1ZXN0IE1ldGhvZD0iUE9TVCIgR3VpZD0iOGY3ZWY5YTItYzYxZC00MTYxLTkzMjUtNGVmZjdlZjRkZGEyIiBWZXJzaW9uPSIxLjEiIFVybD0iaHR0cHM6Ly93d3cubWFya3RwbGFhdHMubmwvY29va2lld2FsbC8iIFRoaW5rVGltZT0iMCIgVGltZW91dD0iMzAwIiBQYXJzZURlcGVuZGVudFJlcXVlc3RzPSJUcnVlIiBGb2xsb3dSZWRpcmVjdHM9IlRydWUiIFJlY29yZFJlc3VsdD0iVHJ1ZSIgQ2FjaGU9IkZhbHNlIiBSZXNwb25zZVRpbWVHb2FsPSIwIiBFbmNvZGluZz0idXRmLTgiIEV4cGVjdGVkSHR0cFN0YXR1c0NvZGU9IjAiIEV4cGVjdGVkUmVzcG9uc2VVcmw9Imh0dHBzOi8vd3d3Lm1hcmt0cGxhYXRzLm5sLyIgUmVwb3J0aW5nTmFtZT0iIiBJZ25vcmVIdHRwU3RhdHVzQ29kZT0iRmFsc2UiPg0KICAgICAgPEhlYWRlcnM+DQogICAgICAgIDxIZWFkZXIgTmFtZT0iUmVmZXJlciIgVmFsdWU9Imh0dHBzOi8vd3d3Lm1hcmt0cGxhYXRzLm5sL2Nvb2tpZXdhbGwvP3RhcmdldD1odHRwcyUzQSUyRiUyRnd3dy5tYXJrdHBsYWF0cy5ubCUyRiIgLz4NCiAgICAgIDwvSGVhZGVycz4NCiAgICAgIDxDb3JyZWxhdGlvbkV4dHJhY3Rpb25SdWxlcz4NCiAgICAgICAgPEV4dHJhY3Rpb25SdWxlIENsYXNzbmFtZT0iTWljcm9zb2Z0LlZpc3VhbFN0dWRpby5UZXN0VG9vbHMuV2ViVGVzdGluZy5SdWxlcy5FeHRyYWN0VGV4dCwgTWljcm9zb2Z0LlZpc3VhbFN0dWRpby5RdWFsaXR5VG9vbHMuV2ViVGVzdEZyYW1ld29yaywgVmVyc2lvbj0xMC4wLjAuMCwgQ3VsdHVyZT1uZXV0cmFsLCBQdWJsaWNLZXlUb2tlbj1iMDNmNWY3ZjExZDUwYTNhIiBWYXJpYWJsZU5hbWU9IlF1ZXJ5U3RyaW5nUGFyYW0yMDM0LmxpbWl0IiBEaXNwbGF5TmFtZT0iIiBEZXNjcmlwdGlvbj0iIj4NCiAgICAgICAgICA8UnVsZVBhcmFtZXRlcnM+DQogICAgICAgICAgICA8UnVsZVBhcmFtZXRlciBOYW1lPSJTdGFydHNXaXRoIiBWYWx1ZT0iP2xpbWl0PSIgLz4NCiAgICAgICAgICAgIDxSdWxlUGFyYW1ldGVyIE5hbWU9IkVuZHNXaXRoIiBWYWx1ZT0iJnF1b3Q7IiAvPg0KICAgICAgICAgICAgPFJ1bGVQYXJhbWV0ZXIgTmFtZT0iSW5kZXgiIFZhbHVlPSIwIiAvPg0KICAgICAgICAgICAgPFJ1bGVQYXJhbWV0ZXIgTmFtZT0iSWdub3JlQ2FzZSIgVmFsdWU9IkZhbHNlIiAvPg0KICAgICAgICAgICAgPFJ1bGVQYXJhbWV0ZXIgTmFtZT0iVXNlUmVndWxhckV4cHJlc3Npb24iIFZhbHVlPSJGYWxzZSIgLz4NCiAgICAgICAgICAgIDxSdWxlUGFyYW1ldGVyIE5hbWU9Ikh0bWxEZWNvZGUiIFZhbHVlPSJUcnVlIiAvPg0KICAgICAgICAgICAgPFJ1bGVQYXJhbWV0ZXIgTmFtZT0iUmVxdWlyZWQiIFZhbHVlPSJGYWxzZSIgLz4NCiAgICAgICAgICA8L1J1bGVQYXJhbWV0ZXJzPg0KICAgICAgICA8L0V4dHJhY3Rpb25SdWxlPg0KICAgICAgICA8RXh0cmFjdGlvblJ1bGUgQ2xhc3NuYW1lPSJNaWNyb3NvZnQuVmlzdWFsU3R1ZGlvLlRlc3RUb29scy5XZWJUZXN0aW5nLlJ1bGVzLkV4dHJhY3RUZXh0LCBNaWNyb3NvZnQuVmlzdWFsU3R1ZGlvLlF1YWxpdHlUb29scy5XZWJUZXN0RnJhbWV3b3JrLCBWZXJzaW9uPTEwLjAuMC4wLCBDdWx0dXJlPW5ldXRyYWwsIFB1YmxpY0tleVRva2VuPWIwM2Y1ZjdmMTFkNTBhM2EiIFZhcmlhYmxlTmFtZT0iUXVlcnlTdHJpbmdQYXJhbTI5MzEuYzEiIERpc3BsYXlOYW1lPSIiIERlc2NyaXB0aW9uPSIiPg0KICAgICAgICAgIDxSdWxlUGFyYW1ldGVycz4NCiAgICAgICAgICAgIDxSdWxlUGFyYW1ldGVyIE5hbWU9IlN0YXJ0c1dpdGgiIFZhbHVlPSI/YzE9IiAvPg0KICAgICAgICAgICAgPFJ1bGVQYXJhbWV0ZXIgTmFtZT0iRW5kc1dpdGgiIFZhbHVlPSImYW1wOyIgLz4NCiAgICAgICAgICAgIDxSdWxlUGFyYW1ldGVyIE5hbWU9IkluZGV4IiBWYWx1ZT0iMCIgLz4NCiAgICAgICAgICAgIDxSdWxlUGFyYW1ldGVyIE5hbWU9Iklnbm9yZUNhc2UiIFZhbHVlPSJGYWxzZSIgLz4NCiAgICAgICAgICAgIDxSdWxlUGFyYW1ldGVyIE5hbWU9IlVzZVJlZ3VsYXJFeHByZXNzaW9uIiBWYWx1ZT0iRmFsc2UiIC8+DQogICAgICAgICAgICA8UnVsZVBhcmFtZXRlciBOYW1lPSJIdG1sRGVjb2RlIiBWYWx1ZT0iVHJ1ZSIgLz4NCiAgICAgICAgICAgIDxSdWxlUGFyYW1ldGVyIE5hbWU9IlJlcXVpcmVkIiBWYWx1ZT0iRmFsc2UiIC8+DQogICAgICAgICAgPC9SdWxlUGFyYW1ldGVycz4NCiAgICAgICAgPC9FeHRyYWN0aW9uUnVsZT4NCiAgICAgICAgPEV4dHJhY3Rpb25SdWxlIENsYXNzbmFtZT0iTWljcm9zb2Z0LlZpc3VhbFN0dWRpby5UZXN0VG9vbHMuV2ViVGVzdGluZy5SdWxlcy5FeHRyYWN0VGV4dCwgTWljcm9zb2Z0LlZpc3VhbFN0dWRpby5RdWFsaXR5VG9vbHMuV2ViVGVzdEZyYW1ld29yaywgVmVyc2lvbj0xMC4wLjAuMCwgQ3VsdHVyZT1uZXV0cmFsLCBQdWJsaWNLZXlUb2tlbj1iMDNmNWY3ZjExZDUwYTNhIiBWYXJpYWJsZU5hbWU9IlF1ZXJ5U3RyaW5nUGFyYW0yOTMyLmMyIiBEaXNwbGF5TmFtZT0iIiBEZXNjcmlwdGlvbj0iIj4NCiAgICAgICAgICA8UnVsZVBhcmFtZXRlcnM+DQogICAgICAgICAgICA8UnVsZVBhcmFtZXRlciBOYW1lPSJTdGFydHNXaXRoIiBWYWx1ZT0iJmFtcDthbXA7YzI9IiAvPg0KICAgICAgICAgICAgPFJ1bGVQYXJhbWV0ZXIgTmFtZT0iRW5kc1dpdGgiIFZhbHVlPSImYW1wOyIgLz4NCiAgICAgICAgICAgIDxSdWxlUGFyYW1ldGVyIE5hbWU9IkluZGV4IiBWYWx1ZT0iMCIgLz4NCiAgICAgICAgICAgIDxSdWxlUGFyYW1ldGVyIE5hbWU9Iklnbm9yZUNhc2UiIFZhbHVlPSJGYWxzZSIgLz4NCiAgICAgICAgICAgIDxSdWxlUGFyYW1ldGVyIE5hbWU9IlVzZVJlZ3VsYXJFeHByZXNzaW9uIiBWYWx1ZT0iRmFsc2UiIC8+DQogICAgICAgICAgICA8UnVsZVBhcmFtZXRlciBOYW1lPSJIdG1sRGVjb2RlIiBWYWx1ZT0iVHJ1ZSIgLz4NCiAgICAgICAgICAgIDxSdWxlUGFyYW1ldGVyIE5hbWU9IlJlcXVpcmVkIiBWYWx1ZT0iRmFsc2UiIC8+DQogICAgICAgICAgPC9SdWxlUGFyYW1ldGVycz4NCiAgICAgICAgPC9FeHRyYWN0aW9uUnVsZT4NCiAgICAgICAgPEV4dHJhY3Rpb25SdWxlIENsYXNzbmFtZT0iTWljcm9zb2Z0LlZpc3VhbFN0dWRpby5UZXN0VG9vbHMuV2ViVGVzdGluZy5SdWxlcy5FeHRyYWN0VGV4dCwgTWljcm9zb2Z0LlZpc3VhbFN0dWRpby5RdWFsaXR5VG9vbHMuV2ViVGVzdEZyYW1ld29yaywgVmVyc2lvbj0xMC4wLjAuMCwgQ3VsdHVyZT1uZXV0cmFsLCBQdWJsaWNLZXlUb2tlbj1iMDNmNWY3ZjExZDUwYTNhIiBWYXJpYWJsZU5hbWU9IkZvcm1Qb3N0UGFyYW0xLmRfbnNpZCIgRGlzcGxheU5hbWU9IiIgRGVzY3JpcHRpb249IiI+DQogICAgICAgICAgPFJ1bGVQYXJhbWV0ZXJzPg0KICAgICAgICAgICAgPFJ1bGVQYXJhbWV0ZXIgTmFtZT0iU3RhcnRzV2l0aCIgVmFsdWU9ImRleD0mcXVvdDsiIC8+DQogICAgICAgICAgICA8UnVsZVBhcmFtZXRlciBOYW1lPSJFbmRzV2l0aCIgVmFsdWU9IiZxdW90OyBkYXQiIC8+DQogICAgICAgICAgICA8UnVsZVBhcmFtZXRlciBOYW1lPSJJbmRleCIgVmFsdWU9IjIiIC8+DQogICAgICAgICAgICA8UnVsZVBhcmFtZXRlciBOYW1lPSJJZ25vcmVDYXNlIiBWYWx1ZT0iRmFsc2UiIC8+DQogICAgICAgICAgICA8UnVsZVBhcmFtZXRlciBOYW1lPSJVc2VSZWd1bGFyRXhwcmVzc2lvbiIgVmFsdWU9IkZhbHNlIiAvPg0KICAgICAgICAgICAgPFJ1bGVQYXJhbWV0ZXIgTmFtZT0iSHRtbERlY29kZSIgVmFsdWU9IlRydWUiIC8+DQogICAgICAgICAgICA8UnVsZVBhcmFtZXRlciBOYW1lPSJSZXF1aXJlZCIgVmFsdWU9IkZhbHNlIiAvPg0KICAgICAgICAgIDwvUnVsZVBhcmFtZXRlcnM+DQogICAgICAgIDwvRXh0cmFjdGlvblJ1bGU+DQogICAgICAgIDxFeHRyYWN0aW9uUnVsZSBDbGFzc25hbWU9Ik1pY3Jvc29mdC5WaXN1YWxTdHVkaW8uVGVzdFRvb2xzLldlYlRlc3RpbmcuUnVsZXMuRXh0cmFjdFRleHQsIE1pY3Jvc29mdC5WaXN1YWxTdHVkaW8uUXVhbGl0eVRvb2xzLldlYlRlc3RGcmFtZXdvcmssIFZlcnNpb249MTAuMC4wLjAsIEN1bHR1cmU9bmV1dHJhbCwgUHVibGljS2V5VG9rZW49YjAzZjVmN2YxMWQ1MGEzYSIgVmFyaWFibGVOYW1lPSJGb3JtUG9zdFBhcmFtMi5kX2pzb252IiBEaXNwbGF5TmFtZT0iIiBEZXNjcmlwdGlvbj0iIj4NCiAgICAgICAgICA8UnVsZVBhcmFtZXRlcnM+DQogICAgICAgICAgICA8UnVsZVBhcmFtZXRlciBOYW1lPSJTdGFydHNXaXRoIiBWYWx1ZT0iZGV4PSZxdW90OyIgLz4NCiAgICAgICAgICAgIDxSdWxlUGFyYW1ldGVyIE5hbWU9IkVuZHNXaXRoIiBWYWx1ZT0iJnF1b3Q7IGhpZCIgLz4NCiAgICAgICAgICAgIDxSdWxlUGFyYW1ldGVyIE5hbWU9IkluZGV4IiBWYWx1ZT0iMSIgLz4NCiAgICAgICAgICAgIDxSdWxlUGFyYW1ldGVyIE5hbWU9Iklnbm9yZUNhc2UiIFZhbHVlPSJGYWxzZSIgLz4NCiAgICAgICAgICAgIDxSdWxlUGFyYW1ldGVyIE5hbWU9IlVzZVJlZ3VsYXJFeHByZXNzaW9uIiBWYWx1ZT0iRmFsc2UiIC8+DQogICAgICAgICAgICA8UnVsZVBhcmFtZXRlciBOYW1lPSJIdG1sRGVjb2RlIiBWYWx1ZT0iVHJ1ZSIgLz4NCiAgICAgICAgICAgIDxSdWxlUGFyYW1ldGVyIE5hbWU9IlJlcXVpcmVkIiBWYWx1ZT0iRmFsc2UiIC8+DQogICAgICAgICAgPC9SdWxlUGFyYW1ldGVycz4NCiAgICAgICAgPC9FeHRyYWN0aW9uUnVsZT4NCiAgICAgICAgPEV4dHJhY3Rpb25SdWxlIENsYXNzbmFtZT0iTWljcm9zb2Z0LlZpc3VhbFN0dWRpby5UZXN0VG9vbHMuV2ViVGVzdGluZy5SdWxlcy5FeHRyYWN0VGV4dCwgTWljcm9zb2Z0LlZpc3VhbFN0dWRpby5RdWFsaXR5VG9vbHMuV2ViVGVzdEZyYW1ld29yaywgVmVyc2lvbj0xMC4wLjAuMCwgQ3VsdHVyZT1uZXV0cmFsLCBQdWJsaWNLZXlUb2tlbj1iMDNmNWY3ZjExZDUwYTNhIiBWYXJpYWJsZU5hbWU9IkZvcm1Qb3N0UGFyYW0zLmRfZHN0IiBEaXNwbGF5TmFtZT0iIiBEZXNjcmlwdGlvbj0iIj4NCiAgICAgICAgICA8UnVsZVBhcmFtZXRlcnM+DQogICAgICAgICAgICA8UnVsZVBhcmFtZXRlciBOYW1lPSJTdGFydHNXaXRoIiBWYWx1ZT0iZGV4PSZxdW90OyIgLz4NCiAgICAgICAgICAgIDxSdWxlUGFyYW1ldGVyIE5hbWU9IkVuZHNXaXRoIiBWYWx1ZT0iJnF1b3Q7IGhpZCIgLz4NCiAgICAgICAgICAgIDxSdWxlUGFyYW1ldGVyIE5hbWU9IkluZGV4IiBWYWx1ZT0iMSIgLz4NCiAgICAgICAgICAgIDxSdWxlUGFyYW1ldGVyIE5hbWU9Iklnbm9yZUNhc2UiIFZhbHVlPSJGYWxzZSIgLz4NCiAgICAgICAgICAgIDxSdWxlUGFyYW1ldGVyIE5hbWU9IlVzZVJlZ3VsYXJFeHByZXNzaW9uIiBWYWx1ZT0iRmFsc2UiIC8+DQogICAgICAgICAgICA8UnVsZVBhcmFtZXRlciBOYW1lPSJIdG1sRGVjb2RlIiBWYWx1ZT0iVHJ1ZSIgLz4NCiAgICAgICAgICAgIDxSdWxlUGFyYW1ldGVyIE5hbWU9IlJlcXVpcmVkIiBWYWx1ZT0iRmFsc2UiIC8+DQogICAgICAgICAgPC9SdWxlUGFyYW1ldGVycz4NCiAgICAgICAgPC9FeHRyYWN0aW9uUnVsZT4NCiAgICAgIDwvQ29ycmVsYXRpb25FeHRyYWN0aW9uUnVsZXM+DQogICAgICA8UXVlcnlTdHJpbmdQYXJhbWV0ZXJzPg0KICAgICAgICA8UXVlcnlTdHJpbmdQYXJhbWV0ZXIgTmFtZT0idGFyZ2V0IiBWYWx1ZT0iaHR0cHMlM0ElMkYlMkZ3d3cubWFya3RwbGFhdHMubmwlMkYiIFJlY29yZGVkVmFsdWU9Imh0dHBzJTNBJTJGJTJGd3d3Lm1hcmt0cGxhYXRzLm5sJTJGIiBDb3JyZWxhdGlvbkJpbmRpbmc9IiIgVXJsRW5jb2RlPSJGYWxzZSIgVXNlVG9Hcm91cFJlc3VsdHM9IkZhbHNlIiAvPg0KICAgICAgPC9RdWVyeVN0cmluZ1BhcmFtZXRlcnM+DQogICAgICA8Rm9ybVBvc3RIdHRwQm9keT4NCiAgICAgICAgPEZvcm1Qb3N0UGFyYW1ldGVyIE5hbWU9InRhcmdldCIgVmFsdWU9Int7JEhJRERFTjEudGFyZ2V0fX0iIFJlY29yZGVkVmFsdWU9Imh0dHBzOi8vd3d3Lm1hcmt0cGxhYXRzLm5sLyIgQ29ycmVsYXRpb25CaW5kaW5nPSIiIFVybEVuY29kZT0iVHJ1ZSIgLz4NCiAgICAgIDwvRm9ybVBvc3RIdHRwQm9keT4NCiAgICA8L1JlcXVlc3Q+DQogICAgPFJlcXVlc3QgTWV0aG9kPSJHRVQiIEd1aWQ9Ijc1NzMwYjY5LTVkMGItNGRjNC1hOTk2LWU4MmZiYWEwNDdmOCIgVmVyc2lvbj0iMS4xIiBVcmw9Imh0dHBzOi8vYWNkbi5hZG54cy5jb20vaWIvc3RhdGljL3VzZXJzeW5jL3YzL2FzeW5jX3VzZXJzeW5jLmh0bWwiIFRoaW5rVGltZT0iMCIgVGltZW91dD0iMzAwIiBQYXJzZURlcGVuZGVudFJlcXVlc3RzPSJUcnVlIiBGb2xsb3dSZWRpcmVjdHM9IlRydWUiIFJlY29yZFJlc3VsdD0iVHJ1ZSIgQ2FjaGU9IkZhbHNlIiBSZXNwb25zZVRpbWVHb2FsPSIwIiBFbmNvZGluZz0idXRmLTgiIEV4cGVjdGVkSHR0cFN0YXR1c0NvZGU9IjAiIEV4cGVjdGVkUmVzcG9uc2VVcmw9IiIgUmVwb3J0aW5nTmFtZT0iIiBJZ25vcmVIdHRwU3RhdHVzQ29kZT0iRmFsc2UiPg0KICAgICAgPEhlYWRlcnM+DQogICAgICAgIDxIZWFkZXIgTmFtZT0iUmVmZXJlciIgVmFsdWU9Imh0dHBzOi8vd3d3Lm1hcmt0cGxhYXRzLm5sLyIgLz4NCiAgICAgIDwvSGVhZGVycz4NCiAgICAgIDxDb3JyZWxhdGlvbkV4dHJhY3Rpb25SdWxlcz4NCiAgICAgICAgPEV4dHJhY3Rpb25SdWxlIENsYXNzbmFtZT0iTWljcm9zb2Z0LlZpc3VhbFN0dWRpby5UZXN0VG9vbHMuV2ViVGVzdGluZy5SdWxlcy5FeHRyYWN0VGV4dCwgTWljcm9zb2Z0LlZpc3VhbFN0dWRpby5RdWFsaXR5VG9vbHMuV2ViVGVzdEZyYW1ld29yaywgVmVyc2lvbj0xMC4wLjAuMCwgQ3VsdHVyZT1uZXV0cmFsLCBQdWJsaWNLZXlUb2tlbj1iMDNmNWY3ZjExZDUwYTNhIiBWYXJpYWJsZU5hbWU9IlF1ZXJ5U3RyaW5nUGFyYW0zMTczLmNiZm4iIERpc3BsYXlOYW1lPSIiIERlc2NyaXB0aW9uPSIiPg0KICAgICAgICAgIDxSdWxlUGFyYW1ldGVycz4NCiAgICAgICAgICAgIDxSdWxlUGFyYW1ldGVyIE5hbWU9IlN0YXJ0c1dpdGgiIFZhbHVlPSI/Y2Jmbj0iIC8+DQogICAgICAgICAgICA8UnVsZVBhcmFtZXRlciBOYW1lPSJFbmRzV2l0aCIgVmFsdWU9IiZxdW90OyIgLz4NCiAgICAgICAgICAgIDxSdWxlUGFyYW1ldGVyIE5hbWU9IkluZGV4IiBWYWx1ZT0iMCIgLz4NCiAgICAgICAgICAgIDxSdWxlUGFyYW1ldGVyIE5hbWU9Iklnbm9yZUNhc2UiIFZhbHVlPSJGYWxzZSIgLz4NCiAgICAgICAgICAgIDxSdWxlUGFyYW1ldGVyIE5hbWU9IlVzZVJlZ3VsYXJFeHByZXNzaW9uIiBWYWx1ZT0iRmFsc2UiIC8+DQogICAgICAgICAgICA8UnVsZVBhcmFtZXRlciBOYW1lPSJIdG1sRGVjb2RlIiBWYWx1ZT0iVHJ1ZSIgLz4NCiAgICAgICAgICAgIDxSdWxlUGFyYW1ldGVyIE5hbWU9IlJlcXVpcmVkIiBWYWx1ZT0iRmFsc2UiIC8+DQogICAgICAgICAgPC9SdWxlUGFyYW1ldGVycz4NCiAgICAgICAgPC9FeHRyYWN0aW9uUnVsZT4NCiAgICAgIDwvQ29ycmVsYXRpb25FeHRyYWN0aW9uUnVsZXM+DQogICAgPC9SZXF1ZXN0Pg0KICAgIDxSZXF1ZXN0IE1ldGhvZD0iR0VUIiBHdWlkPSI3MzQxOGVhYi0zZDI0LTRkZTktYWY5YS01NjQwODA2Y2MwNjkiIFZlcnNpb249IjEuMSIgVXJsPSJodHRwczovL3NlY3VyZS5hZG54cy5jb20vYXN5bmNfdXNlcnN5bmMiIFRoaW5rVGltZT0iMCIgVGltZW91dD0iMzAwIiBQYXJzZURlcGVuZGVudFJlcXVlc3RzPSJUcnVlIiBGb2xsb3dSZWRpcmVjdHM9IlRydWUiIFJlY29yZFJlc3VsdD0iVHJ1ZSIgQ2FjaGU9IkZhbHNlIiBSZXNwb25zZVRpbWVHb2FsPSIwIiBFbmNvZGluZz0idXRmLTgiIEV4cGVjdGVkSHR0cFN0YXR1c0NvZGU9IjAiIEV4cGVjdGVkUmVzcG9uc2VVcmw9IiIgUmVwb3J0aW5nTmFtZT0iIiBJZ25vcmVIdHRwU3RhdHVzQ29kZT0iRmFsc2UiPg0KICAgICAgPEhlYWRlcnM+DQogICAgICAgIDxIZWFkZXIgTmFtZT0iUmVmZXJlciIgVmFsdWU9Imh0dHBzOi8vYWNkbi5hZG54cy5jb20vaWIvc3RhdGljL3VzZXJzeW5jL3YzL2FzeW5jX3VzZXJzeW5jLmh0bWwiIC8+DQogICAgICA8L0hlYWRlcnM+DQogICAgICA8UXVlcnlTdHJpbmdQYXJhbWV0ZXJzPg0KICAgICAgICA8UXVlcnlTdHJpbmdQYXJhbWV0ZXIgTmFtZT0iY2JmbiIgVmFsdWU9IkFOX2FzeW5jX2xvYWQiIFJlY29yZGVkVmFsdWU9IkFOX2FzeW5jX2xvYWQiIENvcnJlbGF0aW9uQmluZGluZz0ie3tRdWVyeVN0cmluZ1BhcmFtMzE3My5jYmZufX0iIFVybEVuY29kZT0iRmFsc2UiIFVzZVRvR3JvdXBSZXN1bHRzPSJGYWxzZSIgLz4NCiAgICAgIDwvUXVlcnlTdHJpbmdQYXJhbWV0ZXJzPg0KICAgIDwvUmVxdWVzdD4NCiAgICA8UmVxdWVzdCBNZXRob2Q9IkdFVCIgR3VpZD0iY2RlOGU0OWMtNTdmYS00ODFhLWE3ZjQtMjkyYmNiMDEyZmI4IiBWZXJzaW9uPSIxLjEiIFVybD0iaHR0cHM6Ly90cGMuZ29vZ2xlc3luZGljYXRpb24uY29tL3NhZmVmcmFtZS8xLTAtMjgvaHRtbC9jb250YWluZXIuaHRtbCIgVGhpbmtUaW1lPSIwIiBUaW1lb3V0PSIzMDAiIFBhcnNlRGVwZW5kZW50UmVxdWVzdHM9IlRydWUiIEZvbGxvd1JlZGlyZWN0cz0iVHJ1ZSIgUmVjb3JkUmVzdWx0PSJUcnVlIiBDYWNoZT0iRmFsc2UiIFJlc3BvbnNlVGltZUdvYWw9IjAiIEVuY29kaW5nPSJ1dGYtOCIgRXhwZWN0ZWRIdHRwU3RhdHVzQ29kZT0iMCIgRXhwZWN0ZWRSZXNwb25zZVVybD0iIiBSZXBvcnRpbmdOYW1lPSIiIElnbm9yZUh0dHBTdGF0dXNDb2RlPSJGYWxzZSI+DQogICAgICA8SGVhZGVycz4NCiAgICAgICAgPEhlYWRlciBOYW1lPSJSZWZlcmVyIiBWYWx1ZT0iaHR0cHM6Ly93d3cubWFya3RwbGFhdHMubmwvIiAvPg0KICAgICAgPC9IZWFkZXJzPg0KICAgIDwvUmVxdWVzdD4NCiAgICA8UmVxdWVzdCBNZXRob2Q9IkdFVCIgR3VpZD0iMmMzYjk0MDUtZTU2MS00MzEzLTgwNzAtZTJmN2Y1YWUzNmIwIiBWZXJzaW9uPSIxLjEiIFVybD0iaHR0cHM6Ly9jLmJpbmcuY29tL2MuZ2lmIiBUaGlua1RpbWU9IjAiIFRpbWVvdXQ9IjMwMCIgUGFyc2VEZXBlbmRlbnRSZXF1ZXN0cz0iVHJ1ZSIgRm9sbG93UmVkaXJlY3RzPSJUcnVlIiBSZWNvcmRSZXN1bHQ9IlRydWUiIENhY2hlPSJGYWxzZSIgUmVzcG9uc2VUaW1lR29hbD0iMCIgRW5jb2Rpbmc9InV0Zi04IiBFeHBlY3RlZEh0dHBTdGF0dXNDb2RlPSIwIiBFeHBlY3RlZFJlc3BvbnNlVXJsPSJodHRwczovL20uYWRueHMuY29tL21hcHVpZD9tZW1iZXI9MjgwJmFtcDt1c2VyPTAyNUU0QjZCQ0Y4ODYyQzUxQ0YxNDc2N0NCODg2MTQ1OyIgUmVwb3J0aW5nTmFtZT0iIiBJZ25vcmVIdHRwU3RhdHVzQ29kZT0iRmFsc2UiPg0KICAgICAgPEhlYWRlcnM+DQogICAgICAgIDxIZWFkZXIgTmFtZT0iUmVmZXJlciIgVmFsdWU9Imh0dHBzOi8vYWNkbi5hZG54cy5jb20vaWIvc3RhdGljL3VzZXJzeW5jL3YzL2FzeW5jX3VzZXJzeW5jLmh0bWwiIC8+DQogICAgICA8L0hlYWRlcnM+DQogICAgICA8UXVlcnlTdHJpbmdQYXJhbWV0ZXJzPg0KICAgICAgICA8UXVlcnlTdHJpbmdQYXJhbWV0ZXIgTmFtZT0iYW54X3VpZCIgVmFsdWU9Ijc0MjIyOTAxMDMyODcwMjE3NzciIFJlY29yZGVkVmFsdWU9Ijc0MjIyOTAxMDMyODcwMjE3NzciIENvcnJlbGF0aW9uQmluZGluZz0iIiBVcmxFbmNvZGU9IkZhbHNlIiBVc2VUb0dyb3VwUmVzdWx0cz0iRmFsc2UiIC8+DQogICAgICAgIDxRdWVyeVN0cmluZ1BhcmFtZXRlciBOYW1lPSJSZWQzIiBWYWx1ZT0iTVNBTl9wZCIgUmVjb3JkZWRWYWx1ZT0iTVNBTl9wZCIgQ29ycmVsYXRpb25CaW5kaW5nPSIiIFVybEVuY29kZT0iRmFsc2UiIFVzZVRvR3JvdXBSZXN1bHRzPSJGYWxzZSIgLz4NCiAgICAgIDwvUXVlcnlTdHJpbmdQYXJhbWV0ZXJzPg0KICAgIDwvUmVxdWVzdD4NCiAgICA8UmVxdWVzdCBNZXRob2Q9IkdFVCIgR3VpZD0iMWM4YjQ0MDgtOWI0Yy00YjkxLWE5NWItMjBiMWQ1MWQzZTJlIiBWZXJzaW9uPSIxLjEiIFVybD0iaHR0cHM6Ly9yb3V0ZXIuaW5mb2xpbmtzLmNvbS9keW4vYW4tdXNlcnN5bmMiIFRoaW5rVGltZT0iMCIgVGltZW91dD0iMzAwIiBQYXJzZURlcGVuZGVudFJlcXVlc3RzPSJUcnVlIiBGb2xsb3dSZWRpcmVjdHM9IlRydWUiIFJlY29yZFJlc3VsdD0iVHJ1ZSIgQ2FjaGU9IkZhbHNlIiBSZXNwb25zZVRpbWVHb2FsPSIwIiBFbmNvZGluZz0idXRmLTgiIEV4cGVjdGVkSHR0cFN0YXR1c0NvZGU9IjAiIEV4cGVjdGVkUmVzcG9uc2VVcmw9IiIgUmVwb3J0aW5nTmFtZT0iIiBJZ25vcmVIdHRwU3RhdHVzQ29kZT0iRmFsc2UiPg0KICAgICAgPEhlYWRlcnM+DQogICAgICAgIDxIZWFkZXIgTmFtZT0iUmVmZXJlciIgVmFsdWU9Imh0dHBzOi8vYWNkbi5hZG54cy5jb20vaWIvc3RhdGljL3VzZXJzeW5jL3YzL2FzeW5jX3VzZXJzeW5jLmh0bWwiIC8+DQogICAgICA8L0hlYWRlcnM+DQogICAgICA8UXVlcnlTdHJpbmdQYXJhbWV0ZXJzPg0KICAgICAgICA8UXVlcnlTdHJpbmdQYXJhbWV0ZXIgTmFtZT0idXNlcl9pZCIgVmFsdWU9Ijc0MjIyOTAxMDMyODcwMjE3NzciIFJlY29yZGVkVmFsdWU9Ijc0MjIyOTAxMDMyODcwMjE3NzciIENvcnJlbGF0aW9uQmluZGluZz0iIiBVcmxFbmNvZGU9IkZhbHNlIiBVc2VUb0dyb3VwUmVzdWx0cz0iRmFsc2UiIC8+DQogICAgICA8L1F1ZXJ5U3RyaW5nUGFyYW1ldGVycz4NCiAgICA8L1JlcXVlc3Q+DQogICAgPFJlcXVlc3QgTWV0aG9kPSJHRVQiIEd1aWQ9ImQyNDhhYTQ1LTgwNjgtNDUyYS1iZGZkLWYyZDJiNWFkNGUxOCIgVmVyc2lvbj0iMS4xIiBVcmw9Imh0dHBzOi8vcy5hbWF6b24tYWRzeXN0ZW0uY29tL3gvZGEyZTZjODkwZTZlMzYzNiIgVGhpbmtUaW1lPSIwIiBUaW1lb3V0PSIzMDAiIFBhcnNlRGVwZW5kZW50UmVxdWVzdHM9IlRydWUiIEZvbGxvd1JlZGlyZWN0cz0iVHJ1ZSIgUmVjb3JkUmVzdWx0PSJUcnVlIiBDYWNoZT0iRmFsc2UiIFJlc3BvbnNlVGltZUdvYWw9IjAiIEVuY29kaW5nPSJ1dGYtOCIgRXhwZWN0ZWRIdHRwU3RhdHVzQ29kZT0iMCIgRXhwZWN0ZWRSZXNwb25zZVVybD0iaHR0cHM6Ly9zLmFtYXpvbi1hZHN5c3RlbS5jb20vaXUzP2NtM3BwZD0xJmFtcDtkPWR0Yi1wdWImYW1wO2RsPWFuJmFtcDtkY2M9dCIgUmVwb3J0aW5nTmFtZT0iIiBJZ25vcmVIdHRwU3RhdHVzQ29kZT0iRmFsc2UiPg0KICAgICAgPEhlYWRlcnM+DQogICAgICAgIDxIZWFkZXIgTmFtZT0iUmVmZXJlciIgVmFsdWU9Imh0dHBzOi8vYWNkbi5hZG54cy5jb20vaWIvc3RhdGljL3VzZXJzeW5jL3YzL2FzeW5jX3VzZXJzeW5jLmh0bWwiIC8+DQogICAgICA8L0hlYWRlcnM+DQogICAgICA8Q29ycmVsYXRpb25FeHRyYWN0aW9uUnVsZXM+DQogICAgICAgIDxFeHRyYWN0aW9uUnVsZSBDbGFzc25hbWU9Ik1pY3Jvc29mdC5WaXN1YWxTdHVkaW8uVGVzdFRvb2xzLldlYlRlc3RpbmcuUnVsZXMuRXh0cmFjdFRleHQsIE1pY3Jvc29mdC5WaXN1YWxTdHVkaW8uUXVhbGl0eVRvb2xzLldlYlRlc3RGcmFtZXdvcmssIFZlcnNpb249MTAuMC4wLjAsIEN1bHR1cmU9bmV1dHJhbCwgUHVibGljS2V5VG9rZW49YjAzZjVmN2YxMWQ1MGEzYSIgVmFyaWFibGVOYW1lPSJRdWVyeVN0cmluZ1BhcmFtNDUyOC5leGxpc3QiIERpc3BsYXlOYW1lPSIiIERlc2NyaXB0aW9uPSIiPg0KICAgICAgICAgIDxSdWxlUGFyYW1ldGVycz4NCiAgICAgICAgICAgIDxSdWxlUGFyYW1ldGVyIE5hbWU9IlN0YXJ0c1dpdGgiIFZhbHVlPSI/ZXhsaXN0PSIgLz4NCiAgICAgICAgICAgIDxSdWxlUGFyYW1ldGVyIE5hbWU9IkVuZHNXaXRoIiBWYWx1ZT0iJmFtcDsiIC8+DQogICAgICAgICAgICA8UnVsZVBhcmFtZXRlciBOYW1lPSJJbmRleCIgVmFsdWU9IjAiIC8+DQogICAgICAgICAgICA8UnVsZVBhcmFtZXRlciBOYW1lPSJJZ25vcmVDYXNlIiBWYWx1ZT0iRmFsc2UiIC8+DQogICAgICAgICAgICA8UnVsZVBhcmFtZXRlciBOYW1lPSJVc2VSZWd1bGFyRXhwcmVzc2lvbiIgVmFsdWU9IkZhbHNlIiAvPg0KICAgICAgICAgICAgPFJ1bGVQYXJhbWV0ZXIgTmFtZT0iSHRtbERlY29kZSIgVmFsdWU9IlRydWUiIC8+DQogICAgICAgICAgICA8UnVsZVBhcmFtZXRlciBOYW1lPSJSZXF1aXJlZCIgVmFsdWU9IkZhbHNlIiAvPg0KICAgICAgICAgIDwvUnVsZVBhcmFtZXRlcnM+DQogICAgICAgIDwvRXh0cmFjdGlvblJ1bGU+DQogICAgICAgIDxFeHRyYWN0aW9uUnVsZSBDbGFzc25hbWU9Ik1pY3Jvc29mdC5WaXN1YWxTdHVkaW8uVGVzdFRvb2xzLldlYlRlc3RpbmcuUnVsZXMuRXh0cmFjdFRleHQsIE1pY3Jvc29mdC5WaXN1YWxTdHVkaW8uUXVhbGl0eVRvb2xzLldlYlRlc3RGcmFtZXdvcmssIFZlcnNpb249MTAuMC4wLjAsIEN1bHR1cmU9bmV1dHJhbCwgUHVibGljS2V5VG9rZW49YjAzZjVmN2YxMWQ1MGEzYSIgVmFyaWFibGVOYW1lPSJRdWVyeVN0cmluZ1BhcmFtNDUyOS5mdiIgRGlzcGxheU5hbWU9IiIgRGVzY3JpcHRpb249IiI+DQogICAgICAgICAgPFJ1bGVQYXJhbWV0ZXJzPg0KICAgICAgICAgICAgPFJ1bGVQYXJhbWV0ZXIgTmFtZT0iU3RhcnRzV2l0aCIgVmFsdWU9IiZhbXA7ZnY9IiAvPg0KICAgICAgICAgICAgPFJ1bGVQYXJhbWV0ZXIgTmFtZT0iRW5kc1dpdGgiIFZhbHVlPSImYW1wOyIgLz4NCiAgICAgICAgICAgIDxSdWxlUGFyYW1ldGVyIE5hbWU9IkluZGV4IiBWYWx1ZT0iMCIgLz4NCiAgICAgICAgICAgIDxSdWxlUGFyYW1ldGVyIE5hbWU9Iklnbm9yZUNhc2UiIFZhbHVlPSJGYWxzZSIgLz4NCiAgICAgICAgICAgIDxSdWxlUGFyYW1ldGVyIE5hbWU9IlVzZVJlZ3VsYXJFeHByZXNzaW9uIiBWYWx1ZT0iRmFsc2UiIC8+DQogICAgICAgICAgICA8UnVsZVBhcmFtZXRlciBOYW1lPSJIdG1sRGVjb2RlIiBWYWx1ZT0iVHJ1ZSIgLz4NCiAgICAgICAgICAgIDxSdWxlUGFyYW1ldGVyIE5hbWU9IlJlcXVpcmVkIiBWYWx1ZT0iRmFsc2UiIC8+DQogICAgICAgICAgPC9SdWxlUGFyYW1ldGVycz4NCiAgICAgICAgPC9FeHRyYWN0aW9uUnVsZT4NCiAgICAgICAgPEV4dHJhY3Rpb25SdWxlIENsYXNzbmFtZT0iTWljcm9zb2Z0LlZpc3VhbFN0dWRpby5UZXN0VG9vbHMuV2ViVGVzdGluZy5SdWxlcy5FeHRyYWN0VGV4dCwgTWljcm9zb2Z0LlZpc3VhbFN0dWRpby5RdWFsaXR5VG9vbHMuV2ViVGVzdEZyYW1ld29yaywgVmVyc2lvbj0xMC4wLjAuMCwgQ3VsdHVyZT1uZXV0cmFsLCBQdWJsaWNLZXlUb2tlbj1iMDNmNWY3ZjExZDUwYTNhIiBWYXJpYWJsZU5hbWU9IlF1ZXJ5U3RyaW5nUGFyYW00NTMwLmEiIERpc3BsYXlOYW1lPSIiIERlc2NyaXB0aW9uPSIiPg0KICAgICAgICAgIDxSdWxlUGFyYW1ldGVycz4NCiAgICAgICAgICAgIDxSdWxlUGFyYW1ldGVyIE5hbWU9IlN0YXJ0c1dpdGgiIFZhbHVlPSImYW1wO2E9IiAvPg0KICAgICAgICAgICAgPFJ1bGVQYXJhbWV0ZXIgTmFtZT0iRW5kc1dpdGgiIFZhbHVlPSImYW1wOyIgLz4NCiAgICAgICAgICAgIDxSdWxlUGFyYW1ldGVyIE5hbWU9IkluZGV4IiBWYWx1ZT0iMCIgLz4NCiAgICAgICAgICAgIDxSdWxlUGFyYW1ldGVyIE5hbWU9Iklnbm9yZUNhc2UiIFZhbHVlPSJGYWxzZSIgLz4NCiAgICAgICAgICAgIDxSdWxlUGFyYW1ldGVyIE5hbWU9IlVzZVJlZ3VsYXJFeHByZXNzaW9uIiBWYWx1ZT0iRmFsc2UiIC8+DQogICAgICAgICAgICA8UnVsZVBhcmFtZXRlciBOYW1lPSJIdG1sRGVjb2RlIiBWYWx1ZT0iVHJ1ZSIgLz4NCiAgICAgICAgICAgIDxSdWxlUGFyYW1ldGVyIE5hbWU9IlJlcXVpcmVkIiBWYWx1ZT0iRmFsc2UiIC8+DQogICAgICAgICAgPC9SdWxlUGFyYW1ldGVycz4NCiAgICAgICAgPC9FeHRyYWN0aW9uUnVsZT4NCiAgICAgICAgPEV4dHJhY3Rpb25SdWxlIENsYXNzbmFtZT0iTWljcm9zb2Z0LlZpc3VhbFN0dWRpby5UZXN0VG9vbHMuV2ViVGVzdGluZy5SdWxlcy5FeHRyYWN0VGV4dCwgTWljcm9zb2Z0LlZpc3VhbFN0dWRpby5RdWFsaXR5VG9vbHMuV2ViVGVzdEZyYW1ld29yaywgVmVyc2lvbj0xMC4wLjAuMCwgQ3VsdHVyZT1uZXV0cmFsLCBQdWJsaWNLZXlUb2tlbj1iMDNmNWY3ZjExZDUwYTNhIiBWYXJpYWJsZU5hbWU9IlF1ZXJ5U3RyaW5nUGFyYW00NTMxLmNtM3BwZCIgRGlzcGxheU5hbWU9IiIgRGVzY3JpcHRpb249IiI+DQogICAgICAgICAgPFJ1bGVQYXJhbWV0ZXJzPg0KICAgICAgICAgICAgPFJ1bGVQYXJhbWV0ZXIgTmFtZT0iU3RhcnRzV2l0aCIgVmFsdWU9IiZhbXA7Y20zcHBkPSIgLz4NCiAgICAgICAgICAgIDxSdWxlUGFyYW1ldGVyIE5hbWU9IkVuZHNXaXRoIiBWYWx1ZT0iJnF1b3Q7IiAvPg0KICAgICAgICAgICAgPFJ1bGVQYXJhbWV0ZXIgTmFtZT0iSW5kZXgiIFZhbHVlPSIwIiAvPg0KICAgICAgICAgICAgPFJ1bGVQYXJhbWV0ZXIgTmFtZT0iSWdub3JlQ2FzZSIgVmFsdWU9IkZhbHNlIiAvPg0KICAgICAgICAgICAgPFJ1bGVQYXJhbWV0ZXIgTmFtZT0iVXNlUmVndWxhckV4cHJlc3Npb24iIFZhbHVlPSJGYWxzZSIgLz4NCiAgICAgICAgICAgIDxSdWxlUGFyYW1ldGVyIE5hbWU9Ikh0bWxEZWNvZGUiIFZhbHVlPSJUcnVlIiAvPg0KICAgICAgICAgICAgPFJ1bGVQYXJhbWV0ZXIgTmFtZT0iUmVxdWlyZWQiIFZhbHVlPSJGYWxzZSIgLz4NCiAgICAgICAgICA8L1J1bGVQYXJhbWV0ZXJzPg0KICAgICAgICA8L0V4dHJhY3Rpb25SdWxlPg0KICAgICAgPC9Db3JyZWxhdGlvbkV4dHJhY3Rpb25SdWxlcz4NCiAgICA8L1JlcXVlc3Q+DQogICAgPFJlcXVlc3QgTWV0aG9kPSJQT1NUIiBHdWlkPSIzODBkOWNhZS0zYmYwLTQyNTAtODJlOS02NjljZjIxNjFiNzciIFZlcnNpb249IjEuMSIgVXJsPSJodHRwczovL3d3dy5tYXJrdHBsYWF0cy5ubC9tZXRyaWNzL2Rpc3BsYXkiIFRoaW5rVGltZT0iMCIgVGltZW91dD0iMzAwIiBQYXJzZURlcGVuZGVudFJlcXVlc3RzPSJUcnVlIiBGb2xsb3dSZWRpcmVjdHM9IlRydWUiIFJlY29yZFJlc3VsdD0iVHJ1ZSIgQ2FjaGU9IkZhbHNlIiBSZXNwb25zZVRpbWVHb2FsPSIwIiBFbmNvZGluZz0idXRmLTgiIEV4cGVjdGVkSHR0cFN0YXR1c0NvZGU9IjAiIEV4cGVjdGVkUmVzcG9uc2VVcmw9IiIgUmVwb3J0aW5nTmFtZT0iIiBJZ25vcmVIdHRwU3RhdHVzQ29kZT0iRmFsc2UiPg0KICAgICAgPEhlYWRlcnM+DQogICAgICAgIDxIZWFkZXIgTmFtZT0iUmVmZXJlciIgVmFsdWU9Imh0dHBzOi8vd3d3Lm1hcmt0cGxhYXRzLm5sLyIgLz4NCiAgICAgIDwvSGVhZGVycz4NCiAgICAgIDxTdHJpbmdIdHRwQm9keSBDb250ZW50VHlwZT0iYXBwbGljYXRpb24vanNvbiIgSW5zZXJ0Qnl0ZU9yZGVyTWFyaz0iRmFsc2UiPmV3QWlBSFlBYVFCeUFIUUFkUUJoQUd3QVZRQnlBR3dBSWdBNkFDSUFTQUJ2QUcwQVpRQndBR0VBWndCbEFDSUFMQUFpQUdJQWFRQmtBSE1BVWdCbEFIRUFkUUJsQUhNQWRBQmxBR1FBSWdBNkFEa0FOZ0ExQUgwQTwvU3RyaW5nSHR0cEJvZHk+DQogICAgPC9SZXF1ZXN0Pg0KICAgIDxSZXF1ZXN0IE1ldGhvZD0iR0VUIiBHdWlkPSJiZmQxNjU1Mi1jNjcyLTRiMjUtYmE4Yi0wNGZkYjgzNGIxOTUiIFZlcnNpb249IjEuMSIgVXJsPSJodHRwczovL2Rpcy5ldS5jcml0ZW8uY29tL2Rpcy9kaXMuYXNweCIgVGhpbmtUaW1lPSIwIiBUaW1lb3V0PSIzMDAiIFBhcnNlRGVwZW5kZW50UmVxdWVzdHM9IlRydWUiIEZvbGxvd1JlZGlyZWN0cz0iVHJ1ZSIgUmVjb3JkUmVzdWx0PSJUcnVlIiBDYWNoZT0iRmFsc2UiIFJlc3BvbnNlVGltZUdvYWw9IjAiIEVuY29kaW5nPSJ1dGYtOCIgRXhwZWN0ZWRIdHRwU3RhdHVzQ29kZT0iMCIgRXhwZWN0ZWRSZXNwb25zZVVybD0iIiBSZXBvcnRpbmdOYW1lPSIiIElnbm9yZUh0dHBTdGF0dXNDb2RlPSJGYWxzZSI+DQogICAgICA8SGVhZGVycz4NCiAgICAgICAgPEhlYWRlciBOYW1lPSJSZWZlcmVyIiBWYWx1ZT0iaHR0cHM6Ly93d3cubWFya3RwbGFhdHMubmwvIiAvPg0KICAgICAgPC9IZWFkZXJzPg0KICAgICAgPFF1ZXJ5U3RyaW5nUGFyYW1ldGVycz4NCiAgICAgICAgPFF1ZXJ5U3RyaW5nUGFyYW1ldGVyIE5hbWU9InAiIFZhbHVlPSIxMTEzNSIgUmVjb3JkZWRWYWx1ZT0iMTExMzUiIENvcnJlbGF0aW9uQmluZGluZz0iIiBVcmxFbmNvZGU9IkZhbHNlIiBVc2VUb0dyb3VwUmVzdWx0cz0iRmFsc2UiIC8+DQogICAgICAgIDxRdWVyeVN0cmluZ1BhcmFtZXRlciBOYW1lPSJjYiIgVmFsdWU9IjE4NDgxMTM4NTI3IiBSZWNvcmRlZFZhbHVlPSIxODQ4MTEzODUyNyIgQ29ycmVsYXRpb25CaW5kaW5nPSIiIFVybEVuY29kZT0iRmFsc2UiIFVzZVRvR3JvdXBSZXN1bHRzPSJGYWxzZSIgLz4NCiAgICAgICAgPFF1ZXJ5U3RyaW5nUGFyYW1ldGVyIE5hbWU9InJlZiIgVmFsdWU9Imh0dHBzJTNBJTJGJTJGd3d3Lm1hcmt0cGxhYXRzLm5sJTJGY29va2lld2FsbCUyRiUzRnRhcmdldCUzRGh0dHBzJTI1M0ElMjUyRiUyNTJGd3d3Lm1hcmt0cGxhYXRzLm5sJTI1MkYiIFJlY29yZGVkVmFsdWU9Imh0dHBzJTNBJTJGJTJGd3d3Lm1hcmt0cGxhYXRzLm5sJTJGY29va2lld2FsbCUyRiUzRnRhcmdldCUzRGh0dHBzJTI1M0ElMjUyRiUyNTJGd3d3Lm1hcmt0cGxhYXRzLm5sJTI1MkYiIENvcnJlbGF0aW9uQmluZGluZz0iIiBVcmxFbmNvZGU9IkZhbHNlIiBVc2VUb0dyb3VwUmVzdWx0cz0iRmFsc2UiIC8+DQogICAgICAgIDxRdWVyeVN0cmluZ1BhcmFtZXRlciBOYW1lPSJzY19yIiBWYWx1ZT0iMTUyN3g5NTUiIFJlY29yZGVkVmFsdWU9IjE1Mjd4OTU1IiBDb3JyZWxhdGlvbkJpbmRpbmc9IiIgVXJsRW5jb2RlPSJGYWxzZSIgVXNlVG9Hcm91cFJlc3VsdHM9IkZhbHNlIiAvPg0KICAgICAgICA8UXVlcnlTdHJpbmdQYXJhbWV0ZXIgTmFtZT0ic2NfZCIgVmFsdWU9IjI0IiBSZWNvcmRlZFZhbHVlPSIyNCIgQ29ycmVsYXRpb25CaW5kaW5nPSIiIFVybEVuY29kZT0iRmFsc2UiIFVzZVRvR3JvdXBSZXN1bHRzPSJGYWxzZSIgLz4NCiAgICAgIDwvUXVlcnlTdHJpbmdQYXJhbWV0ZXJzPg0KICAgIDwvUmVxdWVzdD4NCiAgICA8UmVxdWVzdCBNZXRob2Q9IlBPU1QiIEd1aWQ9ImJhNjA0ODUyLTFmNmUtNGM5Zi04ZWM4LWM3ZDNlMjA0OGRiMSIgVmVyc2lvbj0iMS4xIiBVcmw9Imh0dHBzOi8vd3d3Lm1hcmt0cGxhYXRzLm5sL21ldHJpY3MvZGlzcGxheSIgVGhpbmtUaW1lPSIwIiBUaW1lb3V0PSIzMDAiIFBhcnNlRGVwZW5kZW50UmVxdWVzdHM9IlRydWUiIEZvbGxvd1JlZGlyZWN0cz0iVHJ1ZSIgUmVjb3JkUmVzdWx0PSJUcnVlIiBDYWNoZT0iRmFsc2UiIFJlc3BvbnNlVGltZUdvYWw9IjAiIEVuY29kaW5nPSJ1dGYtOCIgRXhwZWN0ZWRIdHRwU3RhdHVzQ29kZT0iMCIgRXhwZWN0ZWRSZXNwb25zZVVybD0iIiBSZXBvcnRpbmdOYW1lPSIiIElnbm9yZUh0dHBTdGF0dXNDb2RlPSJGYWxzZSI+DQogICAgICA8SGVhZGVycz4NCiAgICAgICAgPEhlYWRlciBOYW1lPSJSZWZlcmVyIiBWYWx1ZT0iaHR0cHM6Ly93d3cubWFya3RwbGFhdHMubmwvIiAvPg0KICAgICAgPC9IZWFkZXJzPg0KICAgICAgPFN0cmluZ0h0dHBCb2R5IENvbnRlbnRUeXBlPSJhcHBsaWNhdGlvbi9qc29uIiBJbnNlcnRCeXRlT3JkZXJNYXJrPSJGYWxzZSI+ZXdBaUFIWUFhUUJ5QUhRQWRRQmhBR3dBVlFCeUFHd0FJZ0E2QUNJQVNBQnZBRzBBWlFCd0FHRUFad0JsQUNJQUxBQWlBR0VBWkFCekFGSUFaUUJ4QUhVQVpRQnpBSFFBWlFCa0FDSUFPZ0F4QURnQU9BQXpBSDBBPC9TdHJpbmdIdHRwQm9keT4NCiAgICA8L1JlcXVlc3Q+DQogICAgPFJlcXVlc3QgTWV0aG9kPSJHRVQiIEd1aWQ9ImM2NmMyZDFmLTBkYzEtNGQ4ZC1iNDI4LTMzZmUxNDZjMTJmNSIgVmVyc2lvbj0iMS4xIiBVcmw9Imh0dHBzOi8vbWFya3RwbGFhdHMuZGVtZGV4Lm5ldC9kZXN0NS5odG1sIiBUaGlua1RpbWU9IjAiIFRpbWVvdXQ9IjMwMCIgUGFyc2VEZXBlbmRlbnRSZXF1ZXN0cz0iVHJ1ZSIgRm9sbG93UmVkaXJlY3RzPSJUcnVlIiBSZWNvcmRSZXN1bHQ9IlRydWUiIENhY2hlPSJGYWxzZSIgUmVzcG9uc2VUaW1lR29hbD0iMCIgRW5jb2Rpbmc9InV0Zi04IiBFeHBlY3RlZEh0dHBTdGF0dXNDb2RlPSIwIiBFeHBlY3RlZFJlc3BvbnNlVXJsPSIiIFJlcG9ydGluZ05hbWU9IiIgSWdub3JlSHR0cFN0YXR1c0NvZGU9IkZhbHNlIj4NCiAgICAgIDxIZWFkZXJzPg0KICAgICAgICA8SGVhZGVyIE5hbWU9IlJlZmVyZXIiIFZhbHVlPSJodHRwczovL3d3dy5tYXJrdHBsYWF0cy5ubC8iIC8+DQogICAgICA8L0hlYWRlcnM+DQogICAgICA8UXVlcnlTdHJpbmdQYXJhbWV0ZXJzPg0KICAgICAgICA8UXVlcnlTdHJpbmdQYXJhbWV0ZXIgTmFtZT0iZF9uc2lkIiBWYWx1ZT0iMCIgUmVjb3JkZWRWYWx1ZT0iMCIgQ29ycmVsYXRpb25CaW5kaW5nPSIiIFVybEVuY29kZT0iRmFsc2UiIFVzZVRvR3JvdXBSZXN1bHRzPSJGYWxzZSIgLz4NCiAgICAgIDwvUXVlcnlTdHJpbmdQYXJhbWV0ZXJzPg0KICAgIDwvUmVxdWVzdD4NCiAgICA8UmVxdWVzdCBNZXRob2Q9IlBPU1QiIEd1aWQ9ImQzYjk1NzJkLTVhMWYtNDllNy1hM2UyLTkzNmYzM2IyODU3OCIgVmVyc2lvbj0iMS4xIiBVcmw9Imh0dHBzOi8vd3d3Lm1hcmt0cGxhYXRzLm5sL21ldHJpY3Mvc2l0ZXNwZWVkIiBUaGlua1RpbWU9IjAiIFRpbWVvdXQ9IjMwMCIgUGFyc2VEZXBlbmRlbnRSZXF1ZXN0cz0iVHJ1ZSIgRm9sbG93UmVkaXJlY3RzPSJUcnVlIiBSZWNvcmRSZXN1bHQ9IlRydWUiIENhY2hlPSJGYWxzZSIgUmVzcG9uc2VUaW1lR29hbD0iMCIgRW5jb2Rpbmc9InV0Zi04IiBFeHBlY3RlZEh0dHBTdGF0dXNDb2RlPSIwIiBFeHBlY3RlZFJlc3BvbnNlVXJsPSIiIFJlcG9ydGluZ05hbWU9IiIgSWdub3JlSHR0cFN0YXR1c0NvZGU9IkZhbHNlIj4NCiAgICAgIDxIZWFkZXJzPg0KICAgICAgICA8SGVhZGVyIE5hbWU9IkFjY2VwdCIgVmFsdWU9IiovKiIgLz4NCiAgICAgICAgPEhlYWRlciBOYW1lPSJYLVJlcXVlc3RlZC1XaXRoIiBWYWx1ZT0iWE1MSHR0cFJlcXVlc3QiIC8+DQogICAgICAgIDxIZWFkZXIgTmFtZT0iUmVmZXJlciIgVmFsdWU9Imh0dHBzOi8vd3d3Lm1hcmt0cGxhYXRzLm5sLyIgLz4NCiAgICAgIDwvSGVhZGVycz4NCiAgICAgIDxTdHJpbmdIdHRwQm9keSBDb250ZW50VHlwZT0iYXBwbGljYXRpb24vanNvbjsgY2hhcnNldD11dGYtOCIgSW5zZXJ0Qnl0ZU9yZGVyTWFyaz0iRmFsc2UiPmV3QWlBSFlBYVFCeUFIUUFkUUJoQUd3QVZRQnlBR3dBSWdBNkFDSUFMd0JJQUU4QVRRQkZBRkFBUVFCSEFFVUFJZ0FzQUNJQWRRQnpBR1VBY2dCQkFHY0FaUUJ1QUhRQVFnQnlBRzhBZHdCekFHVUFjZ0FpQURvQUlnQnRBRzhBZWdCcEFHd0FiQUJoQUM4QU5RQXVBREFBSUFBb0FIY0FhUUJ1QUdRQWJ3QjNBSE1BSUFCdUFIUUFJQUF4QURBQUxnQXdBRHNBSUFCM0FHOEFkd0EyQURRQU93QWdBSFFBY2dCcEFHUUFaUUJ1QUhRQUx3QTNBQzRBTUFBN0FDQUFMZ0J1QUdVQWRBQTBBQzRBTUFCakFEc0FJQUF1QUc0QVpRQjBBRFFBTGdBd0FHVUFPd0FnQUhjQVlnQjRBQ0FBTVFBdUFEQUFMZ0F3QURzQUlBQnlBSFlBT2dBeEFERUFMZ0F3QUNrQUlBQnNBR2tBYXdCbEFDQUFad0JsQUdNQWF3QnZBQ0lBTEFBaUFHa0Fjd0JOQUc4QVlnQnBBR3dBWlFBaUFEb0FaZ0JoQUd3QWN3QmxBQ3dBSWdCb0FHRUFjd0JRQUdVQWNnQm1BRzhBY2dCdEFHRUFiZ0JqQUdVQUlnQTZBSFFBY2dCMUFHVUFMQUFpQUdRQWJ3QnRBRk1BZEFCaEFISUFkQUFpQURvQU1RQTFBRElBT0FBNEFEQUFOZ0EwQURBQU1BQXpBRFFBTVFBc0FDSUFjZ0JsQUdRQWFRQnlBR1VBWXdCMEFGUUFhUUJ0QUdVQUlnQTZBRElBT1FBc0FDSUFZd0J2QUc0QWJnQmxBR01BZEFCVUFHa0FiUUJsQUNJQU9nQXdBQ3dBSWdCeUFHVUFjUUIxQUdVQWN3QjBBRlFBYVFCdEFHVUFJZ0E2QURFQU53QXdBQ3dBSWdCeUFHVUFjd0J3QUc4QWJnQnpBR1VBVkFCcEFHMEFaUUFpQURvQU9BQTVBQ3dBSWdCc0FHOEFZUUJrQUVVQWRnQmxBRzRBZEFCVUFHa0FiUUJsQUNJQU9nQXlBRGdBTkFBM0FDd0FJZ0JrQUc4QWJRQkRBRzhBYmdCMEFHVUFiZ0IwQUZRQWFRQnRBR1VBSWdBNkFERUFOUUF3QURBQUxBQWlBRzRBWlFCMEFIY0Fid0J5QUdzQVRBQmhBSFFBWlFCdUFHTUFlUUFpQURvQU1nQTJBRElBTEFBaUFISUFaUUJ1QUdRQVpRQnlBRlFBYVFCdEFHVUFJZ0E2QURJQU5nQTJBRGdBTEFBaUFIUUFid0IwQUdFQWJBQlFBR0VBWndCbEFFd0Fid0JoQUdRQUlnQTZBRElBT1FBMUFEa0FMQUFpQUdRQWJ3QnRBRU1BYndCdEFIQUFiQUJsQUhRQVpRQlVBR2tBYlFCbEFDSUFPZ0F5QURZQU53QXpBSDBBPC9TdHJpbmdIdHRwQm9keT4NCiAgICA8L1JlcXVlc3Q+DQogICAgPFJlcXVlc3QgTWV0aG9kPSJHRVQiIEd1aWQ9ImQ4MTQ0MWUyLTE0YWUtNDU4NS05MWRlLTA5YzMyZTFjMmRhZCIgVmVyc2lvbj0iMS4xIiBVcmw9Imh0dHBzOi8vc2VjdXJlcHViYWRzLmcuZG91YmxlY2xpY2submV0L3Bjcy92aWV3IiBUaGlua1RpbWU9IjAiIFRpbWVvdXQ9IjMwMCIgUGFyc2VEZXBlbmRlbnRSZXF1ZXN0cz0iVHJ1ZSIgRm9sbG93UmVkaXJlY3RzPSJUcnVlIiBSZWNvcmRSZXN1bHQ9IlRydWUiIENhY2hlPSJGYWxzZSIgUmVzcG9uc2VUaW1lR29hbD0iMCIgRW5jb2Rpbmc9InV0Zi04IiBFeHBlY3RlZEh0dHBTdGF0dXNDb2RlPSIwIiBFeHBlY3RlZFJlc3BvbnNlVXJsPSIiIFJlcG9ydGluZ05hbWU9IiIgSWdub3JlSHR0cFN0YXR1c0NvZGU9IkZhbHNlIj4NCiAgICAgIDxIZWFkZXJzPg0KICAgICAgICA8SGVhZGVyIE5hbWU9IlJlZmVyZXIiIFZhbHVlPSJodHRwczovL3d3dy5tYXJrdHBsYWF0cy5ubC8iIC8+DQogICAgICA8L0hlYWRlcnM+DQogICAgICA8UXVlcnlTdHJpbmdQYXJhbWV0ZXJzPg0KICAgICAgICA8UXVlcnlTdHJpbmdQYXJhbWV0ZXIgTmFtZT0ieGFpIiBWYWx1ZT0iQUtBT2pzczlkaENDMGFaX2NKdTVxeDBYTHdySk0tY3Y5N2M3YlJuTEs1SGpQXzA3dlFLRXpYWU9CM0RTNzhhWE5QX2FBaHkyMU9vVDZ1ZV9MYVVocjhWMFRrTk1semVjaEpaTU15Tmh5NGRPdTNBX2Ntd05yQzU2MmhlbDBDSjM3XzJSQTdIM3U5WXc1d1Mzc2Zqa1dyQWkwWnBDV3kxbl91T2x0dVRNWGNxMFFFRnhMWDZGOTFyYlpWa0FWMXZfSDlDNE53TzMzZEREMGRYR2VJRVZUU3o3R2YzUWtKSk90ZExQTXE5T29yS1pjdWc3Xy1IVldJblhoYXZTQzhfT0V0bC1MMEY3OWRub29nZXQxV3FpcWx6eW9hcjVoUmZteDRCUGR1eWxVaTVSYWFQVTNNRSIgUmVjb3JkZWRWYWx1ZT0iQUtBT2pzczlkaENDMGFaX2NKdTVxeDBYTHdySk0tY3Y5N2M3YlJuTEs1SGpQXzA3dlFLRXpYWU9CM0RTNzhhWE5QX2FBaHkyMU9vVDZ1ZV9MYVVocjhWMFRrTk1semVjaEpaTU15Tmh5NGRPdTNBX2Ntd05yQzU2MmhlbDBDSjM3XzJSQTdIM3U5WXc1d1Mzc2Zqa1dyQWkwWnBDV3kxbl91T2x0dVRNWGNxMFFFRnhMWDZGOTFyYlpWa0FWMXZfSDlDNE53TzMzZEREMGRYR2VJRVZUU3o3R2YzUWtKSk90ZExQTXE5T29yS1pjdWc3Xy1IVldJblhoYXZTQzhfT0V0bC1MMEY3OWRub29nZXQxV3FpcWx6eW9hcjVoUmZteDRCUGR1eWxVaTVSYWFQVTNNRSIgQ29ycmVsYXRpb25CaW5kaW5nPSIiIFVybEVuY29kZT0iRmFsc2UiIFVzZVRvR3JvdXBSZXN1bHRzPSJGYWxzZSIgLz4NCiAgICAgICAgPFF1ZXJ5U3RyaW5nUGFyYW1ldGVyIE5hbWU9InNhaSIgVmFsdWU9IkFNZmwtWVRBMkJDTi1aSFJaTThkcE8wNXhUMzFFU2Rpa05jaHJGc2s5Rk1ZaW5xbG1yaG9kd00wQzRqaWw1cjBoTU8tUHlQcVBKMC1RUFFQNHBsdG94UTdqLURPZk9QS3VkSFF3bjgzOHV0czlnIiBSZWNvcmRlZFZhbHVlPSJBTWZsLVlUQTJCQ04tWkhSWk04ZHBPMDV4VDMxRVNkaWtOY2hyRnNrOUZNWWlucWxtcmhvZHdNMEM0amlsNXIwaE1PLVB5UHFQSjAtUVBRUDRwbHRveFE3ai1ET2ZPUEt1ZEhRd244Mzh1dHM5ZyIgQ29ycmVsYXRpb25CaW5kaW5nPSIiIFVybEVuY29kZT0iRmFsc2UiIFVzZVRvR3JvdXBSZXN1bHRzPSJGYWxzZSIgLz4NCiAgICAgICAgPFF1ZXJ5U3RyaW5nUGFyYW1ldGVyIE5hbWU9InNpZyIgVmFsdWU9IkNnMEFyS0pTekpRcXhzM3FDRi1ERUFFIiBSZWNvcmRlZFZhbHVlPSJDZzBBcktKU3pKUXF4czNxQ0YtREVBRSIgQ29ycmVsYXRpb25CaW5kaW5nPSIiIFVybEVuY29kZT0iRmFsc2UiIFVzZVRvR3JvdXBSZXN1bHRzPSJGYWxzZSIgLz4NCiAgICAgICAgPFF1ZXJ5U3RyaW5nUGFyYW1ldGVyIE5hbWU9InVybGZpeCIgVmFsdWU9IjEiIFJlY29yZGVkVmFsdWU9IjEiIENvcnJlbGF0aW9uQmluZGluZz0iIiBVcmxFbmNvZGU9IkZhbHNlIiBVc2VUb0dyb3VwUmVzdWx0cz0iRmFsc2UiIC8+DQogICAgICAgIDxRdWVyeVN0cmluZ1BhcmFtZXRlciBOYW1lPSJhZHVybCIgVmFsdWU9IiIgUmVjb3JkZWRWYWx1ZT0iIiBDb3JyZWxhdGlvbkJpbmRpbmc9IiIgVXJsRW5jb2RlPSJGYWxzZSIgVXNlVG9Hcm91cFJlc3VsdHM9IkZhbHNlIiAvPg0KICAgICAgPC9RdWVyeVN0cmluZ1BhcmFtZXRlcnM+DQogICAgPC9SZXF1ZXN0Pg0KICAgIDxSZXF1ZXN0IE1ldGhvZD0iUE9TVCIgR3VpZD0iMGU4NTVjZWItMDg1YS00ZGNjLTlmM2ItNGQ1MWUzYmVjMTFmIiBWZXJzaW9uPSIxLjEiIFVybD0iaHR0cHM6Ly93d3cubWFya3RwbGFhdHMubmwvbWV0cmljcy9kaXNwbGF5IiBUaGlua1RpbWU9IjAiIFRpbWVvdXQ9IjMwMCIgUGFyc2VEZXBlbmRlbnRSZXF1ZXN0cz0iVHJ1ZSIgRm9sbG93UmVkaXJlY3RzPSJUcnVlIiBSZWNvcmRSZXN1bHQ9IlRydWUiIENhY2hlPSJGYWxzZSIgUmVzcG9uc2VUaW1lR29hbD0iMCIgRW5jb2Rpbmc9InV0Zi04IiBFeHBlY3RlZEh0dHBTdGF0dXNDb2RlPSIwIiBFeHBlY3RlZFJlc3BvbnNlVXJsPSIiIFJlcG9ydGluZ05hbWU9IiIgSWdub3JlSHR0cFN0YXR1c0NvZGU9IkZhbHNlIj4NCiAgICAgIDxIZWFkZXJzPg0KICAgICAgICA8SGVhZGVyIE5hbWU9IlJlZmVyZXIiIFZhbHVlPSJodHRwczovL3d3dy5tYXJrdHBsYWF0cy5ubC8iIC8+DQogICAgICA8L0hlYWRlcnM+DQogICAgICA8U3RyaW5nSHR0cEJvZHkgQ29udGVudFR5cGU9ImFwcGxpY2F0aW9uL2pzb24iIEluc2VydEJ5dGVPcmRlck1hcms9IkZhbHNlIj5ld0FpQUhZQWFRQnlBSFFBZFFCaEFHd0FWUUJ5QUd3QUlnQTZBQ0lBU0FCdkFHMEFaUUJ3QUdFQVp3QmxBQ0lBTEFBaUFITUFiQUJ2QUhRQVVnQmxBRzRBWkFCbEFISUFaUUJrQUNJQU9nQXpBRE1BT0FBeUFIMEE8L1N0cmluZ0h0dHBCb2R5Pg0KICAgIDwvUmVxdWVzdD4NCiAgICA8UmVxdWVzdCBNZXRob2Q9IkdFVCIgR3VpZD0iZmUwMjljZDctODE4ZC00MjdiLWFiZWItOWNkNzA4YmRjNjkxIiBWZXJzaW9uPSIxLjEiIFVybD0iaHR0cHM6Ly9zLmFtYXpvbi1hZHN5c3RlbS5jb20vdjMvcHIiIFRoaW5rVGltZT0iMCIgVGltZW91dD0iMzAwIiBQYXJzZURlcGVuZGVudFJlcXVlc3RzPSJUcnVlIiBGb2xsb3dSZWRpcmVjdHM9IlRydWUiIFJlY29yZFJlc3VsdD0iVHJ1ZSIgQ2FjaGU9IkZhbHNlIiBSZXNwb25zZVRpbWVHb2FsPSIwIiBFbmNvZGluZz0idXRmLTgiIEV4cGVjdGVkSHR0cFN0YXR1c0NvZGU9IjAiIEV4cGVjdGVkUmVzcG9uc2VVcmw9IiIgUmVwb3J0aW5nTmFtZT0iIiBJZ25vcmVIdHRwU3RhdHVzQ29kZT0iRmFsc2UiPg0KICAgICAgPEhlYWRlcnM+DQogICAgICAgIDxIZWFkZXIgTmFtZT0iUmVmZXJlciIgVmFsdWU9Imh0dHBzOi8vcy5hbWF6b24tYWRzeXN0ZW0uY29tL2l1Mz9jbTNwcGQ9MSZhbXA7ZD1kdGItcHViJmFtcDtkbD1hbiZhbXA7ZGNjPXQiIC8+DQogICAgICA8L0hlYWRlcnM+DQogICAgICA8Q29ycmVsYXRpb25FeHRyYWN0aW9uUnVsZXM+DQogICAgICAgIDxFeHRyYWN0aW9uUnVsZSBDbGFzc25hbWU9Ik1pY3Jvc29mdC5WaXN1YWxTdHVkaW8uVGVzdFRvb2xzLldlYlRlc3RpbmcuUnVsZXMuRXh0cmFjdFRleHQsIE1pY3Jvc29mdC5WaXN1YWxTdHVkaW8uUXVhbGl0eVRvb2xzLldlYlRlc3RGcmFtZXdvcmssIFZlcnNpb249MTAuMC4wLjAsIEN1bHR1cmU9bmV1dHJhbCwgUHVibGljS2V5VG9rZW49YjAzZjVmN2YxMWQ1MGEzYSIgVmFyaWFibGVOYW1lPSJRdWVyeVN0cmluZ1BhcmFtNTE1MS5odHRwczovL3MuYW1hem9uLWFkc3lzdGVtLmNvbS9lY20zP2lkIiBEaXNwbGF5TmFtZT0iIiBEZXNjcmlwdGlvbj0iIj4NCiAgICAgICAgICA8UnVsZVBhcmFtZXRlcnM+DQogICAgICAgICAgICA8UnVsZVBhcmFtZXRlciBOYW1lPSJTdGFydHNXaXRoIiBWYWx1ZT0iP2h0dHBzOi8vcy5hbWF6b24tYWRzeXN0ZW0uY29tL2VjbTM/aWQ9IiAvPg0KICAgICAgICAgICAgPFJ1bGVQYXJhbWV0ZXIgTmFtZT0iRW5kc1dpdGgiIFZhbHVlPSImYW1wOyIgLz4NCiAgICAgICAgICAgIDxSdWxlUGFyYW1ldGVyIE5hbWU9IkluZGV4IiBWYWx1ZT0iMCIgLz4NCiAgICAgICAgICAgIDxSdWxlUGFyYW1ldGVyIE5hbWU9Iklnbm9yZUNhc2UiIFZhbHVlPSJGYWxzZSIgLz4NCiAgICAgICAgICAgIDxSdWxlUGFyYW1ldGVyIE5hbWU9IlVzZVJlZ3VsYXJFeHByZXNzaW9uIiBWYWx1ZT0iRmFsc2UiIC8+DQogICAgICAgICAgICA8UnVsZVBhcmFtZXRlciBOYW1lPSJIdG1sRGVjb2RlIiBWYWx1ZT0iVHJ1ZSIgLz4NCiAgICAgICAgICAgIDxSdWxlUGFyYW1ldGVyIE5hbWU9IlJlcXVpcmVkIiBWYWx1ZT0iRmFsc2UiIC8+DQogICAgICAgICAgPC9SdWxlUGFyYW1ldGVycz4NCiAgICAgICAgPC9FeHRyYWN0aW9uUnVsZT4NCiAgICAgICAgPEV4dHJhY3Rpb25SdWxlIENsYXNzbmFtZT0iTWljcm9zb2Z0LlZpc3VhbFN0dWRpby5UZXN0VG9vbHMuV2ViVGVzdGluZy5SdWxlcy5FeHRyYWN0VGV4dCwgTWljcm9zb2Z0LlZpc3VhbFN0dWRpby5RdWFsaXR5VG9vbHMuV2ViVGVzdEZyYW1ld29yaywgVmVyc2lvbj0xMC4wLjAuMCwgQ3VsdHVyZT1uZXV0cmFsLCBQdWJsaWNLZXlUb2tlbj1iMDNmNWY3ZjExZDUwYTNhIiBWYXJpYWJsZU5hbWU9IlF1ZXJ5U3RyaW5nUGFyYW01MTUyLmV4IiBEaXNwbGF5TmFtZT0iIiBEZXNjcmlwdGlvbj0iIj4NCiAgICAgICAgICA8UnVsZVBhcmFtZXRlcnM+DQogICAgICAgICAgICA8UnVsZVBhcmFtZXRlciBOYW1lPSJTdGFydHNXaXRoIiBWYWx1ZT0iJmFtcDtleD0iIC8+DQogICAgICAgICAgICA8UnVsZVBhcmFtZXRlciBOYW1lPSJFbmRzV2l0aCIgVmFsdWU9IiZxdW90OyIgLz4NCiAgICAgICAgICAgIDxSdWxlUGFyYW1ldGVyIE5hbWU9IkluZGV4IiBWYWx1ZT0iMCIgLz4NCiAgICAgICAgICAgIDxSdWxlUGFyYW1ldGVyIE5hbWU9Iklnbm9yZUNhc2UiIFZhbHVlPSJGYWxzZSIgLz4NCiAgICAgICAgICAgIDxSdWxlUGFyYW1ldGVyIE5hbWU9IlVzZVJlZ3VsYXJFeHByZXNzaW9uIiBWYWx1ZT0iRmFsc2UiIC8+DQogICAgICAgICAgICA8UnVsZVBhcmFtZXRlciBOYW1lPSJIdG1sRGVjb2RlIiBWYWx1ZT0iVHJ1ZSIgLz4NCiAgICAgICAgICAgIDxSdWxlUGFyYW1ldGVyIE5hbWU9IlJlcXVpcmVkIiBWYWx1ZT0iRmFsc2UiIC8+DQogICAgICAgICAgPC9SdWxlUGFyYW1ldGVycz4NCiAgICAgICAgPC9FeHRyYWN0aW9uUnVsZT4NCiAgICAgIDwvQ29ycmVsYXRpb25FeHRyYWN0aW9uUnVsZXM+DQogICAgICA8UXVlcnlTdHJpbmdQYXJhbWV0ZXJzPg0KICAgICAgICA8UXVlcnlTdHJpbmdQYXJhbWV0ZXIgTmFtZT0iZXhsaXN0IiBWYWx1ZT0iYW4iIFJlY29yZGVkVmFsdWU9ImFuIiBDb3JyZWxhdGlvbkJpbmRpbmc9Int7UXVlcnlTdHJpbmdQYXJhbTQ1MjguZXhsaXN0fX0iIFVybEVuY29kZT0iRmFsc2UiIFVzZVRvR3JvdXBSZXN1bHRzPSJGYWxzZSIgLz4NCiAgICAgICAgPFF1ZXJ5U3RyaW5nUGFyYW1ldGVyIE5hbWU9ImZ2IiBWYWx1ZT0iMS4wIiBSZWNvcmRlZFZhbHVlPSIxLjAiIENvcnJlbGF0aW9uQmluZGluZz0ie3tRdWVyeVN0cmluZ1BhcmFtNDUyOS5mdn19IiBVcmxFbmNvZGU9IkZhbHNlIiBVc2VUb0dyb3VwUmVzdWx0cz0iRmFsc2UiIC8+DQogICAgICAgIDxRdWVyeVN0cmluZ1BhcmFtZXRlciBOYW1lPSJhIiBWYWx1ZT0iY20iIFJlY29yZGVkVmFsdWU9ImNtIiBDb3JyZWxhdGlvbkJpbmRpbmc9Int7UXVlcnlTdHJpbmdQYXJhbTQ1MzAuYX19IiBVcmxFbmNvZGU9IkZhbHNlIiBVc2VUb0dyb3VwUmVzdWx0cz0iRmFsc2UiIC8+DQogICAgICAgIDxRdWVyeVN0cmluZ1BhcmFtZXRlciBOYW1lPSJjbTNwcGQiIFZhbHVlPSIxIiBSZWNvcmRlZFZhbHVlPSIxIiBDb3JyZWxhdGlvbkJpbmRpbmc9Int7UXVlcnlTdHJpbmdQYXJhbTQ1MzEuY20zcHBkfX0iIFVybEVuY29kZT0iRmFsc2UiIFVzZVRvR3JvdXBSZXN1bHRzPSJGYWxzZSIgLz4NCiAgICAgIDwvUXVlcnlTdHJpbmdQYXJhbWV0ZXJzPg0KICAgIDwvUmVxdWVzdD4NCiAgICA8UmVxdWVzdCBNZXRob2Q9IkdFVCIgR3VpZD0iNTBmYzc4N2ItOTViOC00YWIwLWE4MTYtZDc3MmU2YmQ1ODY0IiBWZXJzaW9uPSIxLjEiIFVybD0iaHR0cHM6Ly9zZWN1cmVwdWJhZHMuZy5kb3VibGVjbGljay5uZXQvcGNzL3ZpZXciIFRoaW5rVGltZT0iMCIgVGltZW91dD0iMzAwIiBQYXJzZURlcGVuZGVudFJlcXVlc3RzPSJUcnVlIiBGb2xsb3dSZWRpcmVjdHM9IlRydWUiIFJlY29yZFJlc3VsdD0iVHJ1ZSIgQ2FjaGU9IkZhbHNlIiBSZXNwb25zZVRpbWVHb2FsPSIwIiBFbmNvZGluZz0idXRmLTgiIEV4cGVjdGVkSHR0cFN0YXR1c0NvZGU9IjAiIEV4cGVjdGVkUmVzcG9uc2VVcmw9IiIgUmVwb3J0aW5nTmFtZT0iIiBJZ25vcmVIdHRwU3RhdHVzQ29kZT0iRmFsc2UiPg0KICAgICAgPEhlYWRlcnM+DQogICAgICAgIDxIZWFkZXIgTmFtZT0iUmVmZXJlciIgVmFsdWU9Imh0dHBzOi8vd3d3Lm1hcmt0cGxhYXRzLm5sLyIgLz4NCiAgICAgIDwvSGVhZGVycz4NCiAgICAgIDxRdWVyeVN0cmluZ1BhcmFtZXRlcnM+DQogICAgICAgIDxRdWVyeVN0cmluZ1BhcmFtZXRlciBOYW1lPSJ4YWkiIFZhbHVlPSJBS0FPanN1X3JmeGF4Qml0a0VJQ1UyWFlnOU9QOHo0Ujd6YUp3NnNwTjQ3aU9IZEY3TXNmS192Mm5idjFDMjdlWDN0Z3M0RE9oemlqNjBneVNNRzFwVG5nREZvSkxTa08wb19qVFZCNThQTnNoVlo2MWVpUFBnbVRQa0NoOVluWEFEZmEySXdrdDgxenFDdllzVGhvZVcyaTZCVmNNaFBsdG44eVU5YlYzZjQ0YjJxcmE3YkRKejl1ZTNyYXhIWTYzdkM2U3B4MVNrNDJQZWdFdWZvZkJZUm9lSTMya19rS3lmeWhvSElwRFgwenQwVTRrU2xINzdzbVRXNlNKdzRCTURUOUxTbVE2TW5OVWNlVTNMYjdoSjhtRzFSdEpReHRYc0VuREpvLVpzY1ZHc25QVVJ3QWZnIiBSZWNvcmRlZFZhbHVlPSJBS0FPanN1X3JmeGF4Qml0a0VJQ1UyWFlnOU9QOHo0Ujd6YUp3NnNwTjQ3aU9IZEY3TXNmS192Mm5idjFDMjdlWDN0Z3M0RE9oemlqNjBneVNNRzFwVG5nREZvSkxTa08wb19qVFZCNThQTnNoVlo2MWVpUFBnbVRQa0NoOVluWEFEZmEySXdrdDgxenFDdllzVGhvZVcyaTZCVmNNaFBsdG44eVU5YlYzZjQ0YjJxcmE3YkRKejl1ZTNyYXhIWTYzdkM2U3B4MVNrNDJQZWdFdWZvZkJZUm9lSTMya19rS3lmeWhvSElwRFgwenQwVTRrU2xINzdzbVRXNlNKdzRCTURUOUxTbVE2TW5OVWNlVTNMYjdoSjhtRzFSdEpReHRYc0VuREpvLVpzY1ZHc25QVVJ3QWZnIiBDb3JyZWxhdGlvbkJpbmRpbmc9IiIgVXJsRW5jb2RlPSJGYWxzZSIgVXNlVG9Hcm91cFJlc3VsdHM9IkZhbHNlIiAvPg0KICAgICAgICA8UXVlcnlTdHJpbmdQYXJhbWV0ZXIgTmFtZT0ic2FpIiBWYWx1ZT0iQU1mbC1ZU2hHbzVERVV6ZnZMZXZ4ZEVIYnkyWFpKamhsa194cXUtbEl1Z0VDYk1iNWlxRUtUUTVBT2pRVTdlRlZXSllCWmRrNkFYR2gtWGx4YUJtUHRJc0R6aGtUM2lmcnU3bHJqSmNpWEltcmciIFJlY29yZGVkVmFsdWU9IkFNZmwtWVNoR281REVVemZ2TGV2eGRFSGJ5MlhaSmpobGtfeHF1LWxJdWdFQ2JNYjVpcUVLVFE1QU9qUVU3ZUZWV0pZQlpkazZBWEdoLVhseGFCbVB0SXNEemhrVDNpZnJ1N2xyakpjaVhJbXJnIiBDb3JyZWxhdGlvbkJpbmRpbmc9IiIgVXJsRW5jb2RlPSJGYWxzZSIgVXNlVG9Hcm91cFJlc3VsdHM9IkZhbHNlIiAvPg0KICAgICAgICA8UXVlcnlTdHJpbmdQYXJhbWV0ZXIgTmFtZT0ic2lnIiBWYWx1ZT0iQ2cwQXJLSlN6RHVzWTJDYk1BcHhFQUUiIFJlY29yZGVkVmFsdWU9IkNnMEFyS0pTekR1c1kyQ2JNQXB4RUFFIiBDb3JyZWxhdGlvbkJpbmRpbmc9IiIgVXJsRW5jb2RlPSJGYWxzZSIgVXNlVG9Hcm91cFJlc3VsdHM9IkZhbHNlIiAvPg0KICAgICAgICA8UXVlcnlTdHJpbmdQYXJhbWV0ZXIgTmFtZT0idXJsZml4IiBWYWx1ZT0iMSIgUmVjb3JkZWRWYWx1ZT0iMSIgQ29ycmVsYXRpb25CaW5kaW5nPSIiIFVybEVuY29kZT0iRmFsc2UiIFVzZVRvR3JvdXBSZXN1bHRzPSJGYWxzZSIgLz4NCiAgICAgICAgPFF1ZXJ5U3RyaW5nUGFyYW1ldGVyIE5hbWU9ImFkdXJsIiBWYWx1ZT0iIiBSZWNvcmRlZFZhbHVlPSIiIENvcnJlbGF0aW9uQmluZGluZz0iIiBVcmxFbmNvZGU9IkZhbHNlIiBVc2VUb0dyb3VwUmVzdWx0cz0iRmFsc2UiIC8+DQogICAgICA8L1F1ZXJ5U3RyaW5nUGFyYW1ldGVycz4NCiAgICA8L1JlcXVlc3Q+DQogICAgPFJlcXVlc3QgTWV0aG9kPSJQT1NUIiBHdWlkPSJlOTRkNDBmMy1kZDU2LTRkOTYtODNmZi1jMDU5ZmI5YzlmM2MiIFZlcnNpb249IjEuMSIgVXJsPSJodHRwczovL3d3dy5tYXJrdHBsYWF0cy5ubC9tZXRyaWNzL2Rpc3BsYXkiIFRoaW5rVGltZT0iMCIgVGltZW91dD0iMzAwIiBQYXJzZURlcGVuZGVudFJlcXVlc3RzPSJUcnVlIiBGb2xsb3dSZWRpcmVjdHM9IlRydWUiIFJlY29yZFJlc3VsdD0iVHJ1ZSIgQ2FjaGU9IkZhbHNlIiBSZXNwb25zZVRpbWVHb2FsPSIwIiBFbmNvZGluZz0idXRmLTgiIEV4cGVjdGVkSHR0cFN0YXR1c0NvZGU9IjAiIEV4cGVjdGVkUmVzcG9uc2VVcmw9IiIgUmVwb3J0aW5nTmFtZT0iIiBJZ25vcmVIdHRwU3RhdHVzQ29kZT0iRmFsc2UiPg0KICAgICAgPEhlYWRlcnM+DQogICAgICAgIDxIZWFkZXIgTmFtZT0iUmVmZXJlciIgVmFsdWU9Imh0dHBzOi8vd3d3Lm1hcmt0cGxhYXRzLm5sLyIgLz4NCiAgICAgIDwvSGVhZGVycz4NCiAgICAgIDxTdHJpbmdIdHRwQm9keSBDb250ZW50VHlwZT0iYXBwbGljYXRpb24vanNvbiIgSW5zZXJ0Qnl0ZU9yZGVyTWFyaz0iRmFsc2UiPmV3QWlBSFlBYVFCeUFIUUFkUUJoQUd3QVZRQnlBR3dBSWdBNkFDSUFTQUJ2QUcwQVpRQndBR0VBWndCbEFDSUFMQUFpQUhNQWJBQnZBSFFBVWdCbEFHNEFaQUJsQUhJQVpRQmtBQ0lBT2dBekFEUUFNQUExQUgwQTwvU3RyaW5nSHR0cEJvZHk+DQogICAgPC9SZXF1ZXN0Pg0KICAgIDxSZXF1ZXN0IE1ldGhvZD0iR0VUIiBHdWlkPSIxNDI3NmQxYS1hN2YwLTQ2ZmEtYjg4Ny05ODZhMGQyNzQxN2EiIFZlcnNpb249IjEuMSIgVXJsPSJodHRwczovL21hcmt0cGxhYXRzLmRlbWRleC5uZXQvZGVzdDUuaHRtbCIgVGhpbmtUaW1lPSIwIiBUaW1lb3V0PSIzMDAiIFBhcnNlRGVwZW5kZW50UmVxdWVzdHM9IlRydWUiIEZvbGxvd1JlZGlyZWN0cz0iVHJ1ZSIgUmVjb3JkUmVzdWx0PSJUcnVlIiBDYWNoZT0iRmFsc2UiIFJlc3BvbnNlVGltZUdvYWw9IjAiIEVuY29kaW5nPSJ1dGYtOCIgRXhwZWN0ZWRIdHRwU3RhdHVzQ29kZT0iMCIgRXhwZWN0ZWRSZXNwb25zZVVybD0iIiBSZXBvcnRpbmdOYW1lPSIiIElnbm9yZUh0dHBTdGF0dXNDb2RlPSJGYWxzZSI+DQogICAgICA8SGVhZGVycz4NCiAgICAgICAgPEhlYWRlciBOYW1lPSJSZWZlcmVyIiBWYWx1ZT0iaHR0cHM6Ly93d3cubWFya3RwbGFhdHMubmwvIiAvPg0KICAgICAgPC9IZWFkZXJzPg0KICAgICAgPFF1ZXJ5U3RyaW5nUGFyYW1ldGVycz4NCiAgICAgICAgPFF1ZXJ5U3RyaW5nUGFyYW1ldGVyIE5hbWU9ImRfbnNpZCIgVmFsdWU9InVuZGVmaW5lZCIgUmVjb3JkZWRWYWx1ZT0idW5kZWZpbmVkIiBDb3JyZWxhdGlvbkJpbmRpbmc9IiIgVXJsRW5jb2RlPSJGYWxzZSIgVXNlVG9Hcm91cFJlc3VsdHM9IkZhbHNlIiAvPg0KICAgICAgPC9RdWVyeVN0cmluZ1BhcmFtZXRlcnM+DQogICAgPC9SZXF1ZXN0Pg0KICAgIDxSZXF1ZXN0IE1ldGhvZD0iUE9TVCIgR3VpZD0iZmY4ODRkODQtZjYyZS00NDAxLWJjMzgtOGYyYTA0M2YzM2NlIiBWZXJzaW9uPSIxLjEiIFVybD0iaHR0cHM6Ly9tYXJrdHBsYWF0cy5kZW1kZXgubmV0L2V2ZW50IiBUaGlua1RpbWU9IjAiIFRpbWVvdXQ9IjMwMCIgUGFyc2VEZXBlbmRlbnRSZXF1ZXN0cz0iVHJ1ZSIgRm9sbG93UmVkaXJlY3RzPSJUcnVlIiBSZWNvcmRSZXN1bHQ9IlRydWUiIENhY2hlPSJGYWxzZSIgUmVzcG9uc2VUaW1lR29hbD0iMCIgRW5jb2Rpbmc9InV0Zi04IiBFeHBlY3RlZEh0dHBTdGF0dXNDb2RlPSIwIiBFeHBlY3RlZFJlc3BvbnNlVXJsPSIiIFJlcG9ydGluZ05hbWU9IiIgSWdub3JlSHR0cFN0YXR1c0NvZGU9IkZhbHNlIj4NCiAgICAgIDxIZWFkZXJzPg0KICAgICAgICA8SGVhZGVyIE5hbWU9IlJlZmVyZXIiIFZhbHVlPSJodHRwczovL3d3dy5tYXJrdHBsYWF0cy5ubC8iIC8+DQogICAgICA8L0hlYWRlcnM+DQogICAgICA8UXVlcnlTdHJpbmdQYXJhbWV0ZXJzPg0KICAgICAgICA8UXVlcnlTdHJpbmdQYXJhbWV0ZXIgTmFtZT0iX3RzIiBWYWx1ZT0iMTUyODgwNjQwMzM5NSIgUmVjb3JkZWRWYWx1ZT0iMTUyODgwNjQwMzM5NSIgQ29ycmVsYXRpb25CaW5kaW5nPSIiIFVybEVuY29kZT0iRmFsc2UiIFVzZVRvR3JvdXBSZXN1bHRzPSJGYWxzZSIgLz4NCiAgICAgIDwvUXVlcnlTdHJpbmdQYXJhbWV0ZXJzPg0KICAgICAgPEZvcm1Qb3N0SHR0cEJvZHk+DQogICAgICAgIDxGb3JtUG9zdFBhcmFtZXRlciBOYW1lPSJkX21pZCIgVmFsdWU9IjQwNjY3OTc1MTk2NDI0NDI1MDg0NTkyMTEyMDI1NjE2NTU2NzM3IiBSZWNvcmRlZFZhbHVlPSI0MDY2Nzk3NTE5NjQyNDQyNTA4NDU5MjExMjAyNTYxNjU1NjczNyIgQ29ycmVsYXRpb25CaW5kaW5nPSIiIFVybEVuY29kZT0iVHJ1ZSIgLz4NCiAgICAgICAgPEZvcm1Qb3N0UGFyYW1ldGVyIE5hbWU9ImRfbnNpZCIgVmFsdWU9IjAiIFJlY29yZGVkVmFsdWU9IjAiIENvcnJlbGF0aW9uQmluZGluZz0ie3tGb3JtUG9zdFBhcmFtMS5kX25zaWR9fSIgVXJsRW5jb2RlPSJUcnVlIiAvPg0KICAgICAgICA8Rm9ybVBvc3RQYXJhbWV0ZXIgTmFtZT0iZF9sZCIgVmFsdWU9Il90cz0xNTI4ODA2NDAzMzk0IiBSZWNvcmRlZFZhbHVlPSJfdHM9MTUyODgwNjQwMzM5NCIgQ29ycmVsYXRpb25CaW5kaW5nPSIiIFVybEVuY29kZT0iVHJ1ZSIgLz4NCiAgICAgICAgPEZvcm1Qb3N0UGFyYW1ldGVyIE5hbWU9ImRfcnRiZCIgVmFsdWU9Impzb24iIFJlY29yZGVkVmFsdWU9Impzb24iIENvcnJlbGF0aW9uQmluZGluZz0iIiBVcmxFbmNvZGU9IlRydWUiIC8+DQogICAgICAgIDxGb3JtUG9zdFBhcmFtZXRlciBOYW1lPSJkX2pzb252IiBWYWx1ZT0iMSIgUmVjb3JkZWRWYWx1ZT0iMSIgQ29ycmVsYXRpb25CaW5kaW5nPSJ7e0Zvcm1Qb3N0UGFyYW0yLmRfanNvbnZ9fSIgVXJsRW5jb2RlPSJUcnVlIiAvPg0KICAgICAgICA8Rm9ybVBvc3RQYXJhbWV0ZXIgTmFtZT0iZF9kc3QiIFZhbHVlPSIxIiBSZWNvcmRlZFZhbHVlPSIxIiBDb3JyZWxhdGlvbkJpbmRpbmc9Int7Rm9ybVBvc3RQYXJhbTMuZF9kc3R9fSIgVXJsRW5jb2RlPSJUcnVlIiAvPg0KICAgICAgPC9Gb3JtUG9zdEh0dHBCb2R5Pg0KICAgIDwvUmVxdWVzdD4NCiAgICA8UmVxdWVzdCBNZXRob2Q9IkdFVCIgR3VpZD0iOTZhNmI3MTEtMzU1Zi00NmQ1LTgzNDYtOTk2N2Y2ZmViYWVhIiBWZXJzaW9uPSIxLjEiIFVybD0iaHR0cHM6Ly9jbnRyLmFkcmNudHIuY29tLy9pLyIgVGhpbmtUaW1lPSIwIiBUaW1lb3V0PSIzMDAiIFBhcnNlRGVwZW5kZW50UmVxdWVzdHM9IlRydWUiIEZvbGxvd1JlZGlyZWN0cz0iVHJ1ZSIgUmVjb3JkUmVzdWx0PSJUcnVlIiBDYWNoZT0iRmFsc2UiIFJlc3BvbnNlVGltZUdvYWw9IjAiIEVuY29kaW5nPSJ1dGYtOCIgRXhwZWN0ZWRIdHRwU3RhdHVzQ29kZT0iMCIgRXhwZWN0ZWRSZXNwb25zZVVybD0iIiBSZXBvcnRpbmdOYW1lPSIiIElnbm9yZUh0dHBTdGF0dXNDb2RlPSJGYWxzZSI+DQogICAgICA8SGVhZGVycz4NCiAgICAgICAgPEhlYWRlciBOYW1lPSJSZWZlcmVyIiBWYWx1ZT0iaHR0cHM6Ly93d3cubWFya3RwbGFhdHMubmwvIiAvPg0KICAgICAgPC9IZWFkZXJzPg0KICAgICAgPFF1ZXJ5U3RyaW5nUGFyYW1ldGVycz4NCiAgICAgICAgPFF1ZXJ5U3RyaW5nUGFyYW1ldGVyIE5hbWU9ImlkIiBWYWx1ZT0iMWZlNTA1ZTFhYWNkYTU5MmM0ZWExZDA5Njk0NzJlZTIiIFJlY29yZGVkVmFsdWU9IjFmZTUwNWUxYWFjZGE1OTJjNGVhMWQwOTY5NDcyZWUyIiBDb3JyZWxhdGlvbkJpbmRpbmc9IiIgVXJsRW5jb2RlPSJGYWxzZSIgVXNlVG9Hcm91cFJlc3VsdHM9IkZhbHNlIiAvPg0KICAgICAgICA8UXVlcnlTdHJpbmdQYXJhbWV0ZXIgTmFtZT0iY2kiIFZhbHVlPSIiIFJlY29yZGVkVmFsdWU9IiIgQ29ycmVsYXRpb25CaW5kaW5nPSIiIFVybEVuY29kZT0iRmFsc2UiIFVzZVRvR3JvdXBSZXN1bHRzPSJGYWxzZSIgLz4NCiAgICAgICAgPFF1ZXJ5U3RyaW5nUGFyYW1ldGVyIE5hbWU9ImhvIiBWYWx1ZT0id3d3Lm1hcmt0cGxhYXRzLm5sIiBSZWNvcmRlZFZhbHVlPSJ3d3cubWFya3RwbGFhdHMubmwiIENvcnJlbGF0aW9uQmluZGluZz0iIiBVcmxFbmNvZGU9IkZhbHNlIiBVc2VUb0dyb3VwUmVzdWx0cz0iRmFsc2UiIC8+DQogICAgICAgIDxRdWVyeVN0cmluZ1BhcmFtZXRlciBOYW1lPSJwbCIgVmFsdWU9ImRlZmF1bHQiIFJlY29yZGVkVmFsdWU9ImRlZmF1bHQiIENvcnJlbGF0aW9uQmluZGluZz0iIiBVcmxFbmNvZGU9IkZhbHNlIiBVc2VUb0dyb3VwUmVzdWx0cz0iRmFsc2UiIC8+DQogICAgICAgIDxRdWVyeVN0cmluZ1BhcmFtZXRlciBOYW1lPSJmbCIgVmFsdWU9IjI5IiBSZWNvcmRlZFZhbHVlPSIyOSIgQ29ycmVsYXRpb25CaW5kaW5nPSIiIFVybEVuY29kZT0iRmFsc2UiIFVzZVRvR3JvdXBSZXN1bHRzPSJGYWxzZSIgLz4NCiAgICAgICAgPFF1ZXJ5U3RyaW5nUGFyYW1ldGVyIE5hbWU9InN3IiBWYWx1ZT0iMTUyNyIgUmVjb3JkZWRWYWx1ZT0iMTUyNyIgQ29ycmVsYXRpb25CaW5kaW5nPSIiIFVybEVuY29kZT0iRmFsc2UiIFVzZVRvR3JvdXBSZXN1bHRzPSJGYWxzZSIgLz4NCiAgICAgICAgPFF1ZXJ5U3RyaW5nUGFyYW1ldGVyIE5hbWU9InNoIiBWYWx1ZT0iOTU1IiBSZWNvcmRlZFZhbHVlPSI5NTUiIENvcnJlbGF0aW9uQmluZGluZz0iIiBVcmxFbmNvZGU9IkZhbHNlIiBVc2VUb0dyb3VwUmVzdWx0cz0iRmFsc2UiIC8+DQogICAgICAgIDxRdWVyeVN0cmluZ1BhcmFtZXRlciBOYW1lPSJydCIgVmFsdWU9InMiIFJlY29yZGVkVmFsdWU9InMiIENvcnJlbGF0aW9uQmluZGluZz0iIiBVcmxFbmNvZGU9IkZhbHNlIiBVc2VUb0dyb3VwUmVzdWx0cz0iRmFsc2UiIC8+DQogICAgICAgIDxRdWVyeVN0cmluZ1BhcmFtZXRlciBOYW1lPSJkbnQiIFZhbHVlPSIwIiBSZWNvcmRlZFZhbHVlPSIwIiBDb3JyZWxhdGlvbkJpbmRpbmc9IiIgVXJsRW5jb2RlPSJGYWxzZSIgVXNlVG9Hcm91cFJlc3VsdHM9IkZhbHNlIiAvPg0KICAgICAgICA8UXVlcnlTdHJpbmdQYXJhbWV0ZXIgTmFtZT0icm4iIFZhbHVlPSI4NzQ5OTMxNDAiIFJlY29yZGVkVmFsdWU9Ijg3NDk5MzE0MCIgQ29ycmVsYXRpb25CaW5kaW5nPSIiIFVybEVuY29kZT0iRmFsc2UiIFVzZVRvR3JvdXBSZXN1bHRzPSJGYWxzZSIgLz4NCiAgICAgICAgPFF1ZXJ5U3RyaW5nUGFyYW1ldGVyIE5hbWU9ImNhIiBWYWx1ZT0iOTEzODQ1OTk2NjAiIFJlY29yZGVkVmFsdWU9IjkxMzg0NTk5NjYwIiBDb3JyZWxhdGlvbkJpbmRpbmc9IiIgVXJsRW5jb2RlPSJGYWxzZSIgVXNlVG9Hcm91cFJlc3VsdHM9IkZhbHNlIiAvPg0KICAgICAgPC9RdWVyeVN0cmluZ1BhcmFtZXRlcnM+DQogICAgPC9SZXF1ZXN0Pg0KICAgIDxSZXF1ZXN0IE1ldGhvZD0iR0VUIiBHdWlkPSI3OTU2NTVhNS1hMTgxLTQ1NmItODVlNS0xZjFkM2YwMjUzODEiIFZlcnNpb249IjEuMSIgVXJsPSJodHRwczovL2NudHIuYWRyY250ci5jb20vL2kvIiBUaGlua1RpbWU9IjAiIFRpbWVvdXQ9IjMwMCIgUGFyc2VEZXBlbmRlbnRSZXF1ZXN0cz0iVHJ1ZSIgRm9sbG93UmVkaXJlY3RzPSJUcnVlIiBSZWNvcmRSZXN1bHQ9IlRydWUiIENhY2hlPSJGYWxzZSIgUmVzcG9uc2VUaW1lR29hbD0iMCIgRW5jb2Rpbmc9InV0Zi04IiBFeHBlY3RlZEh0dHBTdGF0dXNDb2RlPSIwIiBFeHBlY3RlZFJlc3BvbnNlVXJsPSIiIFJlcG9ydGluZ05hbWU9IiIgSWdub3JlSHR0cFN0YXR1c0NvZGU9IkZhbHNlIj4NCiAgICAgIDxIZWFkZXJzPg0KICAgICAgICA8SGVhZGVyIE5hbWU9IlJlZmVyZXIiIFZhbHVlPSJodHRwczovL3d3dy5tYXJrdHBsYWF0cy5ubC8iIC8+DQogICAgICA8L0hlYWRlcnM+DQogICAgICA8UXVlcnlTdHJpbmdQYXJhbWV0ZXJzPg0KICAgICAgICA8UXVlcnlTdHJpbmdQYXJhbWV0ZXIgTmFtZT0iaWQiIFZhbHVlPSI5YmM1ODRjMzAwY2VmNDEyMjgxNGJiNTE1MDZiNWIxMiIgUmVjb3JkZWRWYWx1ZT0iOWJjNTg0YzMwMGNlZjQxMjI4MTRiYjUxNTA2YjViMTIiIENvcnJlbGF0aW9uQmluZGluZz0iIiBVcmxFbmNvZGU9IkZhbHNlIiBVc2VUb0dyb3VwUmVzdWx0cz0iRmFsc2UiIC8+DQogICAgICAgIDxRdWVyeVN0cmluZ1BhcmFtZXRlciBOYW1lPSJjaSIgVmFsdWU9IiIgUmVjb3JkZWRWYWx1ZT0iIiBDb3JyZWxhdGlvbkJpbmRpbmc9IiIgVXJsRW5jb2RlPSJGYWxzZSIgVXNlVG9Hcm91cFJlc3VsdHM9IkZhbHNlIiAvPg0KICAgICAgICA8UXVlcnlTdHJpbmdQYXJhbWV0ZXIgTmFtZT0iaG8iIFZhbHVlPSJ3d3cubWFya3RwbGFhdHMubmwiIFJlY29yZGVkVmFsdWU9Ind3dy5tYXJrdHBsYWF0cy5ubCIgQ29ycmVsYXRpb25CaW5kaW5nPSIiIFVybEVuY29kZT0iRmFsc2UiIFVzZVRvR3JvdXBSZXN1bHRzPSJGYWxzZSIgLz4NCiAgICAgICAgPFF1ZXJ5U3RyaW5nUGFyYW1ldGVyIE5hbWU9InBsIiBWYWx1ZT0iZGVmYXVsdCIgUmVjb3JkZWRWYWx1ZT0iZGVmYXVsdCIgQ29ycmVsYXRpb25CaW5kaW5nPSIiIFVybEVuY29kZT0iRmFsc2UiIFVzZVRvR3JvdXBSZXN1bHRzPSJGYWxzZSIgLz4NCiAgICAgICAgPFF1ZXJ5U3RyaW5nUGFyYW1ldGVyIE5hbWU9ImZsIiBWYWx1ZT0iMjkiIFJlY29yZGVkVmFsdWU9IjI5IiBDb3JyZWxhdGlvbkJpbmRpbmc9IiIgVXJsRW5jb2RlPSJGYWxzZSIgVXNlVG9Hcm91cFJlc3VsdHM9IkZhbHNlIiAvPg0KICAgICAgICA8UXVlcnlTdHJpbmdQYXJhbWV0ZXIgTmFtZT0ic3ciIFZhbHVlPSIxNTI3IiBSZWNvcmRlZFZhbHVlPSIxNTI3IiBDb3JyZWxhdGlvbkJpbmRpbmc9IiIgVXJsRW5jb2RlPSJGYWxzZSIgVXNlVG9Hcm91cFJlc3VsdHM9IkZhbHNlIiAvPg0KICAgICAgICA8UXVlcnlTdHJpbmdQYXJhbWV0ZXIgTmFtZT0ic2giIFZhbHVlPSI5NTUiIFJlY29yZGVkVmFsdWU9Ijk1NSIgQ29ycmVsYXRpb25CaW5kaW5nPSIiIFVybEVuY29kZT0iRmFsc2UiIFVzZVRvR3JvdXBSZXN1bHRzPSJGYWxzZSIgLz4NCiAgICAgICAgPFF1ZXJ5U3RyaW5nUGFyYW1ldGVyIE5hbWU9InJ0IiBWYWx1ZT0icyIgUmVjb3JkZWRWYWx1ZT0icyIgQ29ycmVsYXRpb25CaW5kaW5nPSIiIFVybEVuY29kZT0iRmFsc2UiIFVzZVRvR3JvdXBSZXN1bHRzPSJGYWxzZSIgLz4NCiAgICAgICAgPFF1ZXJ5U3RyaW5nUGFyYW1ldGVyIE5hbWU9ImRudCIgVmFsdWU9IjAiIFJlY29yZGVkVmFsdWU9IjAiIENvcnJlbGF0aW9uQmluZGluZz0iIiBVcmxFbmNvZGU9IkZhbHNlIiBVc2VUb0dyb3VwUmVzdWx0cz0iRmFsc2UiIC8+DQogICAgICAgIDxRdWVyeVN0cmluZ1BhcmFtZXRlciBOYW1lPSJybiIgVmFsdWU9IjQxNzA2MTMwIiBSZWNvcmRlZFZhbHVlPSI0MTcwNjEzMCIgQ29ycmVsYXRpb25CaW5kaW5nPSIiIFVybEVuY29kZT0iRmFsc2UiIFVzZVRvR3JvdXBSZXN1bHRzPSJGYWxzZSIgLz4NCiAgICAgICAgPFF1ZXJ5U3RyaW5nUGFyYW1ldGVyIE5hbWU9ImNhIiBWYWx1ZT0iNzM4ODgzMDcyMTIiIFJlY29yZGVkVmFsdWU9IjczODg4MzA3MjEyIiBDb3JyZWxhdGlvbkJpbmRpbmc9IiIgVXJsRW5jb2RlPSJGYWxzZSIgVXNlVG9Hcm91cFJlc3VsdHM9IkZhbHNlIiAvPg0KICAgICAgPC9RdWVyeVN0cmluZ1BhcmFtZXRlcnM+DQogICAgPC9SZXF1ZXN0Pg0KICAgIDxSZXF1ZXN0IE1ldGhvZD0iR0VUIiBHdWlkPSJlNjQ2YTc2ZS0yNTQ5LTQ1ZDAtODNmYS05ZDEwZTk2MDBhODUiIFZlcnNpb249IjEuMSIgVXJsPSJodHRwczovL2liLmFkbnhzLmNvbS9nZXR1aWQiIFRoaW5rVGltZT0iMCIgVGltZW91dD0iMzAwIiBQYXJzZURlcGVuZGVudFJlcXVlc3RzPSJUcnVlIiBGb2xsb3dSZWRpcmVjdHM9IlRydWUiIFJlY29yZFJlc3VsdD0iVHJ1ZSIgQ2FjaGU9IkZhbHNlIiBSZXNwb25zZVRpbWVHb2FsPSIwIiBFbmNvZGluZz0idXRmLTgiIEV4cGVjdGVkSHR0cFN0YXR1c0NvZGU9IjAiIEV4cGVjdGVkUmVzcG9uc2VVcmw9Imh0dHBzOi8vcy5hbWF6b24tYWRzeXN0ZW0uY29tL2VjbTM/aWQ9NzQyMjI5MDEwMzI4NzAyMTc3NyZhbXA7ZXg9YXBwbmV4dXMuY29tIiBSZXBvcnRpbmdOYW1lPSIiIElnbm9yZUh0dHBTdGF0dXNDb2RlPSJGYWxzZSI+DQogICAgICA8SGVhZGVycz4NCiAgICAgICAgPEhlYWRlciBOYW1lPSJSZWZlcmVyIiBWYWx1ZT0iaHR0cHM6Ly9zLmFtYXpvbi1hZHN5c3RlbS5jb20vdjMvcHI/ZXhsaXN0PWFuJmFtcDtmdj0xLjAmYW1wO2E9Y20mYW1wO2NtM3BwZD0xIiAvPg0KICAgICAgPC9IZWFkZXJzPg0KICAgICAgPFF1ZXJ5U3RyaW5nUGFyYW1ldGVycz4NCiAgICAgICAgPFF1ZXJ5U3RyaW5nUGFyYW1ldGVyIE5hbWU9Imh0dHBzOi8vcy5hbWF6b24tYWRzeXN0ZW0uY29tL2VjbTM/aWQiIFZhbHVlPSIkVUlEIiBSZWNvcmRlZFZhbHVlPSIkVUlEIiBDb3JyZWxhdGlvbkJpbmRpbmc9Int7UXVlcnlTdHJpbmdQYXJhbTUxNTEuaHR0cHM6Ly9zLmFtYXpvbi1hZHN5c3RlbS5jb20vZWNtMz9pZH19IiBVcmxFbmNvZGU9IkZhbHNlIiBVc2VUb0dyb3VwUmVzdWx0cz0iRmFsc2UiIC8+DQogICAgICAgIDxRdWVyeVN0cmluZ1BhcmFtZXRlciBOYW1lPSJleCIgVmFsdWU9ImFwcG5leHVzLmNvbSIgUmVjb3JkZWRWYWx1ZT0iYXBwbmV4dXMuY29tIiBDb3JyZWxhdGlvbkJpbmRpbmc9Int7UXVlcnlTdHJpbmdQYXJhbTUxNTIuZXh9fSIgVXJsRW5jb2RlPSJGYWxzZSIgVXNlVG9Hcm91cFJlc3VsdHM9IkZhbHNlIiAvPg0KICAgICAgPC9RdWVyeVN0cmluZ1BhcmFtZXRlcnM+DQogICAgPC9SZXF1ZXN0Pg0KICAgIDxSZXF1ZXN0IE1ldGhvZD0iR0VUIiBHdWlkPSJjNTNkOWUzNC1iODljLTQ1MmYtOGQyYS0wZTE3Y2EzNWI5YjYiIFZlcnNpb249IjEuMSIgVXJsPSJodHRwczovL21lZGlhLmFkcmNkbi5jb20vYWRzL0V1cm9qYWNrcG90LzMyMzkzNTMzMzMvMTQ1ODQ4L2xheWVyXzk3MHg1MjUuaHRtbCIgVGhpbmtUaW1lPSIwIiBUaW1lb3V0PSIzMDAiIFBhcnNlRGVwZW5kZW50UmVxdWVzdHM9IlRydWUiIEZvbGxvd1JlZGlyZWN0cz0iVHJ1ZSIgUmVjb3JkUmVzdWx0PSJUcnVlIiBDYWNoZT0iRmFsc2UiIFJlc3BvbnNlVGltZUdvYWw9IjAiIEVuY29kaW5nPSJ1dGYtOCIgRXhwZWN0ZWRIdHRwU3RhdHVzQ29kZT0iMCIgRXhwZWN0ZWRSZXNwb25zZVVybD0iIiBSZXBvcnRpbmdOYW1lPSIiIElnbm9yZUh0dHBTdGF0dXNDb2RlPSJGYWxzZSI+DQogICAgICA8SGVhZGVycz4NCiAgICAgICAgPEhlYWRlciBOYW1lPSJSZWZlcmVyIiBWYWx1ZT0iaHR0cHM6Ly93d3cubWFya3RwbGFhdHMubmwvIiAvPg0KICAgICAgPC9IZWFkZXJzPg0KICAgICAgPFF1ZXJ5U3RyaW5nUGFyYW1ldGVycz4NCiAgICAgICAgPFF1ZXJ5U3RyaW5nUGFyYW1ldGVyIE5hbWU9InNjcnJlZnN0ciIgVmFsdWU9InNjcl8yMTU1NjM2Mzg1OXdlYm9yYW1hX21hcmt0cGxhYXRzX2hwdG9feHhsX2hlYWRlcl9pbmRleF9odG1sMTUyODgwNjQ1MDc4MSIgUmVjb3JkZWRWYWx1ZT0ic2NyXzIxNTU2MzYzODU5d2Vib3JhbWFfbWFya3RwbGFhdHNfaHB0b194eGxfaGVhZGVyX2luZGV4X2h0bWwxNTI4ODA2NDUwNzgxIiBDb3JyZWxhdGlvbkJpbmRpbmc9IiIgVXJsRW5jb2RlPSJGYWxzZSIgVXNlVG9Hcm91cFJlc3VsdHM9IkZhbHNlIiAvPg0KICAgICAgICA8UXVlcnlTdHJpbmdQYXJhbWV0ZXIgTmFtZT0ic2NyZGVidWciIFZhbHVlPSIwIiBSZWNvcmRlZFZhbHVlPSIwIiBDb3JyZWxhdGlvbkJpbmRpbmc9IiIgVXJsRW5jb2RlPSJGYWxzZSIgVXNlVG9Hcm91cFJlc3VsdHM9IkZhbHNlIiAvPg0KICAgICAgICA8UXVlcnlTdHJpbmdQYXJhbWV0ZXIgTmFtZT0ic2Nyd2lkdGgiIFZhbHVlPSI5NzAiIFJlY29yZGVkVmFsdWU9Ijk3MCIgQ29ycmVsYXRpb25CaW5kaW5nPSIiIFVybEVuY29kZT0iRmFsc2UiIFVzZVRvR3JvdXBSZXN1bHRzPSJGYWxzZSIgLz4NCiAgICAgICAgPFF1ZXJ5U3RyaW5nUGFyYW1ldGVyIE5hbWU9InNjcmhlaWdodCIgVmFsdWU9IjUyNSIgUmVjb3JkZWRWYWx1ZT0iNTI1IiBDb3JyZWxhdGlvbkJpbmRpbmc9IiIgVXJsRW5jb2RlPSJGYWxzZSIgVXNlVG9Hcm91cFJlc3VsdHM9IkZhbHNlIiAvPg0KICAgICAgICA8UXVlcnlTdHJpbmdQYXJhbWV0ZXIgTmFtZT0ic2Nyd2Vib2RvbWFpbiIgVmFsdWU9IjAiIFJlY29yZGVkVmFsdWU9IjAiIENvcnJlbGF0aW9uQmluZGluZz0iIiBVcmxFbmNvZGU9IkZhbHNlIiBVc2VUb0dyb3VwUmVzdWx0cz0iRmFsc2UiIC8+DQogICAgICAgIDxRdWVyeVN0cmluZ1BhcmFtZXRlciBOYW1lPSJzY3JkZXZ0eXBlIiBWYWx1ZT0iZGVza3RvcCIgUmVjb3JkZWRWYWx1ZT0iZGVza3RvcCIgQ29ycmVsYXRpb25CaW5kaW5nPSIiIFVybEVuY29kZT0iRmFsc2UiIFVzZVRvR3JvdXBSZXN1bHRzPSJGYWxzZSIgLz4NCiAgICAgICAgPFF1ZXJ5U3RyaW5nUGFyYW1ldGVyIE5hbWU9InZhcnMiIFZhbHVlPSJzY3JhdXRvZXhwYW5kJTNENSUyNnNjcl9pbml0aWFsaGlkZSUzRDAiIFJlY29yZGVkVmFsdWU9InNjcmF1dG9leHBhbmQlM0Q1JTI2c2NyX2luaXRpYWxoaWRlJTNEMCIgQ29ycmVsYXRpb25CaW5kaW5nPSIiIFVybEVuY29kZT0iRmFsc2UiIFVzZVRvR3JvdXBSZXN1bHRzPSJGYWxzZSIgLz4NCiAgICAgIDwvUXVlcnlTdHJpbmdQYXJhbWV0ZXJzPg0KICAgIDwvUmVxdWVzdD4NCiAgICA8UmVxdWVzdCBNZXRob2Q9IkdFVCIgR3VpZD0iYWVjZDZmYWEtZTM0My00YmQwLThhMTAtM2Y3ZmE2ZDJiYjBhIiBWZXJzaW9uPSIxLjEiIFVybD0iaHR0cHM6Ly9tZWRpYS5hZHJjZG4uY29tL2Fkcy9FdXJvamFja3BvdC8zMjM5MzUzMzMzLzE0NTg0OC9sYXllcl85NzV4NzkyLmh0bWwiIFRoaW5rVGltZT0iMCIgVGltZW91dD0iMzAwIiBQYXJzZURlcGVuZGVudFJlcXVlc3RzPSJUcnVlIiBGb2xsb3dSZWRpcmVjdHM9IlRydWUiIFJlY29yZFJlc3VsdD0iVHJ1ZSIgQ2FjaGU9IkZhbHNlIiBSZXNwb25zZVRpbWVHb2FsPSIwIiBFbmNvZGluZz0idXRmLTgiIEV4cGVjdGVkSHR0cFN0YXR1c0NvZGU9IjAiIEV4cGVjdGVkUmVzcG9uc2VVcmw9IiIgUmVwb3J0aW5nTmFtZT0iIiBJZ25vcmVIdHRwU3RhdHVzQ29kZT0iRmFsc2UiPg0KICAgICAgPEhlYWRlcnM+DQogICAgICAgIDxIZWFkZXIgTmFtZT0iUmVmZXJlciIgVmFsdWU9Imh0dHBzOi8vd3d3Lm1hcmt0cGxhYXRzLm5sLyIgLz4NCiAgICAgIDwvSGVhZGVycz4NCiAgICAgIDxRdWVyeVN0cmluZ1BhcmFtZXRlcnM+DQogICAgICAgIDxRdWVyeVN0cmluZ1BhcmFtZXRlciBOYW1lPSJzY3JyZWZzdHIiIFZhbHVlPSJzY3JfMjE1NTYzNjM4NTl3ZWJvcmFtYV9tYXJrdHBsYWF0c19ocHRvX3h4bF9vdmVybGF5X2luZGV4X2h0bWwxNTI4ODA2NDUwNzgxIiBSZWNvcmRlZFZhbHVlPSJzY3JfMjE1NTYzNjM4NTl3ZWJvcmFtYV9tYXJrdHBsYWF0c19ocHRvX3h4bF9vdmVybGF5X2luZGV4X2h0bWwxNTI4ODA2NDUwNzgxIiBDb3JyZWxhdGlvbkJpbmRpbmc9IiIgVXJsRW5jb2RlPSJGYWxzZSIgVXNlVG9Hcm91cFJlc3VsdHM9IkZhbHNlIiAvPg0KICAgICAgICA8UXVlcnlTdHJpbmdQYXJhbWV0ZXIgTmFtZT0ic2NyZGVidWciIFZhbHVlPSIwIiBSZWNvcmRlZFZhbHVlPSIwIiBDb3JyZWxhdGlvbkJpbmRpbmc9IiIgVXJsRW5jb2RlPSJGYWxzZSIgVXNlVG9Hcm91cFJlc3VsdHM9IkZhbHNlIiAvPg0KICAgICAgICA8UXVlcnlTdHJpbmdQYXJhbWV0ZXIgTmFtZT0ic2Nyd2lkdGgiIFZhbHVlPSI5NzUiIFJlY29yZGVkVmFsdWU9Ijk3NSIgQ29ycmVsYXRpb25CaW5kaW5nPSIiIFVybEVuY29kZT0iRmFsc2UiIFVzZVRvR3JvdXBSZXN1bHRzPSJGYWxzZSIgLz4NCiAgICAgICAgPFF1ZXJ5U3RyaW5nUGFyYW1ldGVyIE5hbWU9InNjcmhlaWdodCIgVmFsdWU9Ijc5MiIgUmVjb3JkZWRWYWx1ZT0iNzkyIiBDb3JyZWxhdGlvbkJpbmRpbmc9IiIgVXJsRW5jb2RlPSJGYWxzZSIgVXNlVG9Hcm91cFJlc3VsdHM9IkZhbHNlIiAvPg0KICAgICAgICA8UXVlcnlTdHJpbmdQYXJhbWV0ZXIgTmFtZT0ic2Nyd2Vib2RvbWFpbiIgVmFsdWU9IjAiIFJlY29yZGVkVmFsdWU9IjAiIENvcnJlbGF0aW9uQmluZGluZz0iIiBVcmxFbmNvZGU9IkZhbHNlIiBVc2VUb0dyb3VwUmVzdWx0cz0iRmFsc2UiIC8+DQogICAgICAgIDxRdWVyeVN0cmluZ1BhcmFtZXRlciBOYW1lPSJzY3JkZXZ0eXBlIiBWYWx1ZT0iZGVza3RvcCIgUmVjb3JkZWRWYWx1ZT0iZGVza3RvcCIgQ29ycmVsYXRpb25CaW5kaW5nPSIiIFVybEVuY29kZT0iRmFsc2UiIFVzZVRvR3JvdXBSZXN1bHRzPSJGYWxzZSIgLz4NCiAgICAgICAgPFF1ZXJ5U3RyaW5nUGFyYW1ldGVyIE5hbWU9InZhcnMiIFZhbHVlPSJzY3JhdXRvZXhwYW5kJTNENSUyNnNjcl9pbml0aWFsaGlkZSUzRDAiIFJlY29yZGVkVmFsdWU9InNjcmF1dG9leHBhbmQlM0Q1JTI2c2NyX2luaXRpYWxoaWRlJTNEMCIgQ29ycmVsYXRpb25CaW5kaW5nPSIiIFVybEVuY29kZT0iRmFsc2UiIFVzZVRvR3JvdXBSZXN1bHRzPSJGYWxzZSIgLz4NCiAgICAgIDwvUXVlcnlTdHJpbmdQYXJhbWV0ZXJzPg0KICAgIDwvUmVxdWVzdD4NCiAgICA8UmVxdWVzdCBNZXRob2Q9IlBPU1QiIEd1aWQ9IjJmYmNlYTJlLTAzZDMtNGQxYi04NGJjLTAwY2IzODU3NzY2NCIgVmVyc2lvbj0iMS4xIiBVcmw9Imh0dHBzOi8vd3d3Lm1hcmt0cGxhYXRzLm5sL21ldHJpY3MvZGlzcGxheSIgVGhpbmtUaW1lPSIwIiBUaW1lb3V0PSIzMDAiIFBhcnNlRGVwZW5kZW50UmVxdWVzdHM9IlRydWUiIEZvbGxvd1JlZGlyZWN0cz0iVHJ1ZSIgUmVjb3JkUmVzdWx0PSJUcnVlIiBDYWNoZT0iRmFsc2UiIFJlc3BvbnNlVGltZUdvYWw9IjAiIEVuY29kaW5nPSJ1dGYtOCIgRXhwZWN0ZWRIdHRwU3RhdHVzQ29kZT0iMCIgRXhwZWN0ZWRSZXNwb25zZVVybD0iIiBSZXBvcnRpbmdOYW1lPSIiIElnbm9yZUh0dHBTdGF0dXNDb2RlPSJGYWxzZSI+DQogICAgICA8SGVhZGVycz4NCiAgICAgICAgPEhlYWRlciBOYW1lPSJSZWZlcmVyIiBWYWx1ZT0iaHR0cHM6Ly93d3cubWFya3RwbGFhdHMubmwvIiAvPg0KICAgICAgPC9IZWFkZXJzPg0KICAgICAgPFN0cmluZ0h0dHBCb2R5IENvbnRlbnRUeXBlPSJhcHBsaWNhdGlvbi9qc29uIiBJbnNlcnRCeXRlT3JkZXJNYXJrPSJGYWxzZSI+ZXdBaUFIWUFhUUJ5QUhRQWRRQmhBR3dBVlFCeUFHd0FJZ0E2QUNJQVNBQnZBRzBBWlFCd0FHRUFad0JsQUNJQUxBQWlBSE1BYkFCdkFIUUFUQUJ2QUdFQVpBQmxBR1FBSWdBNkFEUUFPQUE1QURVQWZRQT08L1N0cmluZ0h0dHBCb2R5Pg0KICAgIDwvUmVxdWVzdD4NCiAgICA8UmVxdWVzdCBNZXRob2Q9IlBPU1QiIEd1aWQ9IjE4ZjkzYWIyLWExYTMtNGZiYS04OGIyLTY3YzZhMWNiNTZlOSIgVmVyc2lvbj0iMS4xIiBVcmw9Imh0dHBzOi8vd3d3Lm1hcmt0cGxhYXRzLm5sL21ldHJpY3MvZGlzcGxheSIgVGhpbmtUaW1lPSIxIiBUaW1lb3V0PSIzMDAiIFBhcnNlRGVwZW5kZW50UmVxdWVzdHM9IlRydWUiIEZvbGxvd1JlZGlyZWN0cz0iVHJ1ZSIgUmVjb3JkUmVzdWx0PSJUcnVlIiBDYWNoZT0iRmFsc2UiIFJlc3BvbnNlVGltZUdvYWw9IjAiIEVuY29kaW5nPSJ1dGYtOCIgRXhwZWN0ZWRIdHRwU3RhdHVzQ29kZT0iMCIgRXhwZWN0ZWRSZXNwb25zZVVybD0iIiBSZXBvcnRpbmdOYW1lPSIiIElnbm9yZUh0dHBTdGF0dXNDb2RlPSJGYWxzZSI+DQogICAgICA8SGVhZGVycz4NCiAgICAgICAgPEhlYWRlciBOYW1lPSJSZWZlcmVyIiBWYWx1ZT0iaHR0cHM6Ly93d3cubWFya3RwbGFhdHMubmwvIiAvPg0KICAgICAgPC9IZWFkZXJzPg0KICAgICAgPFN0cmluZ0h0dHBCb2R5IENvbnRlbnRUeXBlPSJhcHBsaWNhdGlvbi9qc29uIiBJbnNlcnRCeXRlT3JkZXJNYXJrPSJGYWxzZSI+ZXdBaUFIWUFhUUJ5QUhRQWRRQmhBR3dBVlFCeUFHd0FJZ0E2QUNJQVNBQnZBRzBBWlFCd0FHRUFad0JsQUNJQUxBQWlBSE1BYkFCdkFIUUFUQUJ2QUdFQVpBQmxBR1FBSWdBNkFEUUFPUUEyQURRQWZRQT08L1N0cmluZ0h0dHBCb2R5Pg0KICAgIDwvUmVxdWVzdD4NCiAgICA8UmVxdWVzdCBNZXRob2Q9IkdFVCIgR3VpZD0iY2EyMmY4NTAtNTZkNC00YjAxLWIyMDMtOWQ3YjY1ZmEwYTBjIiBWZXJzaW9uPSIxLjEiIFVybD0iaHR0cHM6Ly9tZWRpYS5hZHJjZG4uY29tL2Fkcy9FdXJvamFja3BvdC8zMjM5MzUzMzMzLzE0NTg0OC9FSlBIZWFkZXJzLndvZmYiIFRoaW5rVGltZT0iMCIgVGltZW91dD0iMzAwIiBQYXJzZURlcGVuZGVudFJlcXVlc3RzPSJUcnVlIiBGb2xsb3dSZWRpcmVjdHM9IlRydWUiIFJlY29yZFJlc3VsdD0iVHJ1ZSIgQ2FjaGU9IkZhbHNlIiBSZXNwb25zZVRpbWVHb2FsPSIwIiBFbmNvZGluZz0idXRmLTgiIEV4cGVjdGVkSHR0cFN0YXR1c0NvZGU9IjAiIEV4cGVjdGVkUmVzcG9uc2VVcmw9IiIgUmVwb3J0aW5nTmFtZT0iIiBJZ25vcmVIdHRwU3RhdHVzQ29kZT0iRmFsc2UiPg0KICAgICAgPEhlYWRlcnM+DQogICAgICAgIDxIZWFkZXIgTmFtZT0iUmVmZXJlciIgVmFsdWU9Imh0dHBzOi8vbWVkaWEuYWRyY2RuLmNvbS8iIC8+DQogICAgICA8L0hlYWRlcnM+DQogICAgPC9SZXF1ZXN0Pg0KICAgIDxSZXF1ZXN0IE1ldGhvZD0iR0VUIiBHdWlkPSI4ODk4N2I5Zi0xOGMxLTRiODYtOWZlOS0wZWUxZGU2ZWI0ZDUiIFZlcnNpb249IjEuMSIgVXJsPSJodHRwczovL21lZGlhLmFkcmNkbi5jb20vYWRzL0V1cm9qYWNrcG90LzMyMzkzNTMzMzMvMTQ1ODQ4L0VKUENpamZlcnNlbkFjdGllcy53b2ZmIiBUaGlua1RpbWU9IjAiIFRpbWVvdXQ9IjMwMCIgUGFyc2VEZXBlbmRlbnRSZXF1ZXN0cz0iVHJ1ZSIgRm9sbG93UmVkaXJlY3RzPSJUcnVlIiBSZWNvcmRSZXN1bHQ9IlRydWUiIENhY2hlPSJGYWxzZSIgUmVzcG9uc2VUaW1lR29hbD0iMCIgRW5jb2Rpbmc9InV0Zi04IiBFeHBlY3RlZEh0dHBTdGF0dXNDb2RlPSIwIiBFeHBlY3RlZFJlc3BvbnNlVXJsPSIiIFJlcG9ydGluZ05hbWU9IiIgSWdub3JlSHR0cFN0YXR1c0NvZGU9IkZhbHNlIj4NCiAgICAgIDxIZWFkZXJzPg0KICAgICAgICA8SGVhZGVyIE5hbWU9IlJlZmVyZXIiIFZhbHVlPSJodHRwczovL21lZGlhLmFkcmNkbi5jb20vIiAvPg0KICAgICAgPC9IZWFkZXJzPg0KICAgIDwvUmVxdWVzdD4NCiAgICA8UmVxdWVzdCBNZXRob2Q9IlBPU1QiIEd1aWQ9IjMyNWRjYmQ5LTk2ZTctNGVjOC1hMDU3LTlkZTcxZjBkMTQ5MCIgVmVyc2lvbj0iMS4xIiBVcmw9Imh0dHBzOi8vd3d3Lm1hcmt0cGxhYXRzLm5sL21ldHJpY3MvZGlzcGxheSIgVGhpbmtUaW1lPSIwIiBUaW1lb3V0PSIzMDAiIFBhcnNlRGVwZW5kZW50UmVxdWVzdHM9IlRydWUiIEZvbGxvd1JlZGlyZWN0cz0iVHJ1ZSIgUmVjb3JkUmVzdWx0PSJUcnVlIiBDYWNoZT0iRmFsc2UiIFJlc3BvbnNlVGltZUdvYWw9IjAiIEVuY29kaW5nPSJ1dGYtOCIgRXhwZWN0ZWRIdHRwU3RhdHVzQ29kZT0iMCIgRXhwZWN0ZWRSZXNwb25zZVVybD0iIiBSZXBvcnRpbmdOYW1lPSIiIElnbm9yZUh0dHBTdGF0dXNDb2RlPSJGYWxzZSI+DQogICAgICA8SGVhZGVycz4NCiAgICAgICAgPEhlYWRlciBOYW1lPSJSZWZlcmVyIiBWYWx1ZT0iaHR0cHM6Ly93d3cubWFya3RwbGFhdHMubmwvIiAvPg0KICAgICAgPC9IZWFkZXJzPg0KICAgICAgPFN0cmluZ0h0dHBCb2R5IENvbnRlbnRUeXBlPSJhcHBsaWNhdGlvbi9qc29uIiBJbnNlcnRCeXRlT3JkZXJNYXJrPSJGYWxzZSI+ZXdBaUFIWUFhUUJ5QUhRQWRRQmhBR3dBVlFCeUFHd0FJZ0E2QUNJQVNBQnZBRzBBWlFCd0FHRUFad0JsQUNJQUxBQWlBR2tBYlFCd0FISUFaUUJ6QUhNQWFRQnZBRzRBVmdCcEFHVUFkd0JoQUdJQWJBQmxBQ0lBT2dBMUFEa0FOd0F6QUgwQTwvU3RyaW5nSHR0cEJvZHk+DQogICAgPC9SZXF1ZXN0Pg0KICAgIDxSZXF1ZXN0IE1ldGhvZD0iUE9TVCIgR3VpZD0iOWRmNmFmMjctYTU4ZC00NTJmLWIzMWEtZWRjYjdiYmFiMWYzIiBWZXJzaW9uPSIxLjEiIFVybD0iaHR0cHM6Ly93d3cubWFya3RwbGFhdHMubmwvbWV0cmljcy9kaXNwbGF5IiBUaGlua1RpbWU9IjAiIFRpbWVvdXQ9IjMwMCIgUGFyc2VEZXBlbmRlbnRSZXF1ZXN0cz0iVHJ1ZSIgRm9sbG93UmVkaXJlY3RzPSJUcnVlIiBSZWNvcmRSZXN1bHQ9IlRydWUiIENhY2hlPSJGYWxzZSIgUmVzcG9uc2VUaW1lR29hbD0iMCIgRW5jb2Rpbmc9InV0Zi04IiBFeHBlY3RlZEh0dHBTdGF0dXNDb2RlPSIwIiBFeHBlY3RlZFJlc3BvbnNlVXJsPSIiIFJlcG9ydGluZ05hbWU9IiIgSWdub3JlSHR0cFN0YXR1c0NvZGU9IkZhbHNlIj4NCiAgICAgIDxIZWFkZXJzPg0KICAgICAgICA8SGVhZGVyIE5hbWU9IlJlZmVyZXIiIFZhbHVlPSJodHRwczovL3d3dy5tYXJrdHBsYWF0cy5ubC8iIC8+DQogICAgICA8L0hlYWRlcnM+DQogICAgICA8U3RyaW5nSHR0cEJvZHkgQ29udGVudFR5cGU9ImFwcGxpY2F0aW9uL2pzb24iIEluc2VydEJ5dGVPcmRlck1hcms9IkZhbHNlIj5ld0FpQUhZQWFRQnlBSFFBZFFCaEFHd0FWUUJ5QUd3QUlnQTZBQ0lBU0FCdkFHMEFaUUJ3QUdFQVp3QmxBQ0lBTEFBaUFHa0FiUUJ3QUhJQVpRQnpBSE1BYVFCdkFHNEFWZ0JwQUdVQWR3QmhBR0lBYkFCbEFDSUFPZ0ExQURrQU9RQTVBSDBBPC9TdHJpbmdIdHRwQm9keT4NCiAgICA8L1JlcXVlc3Q+DQogICAgPFJlcXVlc3QgTWV0aG9kPSJHRVQiIEd1aWQ9ImQxNGJlYzFlLTY4NDctNGEwYi1hODM1LWE2NDNhZTliZWJhYSIgVmVyc2lvbj0iMS4xIiBVcmw9Imh0dHBzOi8vbWVkaWEuYWRyY2RuLmNvbS9hZHMvRXVyb2phY2twb3QvMzIzOTM1MzMzMy8xNDU4NDgvaW50cm9PdmVybGF5Lm1wNCIgVGhpbmtUaW1lPSIwIiBUaW1lb3V0PSIzMDAiIFBhcnNlRGVwZW5kZW50UmVxdWVzdHM9IlRydWUiIEZvbGxvd1JlZGlyZWN0cz0iVHJ1ZSIgUmVjb3JkUmVzdWx0PSJUcnVlIiBDYWNoZT0iRmFsc2UiIFJlc3BvbnNlVGltZUdvYWw9IjAiIEVuY29kaW5nPSJ1dGYtOCIgRXhwZWN0ZWRIdHRwU3RhdHVzQ29kZT0iMCIgRXhwZWN0ZWRSZXNwb25zZVVybD0iIiBSZXBvcnRpbmdOYW1lPSIiIElnbm9yZUh0dHBTdGF0dXNDb2RlPSJGYWxzZSI+DQogICAgICA8SGVhZGVycz4NCiAgICAgICAgPEhlYWRlciBOYW1lPSJBY2NlcHQiIFZhbHVlPSIqLyoiIC8+DQogICAgICAgIDxIZWFkZXIgTmFtZT0iUmVmZXJlciIgVmFsdWU9Imh0dHBzOi8vbWVkaWEuYWRyY2RuLmNvbS8iIC8+DQogICAgICA8L0hlYWRlcnM+DQogICAgPC9SZXF1ZXN0Pg0KICAgIDxSZXF1ZXN0IE1ldGhvZD0iR0VUIiBHdWlkPSI0OGQxNTM3Ni1mOTUzLTQ4MmYtYWM1Ny1kNzY4ZGUwZmJhMmMiIFZlcnNpb249IjEuMSIgVXJsPSJodHRwczovL21lZGlhLmFkcmNkbi5jb20vYWRzL0V1cm9qYWNrcG90LzMyMzkzNTMzMzMvMTQ1ODQ4L2ludHJvT3ZlcmxheS5tcDQiIFRoaW5rVGltZT0iMCIgVGltZW91dD0iMzAwIiBQYXJzZURlcGVuZGVudFJlcXVlc3RzPSJUcnVlIiBGb2xsb3dSZWRpcmVjdHM9IlRydWUiIFJlY29yZFJlc3VsdD0iVHJ1ZSIgQ2FjaGU9IkZhbHNlIiBSZXNwb25zZVRpbWVHb2FsPSIwIiBFbmNvZGluZz0idXRmLTgiIEV4cGVjdGVkSHR0cFN0YXR1c0NvZGU9IjAiIEV4cGVjdGVkUmVzcG9uc2VVcmw9IiIgUmVwb3J0aW5nTmFtZT0iIiBJZ25vcmVIdHRwU3RhdHVzQ29kZT0iRmFsc2UiPg0KICAgICAgPEhlYWRlcnM+DQogICAgICAgIDxIZWFkZXIgTmFtZT0iSWYtTWF0Y2giIFZhbHVlPSImcXVvdDsyNTA1MTYzMjQmcXVvdDsiIC8+DQogICAgICAgIDxIZWFkZXIgTmFtZT0iQWNjZXB0IiBWYWx1ZT0iKi8qIiAvPg0KICAgICAgICA8SGVhZGVyIE5hbWU9IlJlZmVyZXIiIFZhbHVlPSJodHRwczovL21lZGlhLmFkcmNkbi5jb20vIiAvPg0KICAgICAgPC9IZWFkZXJzPg0KICAgIDwvUmVxdWVzdD4NCiAgICA8UmVxdWVzdCBNZXRob2Q9IkdFVCIgR3VpZD0iNGEwYzhjYzMtNjVkMC00NGI0LTg5YmUtMjYyMTM4ZjJiN2YyIiBWZXJzaW9uPSIxLjEiIFVybD0iaHR0cHM6Ly9tZWRpYS5hZHJjZG4uY29tL2Fkcy9FdXJvamFja3BvdC8zMjM5MzUzMzMzLzE0NTg0OC9pbnRyb092ZXJsYXkubXA0IiBUaGlua1RpbWU9IjAiIFRpbWVvdXQ9IjMwMCIgUGFyc2VEZXBlbmRlbnRSZXF1ZXN0cz0iVHJ1ZSIgRm9sbG93UmVkaXJlY3RzPSJUcnVlIiBSZWNvcmRSZXN1bHQ9IlRydWUiIENhY2hlPSJGYWxzZSIgUmVzcG9uc2VUaW1lR29hbD0iMCIgRW5jb2Rpbmc9InV0Zi04IiBFeHBlY3RlZEh0dHBTdGF0dXNDb2RlPSIwIiBFeHBlY3RlZFJlc3BvbnNlVXJsPSIiIFJlcG9ydGluZ05hbWU9IiIgSWdub3JlSHR0cFN0YXR1c0NvZGU9IkZhbHNlIj4NCiAgICAgIDxIZWFkZXJzPg0KICAgICAgICA8SGVhZGVyIE5hbWU9IklmLU1hdGNoIiBWYWx1ZT0iJnF1b3Q7MjUwNTE2MzI0JnF1b3Q7IiAvPg0KICAgICAgICA8SGVhZGVyIE5hbWU9IkFjY2VwdCIgVmFsdWU9IiovKiIgLz4NCiAgICAgICAgPEhlYWRlciBOYW1lPSJSZWZlcmVyIiBWYWx1ZT0iaHR0cHM6Ly9tZWRpYS5hZHJjZG4uY29tLyIgLz4NCiAgICAgIDwvSGVhZGVycz4NCiAgICA8L1JlcXVlc3Q+DQogICAgPFJlcXVlc3QgTWV0aG9kPSJHRVQiIEd1aWQ9ImYyYmYyMWEyLTMzNDgtNDQxZC1hYTdhLTIxMTZlZWMwNTY4MSIgVmVyc2lvbj0iMS4xIiBVcmw9Imh0dHBzOi8vdG9rZW4ucnViaWNvbnByb2plY3QuY29tL3Rva2VuIiBUaGlua1RpbWU9IjEiIFRpbWVvdXQ9IjMwMCIgUGFyc2VEZXBlbmRlbnRSZXF1ZXN0cz0iVHJ1ZSIgRm9sbG93UmVkaXJlY3RzPSJUcnVlIiBSZWNvcmRSZXN1bHQ9IlRydWUiIENhY2hlPSJGYWxzZSIgUmVzcG9uc2VUaW1lR29hbD0iMCIgRW5jb2Rpbmc9InV0Zi04IiBFeHBlY3RlZEh0dHBTdGF0dXNDb2RlPSIwIiBFeHBlY3RlZFJlc3BvbnNlVXJsPSIiIFJlcG9ydGluZ05hbWU9IiIgSWdub3JlSHR0cFN0YXR1c0NvZGU9IkZhbHNlIj4NCiAgICAgIDxIZWFkZXJzPg0KICAgICAgICA8SGVhZGVyIE5hbWU9IlJlZmVyZXIiIFZhbHVlPSJodHRwczovL21hcmt0cGxhYXRzLmRlbWRleC5uZXQvZGVzdDUuaHRtbD9kX25zaWQ9dW5kZWZpbmVkIiAvPg0KICAgICAgPC9IZWFkZXJzPg0KICAgICAgPFF1ZXJ5U3RyaW5nUGFyYW1ldGVycz4NCiAgICAgICAgPFF1ZXJ5U3RyaW5nUGFyYW1ldGVyIE5hbWU9InBpZCIgVmFsdWU9IjY0MDQiIFJlY29yZGVkVmFsdWU9IjY0MDQiIENvcnJlbGF0aW9uQmluZGluZz0iIiBVcmxFbmNvZGU9IkZhbHNlIiBVc2VUb0dyb3VwUmVzdWx0cz0iRmFsc2UiIC8+DQogICAgICAgIDxRdWVyeVN0cmluZ1BhcmFtZXRlciBOYW1lPSJwdWlkIiBWYWx1ZT0iNDA4ODgwODgyMTg5MjEzOTE1MzQ1NzIyODI1MDg3NTg3MzMxNDgiIFJlY29yZGVkVmFsdWU9IjQwODg4MDg4MjE4OTIxMzkxNTM0NTcyMjgyNTA4NzU4NzMzMTQ4IiBDb3JyZWxhdGlvbkJpbmRpbmc9IiIgVXJsRW5jb2RlPSJGYWxzZSIgVXNlVG9Hcm91cFJlc3VsdHM9IkZhbHNlIiAvPg0KICAgICAgPC9RdWVyeVN0cmluZ1BhcmFtZXRlcnM+DQogICAgPC9SZXF1ZXN0Pg0KICAgIDxSZXF1ZXN0IE1ldGhvZD0iR0VUIiBHdWlkPSIxYTVmYjliMC1lOWVmLTQ0NTUtYjFjYy0yMTcxMTMyYWM2ZjYiIFZlcnNpb249IjEuMSIgVXJsPSJodHRwczovL2V2dC5hZHJjbnRyLmNvbS9lLyIgVGhpbmtUaW1lPSIyIiBUaW1lb3V0PSIzMDAiIFBhcnNlRGVwZW5kZW50UmVxdWVzdHM9IlRydWUiIEZvbGxvd1JlZGlyZWN0cz0iVHJ1ZSIgUmVjb3JkUmVzdWx0PSJUcnVlIiBDYWNoZT0iRmFsc2UiIFJlc3BvbnNlVGltZUdvYWw9IjAiIEVuY29kaW5nPSJ1dGYtOCIgRXhwZWN0ZWRIdHRwU3RhdHVzQ29kZT0iMCIgRXhwZWN0ZWRSZXNwb25zZVVybD0iIiBSZXBvcnRpbmdOYW1lPSIiIElnbm9yZUh0dHBTdGF0dXNDb2RlPSJGYWxzZSI+DQogICAgICA8SGVhZGVycz4NCiAgICAgICAgPEhlYWRlciBOYW1lPSJSZWZlcmVyIiBWYWx1ZT0iaHR0cHM6Ly93d3cubWFya3RwbGFhdHMubmwvIiAvPg0KICAgICAgPC9IZWFkZXJzPg0KICAgICAgPFF1ZXJ5U3RyaW5nUGFyYW1ldGVycz4NCiAgICAgICAgPFF1ZXJ5U3RyaW5nUGFyYW1ldGVyIE5hbWU9ImlkIiBWYWx1ZT0iMWZlNTA1ZTFhYWNkYTU5MmM0ZWExZDA5Njk0NzJlZTIiIFJlY29yZGVkVmFsdWU9IjFmZTUwNWUxYWFjZGE1OTJjNGVhMWQwOTY5NDcyZWUyIiBDb3JyZWxhdGlvbkJpbmRpbmc9IiIgVXJsRW5jb2RlPSJGYWxzZSIgVXNlVG9Hcm91cFJlc3VsdHM9IkZhbHNlIiAvPg0KICAgICAgICA8UXVlcnlTdHJpbmdQYXJhbWV0ZXIgTmFtZT0iY2kiIFZhbHVlPSIiIFJlY29yZGVkVmFsdWU9IiIgQ29ycmVsYXRpb25CaW5kaW5nPSIiIFVybEVuY29kZT0iRmFsc2UiIFVzZVRvR3JvdXBSZXN1bHRzPSJGYWxzZSIgLz4NCiAgICAgICAgPFF1ZXJ5U3RyaW5nUGFyYW1ldGVyIE5hbWU9ImhvIiBWYWx1ZT0id3d3Lm1hcmt0cGxhYXRzLm5sIiBSZWNvcmRlZFZhbHVlPSJ3d3cubWFya3RwbGFhdHMubmwiIENvcnJlbGF0aW9uQmluZGluZz0iIiBVcmxFbmNvZGU9IkZhbHNlIiBVc2VUb0dyb3VwUmVzdWx0cz0iRmFsc2UiIC8+DQogICAgICAgIDxRdWVyeVN0cmluZ1BhcmFtZXRlciBOYW1lPSJwbCIgVmFsdWU9ImRlZmF1bHQiIFJlY29yZGVkVmFsdWU9ImRlZmF1bHQiIENvcnJlbGF0aW9uQmluZGluZz0iIiBVcmxFbmNvZGU9IkZhbHNlIiBVc2VUb0dyb3VwUmVzdWx0cz0iRmFsc2UiIC8+DQogICAgICAgIDxRdWVyeVN0cmluZ1BhcmFtZXRlciBOYW1lPSJjZiIgVmFsdWU9IjEiIFJlY29yZGVkVmFsdWU9IjEiIENvcnJlbGF0aW9uQmluZGluZz0iIiBVcmxFbmNvZGU9IkZhbHNlIiBVc2VUb0dyb3VwUmVzdWx0cz0iRmFsc2UiIC8+DQogICAgICAgIDxRdWVyeVN0cmluZ1BhcmFtZXRlciBOYW1lPSJmZiIgVmFsdWU9IjEiIFJlY29yZGVkVmFsdWU9IjEiIENvcnJlbGF0aW9uQmluZGluZz0iIiBVcmxFbmNvZGU9IkZhbHNlIiBVc2VUb0dyb3VwUmVzdWx0cz0iRmFsc2UiIC8+DQogICAgICAgIDxRdWVyeVN0cmluZ1BhcmFtZXRlciBOYW1lPSJlbCIgVmFsdWU9IndlYm9yYW1hX21hcmt0cGxhYXRzX2hwdG9feHhsX292ZXJsYXlfaW5kZXhfaHRtbCIgUmVjb3JkZWRWYWx1ZT0id2Vib3JhbWFfbWFya3RwbGFhdHNfaHB0b194eGxfb3ZlcmxheV9pbmRleF9odG1sIiBDb3JyZWxhdGlvbkJpbmRpbmc9IiIgVXJsRW5jb2RlPSJGYWxzZSIgVXNlVG9Hcm91cFJlc3VsdHM9IkZhbHNlIiAvPg0KICAgICAgICA8UXVlcnlTdHJpbmdQYXJhbWV0ZXIgTmFtZT0ib2IiIFZhbHVlPSJ2aWRlbyIgUmVjb3JkZWRWYWx1ZT0idmlkZW8iIENvcnJlbGF0aW9uQmluZGluZz0iIiBVcmxFbmNvZGU9IkZhbHNlIiBVc2VUb0dyb3VwUmVzdWx0cz0iRmFsc2UiIC8+DQogICAgICAgIDxRdWVyeVN0cmluZ1BhcmFtZXRlciBOYW1lPSJldiIgVmFsdWU9InZpZGVvX3BsYXkiIFJlY29yZGVkVmFsdWU9InZpZGVvX3BsYXkiIENvcnJlbGF0aW9uQmluZGluZz0iIiBVcmxFbmNvZGU9IkZhbHNlIiBVc2VUb0dyb3VwUmVzdWx0cz0iRmFsc2UiIC8+DQogICAgICAgIDxRdWVyeVN0cmluZ1BhcmFtZXRlciBOYW1lPSJtbyIgVmFsdWU9IjUwMTkiIFJlY29yZGVkVmFsdWU9IjUwMTkiIENvcnJlbGF0aW9uQmluZGluZz0iIiBVcmxFbmNvZGU9IkZhbHNlIiBVc2VUb0dyb3VwUmVzdWx0cz0iRmFsc2UiIC8+DQogICAgICAgIDxRdWVyeVN0cmluZ1BhcmFtZXRlciBOYW1lPSJtb3VzZXgiIFZhbHVlPSIxMDMiIFJlY29yZGVkVmFsdWU9IjEwMyIgQ29ycmVsYXRpb25CaW5kaW5nPSIiIFVybEVuY29kZT0iRmFsc2UiIFVzZVRvR3JvdXBSZXN1bHRzPSJGYWxzZSIgLz4NCiAgICAgICAgPFF1ZXJ5U3RyaW5nUGFyYW1ldGVyIE5hbWU9Im1vdXNleSIgVmFsdWU9Ii02MyIgUmVjb3JkZWRWYWx1ZT0iLTYzIiBDb3JyZWxhdGlvbkJpbmRpbmc9IiIgVXJsRW5jb2RlPSJGYWxzZSIgVXNlVG9Hcm91cFJlc3VsdHM9IkZhbHNlIiAvPg0KICAgICAgICA8UXVlcnlTdHJpbmdQYXJhbWV0ZXIgTmFtZT0iZm9mIiBWYWx1ZT0iMSIgUmVjb3JkZWRWYWx1ZT0iMSIgQ29ycmVsYXRpb25CaW5kaW5nPSIiIFVybEVuY29kZT0iRmFsc2UiIFVzZVRvR3JvdXBSZXN1bHRzPSJGYWxzZSIgLz4NCiAgICAgICAgPFF1ZXJ5U3RyaW5nUGFyYW1ldGVyIE5hbWU9ImZvZSIgVmFsdWU9IjEiIFJlY29yZGVkVmFsdWU9IjEiIENvcnJlbGF0aW9uQmluZGluZz0iIiBVcmxFbmNvZGU9IkZhbHNlIiBVc2VUb0dyb3VwUmVzdWx0cz0iRmFsc2UiIC8+DQogICAgICAgIDxRdWVyeVN0cmluZ1BhcmFtZXRlciBOYW1lPSJmb28iIFZhbHVlPSIxIiBSZWNvcmRlZFZhbHVlPSIxIiBDb3JyZWxhdGlvbkJpbmRpbmc9IiIgVXJsRW5jb2RlPSJGYWxzZSIgVXNlVG9Hcm91cFJlc3VsdHM9IkZhbHNlIiAvPg0KICAgICAgICA8UXVlcnlTdHJpbmdQYXJhbWV0ZXIgTmFtZT0ibXMiIFZhbHVlPSIiIFJlY29yZGVkVmFsdWU9IiIgQ29ycmVsYXRpb25CaW5kaW5nPSIiIFVybEVuY29kZT0iRmFsc2UiIFVzZVRvR3JvdXBSZXN1bHRzPSJGYWxzZSIgLz4NCiAgICAgICAgPFF1ZXJ5U3RyaW5nUGFyYW1ldGVyIE5hbWU9InJuIiBWYWx1ZT0iODc0OTkzMTQwIiBSZWNvcmRlZFZhbHVlPSI4NzQ5OTMxNDAiIENvcnJlbGF0aW9uQmluZGluZz0iIiBVcmxFbmNvZGU9IkZhbHNlIiBVc2VUb0dyb3VwUmVzdWx0cz0iRmFsc2UiIC8+DQogICAgICAgIDxRdWVyeVN0cmluZ1BhcmFtZXRlciBOYW1lPSJjYSIgVmFsdWU9IjgwMzEzOTk5Mzg1IiBSZWNvcmRlZFZhbHVlPSI4MDMxMzk5OTM4NSIgQ29ycmVsYXRpb25CaW5kaW5nPSIiIFVybEVuY29kZT0iRmFsc2UiIFVzZVRvR3JvdXBSZXN1bHRzPSJGYWxzZSIgLz4NCiAgICAgIDwvUXVlcnlTdHJpbmdQYXJhbWV0ZXJzPg0KICAgIDwvUmVxdWVzdD4NCiAgICA8UmVxdWVzdCBNZXRob2Q9IkdFVCIgR3VpZD0iMGNlNDk4OGYtNmUxNS00MTFlLThhMzctMGQ2Zjk5YTljYmRlIiBWZXJzaW9uPSIxLjEiIFVybD0iaHR0cHM6Ly93d3cubWFya3RwbGFhdHMubmwvei5odG1sIiBUaGlua1RpbWU9IjAiIFRpbWVvdXQ9IjMwMCIgUGFyc2VEZXBlbmRlbnRSZXF1ZXN0cz0iVHJ1ZSIgRm9sbG93UmVkaXJlY3RzPSJUcnVlIiBSZWNvcmRSZXN1bHQ9IlRydWUiIENhY2hlPSJGYWxzZSIgUmVzcG9uc2VUaW1lR29hbD0iMCIgRW5jb2Rpbmc9InV0Zi04IiBFeHBlY3RlZEh0dHBTdGF0dXNDb2RlPSIwIiBFeHBlY3RlZFJlc3BvbnNlVXJsPSIiIFJlcG9ydGluZ05hbWU9IiIgSWdub3JlSHR0cFN0YXR1c0NvZGU9IkZhbHNlIj4NCiAgICAgIDxEZXBlbmRlbnRSZXF1ZXN0cz4NCiAgICAgICAgPFJlcXVlc3QgTWV0aG9kPSJHRVQiIEd1aWQ9ImI5Yzc0YzJjLThhZTItNDc5OC1iMmQ5LWNkMjNjYzFkYmQ0YyIgVmVyc2lvbj0iMS4xIiBVcmw9Imh0dHBzOi8vcy5tYXJrdHBsYWF0cy5jb20vei9kaXN0L2Jvd2VyX2NvbXBvbmVudHMvbWFya3RwbGFhdHMtZGVzaWduLXNkay9mb250cy9Sb2JvdG8vUm9ib3RvLUxpZ2h0LXdlYmZvbnQud29mZiIgVGhpbmtUaW1lPSIwIiBUaW1lb3V0PSIzMDAiIFBhcnNlRGVwZW5kZW50UmVxdWVzdHM9IlRydWUiIEZvbGxvd1JlZGlyZWN0cz0iVHJ1ZSIgUmVjb3JkUmVzdWx0PSJUcnVlIiBDYWNoZT0iRmFsc2UiIFJlc3BvbnNlVGltZUdvYWw9IjAiIEVuY29kaW5nPSJ1dGYtOCIgRXhwZWN0ZWRIdHRwU3RhdHVzQ29kZT0iMCIgRXhwZWN0ZWRSZXNwb25zZVVybD0iIiBSZXBvcnRpbmdOYW1lPSIiIElnbm9yZUh0dHBTdGF0dXNDb2RlPSJGYWxzZSI+DQogICAgICAgICAgPEhlYWRlcnM+DQogICAgICAgICAgICA8SGVhZGVyIE5hbWU9IlJlZmVyZXIiIFZhbHVlPSJodHRwczovL3d3dy5tYXJrdHBsYWF0cy5ubC96Lmh0bWw/cXVlcnk9YXV0byZhbXA7Y2F0ZWdvcnlJZD0wJmFtcDtwb3N0Y29kZT0mYW1wO2Rpc3RhbmNlPTAiIC8+DQogICAgICAgICAgPC9IZWFkZXJzPg0KICAgICAgICA8L1JlcXVlc3Q+DQogICAgICAgIDxSZXF1ZXN0IE1ldGhvZD0iR0VUIiBHdWlkPSIwYmFhZWZjNC1mNmU3LTQ3MjgtOTEwNy00ODQ2OWQxYzE3NTciIFZlcnNpb249IjEuMSIgVXJsPSJodHRwczovL3MubWFya3RwbGFhdHMuY29tL3ovZGlzdC9ib3dlcl9jb21wb25lbnRzL21hcmt0cGxhYXRzLWRlc2lnbi1zZGsvZm9udHMvUm9ib3RvL1JvYm90by1SZWd1bGFyLXdlYmZvbnQud29mZiIgVGhpbmtUaW1lPSIwIiBUaW1lb3V0PSIzMDAiIFBhcnNlRGVwZW5kZW50UmVxdWVzdHM9IlRydWUiIEZvbGxvd1JlZGlyZWN0cz0iVHJ1ZSIgUmVjb3JkUmVzdWx0PSJUcnVlIiBDYWNoZT0iRmFsc2UiIFJlc3BvbnNlVGltZUdvYWw9IjAiIEVuY29kaW5nPSJ1dGYtOCIgRXhwZWN0ZWRIdHRwU3RhdHVzQ29kZT0iMCIgRXhwZWN0ZWRSZXNwb25zZVVybD0iIiBSZXBvcnRpbmdOYW1lPSIiIElnbm9yZUh0dHBTdGF0dXNDb2RlPSJGYWxzZSI+DQogICAgICAgICAgPEhlYWRlcnM+DQogICAgICAgICAgICA8SGVhZGVyIE5hbWU9IlJlZmVyZXIiIFZhbHVlPSJodHRwczovL3d3dy5tYXJrdHBsYWF0cy5ubC96Lmh0bWw/cXVlcnk9YXV0byZhbXA7Y2F0ZWdvcnlJZD0wJmFtcDtwb3N0Y29kZT0mYW1wO2Rpc3RhbmNlPTAiIC8+DQogICAgICAgICAgPC9IZWFkZXJzPg0KICAgICAgICA8L1JlcXVlc3Q+DQogICAgICAgIDxSZXF1ZXN0IE1ldGhvZD0iR0VUIiBHdWlkPSI1ZDgyZDc0NS1lNzgyLTRmMjUtOGViNS02MzY5NjVjNmRhYjkiIFZlcnNpb249IjEuMSIgVXJsPSJodHRwczovL3MubWFya3RwbGFhdHMuY29tL3ovZGlzdC9ib3dlcl9jb21wb25lbnRzL21hcmt0cGxhYXRzLWRlc2lnbi1zZGsvZm9udHMvUm9ib3RvL1JvYm90by1NZWRpdW0td2ViZm9udC53b2ZmIiBUaGlua1RpbWU9IjAiIFRpbWVvdXQ9IjMwMCIgUGFyc2VEZXBlbmRlbnRSZXF1ZXN0cz0iVHJ1ZSIgRm9sbG93UmVkaXJlY3RzPSJUcnVlIiBSZWNvcmRSZXN1bHQ9IlRydWUiIENhY2hlPSJGYWxzZSIgUmVzcG9uc2VUaW1lR29hbD0iMCIgRW5jb2Rpbmc9InV0Zi04IiBFeHBlY3RlZEh0dHBTdGF0dXNDb2RlPSIwIiBFeHBlY3RlZFJlc3BvbnNlVXJsPSIiIFJlcG9ydGluZ05hbWU9IiIgSWdub3JlSHR0cFN0YXR1c0NvZGU9IkZhbHNlIj4NCiAgICAgICAgICA8SGVhZGVycz4NCiAgICAgICAgICAgIDxIZWFkZXIgTmFtZT0iUmVmZXJlciIgVmFsdWU9Imh0dHBzOi8vd3d3Lm1hcmt0cGxhYXRzLm5sL3ouaHRtbD9xdWVyeT1hdXRvJmFtcDtjYXRlZ29yeUlkPTAmYW1wO3Bvc3Rjb2RlPSZhbXA7ZGlzdGFuY2U9MCIgLz4NCiAgICAgICAgICA8L0hlYWRlcnM+DQogICAgICAgIDwvUmVxdWVzdD4NCiAgICAgICAgPFJlcXVlc3QgTWV0aG9kPSJHRVQiIEd1aWQ9IjUwYjQ2YzMzLTljZDYtNDViMC04ZmNkLTQ2OWQ4NTRjZjk3MyIgVmVyc2lvbj0iMS4xIiBVcmw9Imh0dHBzOi8vcy5tYXJrdHBsYWF0cy5jb20vei9kaXN0L2Jvd2VyX2NvbXBvbmVudHMvbWFya3RwbGFhdHMtZGVzaWduLXNkay9mb250cy9CcmVlU2VyaWYvQnJlZVNlcmlmLUxpZ2h0LndvZmYiIFRoaW5rVGltZT0iMCIgVGltZW91dD0iMzAwIiBQYXJzZURlcGVuZGVudFJlcXVlc3RzPSJUcnVlIiBGb2xsb3dSZWRpcmVjdHM9IlRydWUiIFJlY29yZFJlc3VsdD0iVHJ1ZSIgQ2FjaGU9IkZhbHNlIiBSZXNwb25zZVRpbWVHb2FsPSIwIiBFbmNvZGluZz0idXRmLTgiIEV4cGVjdGVkSHR0cFN0YXR1c0NvZGU9IjAiIEV4cGVjdGVkUmVzcG9uc2VVcmw9IiIgUmVwb3J0aW5nTmFtZT0iIiBJZ25vcmVIdHRwU3RhdHVzQ29kZT0iRmFsc2UiPg0KICAgICAgICAgIDxIZWFkZXJzPg0KICAgICAgICAgICAgPEhlYWRlciBOYW1lPSJSZWZlcmVyIiBWYWx1ZT0iaHR0cHM6Ly93d3cubWFya3RwbGFhdHMubmwvei5odG1sP3F1ZXJ5PWF1dG8mYW1wO2NhdGVnb3J5SWQ9MCZhbXA7cG9zdGNvZGU9JmFtcDtkaXN0YW5jZT0wIiAvPg0KICAgICAgICAgIDwvSGVhZGVycz4NCiAgICAgICAgPC9SZXF1ZXN0Pg0KICAgICAgICA8UmVxdWVzdCBNZXRob2Q9IkdFVCIgR3VpZD0iNWZmYWZhOWYtMTI3ZS00N2JlLWJjNDItZDhiZGQxOTZjNDZmIiBWZXJzaW9uPSIxLjEiIFVybD0iaHR0cHM6Ly9zLm1hcmt0cGxhYXRzLmNvbS96L2Rpc3QvYm93ZXJfY29tcG9uZW50cy9tYXJrdHBsYWF0cy1kZXNpZ24tc2RrL2ZvbnRzL0JyZWVTZXJpZi9CcmVlU2VyaWYtUmVndWxhci53b2ZmIiBUaGlua1RpbWU9IjAiIFRpbWVvdXQ9IjMwMCIgUGFyc2VEZXBlbmRlbnRSZXF1ZXN0cz0iVHJ1ZSIgRm9sbG93UmVkaXJlY3RzPSJUcnVlIiBSZWNvcmRSZXN1bHQ9IlRydWUiIENhY2hlPSJGYWxzZSIgUmVzcG9uc2VUaW1lR29hbD0iMCIgRW5jb2Rpbmc9InV0Zi04IiBFeHBlY3RlZEh0dHBTdGF0dXNDb2RlPSIwIiBFeHBlY3RlZFJlc3BvbnNlVXJsPSIiIFJlcG9ydGluZ05hbWU9IiIgSWdub3JlSHR0cFN0YXR1c0NvZGU9IkZhbHNlIj4NCiAgICAgICAgICA8SGVhZGVycz4NCiAgICAgICAgICAgIDxIZWFkZXIgTmFtZT0iUmVmZXJlciIgVmFsdWU9Imh0dHBzOi8vd3d3Lm1hcmt0cGxhYXRzLm5sL3ouaHRtbD9xdWVyeT1hdXRvJmFtcDtjYXRlZ29yeUlkPTAmYW1wO3Bvc3Rjb2RlPSZhbXA7ZGlzdGFuY2U9MCIgLz4NCiAgICAgICAgICA8L0hlYWRlcnM+DQogICAgICAgIDwvUmVxdWVzdD4NCiAgICAgICAgPFJlcXVlc3QgTWV0aG9kPSJHRVQiIEd1aWQ9ImMyYWU3OWYwLTdmNzMtNDU0My05OWZmLTBkMWEzMmY1MDc4MiIgVmVyc2lvbj0iMS4xIiBVcmw9Imh0dHBzOi8vZmFzdGxhbmUucnViaWNvbnByb2plY3QuY29tL2EvYXBpL2Zhc3RsYW5lLmpzb24iIFRoaW5rVGltZT0iMCIgVGltZW91dD0iMzAwIiBQYXJzZURlcGVuZGVudFJlcXVlc3RzPSJUcnVlIiBGb2xsb3dSZWRpcmVjdHM9IlRydWUiIFJlY29yZFJlc3VsdD0iVHJ1ZSIgQ2FjaGU9IkZhbHNlIiBSZXNwb25zZVRpbWVHb2FsPSIwIiBFbmNvZGluZz0idXRmLTgiIEV4cGVjdGVkSHR0cFN0YXR1c0NvZGU9IjAiIEV4cGVjdGVkUmVzcG9uc2VVcmw9IiIgUmVwb3J0aW5nTmFtZT0iIiBJZ25vcmVIdHRwU3RhdHVzQ29kZT0iRmFsc2UiPg0KICAgICAgICAgIDxIZWFkZXJzPg0KICAgICAgICAgICAgPEhlYWRlciBOYW1lPSJDb250ZW50LVR5cGUiIFZhbHVlPSJ0ZXh0L3BsYWluIiAvPg0KICAgICAgICAgICAgPEhlYWRlciBOYW1lPSJSZWZlcmVyIiBWYWx1ZT0iaHR0cHM6Ly93d3cubWFya3RwbGFhdHMubmwvei5odG1sP3F1ZXJ5PWF1dG8mYW1wO2NhdGVnb3J5SWQ9MCZhbXA7cG9zdGNvZGU9JmFtcDtkaXN0YW5jZT0wIiAvPg0KICAgICAgICAgIDwvSGVhZGVycz4NCiAgICAgICAgICA8UXVlcnlTdHJpbmdQYXJhbWV0ZXJzPg0KICAgICAgICAgICAgPFF1ZXJ5U3RyaW5nUGFyYW1ldGVyIE5hbWU9ImFjY291bnRfaWQiIFZhbHVlPSIxNjEyOCIgUmVjb3JkZWRWYWx1ZT0iMTYxMjgiIENvcnJlbGF0aW9uQmluZGluZz0iIiBVcmxFbmNvZGU9IkZhbHNlIiBVc2VUb0dyb3VwUmVzdWx0cz0iRmFsc2UiIC8+DQogICAgICAgICAgICA8UXVlcnlTdHJpbmdQYXJhbWV0ZXIgTmFtZT0ic2l0ZV9pZCIgVmFsdWU9IjE0OTkyNiIgUmVjb3JkZWRWYWx1ZT0iMTQ5OTI2IiBDb3JyZWxhdGlvbkJpbmRpbmc9IiIgVXJsRW5jb2RlPSJGYWxzZSIgVXNlVG9Hcm91cFJlc3VsdHM9IkZhbHNlIiAvPg0KICAgICAgICAgICAgPFF1ZXJ5U3RyaW5nUGFyYW1ldGVyIE5hbWU9InpvbmVfaWQiIFZhbHVlPSI3MTE2MDgiIFJlY29yZGVkVmFsdWU9IjcxMTYwOCIgQ29ycmVsYXRpb25CaW5kaW5nPSIiIFVybEVuY29kZT0iRmFsc2UiIFVzZVRvR3JvdXBSZXN1bHRzPSJGYWxzZSIgLz4NCiAgICAgICAgICAgIDxRdWVyeVN0cmluZ1BhcmFtZXRlciBOYW1lPSJzaXplX2lkIiBWYWx1ZT0iMiIgUmVjb3JkZWRWYWx1ZT0iMiIgQ29ycmVsYXRpb25CaW5kaW5nPSIiIFVybEVuY29kZT0iRmFsc2UiIFVzZVRvR3JvdXBSZXN1bHRzPSJGYWxzZSIgLz4NCiAgICAgICAgICAgIDxRdWVyeVN0cmluZ1BhcmFtZXRlciBOYW1lPSJhbHRfc2l6ZV9pZHMiIFZhbHVlPSIxJTJDNTclMkM2OCIgUmVjb3JkZWRWYWx1ZT0iMSUyQzU3JTJDNjgiIENvcnJlbGF0aW9uQmluZGluZz0iIiBVcmxFbmNvZGU9IkZhbHNlIiBVc2VUb0dyb3VwUmVzdWx0cz0iRmFsc2UiIC8+DQogICAgICAgICAgICA8UXVlcnlTdHJpbmdQYXJhbWV0ZXIgTmFtZT0icF9wb3MiIFZhbHVlPSJidGYiIFJlY29yZGVkVmFsdWU9ImJ0ZiIgQ29ycmVsYXRpb25CaW5kaW5nPSIiIFVybEVuY29kZT0iRmFsc2UiIFVzZVRvR3JvdXBSZXN1bHRzPSJGYWxzZSIgLz4NCiAgICAgICAgICAgIDxRdWVyeVN0cmluZ1BhcmFtZXRlciBOYW1lPSJycF9mbG9vciIgVmFsdWU9IjAuMDEiIFJlY29yZGVkVmFsdWU9IjAuMDEiIENvcnJlbGF0aW9uQmluZGluZz0iIiBVcmxFbmNvZGU9IkZhbHNlIiBVc2VUb0dyb3VwUmVzdWx0cz0iRmFsc2UiIC8+DQogICAgICAgICAgICA8UXVlcnlTdHJpbmdQYXJhbWV0ZXIgTmFtZT0icnBfc2VjdXJlIiBWYWx1ZT0iMSIgUmVjb3JkZWRWYWx1ZT0iMSIgQ29ycmVsYXRpb25CaW5kaW5nPSIiIFVybEVuY29kZT0iRmFsc2UiIFVzZVRvR3JvdXBSZXN1bHRzPSJGYWxzZSIgLz4NCiAgICAgICAgICAgIDxRdWVyeVN0cmluZ1BhcmFtZXRlciBOYW1lPSJ0a19mbGludCIgVmFsdWU9InBianNfbGl0ZV92MC4zNC4xIiBSZWNvcmRlZFZhbHVlPSJwYmpzX2xpdGVfdjAuMzQuMSIgQ29ycmVsYXRpb25CaW5kaW5nPSIiIFVybEVuY29kZT0iRmFsc2UiIFVzZVRvR3JvdXBSZXN1bHRzPSJGYWxzZSIgLz4NCiAgICAgICAgICAgIDxRdWVyeVN0cmluZ1BhcmFtZXRlciBOYW1lPSJ0aWQiIFZhbHVlPSI1Nzg2ZjYyNi03NTZmLTRlM2YtOTljMy04N2FkYjc1ZGE4MjAiIFJlY29yZGVkVmFsdWU9IjU3ODZmNjI2LTc1NmYtNGUzZi05OWMzLTg3YWRiNzVkYTgyMCIgQ29ycmVsYXRpb25CaW5kaW5nPSIiIFVybEVuY29kZT0iRmFsc2UiIFVzZVRvR3JvdXBSZXN1bHRzPSJGYWxzZSIgLz4NCiAgICAgICAgICAgIDxRdWVyeVN0cmluZ1BhcmFtZXRlciBOYW1lPSJwX3NjcmVlbl9yZXMiIFZhbHVlPSIxNTI3eDk1NSIgUmVjb3JkZWRWYWx1ZT0iMTUyN3g5NTUiIENvcnJlbGF0aW9uQmluZGluZz0iIiBVcmxFbmNvZGU9IkZhbHNlIiBVc2VUb0dyb3VwUmVzdWx0cz0iRmFsc2UiIC8+DQogICAgICAgICAgICA8UXVlcnlTdHJpbmdQYXJhbWV0ZXIgTmFtZT0idGdfaS5wb3MiIFZhbHVlPSJscnBfdG9wIiBSZWNvcmRlZFZhbHVlPSJscnBfdG9wIiBDb3JyZWxhdGlvbkJpbmRpbmc9IiIgVXJsRW5jb2RlPSJGYWxzZSIgVXNlVG9Hcm91cFJlc3VsdHM9IkZhbHNlIiAvPg0KICAgICAgICAgICAgPFF1ZXJ5U3RyaW5nUGFyYW1ldGVyIE5hbWU9InRnX2kuY3QiIFZhbHVlPSIwIiBSZWNvcmRlZFZhbHVlPSIwIiBDb3JyZWxhdGlvbkJpbmRpbmc9IiIgVXJsRW5jb2RlPSJGYWxzZSIgVXNlVG9Hcm91cFJlc3VsdHM9IkZhbHNlIiAvPg0KICAgICAgICAgICAgPFF1ZXJ5U3RyaW5nUGFyYW1ldGVyIE5hbWU9InRnX2kua3ciIFZhbHVlPSJhdXRvIiBSZWNvcmRlZFZhbHVlPSJhdXRvIiBDb3JyZWxhdGlvbkJpbmRpbmc9IiIgVXJsRW5jb2RlPSJGYWxzZSIgVXNlVG9Hcm91cFJlc3VsdHM9IkZhbHNlIiAvPg0KICAgICAgICAgICAgPFF1ZXJ5U3RyaW5nUGFyYW1ldGVyIE5hbWU9InRnX2kuYXVzIiBWYWx1ZT0iMjc4OTg0Mjc0OSIgUmVjb3JkZWRWYWx1ZT0iMjc4OTg0Mjc0OSIgQ29ycmVsYXRpb25CaW5kaW5nPSIiIFVybEVuY29kZT0iRmFsc2UiIFVzZVRvR3JvdXBSZXN1bHRzPSJGYWxzZSIgLz4NCiAgICAgICAgICAgIDxRdWVyeVN0cmluZ1BhcmFtZXRlciBOYW1lPSJ0Z19pLmlpZCIgVmFsdWU9IjY3MjYxZjdjLWY2NDUtNjYzOC1mYzNmLTk3NDRhODI1M2RmOCIgUmVjb3JkZWRWYWx1ZT0iNjcyNjFmN2MtZjY0NS02NjM4LWZjM2YtOTc0NGE4MjUzZGY4IiBDb3JyZWxhdGlvbkJpbmRpbmc9IiIgVXJsRW5jb2RlPSJGYWxzZSIgVXNlVG9Hcm91cFJlc3VsdHM9IkZhbHNlIiAvPg0KICAgICAgICAgICAgPFF1ZXJ5U3RyaW5nUGFyYW1ldGVyIE5hbWU9InRnX2kuc2Vzc2lvbmlkIiBWYWx1ZT0iOGQzZTllMWMtMTc5MC00YzI5LWE2NTgtYzYwMDlhYWE0YWEwIiBSZWNvcmRlZFZhbHVlPSI4ZDNlOWUxYy0xNzkwLTRjMjktYTY1OC1jNjAwOWFhYTRhYTAiIENvcnJlbGF0aW9uQmluZGluZz0iIiBVcmxFbmNvZGU9IkZhbHNlIiBVc2VUb0dyb3VwUmVzdWx0cz0iRmFsc2UiIC8+DQogICAgICAgICAgICA8UXVlcnlTdHJpbmdQYXJhbWV0ZXIgTmFtZT0idGdfaS5wdGciIFZhbHVlPSJhdXI1NDUzX2ElMkNhdXI1NjA2X2ElMkNhdXI1NjA3X2ElMkNhdXI0OTI1X2MlMkNhdXI1MzM3X2IlMkNhdXI1MDcxX2IlMkNhdXI1MDcwX2ElMkNhdXI1NzQ5X2ElMkNhdXI0OTc0LWFuZHJvaWRfYiUyQ2F1cjU0ODZfYiUyQ2F1cjUzNzlfYiUyQ2F1cjQ5NTlfYSUyQ2F1cjUzODBfZCUyQ2F1cjQ4NDJfYSUyQ2F1cjU0MTVfYiUyQ2F1cjU0MzJfYSUyQ2F1cjU5NDNfYyUyQ2F1cjQxMTBfZiUyQ2F1cjU1NTlfYyIgUmVjb3JkZWRWYWx1ZT0iYXVyNTQ1M19hJTJDYXVyNTYwNl9hJTJDYXVyNTYwN19hJTJDYXVyNDkyNV9jJTJDYXVyNTMzN19iJTJDYXVyNTA3MV9iJTJDYXVyNTA3MF9hJTJDYXVyNTc0OV9hJTJDYXVyNDk3NC1hbmRyb2lkX2IlMkNhdXI1NDg2X2IlMkNhdXI1Mzc5X2IlMkNhdXI0OTU5X2ElMkNhdXI1MzgwX2QlMkNhdXI0ODQyX2ElMkNhdXI1NDE1X2IlMkNhdXI1NDMyX2ElMkNhdXI1OTQzX2MlMkNhdXI0MTEwX2YlMkNhdXI1NTU5X2MiIENvcnJlbGF0aW9uQmluZGluZz0iIiBVcmxFbmNvZGU9IkZhbHNlIiBVc2VUb0dyb3VwUmVzdWx0cz0iRmFsc2UiIC8+DQogICAgICAgICAgICA8UXVlcnlTdHJpbmdQYXJhbWV0ZXIgTmFtZT0idGdfaS5wdCIgVmFsdWU9InNycCIgUmVjb3JkZWRWYWx1ZT0ic3JwIiBDb3JyZWxhdGlvbkJpbmRpbmc9IiIgVXJsRW5jb2RlPSJGYWxzZSIgVXNlVG9Hcm91cFJlc3VsdHM9IkZhbHNlIiAvPg0KICAgICAgICAgICAgPFF1ZXJ5U3RyaW5nUGFyYW1ldGVyIE5hbWU9InRnX2kuaG4iIFZhbHVlPSJ3d3cubWFya3RwbGFhdHMubmwiIFJlY29yZGVkVmFsdWU9Ind3dy5tYXJrdHBsYWF0cy5ubCIgQ29ycmVsYXRpb25CaW5kaW5nPSIiIFVybEVuY29kZT0iRmFsc2UiIFVzZVRvR3JvdXBSZXN1bHRzPSJGYWxzZSIgLz4NCiAgICAgICAgICAgIDxRdWVyeVN0cmluZ1BhcmFtZXRlciBOYW1lPSJ0Z19pLmxpIiBWYWx1ZT0iMCIgUmVjb3JkZWRWYWx1ZT0iMCIgQ29ycmVsYXRpb25CaW5kaW5nPSIiIFVybEVuY29kZT0iRmFsc2UiIFVzZVRvR3JvdXBSZXN1bHRzPSJGYWxzZSIgLz4NCiAgICAgICAgICAgIDxRdWVyeVN0cmluZ1BhcmFtZXRlciBOYW1lPSJ0Z19pLmt2IiBWYWx1ZT0iaGIiIFJlY29yZGVkVmFsdWU9ImhiIiBDb3JyZWxhdGlvbkJpbmRpbmc9IiIgVXJsRW5jb2RlPSJGYWxzZSIgVXNlVG9Hcm91cFJlc3VsdHM9IkZhbHNlIiAvPg0KICAgICAgICAgICAgPFF1ZXJ5U3RyaW5nUGFyYW1ldGVyIE5hbWU9InRnX2kuaGIiIFZhbHVlPSIxIiBSZWNvcmRlZFZhbHVlPSIxIiBDb3JyZWxhdGlvbkJpbmRpbmc9IiIgVXJsRW5jb2RlPSJGYWxzZSIgVXNlVG9Hcm91cFJlc3VsdHM9IkZhbHNlIiAvPg0KICAgICAgICAgICAgPFF1ZXJ5U3RyaW5nUGFyYW1ldGVyIE5hbWU9InJhbmQiIFZhbHVlPSIwLjgxNjQ0OTE2NjMzNjYwNjUiIFJlY29yZGVkVmFsdWU9IjAuODE2NDQ5MTY2MzM2NjA2NSIgQ29ycmVsYXRpb25CaW5kaW5nPSIiIFVybEVuY29kZT0iRmFsc2UiIFVzZVRvR3JvdXBSZXN1bHRzPSJGYWxzZSIgLz4NCiAgICAgICAgICAgIDxRdWVyeVN0cmluZ1BhcmFtZXRlciBOYW1lPSJyZiIgVmFsdWU9Imh0dHBzJTNBJTJGJTJGd3d3Lm1hcmt0cGxhYXRzLm5sJTJGei5odG1sJTNGcXVlcnklM0RhdXRvJTI2Y2F0ZWdvcnlJZCUzRDAlMjZwb3N0Y29kZSUzRCUyNmRpc3RhbmNlJTNEMCIgUmVjb3JkZWRWYWx1ZT0iaHR0cHMlM0ElMkYlMkZ3d3cubWFya3RwbGFhdHMubmwlMkZ6Lmh0bWwlM0ZxdWVyeSUzRGF1dG8lMjZjYXRlZ29yeUlkJTNEMCUyNnBvc3Rjb2RlJTNEJTI2ZGlzdGFuY2UlM0QwIiBDb3JyZWxhdGlvbkJpbmRpbmc9IiIgVXJsRW5jb2RlPSJGYWxzZSIgVXNlVG9Hcm91cFJlc3VsdHM9IkZhbHNlIiAvPg0KICAgICAgICAgIDwvUXVlcnlTdHJpbmdQYXJhbWV0ZXJzPg0KICAgICAgICA8L1JlcXVlc3Q+DQogICAgICAgIDxSZXF1ZXN0IE1ldGhvZD0iR0VUIiBHdWlkPSI2NzZlY2Y3NC0zMWUwLTRjMTMtODVkNC0zNjc5ZTJjYjEzMjIiIFZlcnNpb249IjEuMSIgVXJsPSJodHRwczovL2Zhc3RsYW5lLnJ1Ymljb25wcm9qZWN0LmNvbS9hL2FwaS9mYXN0bGFuZS5qc29uIiBUaGlua1RpbWU9IjAiIFRpbWVvdXQ9IjMwMCIgUGFyc2VEZXBlbmRlbnRSZXF1ZXN0cz0iVHJ1ZSIgRm9sbG93UmVkaXJlY3RzPSJUcnVlIiBSZWNvcmRSZXN1bHQ9IlRydWUiIENhY2hlPSJGYWxzZSIgUmVzcG9uc2VUaW1lR29hbD0iMCIgRW5jb2Rpbmc9InV0Zi04IiBFeHBlY3RlZEh0dHBTdGF0dXNDb2RlPSIwIiBFeHBlY3RlZFJlc3BvbnNlVXJsPSIiIFJlcG9ydGluZ05hbWU9IiIgSWdub3JlSHR0cFN0YXR1c0NvZGU9IkZhbHNlIj4NCiAgICAgICAgICA8SGVhZGVycz4NCiAgICAgICAgICAgIDxIZWFkZXIgTmFtZT0iQ29udGVudC1UeXBlIiBWYWx1ZT0idGV4dC9wbGFpbiIgLz4NCiAgICAgICAgICAgIDxIZWFkZXIgTmFtZT0iUmVmZXJlciIgVmFsdWU9Imh0dHBzOi8vd3d3Lm1hcmt0cGxhYXRzLm5sL3ouaHRtbD9xdWVyeT1hdXRvJmFtcDtjYXRlZ29yeUlkPTAmYW1wO3Bvc3Rjb2RlPSZhbXA7ZGlzdGFuY2U9MCIgLz4NCiAgICAgICAgICA8L0hlYWRlcnM+DQogICAgICAgICAgPFF1ZXJ5U3RyaW5nUGFyYW1ldGVycz4NCiAgICAgICAgICAgIDxRdWVyeVN0cmluZ1BhcmFtZXRlciBOYW1lPSJhY2NvdW50X2lkIiBWYWx1ZT0iMTYxMjgiIFJlY29yZGVkVmFsdWU9IjE2MTI4IiBDb3JyZWxhdGlvbkJpbmRpbmc9IiIgVXJsRW5jb2RlPSJGYWxzZSIgVXNlVG9Hcm91cFJlc3VsdHM9IkZhbHNlIiAvPg0KICAgICAgICAgICAgPFF1ZXJ5U3RyaW5nUGFyYW1ldGVyIE5hbWU9InNpdGVfaWQiIFZhbHVlPSIxNDk5MjYiIFJlY29yZGVkVmFsdWU9IjE0OTkyNiIgQ29ycmVsYXRpb25CaW5kaW5nPSIiIFVybEVuY29kZT0iRmFsc2UiIFVzZVRvR3JvdXBSZXN1bHRzPSJGYWxzZSIgLz4NCiAgICAgICAgICAgIDxRdWVyeVN0cmluZ1BhcmFtZXRlciBOYW1lPSJ6b25lX2lkIiBWYWx1ZT0iNzExNjEwIiBSZWNvcmRlZFZhbHVlPSI3MTE2MTAiIENvcnJlbGF0aW9uQmluZGluZz0iIiBVcmxFbmNvZGU9IkZhbHNlIiBVc2VUb0dyb3VwUmVzdWx0cz0iRmFsc2UiIC8+DQogICAgICAgICAgICA8UXVlcnlTdHJpbmdQYXJhbWV0ZXIgTmFtZT0ic2l6ZV9pZCIgVmFsdWU9IjIiIFJlY29yZGVkVmFsdWU9IjIiIENvcnJlbGF0aW9uQmluZGluZz0iIiBVcmxFbmNvZGU9IkZhbHNlIiBVc2VUb0dyb3VwUmVzdWx0cz0iRmFsc2UiIC8+DQogICAgICAgICAgICA8UXVlcnlTdHJpbmdQYXJhbWV0ZXIgTmFtZT0icF9wb3MiIFZhbHVlPSJidGYiIFJlY29yZGVkVmFsdWU9ImJ0ZiIgQ29ycmVsYXRpb25CaW5kaW5nPSIiIFVybEVuY29kZT0iRmFsc2UiIFVzZVRvR3JvdXBSZXN1bHRzPSJGYWxzZSIgLz4NCiAgICAgICAgICAgIDxRdWVyeVN0cmluZ1BhcmFtZXRlciBOYW1lPSJycF9mbG9vciIgVmFsdWU9IjAuMDEiIFJlY29yZGVkVmFsdWU9IjAuMDEiIENvcnJlbGF0aW9uQmluZGluZz0iIiBVcmxFbmNvZGU9IkZhbHNlIiBVc2VUb0dyb3VwUmVzdWx0cz0iRmFsc2UiIC8+DQogICAgICAgICAgICA8UXVlcnlTdHJpbmdQYXJhbWV0ZXIgTmFtZT0icnBfc2VjdXJlIiBWYWx1ZT0iMSIgUmVjb3JkZWRWYWx1ZT0iMSIgQ29ycmVsYXRpb25CaW5kaW5nPSIiIFVybEVuY29kZT0iRmFsc2UiIFVzZVRvR3JvdXBSZXN1bHRzPSJGYWxzZSIgLz4NCiAgICAgICAgICAgIDxRdWVyeVN0cmluZ1BhcmFtZXRlciBOYW1lPSJ0a19mbGludCIgVmFsdWU9InBianNfbGl0ZV92MC4zNC4xIiBSZWNvcmRlZFZhbHVlPSJwYmpzX2xpdGVfdjAuMzQuMSIgQ29ycmVsYXRpb25CaW5kaW5nPSIiIFVybEVuY29kZT0iRmFsc2UiIFVzZVRvR3JvdXBSZXN1bHRzPSJGYWxzZSIgLz4NCiAgICAgICAgICAgIDxRdWVyeVN0cmluZ1BhcmFtZXRlciBOYW1lPSJ0aWQiIFZhbHVlPSJiMDBjYzdiOC03M2Q2LTQ0OTctYTI1My1lNzNhNjY1NmMxMzEiIFJlY29yZGVkVmFsdWU9ImIwMGNjN2I4LTczZDYtNDQ5Ny1hMjUzLWU3M2E2NjU2YzEzMSIgQ29ycmVsYXRpb25CaW5kaW5nPSIiIFVybEVuY29kZT0iRmFsc2UiIFVzZVRvR3JvdXBSZXN1bHRzPSJGYWxzZSIgLz4NCiAgICAgICAgICAgIDxRdWVyeVN0cmluZ1BhcmFtZXRlciBOYW1lPSJwX3NjcmVlbl9yZXMiIFZhbHVlPSIxNTI3eDk1NSIgUmVjb3JkZWRWYWx1ZT0iMTUyN3g5NTUiIENvcnJlbGF0aW9uQmluZGluZz0iIiBVcmxFbmNvZGU9IkZhbHNlIiBVc2VUb0dyb3VwUmVzdWx0cz0iRmFsc2UiIC8+DQogICAgICAgICAgICA8UXVlcnlTdHJpbmdQYXJhbWV0ZXIgTmFtZT0idGdfaS5wb3MiIFZhbHVlPSJscnBfbWlkIiBSZWNvcmRlZFZhbHVlPSJscnBfbWlkIiBDb3JyZWxhdGlvbkJpbmRpbmc9IiIgVXJsRW5jb2RlPSJGYWxzZSIgVXNlVG9Hcm91cFJlc3VsdHM9IkZhbHNlIiAvPg0KICAgICAgICAgICAgPFF1ZXJ5U3RyaW5nUGFyYW1ldGVyIE5hbWU9InRnX2kuY3QiIFZhbHVlPSIwIiBSZWNvcmRlZFZhbHVlPSIwIiBDb3JyZWxhdGlvbkJpbmRpbmc9IiIgVXJsRW5jb2RlPSJGYWxzZSIgVXNlVG9Hcm91cFJlc3VsdHM9IkZhbHNlIiAvPg0KICAgICAgICAgICAgPFF1ZXJ5U3RyaW5nUGFyYW1ldGVyIE5hbWU9InRnX2kua3ciIFZhbHVlPSJhdXRvIiBSZWNvcmRlZFZhbHVlPSJhdXRvIiBDb3JyZWxhdGlvbkJpbmRpbmc9IiIgVXJsRW5jb2RlPSJGYWxzZSIgVXNlVG9Hcm91cFJlc3VsdHM9IkZhbHNlIiAvPg0KICAgICAgICAgICAgPFF1ZXJ5U3RyaW5nUGFyYW1ldGVyIE5hbWU9InRnX2kuYXVzIiBWYWx1ZT0iMzU4MjU2MjI5NCIgUmVjb3JkZWRWYWx1ZT0iMzU4MjU2MjI5NCIgQ29ycmVsYXRpb25CaW5kaW5nPSIiIFVybEVuY29kZT0iRmFsc2UiIFVzZVRvR3JvdXBSZXN1bHRzPSJGYWxzZSIgLz4NCiAgICAgICAgICAgIDxRdWVyeVN0cmluZ1BhcmFtZXRlciBOYW1lPSJ0Z19pLmlpZCIgVmFsdWU9IjlmNDM3Y2NkLTU4MTMtMGFlNS0xNWQxLWMxZGZjZmVkNjg1NCIgUmVjb3JkZWRWYWx1ZT0iOWY0MzdjY2QtNTgxMy0wYWU1LTE1ZDEtYzFkZmNmZWQ2ODU0IiBDb3JyZWxhdGlvbkJpbmRpbmc9IiIgVXJsRW5jb2RlPSJGYWxzZSIgVXNlVG9Hcm91cFJlc3VsdHM9IkZhbHNlIiAvPg0KICAgICAgICAgICAgPFF1ZXJ5U3RyaW5nUGFyYW1ldGVyIE5hbWU9InRnX2kuc2Vzc2lvbmlkIiBWYWx1ZT0iOGQzZTllMWMtMTc5MC00YzI5LWE2NTgtYzYwMDlhYWE0YWEwIiBSZWNvcmRlZFZhbHVlPSI4ZDNlOWUxYy0xNzkwLTRjMjktYTY1OC1jNjAwOWFhYTRhYTAiIENvcnJlbGF0aW9uQmluZGluZz0iIiBVcmxFbmNvZGU9IkZhbHNlIiBVc2VUb0dyb3VwUmVzdWx0cz0iRmFsc2UiIC8+DQogICAgICAgICAgICA8UXVlcnlTdHJpbmdQYXJhbWV0ZXIgTmFtZT0idGdfaS5wdGciIFZhbHVlPSJhdXI1NDUzX2ElMkNhdXI1NjA2X2ElMkNhdXI1NjA3X2ElMkNhdXI0OTI1X2MlMkNhdXI1MzM3X2IlMkNhdXI1MDcxX2IlMkNhdXI1MDcwX2ElMkNhdXI1NzQ5X2ElMkNhdXI0OTc0LWFuZHJvaWRfYiUyQ2F1cjU0ODZfYiUyQ2F1cjUzNzlfYiUyQ2F1cjQ5NTlfYSUyQ2F1cjUzODBfZCUyQ2F1cjQ4NDJfYSUyQ2F1cjU0MTVfYiUyQ2F1cjU0MzJfYSUyQ2F1cjU5NDNfYyUyQ2F1cjQxMTBfZiUyQ2F1cjU1NTlfYyIgUmVjb3JkZWRWYWx1ZT0iYXVyNTQ1M19hJTJDYXVyNTYwNl9hJTJDYXVyNTYwN19hJTJDYXVyNDkyNV9jJTJDYXVyNTMzN19iJTJDYXVyNTA3MV9iJTJDYXVyNTA3MF9hJTJDYXVyNTc0OV9hJTJDYXVyNDk3NC1hbmRyb2lkX2IlMkNhdXI1NDg2X2IlMkNhdXI1Mzc5X2IlMkNhdXI0OTU5X2ElMkNhdXI1MzgwX2QlMkNhdXI0ODQyX2ElMkNhdXI1NDE1X2IlMkNhdXI1NDMyX2ElMkNhdXI1OTQzX2MlMkNhdXI0MTEwX2YlMkNhdXI1NTU5X2MiIENvcnJlbGF0aW9uQmluZGluZz0iIiBVcmxFbmNvZGU9IkZhbHNlIiBVc2VUb0dyb3VwUmVzdWx0cz0iRmFsc2UiIC8+DQogICAgICAgICAgICA8UXVlcnlTdHJpbmdQYXJhbWV0ZXIgTmFtZT0idGdfaS5wdCIgVmFsdWU9InNycCIgUmVjb3JkZWRWYWx1ZT0ic3JwIiBDb3JyZWxhdGlvbkJpbmRpbmc9IiIgVXJsRW5jb2RlPSJGYWxzZSIgVXNlVG9Hcm91cFJlc3VsdHM9IkZhbHNlIiAvPg0KICAgICAgICAgICAgPFF1ZXJ5U3RyaW5nUGFyYW1ldGVyIE5hbWU9InRnX2kuaG4iIFZhbHVlPSJ3d3cubWFya3RwbGFhdHMubmwiIFJlY29yZGVkVmFsdWU9Ind3dy5tYXJrdHBsYWF0cy5ubCIgQ29ycmVsYXRpb25CaW5kaW5nPSIiIFVybEVuY29kZT0iRmFsc2UiIFVzZVRvR3JvdXBSZXN1bHRzPSJGYWxzZSIgLz4NCiAgICAgICAgICAgIDxRdWVyeVN0cmluZ1BhcmFtZXRlciBOYW1lPSJ0Z19pLmxpIiBWYWx1ZT0iMCIgUmVjb3JkZWRWYWx1ZT0iMCIgQ29ycmVsYXRpb25CaW5kaW5nPSIiIFVybEVuY29kZT0iRmFsc2UiIFVzZVRvR3JvdXBSZXN1bHRzPSJGYWxzZSIgLz4NCiAgICAgICAgICAgIDxRdWVyeVN0cmluZ1BhcmFtZXRlciBOYW1lPSJ0Z19pLmt2IiBWYWx1ZT0iaGIiIFJlY29yZGVkVmFsdWU9ImhiIiBDb3JyZWxhdGlvbkJpbmRpbmc9IiIgVXJsRW5jb2RlPSJGYWxzZSIgVXNlVG9Hcm91cFJlc3VsdHM9IkZhbHNlIiAvPg0KICAgICAgICAgICAgPFF1ZXJ5U3RyaW5nUGFyYW1ldGVyIE5hbWU9InRnX2kuaGIiIFZhbHVlPSIxIiBSZWNvcmRlZFZhbHVlPSIxIiBDb3JyZWxhdGlvbkJpbmRpbmc9IiIgVXJsRW5jb2RlPSJGYWxzZSIgVXNlVG9Hcm91cFJlc3VsdHM9IkZhbHNlIiAvPg0KICAgICAgICAgICAgPFF1ZXJ5U3RyaW5nUGFyYW1ldGVyIE5hbWU9InJhbmQiIFZhbHVlPSIwLjE4Njc3MTk0MDE3NDQwODgiIFJlY29yZGVkVmFsdWU9IjAuMTg2NzcxOTQwMTc0NDA4OCIgQ29ycmVsYXRpb25CaW5kaW5nPSIiIFVybEVuY29kZT0iRmFsc2UiIFVzZVRvR3JvdXBSZXN1bHRzPSJGYWxzZSIgLz4NCiAgICAgICAgICAgIDxRdWVyeVN0cmluZ1BhcmFtZXRlciBOYW1lPSJyZiIgVmFsdWU9Imh0dHBzJTNBJTJGJTJGd3d3Lm1hcmt0cGxhYXRzLm5sJTJGei5odG1sJTNGcXVlcnklM0RhdXRvJTI2Y2F0ZWdvcnlJZCUzRDAlMjZwb3N0Y29kZSUzRCUyNmRpc3RhbmNlJTNEMCIgUmVjb3JkZWRWYWx1ZT0iaHR0cHMlM0ElMkYlMkZ3d3cubWFya3RwbGFhdHMubmwlMkZ6Lmh0bWwlM0ZxdWVyeSUzRGF1dG8lMjZjYXRlZ29yeUlkJTNEMCUyNnBvc3Rjb2RlJTNEJTI2ZGlzdGFuY2UlM0QwIiBDb3JyZWxhdGlvbkJpbmRpbmc9IiIgVXJsRW5jb2RlPSJGYWxzZSIgVXNlVG9Hcm91cFJlc3VsdHM9IkZhbHNlIiAvPg0KICAgICAgICAgIDwvUXVlcnlTdHJpbmdQYXJhbWV0ZXJzPg0KICAgICAgICA8L1JlcXVlc3Q+DQogICAgICAgIDxSZXF1ZXN0IE1ldGhvZD0iR0VUIiBHdWlkPSJlNTcyNzRkMy1kYjVhLTQyNDQtYmU1Mi1mYjA5NTc4NzZjNDUiIFZlcnNpb249IjEuMSIgVXJsPSJodHRwczovL2Zhc3RsYW5lLnJ1Ymljb25wcm9qZWN0LmNvbS9hL2FwaS9mYXN0bGFuZS5qc29uIiBUaGlua1RpbWU9IjAiIFRpbWVvdXQ9IjMwMCIgUGFyc2VEZXBlbmRlbnRSZXF1ZXN0cz0iVHJ1ZSIgRm9sbG93UmVkaXJlY3RzPSJUcnVlIiBSZWNvcmRSZXN1bHQ9IlRydWUiIENhY2hlPSJGYWxzZSIgUmVzcG9uc2VUaW1lR29hbD0iMCIgRW5jb2Rpbmc9InV0Zi04IiBFeHBlY3RlZEh0dHBTdGF0dXNDb2RlPSIwIiBFeHBlY3RlZFJlc3BvbnNlVXJsPSIiIFJlcG9ydGluZ05hbWU9IiIgSWdub3JlSHR0cFN0YXR1c0NvZGU9IkZhbHNlIj4NCiAgICAgICAgICA8SGVhZGVycz4NCiAgICAgICAgICAgIDxIZWFkZXIgTmFtZT0iQ29udGVudC1UeXBlIiBWYWx1ZT0idGV4dC9wbGFpbiIgLz4NCiAgICAgICAgICAgIDxIZWFkZXIgTmFtZT0iUmVmZXJlciIgVmFsdWU9Imh0dHBzOi8vd3d3Lm1hcmt0cGxhYXRzLm5sL3ouaHRtbD9xdWVyeT1hdXRvJmFtcDtjYXRlZ29yeUlkPTAmYW1wO3Bvc3Rjb2RlPSZhbXA7ZGlzdGFuY2U9MCIgLz4NCiAgICAgICAgICA8L0hlYWRlcnM+DQogICAgICAgICAgPFF1ZXJ5U3RyaW5nUGFyYW1ldGVycz4NCiAgICAgICAgICAgIDxRdWVyeVN0cmluZ1BhcmFtZXRlciBOYW1lPSJhY2NvdW50X2lkIiBWYWx1ZT0iMTYxMjgiIFJlY29yZGVkVmFsdWU9IjE2MTI4IiBDb3JyZWxhdGlvbkJpbmRpbmc9IiIgVXJsRW5jb2RlPSJGYWxzZSIgVXNlVG9Hcm91cFJlc3VsdHM9IkZhbHNlIiAvPg0KICAgICAgICAgICAgPFF1ZXJ5U3RyaW5nUGFyYW1ldGVyIE5hbWU9InNpdGVfaWQiIFZhbHVlPSIxNDk5MjYiIFJlY29yZGVkVmFsdWU9IjE0OTkyNiIgQ29ycmVsYXRpb25CaW5kaW5nPSIiIFVybEVuY29kZT0iRmFsc2UiIFVzZVRvR3JvdXBSZXN1bHRzPSJGYWxzZSIgLz4NCiAgICAgICAgICAgIDxRdWVyeVN0cmluZ1BhcmFtZXRlciBOYW1lPSJ6b25lX2lkIiBWYWx1ZT0iNzExNjEyIiBSZWNvcmRlZFZhbHVlPSI3MTE2MTIiIENvcnJlbGF0aW9uQmluZGluZz0iIiBVcmxFbmNvZGU9IkZhbHNlIiBVc2VUb0dyb3VwUmVzdWx0cz0iRmFsc2UiIC8+DQogICAgICAgICAgICA8UXVlcnlTdHJpbmdQYXJhbWV0ZXIgTmFtZT0ic2l6ZV9pZCIgVmFsdWU9IjkiIFJlY29yZGVkVmFsdWU9IjkiIENvcnJlbGF0aW9uQmluZGluZz0iIiBVcmxFbmNvZGU9IkZhbHNlIiBVc2VUb0dyb3VwUmVzdWx0cz0iRmFsc2UiIC8+DQogICAgICAgICAgICA8UXVlcnlTdHJpbmdQYXJhbWV0ZXIgTmFtZT0iYWx0X3NpemVfaWRzIiBWYWx1ZT0iNSUyQzgiIFJlY29yZGVkVmFsdWU9IjUlMkM4IiBDb3JyZWxhdGlvbkJpbmRpbmc9IiIgVXJsRW5jb2RlPSJGYWxzZSIgVXNlVG9Hcm91cFJlc3VsdHM9IkZhbHNlIiAvPg0KICAgICAgICAgICAgPFF1ZXJ5U3RyaW5nUGFyYW1ldGVyIE5hbWU9InBfcG9zIiBWYWx1ZT0iYnRmIiBSZWNvcmRlZFZhbHVlPSJidGYiIENvcnJlbGF0aW9uQmluZGluZz0iIiBVcmxFbmNvZGU9IkZhbHNlIiBVc2VUb0dyb3VwUmVzdWx0cz0iRmFsc2UiIC8+DQogICAgICAgICAgICA8UXVlcnlTdHJpbmdQYXJhbWV0ZXIgTmFtZT0icnBfZmxvb3IiIFZhbHVlPSIwLjAxIiBSZWNvcmRlZFZhbHVlPSIwLjAxIiBDb3JyZWxhdGlvbkJpbmRpbmc9IiIgVXJsRW5jb2RlPSJGYWxzZSIgVXNlVG9Hcm91cFJlc3VsdHM9IkZhbHNlIiAvPg0KICAgICAgICAgICAgPFF1ZXJ5U3RyaW5nUGFyYW1ldGVyIE5hbWU9InJwX3NlY3VyZSIgVmFsdWU9IjEiIFJlY29yZGVkVmFsdWU9IjEiIENvcnJlbGF0aW9uQmluZGluZz0iIiBVcmxFbmNvZGU9IkZhbHNlIiBVc2VUb0dyb3VwUmVzdWx0cz0iRmFsc2UiIC8+DQogICAgICAgICAgICA8UXVlcnlTdHJpbmdQYXJhbWV0ZXIgTmFtZT0idGtfZmxpbnQiIFZhbHVlPSJwYmpzX2xpdGVfdjAuMzQuMSIgUmVjb3JkZWRWYWx1ZT0icGJqc19saXRlX3YwLjM0LjEiIENvcnJlbGF0aW9uQmluZGluZz0iIiBVcmxFbmNvZGU9IkZhbHNlIiBVc2VUb0dyb3VwUmVzdWx0cz0iRmFsc2UiIC8+DQogICAgICAgICAgICA8UXVlcnlTdHJpbmdQYXJhbWV0ZXIgTmFtZT0idGlkIiBWYWx1ZT0iNzZjYWUxODktNjM3ZC00NDk5LTk4YmItZTgzZDY0NWFhMzVhIiBSZWNvcmRlZFZhbHVlPSI3NmNhZTE4OS02MzdkLTQ0OTktOThiYi1lODNkNjQ1YWEzNWEiIENvcnJlbGF0aW9uQmluZGluZz0iIiBVcmxFbmNvZGU9IkZhbHNlIiBVc2VUb0dyb3VwUmVzdWx0cz0iRmFsc2UiIC8+DQogICAgICAgICAgICA8UXVlcnlTdHJpbmdQYXJhbWV0ZXIgTmFtZT0icF9zY3JlZW5fcmVzIiBWYWx1ZT0iMTUyN3g5NTUiIFJlY29yZGVkVmFsdWU9IjE1Mjd4OTU1IiBDb3JyZWxhdGlvbkJpbmRpbmc9IiIgVXJsRW5jb2RlPSJGYWxzZSIgVXNlVG9Hcm91cFJlc3VsdHM9IkZhbHNlIiAvPg0KICAgICAgICAgICAgPFF1ZXJ5U3RyaW5nUGFyYW1ldGVyIE5hbWU9InRnX2kucG9zIiBWYWx1ZT0ibHJwX2xlZnQiIFJlY29yZGVkVmFsdWU9ImxycF9sZWZ0IiBDb3JyZWxhdGlvbkJpbmRpbmc9IiIgVXJsRW5jb2RlPSJGYWxzZSIgVXNlVG9Hcm91cFJlc3VsdHM9IkZhbHNlIiAvPg0KICAgICAgICAgICAgPFF1ZXJ5U3RyaW5nUGFyYW1ldGVyIE5hbWU9InRnX2kuY3QiIFZhbHVlPSIwIiBSZWNvcmRlZFZhbHVlPSIwIiBDb3JyZWxhdGlvbkJpbmRpbmc9IiIgVXJsRW5jb2RlPSJGYWxzZSIgVXNlVG9Hcm91cFJlc3VsdHM9IkZhbHNlIiAvPg0KICAgICAgICAgICAgPFF1ZXJ5U3RyaW5nUGFyYW1ldGVyIE5hbWU9InRnX2kua3ciIFZhbHVlPSJhdXRvIiBSZWNvcmRlZFZhbHVlPSJhdXRvIiBDb3JyZWxhdGlvbkJpbmRpbmc9IiIgVXJsRW5jb2RlPSJGYWxzZSIgVXNlVG9Hcm91cFJlc3VsdHM9IkZhbHNlIiAvPg0KICAgICAgICAgICAgPFF1ZXJ5U3RyaW5nUGFyYW1ldGVyIE5hbWU9InRnX2kuYXVzIiBWYWx1ZT0iMzkzMzc4NjE1NyIgUmVjb3JkZWRWYWx1ZT0iMzkzMzc4NjE1NyIgQ29ycmVsYXRpb25CaW5kaW5nPSIiIFVybEVuY29kZT0iRmFsc2UiIFVzZVRvR3JvdXBSZXN1bHRzPSJGYWxzZSIgLz4NCiAgICAgICAgICAgIDxRdWVyeVN0cmluZ1BhcmFtZXRlciBOYW1lPSJ0Z19pLmlpZCIgVmFsdWU9IjU3YTNiYjQ0LTgwMDktMDJkOC1iY2Y5LTc5MWU1MGU0YjQzOSIgUmVjb3JkZWRWYWx1ZT0iNTdhM2JiNDQtODAwOS0wMmQ4LWJjZjktNzkxZTUwZTRiNDM5IiBDb3JyZWxhdGlvbkJpbmRpbmc9IiIgVXJsRW5jb2RlPSJGYWxzZSIgVXNlVG9Hcm91cFJlc3VsdHM9IkZhbHNlIiAvPg0KICAgICAgICAgICAgPFF1ZXJ5U3RyaW5nUGFyYW1ldGVyIE5hbWU9InRnX2kuc2Vzc2lvbmlkIiBWYWx1ZT0iOGQzZTllMWMtMTc5MC00YzI5LWE2NTgtYzYwMDlhYWE0YWEwIiBSZWNvcmRlZFZhbHVlPSI4ZDNlOWUxYy0xNzkwLTRjMjktYTY1OC1jNjAwOWFhYTRhYTAiIENvcnJlbGF0aW9uQmluZGluZz0iIiBVcmxFbmNvZGU9IkZhbHNlIiBVc2VUb0dyb3VwUmVzdWx0cz0iRmFsc2UiIC8+DQogICAgICAgICAgICA8UXVlcnlTdHJpbmdQYXJhbWV0ZXIgTmFtZT0idGdfaS5wdGciIFZhbHVlPSJhdXI1NDUzX2ElMkNhdXI1NjA2X2ElMkNhdXI1NjA3X2ElMkNhdXI0OTI1X2MlMkNhdXI1MzM3X2IlMkNhdXI1MDcxX2IlMkNhdXI1MDcwX2ElMkNhdXI1NzQ5X2ElMkNhdXI0OTc0LWFuZHJvaWRfYiUyQ2F1cjU0ODZfYiUyQ2F1cjUzNzlfYiUyQ2F1cjQ5NTlfYSUyQ2F1cjUzODBfZCUyQ2F1cjQ4NDJfYSUyQ2F1cjU0MTVfYiUyQ2F1cjU0MzJfYSUyQ2F1cjU5NDNfYyUyQ2F1cjQxMTBfZiUyQ2F1cjU1NTlfYyIgUmVjb3JkZWRWYWx1ZT0iYXVyNTQ1M19hJTJDYXVyNTYwNl9hJTJDYXVyNTYwN19hJTJDYXVyNDkyNV9jJTJDYXVyNTMzN19iJTJDYXVyNTA3MV9iJTJDYXVyNTA3MF9hJTJDYXVyNTc0OV9hJTJDYXVyNDk3NC1hbmRyb2lkX2IlMkNhdXI1NDg2X2IlMkNhdXI1Mzc5X2IlMkNhdXI0OTU5X2ElMkNhdXI1MzgwX2QlMkNhdXI0ODQyX2ElMkNhdXI1NDE1X2IlMkNhdXI1NDMyX2ElMkNhdXI1OTQzX2MlMkNhdXI0MTEwX2YlMkNhdXI1NTU5X2MiIENvcnJlbGF0aW9uQmluZGluZz0iIiBVcmxFbmNvZGU9IkZhbHNlIiBVc2VUb0dyb3VwUmVzdWx0cz0iRmFsc2UiIC8+DQogICAgICAgICAgICA8UXVlcnlTdHJpbmdQYXJhbWV0ZXIgTmFtZT0idGdfaS5wdCIgVmFsdWU9InNycCIgUmVjb3JkZWRWYWx1ZT0ic3JwIiBDb3JyZWxhdGlvbkJpbmRpbmc9IiIgVXJsRW5jb2RlPSJGYWxzZSIgVXNlVG9Hcm91cFJlc3VsdHM9IkZhbHNlIiAvPg0KICAgICAgICAgICAgPFF1ZXJ5U3RyaW5nUGFyYW1ldGVyIE5hbWU9InRnX2kuaG4iIFZhbHVlPSJ3d3cubWFya3RwbGFhdHMubmwiIFJlY29yZGVkVmFsdWU9Ind3dy5tYXJrdHBsYWF0cy5ubCIgQ29ycmVsYXRpb25CaW5kaW5nPSIiIFVybEVuY29kZT0iRmFsc2UiIFVzZVRvR3JvdXBSZXN1bHRzPSJGYWxzZSIgLz4NCiAgICAgICAgICAgIDxRdWVyeVN0cmluZ1BhcmFtZXRlciBOYW1lPSJ0Z19pLmxpIiBWYWx1ZT0iMCIgUmVjb3JkZWRWYWx1ZT0iMCIgQ29ycmVsYXRpb25CaW5kaW5nPSIiIFVybEVuY29kZT0iRmFsc2UiIFVzZVRvR3JvdXBSZXN1bHRzPSJGYWxzZSIgLz4NCiAgICAgICAgICAgIDxRdWVyeVN0cmluZ1BhcmFtZXRlciBOYW1lPSJ0Z19pLmt2IiBWYWx1ZT0iaGIiIFJlY29yZGVkVmFsdWU9ImhiIiBDb3JyZWxhdGlvbkJpbmRpbmc9IiIgVXJsRW5jb2RlPSJGYWxzZSIgVXNlVG9Hcm91cFJlc3VsdHM9IkZhbHNlIiAvPg0KICAgICAgICAgICAgPFF1ZXJ5U3RyaW5nUGFyYW1ldGVyIE5hbWU9InRnX2kuaGIiIFZhbHVlPSIxIiBSZWNvcmRlZFZhbHVlPSIxIiBDb3JyZWxhdGlvbkJpbmRpbmc9IiIgVXJsRW5jb2RlPSJGYWxzZSIgVXNlVG9Hcm91cFJlc3VsdHM9IkZhbHNlIiAvPg0KICAgICAgICAgICAgPFF1ZXJ5U3RyaW5nUGFyYW1ldGVyIE5hbWU9InJhbmQiIFZhbHVlPSIwLjg0ODY4MTk4MzYwMTM0MjMiIFJlY29yZGVkVmFsdWU9IjAuODQ4NjgxOTgzNjAxMzQyMyIgQ29ycmVsYXRpb25CaW5kaW5nPSIiIFVybEVuY29kZT0iRmFsc2UiIFVzZVRvR3JvdXBSZXN1bHRzPSJGYWxzZSIgLz4NCiAgICAgICAgICAgIDxRdWVyeVN0cmluZ1BhcmFtZXRlciBOYW1lPSJyZiIgVmFsdWU9Imh0dHBzJTNBJTJGJTJGd3d3Lm1hcmt0cGxhYXRzLm5sJTJGei5odG1sJTNGcXVlcnklM0RhdXRvJTI2Y2F0ZWdvcnlJZCUzRDAlMjZwb3N0Y29kZSUzRCUyNmRpc3RhbmNlJTNEMCIgUmVjb3JkZWRWYWx1ZT0iaHR0cHMlM0ElMkYlMkZ3d3cubWFya3RwbGFhdHMubmwlMkZ6Lmh0bWwlM0ZxdWVyeSUzRGF1dG8lMjZjYXRlZ29yeUlkJTNEMCUyNnBvc3Rjb2RlJTNEJTI2ZGlzdGFuY2UlM0QwIiBDb3JyZWxhdGlvbkJpbmRpbmc9IiIgVXJsRW5jb2RlPSJGYWxzZSIgVXNlVG9Hcm91cFJlc3VsdHM9IkZhbHNlIiAvPg0KICAgICAgICAgIDwvUXVlcnlTdHJpbmdQYXJhbWV0ZXJzPg0KICAgICAgICA8L1JlcXVlc3Q+DQogICAgICAgIDxSZXF1ZXN0IE1ldGhvZD0iR0VUIiBHdWlkPSIyNDExNTZlMS01YWYzLTRlMGEtYjU0MS0zOTU2Nzc5YTk2YjYiIFZlcnNpb249IjEuMSIgVXJsPSJodHRwczovL2Zhc3RsYW5lLnJ1Ymljb25wcm9qZWN0LmNvbS9hL2FwaS9mYXN0bGFuZS5qc29uIiBUaGlua1RpbWU9IjAiIFRpbWVvdXQ9IjMwMCIgUGFyc2VEZXBlbmRlbnRSZXF1ZXN0cz0iVHJ1ZSIgRm9sbG93UmVkaXJlY3RzPSJUcnVlIiBSZWNvcmRSZXN1bHQ9IlRydWUiIENhY2hlPSJGYWxzZSIgUmVzcG9uc2VUaW1lR29hbD0iMCIgRW5jb2Rpbmc9InV0Zi04IiBFeHBlY3RlZEh0dHBTdGF0dXNDb2RlPSIwIiBFeHBlY3RlZFJlc3BvbnNlVXJsPSIiIFJlcG9ydGluZ05hbWU9IiIgSWdub3JlSHR0cFN0YXR1c0NvZGU9IkZhbHNlIj4NCiAgICAgICAgICA8SGVhZGVycz4NCiAgICAgICAgICAgIDxIZWFkZXIgTmFtZT0iQ29udGVudC1UeXBlIiBWYWx1ZT0idGV4dC9wbGFpbiIgLz4NCiAgICAgICAgICAgIDxIZWFkZXIgTmFtZT0iUmVmZXJlciIgVmFsdWU9Imh0dHBzOi8vd3d3Lm1hcmt0cGxhYXRzLm5sL3ouaHRtbD9xdWVyeT1hdXRvJmFtcDtjYXRlZ29yeUlkPTAmYW1wO3Bvc3Rjb2RlPSZhbXA7ZGlzdGFuY2U9MCIgLz4NCiAgICAgICAgICA8L0hlYWRlcnM+DQogICAgICAgICAgPFF1ZXJ5U3RyaW5nUGFyYW1ldGVycz4NCiAgICAgICAgICAgIDxRdWVyeVN0cmluZ1BhcmFtZXRlciBOYW1lPSJhY2NvdW50X2lkIiBWYWx1ZT0iMTYxMjgiIFJlY29yZGVkVmFsdWU9IjE2MTI4IiBDb3JyZWxhdGlvbkJpbmRpbmc9IiIgVXJsRW5jb2RlPSJGYWxzZSIgVXNlVG9Hcm91cFJlc3VsdHM9IkZhbHNlIiAvPg0KICAgICAgICAgICAgPFF1ZXJ5U3RyaW5nUGFyYW1ldGVyIE5hbWU9InNpdGVfaWQiIFZhbHVlPSIxNDk5MjYiIFJlY29yZGVkVmFsdWU9IjE0OTkyNiIgQ29ycmVsYXRpb25CaW5kaW5nPSIiIFVybEVuY29kZT0iRmFsc2UiIFVzZVRvR3JvdXBSZXN1bHRzPSJGYWxzZSIgLz4NCiAgICAgICAgICAgIDxRdWVyeVN0cmluZ1BhcmFtZXRlciBOYW1lPSJ6b25lX2lkIiBWYWx1ZT0iNzExNjE4IiBSZWNvcmRlZFZhbHVlPSI3MTE2MTgiIENvcnJlbGF0aW9uQmluZGluZz0iIiBVcmxFbmNvZGU9IkZhbHNlIiBVc2VUb0dyb3VwUmVzdWx0cz0iRmFsc2UiIC8+DQogICAgICAgICAgICA8UXVlcnlTdHJpbmdQYXJhbWV0ZXIgTmFtZT0ic2l6ZV9pZCIgVmFsdWU9IjIiIFJlY29yZGVkVmFsdWU9IjIiIENvcnJlbGF0aW9uQmluZGluZz0iIiBVcmxFbmNvZGU9IkZhbHNlIiBVc2VUb0dyb3VwUmVzdWx0cz0iRmFsc2UiIC8+DQogICAgICAgICAgICA8UXVlcnlTdHJpbmdQYXJhbWV0ZXIgTmFtZT0iYWx0X3NpemVfaWRzIiBWYWx1ZT0iMSIgUmVjb3JkZWRWYWx1ZT0iMSIgQ29ycmVsYXRpb25CaW5kaW5nPSIiIFVybEVuY29kZT0iRmFsc2UiIFVzZVRvR3JvdXBSZXN1bHRzPSJGYWxzZSIgLz4NCiAgICAgICAgICAgIDxRdWVyeVN0cmluZ1BhcmFtZXRlciBOYW1lPSJwX3BvcyIgVmFsdWU9ImJ0ZiIgUmVjb3JkZWRWYWx1ZT0iYnRmIiBDb3JyZWxhdGlvbkJpbmRpbmc9IiIgVXJsRW5jb2RlPSJGYWxzZSIgVXNlVG9Hcm91cFJlc3VsdHM9IkZhbHNlIiAvPg0KICAgICAgICAgICAgPFF1ZXJ5U3RyaW5nUGFyYW1ldGVyIE5hbWU9InJwX2Zsb29yIiBWYWx1ZT0iMC4wMSIgUmVjb3JkZWRWYWx1ZT0iMC4wMSIgQ29ycmVsYXRpb25CaW5kaW5nPSIiIFVybEVuY29kZT0iRmFsc2UiIFVzZVRvR3JvdXBSZXN1bHRzPSJGYWxzZSIgLz4NCiAgICAgICAgICAgIDxRdWVyeVN0cmluZ1BhcmFtZXRlciBOYW1lPSJycF9zZWN1cmUiIFZhbHVlPSIxIiBSZWNvcmRlZFZhbHVlPSIxIiBDb3JyZWxhdGlvbkJpbmRpbmc9IiIgVXJsRW5jb2RlPSJGYWxzZSIgVXNlVG9Hcm91cFJlc3VsdHM9IkZhbHNlIiAvPg0KICAgICAgICAgICAgPFF1ZXJ5U3RyaW5nUGFyYW1ldGVyIE5hbWU9InRrX2ZsaW50IiBWYWx1ZT0icGJqc19saXRlX3YwLjM0LjEiIFJlY29yZGVkVmFsdWU9InBianNfbGl0ZV92MC4zNC4xIiBDb3JyZWxhdGlvbkJpbmRpbmc9IiIgVXJsRW5jb2RlPSJGYWxzZSIgVXNlVG9Hcm91cFJlc3VsdHM9IkZhbHNlIiAvPg0KICAgICAgICAgICAgPFF1ZXJ5U3RyaW5nUGFyYW1ldGVyIE5hbWU9InRpZCIgVmFsdWU9ImE2ODFjMjEwLTJiODUtNDA4Ny1iZDdiLTQxZDZlZTI0ZjJhZCIgUmVjb3JkZWRWYWx1ZT0iYTY4MWMyMTAtMmI4NS00MDg3LWJkN2ItNDFkNmVlMjRmMmFkIiBDb3JyZWxhdGlvbkJpbmRpbmc9IiIgVXJsRW5jb2RlPSJGYWxzZSIgVXNlVG9Hcm91cFJlc3VsdHM9IkZhbHNlIiAvPg0KICAgICAgICAgICAgPFF1ZXJ5U3RyaW5nUGFyYW1ldGVyIE5hbWU9InBfc2NyZWVuX3JlcyIgVmFsdWU9IjE1Mjd4OTU1IiBSZWNvcmRlZFZhbHVlPSIxNTI3eDk1NSIgQ29ycmVsYXRpb25CaW5kaW5nPSIiIFVybEVuY29kZT0iRmFsc2UiIFVzZVRvR3JvdXBSZXN1bHRzPSJGYWxzZSIgLz4NCiAgICAgICAgICAgIDxRdWVyeVN0cmluZ1BhcmFtZXRlciBOYW1lPSJ0Z19pLnBvcyIgVmFsdWU9ImxycF9ib3QiIFJlY29yZGVkVmFsdWU9ImxycF9ib3QiIENvcnJlbGF0aW9uQmluZGluZz0iIiBVcmxFbmNvZGU9IkZhbHNlIiBVc2VUb0dyb3VwUmVzdWx0cz0iRmFsc2UiIC8+DQogICAgICAgICAgICA8UXVlcnlTdHJpbmdQYXJhbWV0ZXIgTmFtZT0idGdfaS5jdCIgVmFsdWU9IjAiIFJlY29yZGVkVmFsdWU9IjAiIENvcnJlbGF0aW9uQmluZGluZz0iIiBVcmxFbmNvZGU9IkZhbHNlIiBVc2VUb0dyb3VwUmVzdWx0cz0iRmFsc2UiIC8+DQogICAgICAgICAgICA8UXVlcnlTdHJpbmdQYXJhbWV0ZXIgTmFtZT0idGdfaS5rdyIgVmFsdWU9ImF1dG8iIFJlY29yZGVkVmFsdWU9ImF1dG8iIENvcnJlbGF0aW9uQmluZGluZz0iIiBVcmxFbmNvZGU9IkZhbHNlIiBVc2VUb0dyb3VwUmVzdWx0cz0iRmFsc2UiIC8+DQogICAgICAgICAgICA8UXVlcnlTdHJpbmdQYXJhbWV0ZXIgTmFtZT0idGdfaS5hdXMiIFZhbHVlPSIzMjAxMzY3MzQzIiBSZWNvcmRlZFZhbHVlPSIzMjAxMzY3MzQzIiBDb3JyZWxhdGlvbkJpbmRpbmc9IiIgVXJsRW5jb2RlPSJGYWxzZSIgVXNlVG9Hcm91cFJlc3VsdHM9IkZhbHNlIiAvPg0KICAgICAgICAgICAgPFF1ZXJ5U3RyaW5nUGFyYW1ldGVyIE5hbWU9InRnX2kuaWlkIiBWYWx1ZT0iOTM4MjI1MWItNTljMi05ODYwLWY0MjUtY2NkYTVhYWI3MmE4IiBSZWNvcmRlZFZhbHVlPSI5MzgyMjUxYi01OWMyLTk4NjAtZjQyNS1jY2RhNWFhYjcyYTgiIENvcnJlbGF0aW9uQmluZGluZz0iIiBVcmxFbmNvZGU9IkZhbHNlIiBVc2VUb0dyb3VwUmVzdWx0cz0iRmFsc2UiIC8+DQogICAgICAgICAgICA8UXVlcnlTdHJpbmdQYXJhbWV0ZXIgTmFtZT0idGdfaS5zZXNzaW9uaWQiIFZhbHVlPSI4ZDNlOWUxYy0xNzkwLTRjMjktYTY1OC1jNjAwOWFhYTRhYTAiIFJlY29yZGVkVmFsdWU9IjhkM2U5ZTFjLTE3OTAtNGMyOS1hNjU4LWM2MDA5YWFhNGFhMCIgQ29ycmVsYXRpb25CaW5kaW5nPSIiIFVybEVuY29kZT0iRmFsc2UiIFVzZVRvR3JvdXBSZXN1bHRzPSJGYWxzZSIgLz4NCiAgICAgICAgICAgIDxRdWVyeVN0cmluZ1BhcmFtZXRlciBOYW1lPSJ0Z19pLnB0ZyIgVmFsdWU9ImF1cjU0NTNfYSUyQ2F1cjU2MDZfYSUyQ2F1cjU2MDdfYSUyQ2F1cjQ5MjVfYyUyQ2F1cjUzMzdfYiUyQ2F1cjUwNzFfYiUyQ2F1cjUwNzBfYSUyQ2F1cjU3NDlfYSUyQ2F1cjQ5NzQtYW5kcm9pZF9iJTJDYXVyNTQ4Nl9iJTJDYXVyNTM3OV9iJTJDYXVyNDk1OV9hJTJDYXVyNTM4MF9kJTJDYXVyNDg0Ml9hJTJDYXVyNTQxNV9iJTJDYXVyNTQzMl9hJTJDYXVyNTk0M19jJTJDYXVyNDExMF9mJTJDYXVyNTU1OV9jIiBSZWNvcmRlZFZhbHVlPSJhdXI1NDUzX2ElMkNhdXI1NjA2X2ElMkNhdXI1NjA3X2ElMkNhdXI0OTI1X2MlMkNhdXI1MzM3X2IlMkNhdXI1MDcxX2IlMkNhdXI1MDcwX2ElMkNhdXI1NzQ5X2ElMkNhdXI0OTc0LWFuZHJvaWRfYiUyQ2F1cjU0ODZfYiUyQ2F1cjUzNzlfYiUyQ2F1cjQ5NTlfYSUyQ2F1cjUzODBfZCUyQ2F1cjQ4NDJfYSUyQ2F1cjU0MTVfYiUyQ2F1cjU0MzJfYSUyQ2F1cjU5NDNfYyUyQ2F1cjQxMTBfZiUyQ2F1cjU1NTlfYyIgQ29ycmVsYXRpb25CaW5kaW5nPSIiIFVybEVuY29kZT0iRmFsc2UiIFVzZVRvR3JvdXBSZXN1bHRzPSJGYWxzZSIgLz4NCiAgICAgICAgICAgIDxRdWVyeVN0cmluZ1BhcmFtZXRlciBOYW1lPSJ0Z19pLnB0IiBWYWx1ZT0ic3JwIiBSZWNvcmRlZFZhbHVlPSJzcnAiIENvcnJlbGF0aW9uQmluZGluZz0iIiBVcmxFbmNvZGU9IkZhbHNlIiBVc2VUb0dyb3VwUmVzdWx0cz0iRmFsc2UiIC8+DQogICAgICAgICAgICA8UXVlcnlTdHJpbmdQYXJhbWV0ZXIgTmFtZT0idGdfaS5obiIgVmFsdWU9Ind3dy5tYXJrdHBsYWF0cy5ubCIgUmVjb3JkZWRWYWx1ZT0id3d3Lm1hcmt0cGxhYXRzLm5sIiBDb3JyZWxhdGlvbkJpbmRpbmc9IiIgVXJsRW5jb2RlPSJGYWxzZSIgVXNlVG9Hcm91cFJlc3VsdHM9IkZhbHNlIiAvPg0KICAgICAgICAgICAgPFF1ZXJ5U3RyaW5nUGFyYW1ldGVyIE5hbWU9InRnX2kubGkiIFZhbHVlPSIwIiBSZWNvcmRlZFZhbHVlPSIwIiBDb3JyZWxhdGlvbkJpbmRpbmc9IiIgVXJsRW5jb2RlPSJGYWxzZSIgVXNlVG9Hcm91cFJlc3VsdHM9IkZhbHNlIiAvPg0KICAgICAgICAgICAgPFF1ZXJ5U3RyaW5nUGFyYW1ldGVyIE5hbWU9InRnX2kua3YiIFZhbHVlPSJoYiIgUmVjb3JkZWRWYWx1ZT0iaGIiIENvcnJlbGF0aW9uQmluZGluZz0iIiBVcmxFbmNvZGU9IkZhbHNlIiBVc2VUb0dyb3VwUmVzdWx0cz0iRmFsc2UiIC8+DQogICAgICAgICAgICA8UXVlcnlTdHJpbmdQYXJhbWV0ZXIgTmFtZT0idGdfaS5oYiIgVmFsdWU9IjEiIFJlY29yZGVkVmFsdWU9IjEiIENvcnJlbGF0aW9uQmluZGluZz0iIiBVcmxFbmNvZGU9IkZhbHNlIiBVc2VUb0dyb3VwUmVzdWx0cz0iRmFsc2UiIC8+DQogICAgICAgICAgICA8UXVlcnlTdHJpbmdQYXJhbWV0ZXIgTmFtZT0icmFuZCIgVmFsdWU9IjAuMzEwNzE2NDM0NTQyMDM3ODQiIFJlY29yZGVkVmFsdWU9IjAuMzEwNzE2NDM0NTQyMDM3ODQiIENvcnJlbGF0aW9uQmluZGluZz0iIiBVcmxFbmNvZGU9IkZhbHNlIiBVc2VUb0dyb3VwUmVzdWx0cz0iRmFsc2UiIC8+DQogICAgICAgICAgICA8UXVlcnlTdHJpbmdQYXJhbWV0ZXIgTmFtZT0icmYiIFZhbHVlPSJodHRwcyUzQSUyRiUyRnd3dy5tYXJrdHBsYWF0cy5ubCUyRnouaHRtbCUzRnF1ZXJ5JTNEYXV0byUyNmNhdGVnb3J5SWQlM0QwJTI2cG9zdGNvZGUlM0QlMjZkaXN0YW5jZSUzRDAiIFJlY29yZGVkVmFsdWU9Imh0dHBzJTNBJTJGJTJGd3d3Lm1hcmt0cGxhYXRzLm5sJTJGei5odG1sJTNGcXVlcnklM0RhdXRvJTI2Y2F0ZWdvcnlJZCUzRDAlMjZwb3N0Y29kZSUzRCUyNmRpc3RhbmNlJTNEMCIgQ29ycmVsYXRpb25CaW5kaW5nPSIiIFVybEVuY29kZT0iRmFsc2UiIFVzZVRvR3JvdXBSZXN1bHRzPSJGYWxzZSIgLz4NCiAgICAgICAgICA8L1F1ZXJ5U3RyaW5nUGFyYW1ldGVycz4NCiAgICAgICAgPC9SZXF1ZXN0Pg0KICAgICAgICA8UmVxdWVzdCBNZXRob2Q9IkdFVCIgR3VpZD0iM2EwOTI4OGEtMTQ5NS00ZmE5LTgyOTYtNTk5ZWZhOTMzNTJlIiBWZXJzaW9uPSIxLjEiIFVybD0iaHR0cHM6Ly9mYXN0bGFuZS5ydWJpY29ucHJvamVjdC5jb20vYS9hcGkvZmFzdGxhbmUuanNvbiIgVGhpbmtUaW1lPSIwIiBUaW1lb3V0PSIzMDAiIFBhcnNlRGVwZW5kZW50UmVxdWVzdHM9IlRydWUiIEZvbGxvd1JlZGlyZWN0cz0iVHJ1ZSIgUmVjb3JkUmVzdWx0PSJUcnVlIiBDYWNoZT0iRmFsc2UiIFJlc3BvbnNlVGltZUdvYWw9IjAiIEVuY29kaW5nPSJ1dGYtOCIgRXhwZWN0ZWRIdHRwU3RhdHVzQ29kZT0iMCIgRXhwZWN0ZWRSZXNwb25zZVVybD0iIiBSZXBvcnRpbmdOYW1lPSIiIElnbm9yZUh0dHBTdGF0dXNDb2RlPSJGYWxzZSI+DQogICAgICAgICAgPEhlYWRlcnM+DQogICAgICAgICAgICA8SGVhZGVyIE5hbWU9IkNvbnRlbnQtVHlwZSIgVmFsdWU9InRleHQvcGxhaW4iIC8+DQogICAgICAgICAgICA8SGVhZGVyIE5hbWU9IlJlZmVyZXIiIFZhbHVlPSJodHRwczovL3d3dy5tYXJrdHBsYWF0cy5ubC96Lmh0bWw/cXVlcnk9YXV0byZhbXA7Y2F0ZWdvcnlJZD0wJmFtcDtwb3N0Y29kZT0mYW1wO2Rpc3RhbmNlPTAiIC8+DQogICAgICAgICAgPC9IZWFkZXJzPg0KICAgICAgICAgIDxRdWVyeVN0cmluZ1BhcmFtZXRlcnM+DQogICAgICAgICAgICA8UXVlcnlTdHJpbmdQYXJhbWV0ZXIgTmFtZT0iYWNjb3VudF9pZCIgVmFsdWU9IjE2MTI4IiBSZWNvcmRlZFZhbHVlPSIxNjEyOCIgQ29ycmVsYXRpb25CaW5kaW5nPSIiIFVybEVuY29kZT0iRmFsc2UiIFVzZVRvR3JvdXBSZXN1bHRzPSJGYWxzZSIgLz4NCiAgICAgICAgICAgIDxRdWVyeVN0cmluZ1BhcmFtZXRlciBOYW1lPSJzaXRlX2lkIiBWYWx1ZT0iMTQ5OTI2IiBSZWNvcmRlZFZhbHVlPSIxNDk5MjYiIENvcnJlbGF0aW9uQmluZGluZz0iIiBVcmxFbmNvZGU9IkZhbHNlIiBVc2VUb0dyb3VwUmVzdWx0cz0iRmFsc2UiIC8+DQogICAgICAgICAgICA8UXVlcnlTdHJpbmdQYXJhbWV0ZXIgTmFtZT0iem9uZV9pZCIgVmFsdWU9IjkwODgwMiIgUmVjb3JkZWRWYWx1ZT0iOTA4ODAyIiBDb3JyZWxhdGlvbkJpbmRpbmc9IiIgVXJsRW5jb2RlPSJGYWxzZSIgVXNlVG9Hcm91cFJlc3VsdHM9IkZhbHNlIiAvPg0KICAgICAgICAgICAgPFF1ZXJ5U3RyaW5nUGFyYW1ldGVyIE5hbWU9InNpemVfaWQiIFZhbHVlPSI5IiBSZWNvcmRlZFZhbHVlPSI5IiBDb3JyZWxhdGlvbkJpbmRpbmc9IiIgVXJsRW5jb2RlPSJGYWxzZSIgVXNlVG9Hcm91cFJlc3VsdHM9IkZhbHNlIiAvPg0KICAgICAgICAgICAgPFF1ZXJ5U3RyaW5nUGFyYW1ldGVyIE5hbWU9ImFsdF9zaXplX2lkcyIgVmFsdWU9IjgiIFJlY29yZGVkVmFsdWU9IjgiIENvcnJlbGF0aW9uQmluZGluZz0iIiBVcmxFbmNvZGU9IkZhbHNlIiBVc2VUb0dyb3VwUmVzdWx0cz0iRmFsc2UiIC8+DQogICAgICAgICAgICA8UXVlcnlTdHJpbmdQYXJhbWV0ZXIgTmFtZT0icF9wb3MiIFZhbHVlPSJidGYiIFJlY29yZGVkVmFsdWU9ImJ0ZiIgQ29ycmVsYXRpb25CaW5kaW5nPSIiIFVybEVuY29kZT0iRmFsc2UiIFVzZVRvR3JvdXBSZXN1bHRzPSJGYWxzZSIgLz4NCiAgICAgICAgICAgIDxRdWVyeVN0cmluZ1BhcmFtZXRlciBOYW1lPSJycF9mbG9vciIgVmFsdWU9IjAuMDEiIFJlY29yZGVkVmFsdWU9IjAuMDEiIENvcnJlbGF0aW9uQmluZGluZz0iIiBVcmxFbmNvZGU9IkZhbHNlIiBVc2VUb0dyb3VwUmVzdWx0cz0iRmFsc2UiIC8+DQogICAgICAgICAgICA8UXVlcnlTdHJpbmdQYXJhbWV0ZXIgTmFtZT0icnBfc2VjdXJlIiBWYWx1ZT0iMSIgUmVjb3JkZWRWYWx1ZT0iMSIgQ29ycmVsYXRpb25CaW5kaW5nPSIiIFVybEVuY29kZT0iRmFsc2UiIFVzZVRvR3JvdXBSZXN1bHRzPSJGYWxzZSIgLz4NCiAgICAgICAgICAgIDxRdWVyeVN0cmluZ1BhcmFtZXRlciBOYW1lPSJ0a19mbGludCIgVmFsdWU9InBianNfbGl0ZV92MC4zNC4xIiBSZWNvcmRlZFZhbHVlPSJwYmpzX2xpdGVfdjAuMzQuMSIgQ29ycmVsYXRpb25CaW5kaW5nPSIiIFVybEVuY29kZT0iRmFsc2UiIFVzZVRvR3JvdXBSZXN1bHRzPSJGYWxzZSIgLz4NCiAgICAgICAgICAgIDxRdWVyeVN0cmluZ1BhcmFtZXRlciBOYW1lPSJ0aWQiIFZhbHVlPSJiNmM2MWM5OS00ZjlmLTQzNTYtYTViMy02ZjIyMjViYzA1MDUiIFJlY29yZGVkVmFsdWU9ImI2YzYxYzk5LTRmOWYtNDM1Ni1hNWIzLTZmMjIyNWJjMDUwNSIgQ29ycmVsYXRpb25CaW5kaW5nPSIiIFVybEVuY29kZT0iRmFsc2UiIFVzZVRvR3JvdXBSZXN1bHRzPSJGYWxzZSIgLz4NCiAgICAgICAgICAgIDxRdWVyeVN0cmluZ1BhcmFtZXRlciBOYW1lPSJwX3NjcmVlbl9yZXMiIFZhbHVlPSIxNTI3eDk1NSIgUmVjb3JkZWRWYWx1ZT0iMTUyN3g5NTUiIENvcnJlbGF0aW9uQmluZGluZz0iIiBVcmxFbmNvZGU9IkZhbHNlIiBVc2VUb0dyb3VwUmVzdWx0cz0iRmFsc2UiIC8+DQogICAgICAgICAgICA8UXVlcnlTdHJpbmdQYXJhbWV0ZXIgTmFtZT0idGdfaS5wb3MiIFZhbHVlPSJscnBfbGVmdDEiIFJlY29yZGVkVmFsdWU9ImxycF9sZWZ0MSIgQ29ycmVsYXRpb25CaW5kaW5nPSIiIFVybEVuY29kZT0iRmFsc2UiIFVzZVRvR3JvdXBSZXN1bHRzPSJGYWxzZSIgLz4NCiAgICAgICAgICAgIDxRdWVyeVN0cmluZ1BhcmFtZXRlciBOYW1lPSJ0Z19pLmN0IiBWYWx1ZT0iMCIgUmVjb3JkZWRWYWx1ZT0iMCIgQ29ycmVsYXRpb25CaW5kaW5nPSIiIFVybEVuY29kZT0iRmFsc2UiIFVzZVRvR3JvdXBSZXN1bHRzPSJGYWxzZSIgLz4NCiAgICAgICAgICAgIDxRdWVyeVN0cmluZ1BhcmFtZXRlciBOYW1lPSJ0Z19pLmt3IiBWYWx1ZT0iYXV0byIgUmVjb3JkZWRWYWx1ZT0iYXV0byIgQ29ycmVsYXRpb25CaW5kaW5nPSIiIFVybEVuY29kZT0iRmFsc2UiIFVzZVRvR3JvdXBSZXN1bHRzPSJGYWxzZSIgLz4NCiAgICAgICAgICAgIDxRdWVyeVN0cmluZ1BhcmFtZXRlciBOYW1lPSJ0Z19pLmF1cyIgVmFsdWU9IjM3MzU3OTczNzIiIFJlY29yZGVkVmFsdWU9IjM3MzU3OTczNzIiIENvcnJlbGF0aW9uQmluZGluZz0iIiBVcmxFbmNvZGU9IkZhbHNlIiBVc2VUb0dyb3VwUmVzdWx0cz0iRmFsc2UiIC8+DQogICAgICAgICAgICA8UXVlcnlTdHJpbmdQYXJhbWV0ZXIgTmFtZT0idGdfaS5paWQiIFZhbHVlPSJkZTUxZDJlMi02NmEwLTkzMGMtY2ZiMC01Y2UwNDBmYjBiMGUiIFJlY29yZGVkVmFsdWU9ImRlNTFkMmUyLTY2YTAtOTMwYy1jZmIwLTVjZTA0MGZiMGIwZSIgQ29ycmVsYXRpb25CaW5kaW5nPSIiIFVybEVuY29kZT0iRmFsc2UiIFVzZVRvR3JvdXBSZXN1bHRzPSJGYWxzZSIgLz4NCiAgICAgICAgICAgIDxRdWVyeVN0cmluZ1BhcmFtZXRlciBOYW1lPSJ0Z19pLnNlc3Npb25pZCIgVmFsdWU9IjhkM2U5ZTFjLTE3OTAtNGMyOS1hNjU4LWM2MDA5YWFhNGFhMCIgUmVjb3JkZWRWYWx1ZT0iOGQzZTllMWMtMTc5MC00YzI5LWE2NTgtYzYwMDlhYWE0YWEwIiBDb3JyZWxhdGlvbkJpbmRpbmc9IiIgVXJsRW5jb2RlPSJGYWxzZSIgVXNlVG9Hcm91cFJlc3VsdHM9IkZhbHNlIiAvPg0KICAgICAgICAgICAgPFF1ZXJ5U3RyaW5nUGFyYW1ldGVyIE5hbWU9InRnX2kucHRnIiBWYWx1ZT0iYXVyNTQ1M19hJTJDYXVyNTYwNl9hJTJDYXVyNTYwN19hJTJDYXVyNDkyNV9jJTJDYXVyNTMzN19iJTJDYXVyNTA3MV9iJTJDYXVyNTA3MF9hJTJDYXVyNTc0OV9hJTJDYXVyNDk3NC1hbmRyb2lkX2IlMkNhdXI1NDg2X2IlMkNhdXI1Mzc5X2IlMkNhdXI0OTU5X2ElMkNhdXI1MzgwX2QlMkNhdXI0ODQyX2ElMkNhdXI1NDE1X2IlMkNhdXI1NDMyX2ElMkNhdXI1OTQzX2MlMkNhdXI0MTEwX2YlMkNhdXI1NTU5X2MiIFJlY29yZGVkVmFsdWU9ImF1cjU0NTNfYSUyQ2F1cjU2MDZfYSUyQ2F1cjU2MDdfYSUyQ2F1cjQ5MjVfYyUyQ2F1cjUzMzdfYiUyQ2F1cjUwNzFfYiUyQ2F1cjUwNzBfYSUyQ2F1cjU3NDlfYSUyQ2F1cjQ5NzQtYW5kcm9pZF9iJTJDYXVyNTQ4Nl9iJTJDYXVyNTM3OV9iJTJDYXVyNDk1OV9hJTJDYXVyNTM4MF9kJTJDYXVyNDg0Ml9hJTJDYXVyNTQxNV9iJTJDYXVyNTQzMl9hJTJDYXVyNTk0M19jJTJDYXVyNDExMF9mJTJDYXVyNTU1OV9jIiBDb3JyZWxhdGlvbkJpbmRpbmc9IiIgVXJsRW5jb2RlPSJGYWxzZSIgVXNlVG9Hcm91cFJlc3VsdHM9IkZhbHNlIiAvPg0KICAgICAgICAgICAgPFF1ZXJ5U3RyaW5nUGFyYW1ldGVyIE5hbWU9InRnX2kucHQiIFZhbHVlPSJzcnAiIFJlY29yZGVkVmFsdWU9InNycCIgQ29ycmVsYXRpb25CaW5kaW5nPSIiIFVybEVuY29kZT0iRmFsc2UiIFVzZVRvR3JvdXBSZXN1bHRzPSJGYWxzZSIgLz4NCiAgICAgICAgICAgIDxRdWVyeVN0cmluZ1BhcmFtZXRlciBOYW1lPSJ0Z19pLmhuIiBWYWx1ZT0id3d3Lm1hcmt0cGxhYXRzLm5sIiBSZWNvcmRlZFZhbHVlPSJ3d3cubWFya3RwbGFhdHMubmwiIENvcnJlbGF0aW9uQmluZGluZz0iIiBVcmxFbmNvZGU9IkZhbHNlIiBVc2VUb0dyb3VwUmVzdWx0cz0iRmFsc2UiIC8+DQogICAgICAgICAgICA8UXVlcnlTdHJpbmdQYXJhbWV0ZXIgTmFtZT0idGdfaS5saSIgVmFsdWU9IjAiIFJlY29yZGVkVmFsdWU9IjAiIENvcnJlbGF0aW9uQmluZGluZz0iIiBVcmxFbmNvZGU9IkZhbHNlIiBVc2VUb0dyb3VwUmVzdWx0cz0iRmFsc2UiIC8+DQogICAgICAgICAgICA8UXVlcnlTdHJpbmdQYXJhbWV0ZXIgTmFtZT0icmFuZCIgVmFsdWU9IjAuMzEzNTM0MDU2MDk4MTMwODQiIFJlY29yZGVkVmFsdWU9IjAuMzEzNTM0MDU2MDk4MTMwODQiIENvcnJlbGF0aW9uQmluZGluZz0iIiBVcmxFbmNvZGU9IkZhbHNlIiBVc2VUb0dyb3VwUmVzdWx0cz0iRmFsc2UiIC8+DQogICAgICAgICAgICA8UXVlcnlTdHJpbmdQYXJhbWV0ZXIgTmFtZT0icmYiIFZhbHVlPSJodHRwcyUzQSUyRiUyRnd3dy5tYXJrdHBsYWF0cy5ubCUyRnouaHRtbCUzRnF1ZXJ5JTNEYXV0byUyNmNhdGVnb3J5SWQlM0QwJTI2cG9zdGNvZGUlM0QlMjZkaXN0YW5jZSUzRDAiIFJlY29yZGVkVmFsdWU9Imh0dHBzJTNBJTJGJTJGd3d3Lm1hcmt0cGxhYXRzLm5sJTJGei5odG1sJTNGcXVlcnklM0RhdXRvJTI2Y2F0ZWdvcnlJZCUzRDAlMjZwb3N0Y29kZSUzRCUyNmRpc3RhbmNlJTNEMCIgQ29ycmVsYXRpb25CaW5kaW5nPSIiIFVybEVuY29kZT0iRmFsc2UiIFVzZVRvR3JvdXBSZXN1bHRzPSJGYWxzZSIgLz4NCiAgICAgICAgICA8L1F1ZXJ5U3RyaW5nUGFyYW1ldGVycz4NCiAgICAgICAgPC9SZXF1ZXN0Pg0KICAgICAgICA8UmVxdWVzdCBNZXRob2Q9IkdFVCIgR3VpZD0iZWU4ZTZlOGYtMTJkZi00ZWUxLTg3YTMtZTk5ZWI5NzRjZGNjIiBWZXJzaW9uPSIxLjEiIFVybD0iaHR0cHM6Ly9hZC4zNjB5aWVsZC5jb20vaGIiIFRoaW5rVGltZT0iMCIgVGltZW91dD0iMzAwIiBQYXJzZURlcGVuZGVudFJlcXVlc3RzPSJUcnVlIiBGb2xsb3dSZWRpcmVjdHM9IlRydWUiIFJlY29yZFJlc3VsdD0iVHJ1ZSIgQ2FjaGU9IkZhbHNlIiBSZXNwb25zZVRpbWVHb2FsPSIwIiBFbmNvZGluZz0idXRmLTgiIEV4cGVjdGVkSHR0cFN0YXR1c0NvZGU9IjAiIEV4cGVjdGVkUmVzcG9uc2VVcmw9IiIgUmVwb3J0aW5nTmFtZT0iIiBJZ25vcmVIdHRwU3RhdHVzQ29kZT0iRmFsc2UiPg0KICAgICAgICAgIDxIZWFkZXJzPg0KICAgICAgICAgICAgPEhlYWRlciBOYW1lPSJDb250ZW50LVR5cGUiIFZhbHVlPSJ0ZXh0L3BsYWluIiAvPg0KICAgICAgICAgICAgPEhlYWRlciBOYW1lPSJSZWZlcmVyIiBWYWx1ZT0iaHR0cHM6Ly93d3cubWFya3RwbGFhdHMubmwvei5odG1sP3F1ZXJ5PWF1dG8mYW1wO2NhdGVnb3J5SWQ9MCZhbXA7cG9zdGNvZGU9JmFtcDtkaXN0YW5jZT0wIiAvPg0KICAgICAgICAgIDwvSGVhZGVycz4NCiAgICAgICAgICA8UXVlcnlTdHJpbmdQYXJhbWV0ZXJzPg0KICAgICAgICAgICAgPFF1ZXJ5U3RyaW5nUGFyYW1ldGVyIE5hbWU9Impzb25wIiBWYWx1ZT0ieyUyMmJpZF9yZXF1ZXN0JTIyOnslMjJpZCUyMjolMjIyNDYxMDI3YTgyMTUyN2U0JTIyLCUyMnZlcnNpb24lMjI6JTIyNC4wLjAtSlMtNC4yLjAlMjIsJTIyaW1wJTIyOlt7JTIyaWQlMjI6JTIyODlmYzhkZjllNmU1NjE4JTIyLCUyMnBpZCUyMjo0NjgwLCUyMnRpZCUyMjolMjI1Nzg2ZjYyNi03NTZmLTRlM2YtOTljMy04N2FkYjc1ZGE4MjAlMjIsJTIya3Z3JTIyOnslMjJwb3MlMjI6WyUyMmxycF90b3AlMjJdLCUyMmN0JTIyOlslMjIwJTIyXSwlMjJrdyUyMjpbJTIyYXV0byUyMl0sJTIyYXVzJTIyOlslMjIyNzg5ODQyNzQ5JTIyXSwlMjJpaWQlMjI6WyUyMjY3MjYxZjdjLWY2NDUtNjYzOC1mYzNmLTk3NDRhODI1M2RmOCUyMl0sJTIyc2Vzc2lvbmlkJTIyOlslMjI4ZDNlOWUxYy0xNzkwLTRjMjktYTY1OC1jNjAwOWFhYTRhYTAlMjJdLCUyMnB0ZyUyMjpbJTIyYXVyNTQ1M19hJTIyLCUyMmF1cjU2MDZfYSUyMiwlMjJhdXI1NjA3X2ElMjIsJTIyYXVyNDkyNV9jJTIyLCUyMmF1cjUzMzdfYiUyMiwlMjJhdXI1MDcxX2IlMjIsJTIyYXVyNTA3MF9hJTIyLCUyMmF1cjU3NDlfYSUyMiwlMjJhdXI0OTc0LWFuZHJvaWRfYiUyMiwlMjJhdXI1NDg2X2IlMjIsJTIyYXVyNTM3OV9iJTIyLCUyMmF1cjQ5NTlfYSUyMiwlMjJhdXI1MzgwX2QlMjIsJTIyYXVyNDg0Ml9hJTIyLCUyMmF1cjU0MTVfYiUyMiwlMjJhdXI1NDMyX2ElMjIsJTIyYXVyNTk0M19jJTIyLCUyMmF1cjQxMTBfZiUyMiwlMjJhdXI1NTU5X2MlMjJdLCUyMnB0JTIyOlslMjJzcnAlMjJdLCUyMmhuJTIyOlslMjJ3d3cubWFya3RwbGFhdHMubmwlMjJdLCUyMmxpJTIyOlslMjIwJTIyXSwlMjJrdiUyMjpbJTIyaGIlMjJdLCUyMmhiJTIyOlslMjIxJTIyXX0sJTIyYmFubmVyJTIyOnt9fV19fSIgUmVjb3JkZWRWYWx1ZT0ieyUyMmJpZF9yZXF1ZXN0JTIyOnslMjJpZCUyMjolMjIyNDYxMDI3YTgyMTUyN2U0JTIyLCUyMnZlcnNpb24lMjI6JTIyNC4wLjAtSlMtNC4yLjAlMjIsJTIyaW1wJTIyOlt7JTIyaWQlMjI6JTIyODlmYzhkZjllNmU1NjE4JTIyLCUyMnBpZCUyMjo0NjgwLCUyMnRpZCUyMjolMjI1Nzg2ZjYyNi03NTZmLTRlM2YtOTljMy04N2FkYjc1ZGE4MjAlMjIsJTIya3Z3JTIyOnslMjJwb3MlMjI6WyUyMmxycF90b3AlMjJdLCUyMmN0JTIyOlslMjIwJTIyXSwlMjJrdyUyMjpbJTIyYXV0byUyMl0sJTIyYXVzJTIyOlslMjIyNzg5ODQyNzQ5JTIyXSwlMjJpaWQlMjI6WyUyMjY3MjYxZjdjLWY2NDUtNjYzOC1mYzNmLTk3NDRhODI1M2RmOCUyMl0sJTIyc2Vzc2lvbmlkJTIyOlslMjI4ZDNlOWUxYy0xNzkwLTRjMjktYTY1OC1jNjAwOWFhYTRhYTAlMjJdLCUyMnB0ZyUyMjpbJTIyYXVyNTQ1M19hJTIyLCUyMmF1cjU2MDZfYSUyMiwlMjJhdXI1NjA3X2ElMjIsJTIyYXVyNDkyNV9jJTIyLCUyMmF1cjUzMzdfYiUyMiwlMjJhdXI1MDcxX2IlMjIsJTIyYXVyNTA3MF9hJTIyLCUyMmF1cjU3NDlfYSUyMiwlMjJhdXI0OTc0LWFuZHJvaWRfYiUyMiwlMjJhdXI1NDg2X2IlMjIsJTIyYXVyNTM3OV9iJTIyLCUyMmF1cjQ5NTlfYSUyMiwlMjJhdXI1MzgwX2QlMjIsJTIyYXVyNDg0Ml9hJTIyLCUyMmF1cjU0MTVfYiUyMiwlMjJhdXI1NDMyX2ElMjIsJTIyYXVyNTk0M19jJTIyLCUyMmF1cjQxMTBfZiUyMiwlMjJhdXI1NTU5X2MlMjJdLCUyMnB0JTIyOlslMjJzcnAlMjJdLCUyMmhuJTIyOlslMjJ3d3cubWFya3RwbGFhdHMubmwlMjJdLCUyMmxpJTIyOlslMjIwJTIyXSwlMjJrdiUyMjpbJTIyaGIlMjJdLCUyMmhiJTIyOlslMjIxJTIyXX0sJTIyYmFubmVyJTIyOnt9fV19fSIgQ29ycmVsYXRpb25CaW5kaW5nPSIiIFVybEVuY29kZT0iRmFsc2UiIFVzZVRvR3JvdXBSZXN1bHRzPSJGYWxzZSIgLz4NCiAgICAgICAgICA8L1F1ZXJ5U3RyaW5nUGFyYW1ldGVycz4NCiAgICAgICAgPC9SZXF1ZXN0Pg0KICAgICAgICA8UmVxdWVzdCBNZXRob2Q9IkdFVCIgR3VpZD0iYzk3YjczZmUtYmFlNC00Y2MxLWEyOTMtYzc3YWM0Yzg3NjMwIiBWZXJzaW9uPSIxLjEiIFVybD0iaHR0cHM6Ly9hZC4zNjB5aWVsZC5jb20vaGIiIFRoaW5rVGltZT0iMCIgVGltZW91dD0iMzAwIiBQYXJzZURlcGVuZGVudFJlcXVlc3RzPSJUcnVlIiBGb2xsb3dSZWRpcmVjdHM9IlRydWUiIFJlY29yZFJlc3VsdD0iVHJ1ZSIgQ2FjaGU9IkZhbHNlIiBSZXNwb25zZVRpbWVHb2FsPSIwIiBFbmNvZGluZz0idXRmLTgiIEV4cGVjdGVkSHR0cFN0YXR1c0NvZGU9IjAiIEV4cGVjdGVkUmVzcG9uc2VVcmw9IiIgUmVwb3J0aW5nTmFtZT0iIiBJZ25vcmVIdHRwU3RhdHVzQ29kZT0iRmFsc2UiPg0KICAgICAgICAgIDxIZWFkZXJzPg0KICAgICAgICAgICAgPEhlYWRlciBOYW1lPSJDb250ZW50LVR5cGUiIFZhbHVlPSJ0ZXh0L3BsYWluIiAvPg0KICAgICAgICAgICAgPEhlYWRlciBOYW1lPSJSZWZlcmVyIiBWYWx1ZT0iaHR0cHM6Ly93d3cubWFya3RwbGFhdHMubmwvei5odG1sP3F1ZXJ5PWF1dG8mYW1wO2NhdGVnb3J5SWQ9MCZhbXA7cG9zdGNvZGU9JmFtcDtkaXN0YW5jZT0wIiAvPg0KICAgICAgICAgIDwvSGVhZGVycz4NCiAgICAgICAgICA8UXVlcnlTdHJpbmdQYXJhbWV0ZXJzPg0KICAgICAgICAgICAgPFF1ZXJ5U3RyaW5nUGFyYW1ldGVyIE5hbWU9Impzb25wIiBWYWx1ZT0ieyUyMmJpZF9yZXF1ZXN0JTIyOnslMjJpZCUyMjolMjIyNTkwZTI5YWQyOWZjYzclMjIsJTIydmVyc2lvbiUyMjolMjI0LjAuMC1KUy00LjIuMCUyMiwlMjJpbXAlMjI6W3slMjJpZCUyMjolMjI5MDE5NjcyNDU3Y2NkOTglMjIsJTIycGlkJTIyOjcyMjgzNSwlMjJ0aWQlMjI6JTIyYjAwY2M3YjgtNzNkNi00NDk3LWEyNTMtZTczYTY2NTZjMTMxJTIyLCUyMmt2dyUyMjp7JTIycG9zJTIyOlslMjJscnBfbWlkJTIyXSwlMjJjdCUyMjpbJTIyMCUyMl0sJTIya3clMjI6WyUyMmF1dG8lMjJdLCUyMmF1cyUyMjpbJTIyMzU4MjU2MjI5NCUyMl0sJTIyaWlkJTIyOlslMjI5ZjQzN2NjZC01ODEzLTBhZTUtMTVkMS1jMWRmY2ZlZDY4NTQlMjJdLCUyMnNlc3Npb25pZCUyMjpbJTIyOGQzZTllMWMtMTc5MC00YzI5LWE2NTgtYzYwMDlhYWE0YWEwJTIyXSwlMjJwdGclMjI6WyUyMmF1cjU0NTNfYSUyMiwlMjJhdXI1NjA2X2ElMjIsJTIyYXVyNTYwN19hJTIyLCUyMmF1cjQ5MjVfYyUyMiwlMjJhdXI1MzM3X2IlMjIsJTIyYXVyNTA3MV9iJTIyLCUyMmF1cjUwNzBfYSUyMiwlMjJhdXI1NzQ5X2ElMjIsJTIyYXVyNDk3NC1hbmRyb2lkX2IlMjIsJTIyYXVyNTQ4Nl9iJTIyLCUyMmF1cjUzNzlfYiUyMiwlMjJhdXI0OTU5X2ElMjIsJTIyYXVyNTM4MF9kJTIyLCUyMmF1cjQ4NDJfYSUyMiwlMjJhdXI1NDE1X2IlMjIsJTIyYXVyNTQzMl9hJTIyLCUyMmF1cjU5NDNfYyUyMiwlMjJhdXI0MTEwX2YlMjIsJTIyYXVyNTU1OV9jJTIyXSwlMjJwdCUyMjpbJTIyc3JwJTIyXSwlMjJobiUyMjpbJTIyd3d3Lm1hcmt0cGxhYXRzLm5sJTIyXSwlMjJsaSUyMjpbJTIyMCUyMl0sJTIya3YlMjI6WyUyMmhiJTIyXSwlMjJoYiUyMjpbJTIyMSUyMl19LCUyMmJhbm5lciUyMjp7fX1dfX0iIFJlY29yZGVkVmFsdWU9InslMjJiaWRfcmVxdWVzdCUyMjp7JTIyaWQlMjI6JTIyMjU5MGUyOWFkMjlmY2M3JTIyLCUyMnZlcnNpb24lMjI6JTIyNC4wLjAtSlMtNC4yLjAlMjIsJTIyaW1wJTIyOlt7JTIyaWQlMjI6JTIyOTAxOTY3MjQ1N2NjZDk4JTIyLCUyMnBpZCUyMjo3MjI4MzUsJTIydGlkJTIyOiUyMmIwMGNjN2I4LTczZDYtNDQ5Ny1hMjUzLWU3M2E2NjU2YzEzMSUyMiwlMjJrdnclMjI6eyUyMnBvcyUyMjpbJTIybHJwX21pZCUyMl0sJTIyY3QlMjI6WyUyMjAlMjJdLCUyMmt3JTIyOlslMjJhdXRvJTIyXSwlMjJhdXMlMjI6WyUyMjM1ODI1NjIyOTQlMjJdLCUyMmlpZCUyMjpbJTIyOWY0MzdjY2QtNTgxMy0wYWU1LTE1ZDEtYzFkZmNmZWQ2ODU0JTIyXSwlMjJzZXNzaW9uaWQlMjI6WyUyMjhkM2U5ZTFjLTE3OTAtNGMyOS1hNjU4LWM2MDA5YWFhNGFhMCUyMl0sJTIycHRnJTIyOlslMjJhdXI1NDUzX2ElMjIsJTIyYXVyNTYwNl9hJTIyLCUyMmF1cjU2MDdfYSUyMiwlMjJhdXI0OTI1X2MlMjIsJTIyYXVyNTMzN19iJTIyLCUyMmF1cjUwNzFfYiUyMiwlMjJhdXI1MDcwX2ElMjIsJTIyYXVyNTc0OV9hJTIyLCUyMmF1cjQ5NzQtYW5kcm9pZF9iJTIyLCUyMmF1cjU0ODZfYiUyMiwlMjJhdXI1Mzc5X2IlMjIsJTIyYXVyNDk1OV9hJTIyLCUyMmF1cjUzODBfZCUyMiwlMjJhdXI0ODQyX2ElMjIsJTIyYXVyNTQxNV9iJTIyLCUyMmF1cjU0MzJfYSUyMiwlMjJhdXI1OTQzX2MlMjIsJTIyYXVyNDExMF9mJTIyLCUyMmF1cjU1NTlfYyUyMl0sJTIycHQlMjI6WyUyMnNycCUyMl0sJTIyaG4lMjI6WyUyMnd3dy5tYXJrdHBsYWF0cy5ubCUyMl0sJTIybGklMjI6WyUyMjAlMjJdLCUyMmt2JTIyOlslMjJoYiUyMl0sJTIyaGIlMjI6WyUyMjElMjJdfSwlMjJiYW5uZXIlMjI6e319XX19IiBDb3JyZWxhdGlvbkJpbmRpbmc9IiIgVXJsRW5jb2RlPSJGYWxzZSIgVXNlVG9Hcm91cFJlc3VsdHM9IkZhbHNlIiAvPg0KICAgICAgICAgIDwvUXVlcnlTdHJpbmdQYXJhbWV0ZXJzPg0KICAgICAgICA8L1JlcXVlc3Q+DQogICAgICAgIDxSZXF1ZXN0IE1ldGhvZD0iR0VUIiBHdWlkPSJjNzNmNjkyYi03ZDRjLTQzYTktYjlmZS05YjI1NzY2NDQyNWQiIFZlcnNpb249IjEuMSIgVXJsPSJodHRwczovL2FkLjM2MHlpZWxkLmNvbS9oYiIgVGhpbmtUaW1lPSIwIiBUaW1lb3V0PSIzMDAiIFBhcnNlRGVwZW5kZW50UmVxdWVzdHM9IlRydWUiIEZvbGxvd1JlZGlyZWN0cz0iVHJ1ZSIgUmVjb3JkUmVzdWx0PSJUcnVlIiBDYWNoZT0iRmFsc2UiIFJlc3BvbnNlVGltZUdvYWw9IjAiIEVuY29kaW5nPSJ1dGYtOCIgRXhwZWN0ZWRIdHRwU3RhdHVzQ29kZT0iMCIgRXhwZWN0ZWRSZXNwb25zZVVybD0iIiBSZXBvcnRpbmdOYW1lPSIiIElnbm9yZUh0dHBTdGF0dXNDb2RlPSJGYWxzZSI+DQogICAgICAgICAgPEhlYWRlcnM+DQogICAgICAgICAgICA8SGVhZGVyIE5hbWU9IkNvbnRlbnQtVHlwZSIgVmFsdWU9InRleHQvcGxhaW4iIC8+DQogICAgICAgICAgICA8SGVhZGVyIE5hbWU9IlJlZmVyZXIiIFZhbHVlPSJodHRwczovL3d3dy5tYXJrdHBsYWF0cy5ubC96Lmh0bWw/cXVlcnk9YXV0byZhbXA7Y2F0ZWdvcnlJZD0wJmFtcDtwb3N0Y29kZT0mYW1wO2Rpc3RhbmNlPTAiIC8+DQogICAgICAgICAgPC9IZWFkZXJzPg0KICAgICAgICAgIDxRdWVyeVN0cmluZ1BhcmFtZXRlcnM+DQogICAgICAgICAgICA8UXVlcnlTdHJpbmdQYXJhbWV0ZXIgTmFtZT0ianNvbnAiIFZhbHVlPSJ7JTIyYmlkX3JlcXVlc3QlMjI6eyUyMmlkJTIyOiUyMjI2ZDQ5OGM1Yzk5MjM3MyUyMiwlMjJ2ZXJzaW9uJTIyOiUyMjQuMC4wLUpTLTQuMi4wJTIyLCUyMmltcCUyMjpbeyUyMmlkJTIyOiUyMjEwMWYyY2VjZWEwMWYwYTQlMjIsJTIycGlkJTIyOjcyMjgzNywlMjJ0aWQlMjI6JTIyNzZjYWUxODktNjM3ZC00NDk5LTk4YmItZTgzZDY0NWFhMzVhJTIyLCUyMmt2dyUyMjp7JTIycG9zJTIyOlslMjJscnBfbGVmdCUyMl0sJTIyY3QlMjI6WyUyMjAlMjJdLCUyMmt3JTIyOlslMjJhdXRvJTIyXSwlMjJhdXMlMjI6WyUyMjM5MzM3ODYxNTclMjJdLCUyMmlpZCUyMjpbJTIyNTdhM2JiNDQtODAwOS0wMmQ4LWJjZjktNzkxZTUwZTRiNDM5JTIyXSwlMjJzZXNzaW9uaWQlMjI6WyUyMjhkM2U5ZTFjLTE3OTAtNGMyOS1hNjU4LWM2MDA5YWFhNGFhMCUyMl0sJTIycHRnJTIyOlslMjJhdXI1NDUzX2ElMjIsJTIyYXVyNTYwNl9hJTIyLCUyMmF1cjU2MDdfYSUyMiwlMjJhdXI0OTI1X2MlMjIsJTIyYXVyNTMzN19iJTIyLCUyMmF1cjUwNzFfYiUyMiwlMjJhdXI1MDcwX2ElMjIsJTIyYXVyNTc0OV9hJTIyLCUyMmF1cjQ5NzQtYW5kcm9pZF9iJTIyLCUyMmF1cjU0ODZfYiUyMiwlMjJhdXI1Mzc5X2IlMjIsJTIyYXVyNDk1OV9hJTIyLCUyMmF1cjUzODBfZCUyMiwlMjJhdXI0ODQyX2ElMjIsJTIyYXVyNTQxNV9iJTIyLCUyMmF1cjU0MzJfYSUyMiwlMjJhdXI1OTQzX2MlMjIsJTIyYXVyNDExMF9mJTIyLCUyMmF1cjU1NTlfYyUyMl0sJTIycHQlMjI6WyUyMnNycCUyMl0sJTIyaG4lMjI6WyUyMnd3dy5tYXJrdHBsYWF0cy5ubCUyMl0sJTIybGklMjI6WyUyMjAlMjJdLCUyMmt2JTIyOlslMjJoYiUyMl0sJTIyaGIlMjI6WyUyMjElMjJdfSwlMjJiYW5uZXIlMjI6e319XX19IiBSZWNvcmRlZFZhbHVlPSJ7JTIyYmlkX3JlcXVlc3QlMjI6eyUyMmlkJTIyOiUyMjI2ZDQ5OGM1Yzk5MjM3MyUyMiwlMjJ2ZXJzaW9uJTIyOiUyMjQuMC4wLUpTLTQuMi4wJTIyLCUyMmltcCUyMjpbeyUyMmlkJTIyOiUyMjEwMWYyY2VjZWEwMWYwYTQlMjIsJTIycGlkJTIyOjcyMjgzNywlMjJ0aWQlMjI6JTIyNzZjYWUxODktNjM3ZC00NDk5LTk4YmItZTgzZDY0NWFhMzVhJTIyLCUyMmt2dyUyMjp7JTIycG9zJTIyOlslMjJscnBfbGVmdCUyMl0sJTIyY3QlMjI6WyUyMjAlMjJdLCUyMmt3JTIyOlslMjJhdXRvJTIyXSwlMjJhdXMlMjI6WyUyMjM5MzM3ODYxNTclMjJdLCUyMmlpZCUyMjpbJTIyNTdhM2JiNDQtODAwOS0wMmQ4LWJjZjktNzkxZTUwZTRiNDM5JTIyXSwlMjJzZXNzaW9uaWQlMjI6WyUyMjhkM2U5ZTFjLTE3OTAtNGMyOS1hNjU4LWM2MDA5YWFhNGFhMCUyMl0sJTIycHRnJTIyOlslMjJhdXI1NDUzX2ElMjIsJTIyYXVyNTYwNl9hJTIyLCUyMmF1cjU2MDdfYSUyMiwlMjJhdXI0OTI1X2MlMjIsJTIyYXVyNTMzN19iJTIyLCUyMmF1cjUwNzFfYiUyMiwlMjJhdXI1MDcwX2ElMjIsJTIyYXVyNTc0OV9hJTIyLCUyMmF1cjQ5NzQtYW5kcm9pZF9iJTIyLCUyMmF1cjU0ODZfYiUyMiwlMjJhdXI1Mzc5X2IlMjIsJTIyYXVyNDk1OV9hJTIyLCUyMmF1cjUzODBfZCUyMiwlMjJhdXI0ODQyX2ElMjIsJTIyYXVyNTQxNV9iJTIyLCUyMmF1cjU0MzJfYSUyMiwlMjJhdXI1OTQzX2MlMjIsJTIyYXVyNDExMF9mJTIyLCUyMmF1cjU1NTlfYyUyMl0sJTIycHQlMjI6WyUyMnNycCUyMl0sJTIyaG4lMjI6WyUyMnd3dy5tYXJrdHBsYWF0cy5ubCUyMl0sJTIybGklMjI6WyUyMjAlMjJdLCUyMmt2JTIyOlslMjJoYiUyMl0sJTIyaGIlMjI6WyUyMjElMjJdfSwlMjJiYW5uZXIlMjI6e319XX19IiBDb3JyZWxhdGlvbkJpbmRpbmc9IiIgVXJsRW5jb2RlPSJGYWxzZSIgVXNlVG9Hcm91cFJlc3VsdHM9IkZhbHNlIiAvPg0KICAgICAgICAgIDwvUXVlcnlTdHJpbmdQYXJhbWV0ZXJzPg0KICAgICAgICA8L1JlcXVlc3Q+DQogICAgICAgIDxSZXF1ZXN0IE1ldGhvZD0iR0VUIiBHdWlkPSJlNTUxOWZjNS00ZTkwLTQ0YmUtOTAwMC1kMTE4N2UwMWM2ODQiIFZlcnNpb249IjEuMSIgVXJsPSJodHRwczovL2FkLjM2MHlpZWxkLmNvbS9oYiIgVGhpbmtUaW1lPSIwIiBUaW1lb3V0PSIzMDAiIFBhcnNlRGVwZW5kZW50UmVxdWVzdHM9IlRydWUiIEZvbGxvd1JlZGlyZWN0cz0iVHJ1ZSIgUmVjb3JkUmVzdWx0PSJUcnVlIiBDYWNoZT0iRmFsc2UiIFJlc3BvbnNlVGltZUdvYWw9IjAiIEVuY29kaW5nPSJ1dGYtOCIgRXhwZWN0ZWRIdHRwU3RhdHVzQ29kZT0iMCIgRXhwZWN0ZWRSZXNwb25zZVVybD0iIiBSZXBvcnRpbmdOYW1lPSIiIElnbm9yZUh0dHBTdGF0dXNDb2RlPSJGYWxzZSI+DQogICAgICAgICAgPEhlYWRlcnM+DQogICAgICAgICAgICA8SGVhZGVyIE5hbWU9IkNvbnRlbnQtVHlwZSIgVmFsdWU9InRleHQvcGxhaW4iIC8+DQogICAgICAgICAgICA8SGVhZGVyIE5hbWU9IlJlZmVyZXIiIFZhbHVlPSJodHRwczovL3d3dy5tYXJrdHBsYWF0cy5ubC96Lmh0bWw/cXVlcnk9YXV0byZhbXA7Y2F0ZWdvcnlJZD0wJmFtcDtwb3N0Y29kZT0mYW1wO2Rpc3RhbmNlPTAiIC8+DQogICAgICAgICAgPC9IZWFkZXJzPg0KICAgICAgICAgIDxRdWVyeVN0cmluZ1BhcmFtZXRlcnM+DQogICAgICAgICAgICA8UXVlcnlTdHJpbmdQYXJhbWV0ZXIgTmFtZT0ianNvbnAiIFZhbHVlPSJ7JTIyYmlkX3JlcXVlc3QlMjI6eyUyMmlkJTIyOiUyMjI3MDgyN2JjOWJkMmQ5ODglMjIsJTIydmVyc2lvbiUyMjolMjI0LjAuMC1KUy00LjIuMCUyMiwlMjJpbXAlMjI6W3slMjJpZCUyMjolMjIxMWEzNmNjNTI1MjNjM2YlMjIsJTIycGlkJTIyOjg0Mjk4MCwlMjJ0aWQlMjI6JTIyYTY4MWMyMTAtMmI4NS00MDg3LWJkN2ItNDFkNmVlMjRmMmFkJTIyLCUyMmt2dyUyMjp7JTIycG9zJTIyOlslMjJscnBfYm90JTIyXSwlMjJjdCUyMjpbJTIyMCUyMl0sJTIya3clMjI6WyUyMmF1dG8lMjJdLCUyMmF1cyUyMjpbJTIyMzIwMTM2NzM0MyUyMl0sJTIyaWlkJTIyOlslMjI5MzgyMjUxYi01OWMyLTk4NjAtZjQyNS1jY2RhNWFhYjcyYTglMjJdLCUyMnNlc3Npb25pZCUyMjpbJTIyOGQzZTllMWMtMTc5MC00YzI5LWE2NTgtYzYwMDlhYWE0YWEwJTIyXSwlMjJwdGclMjI6WyUyMmF1cjU0NTNfYSUyMiwlMjJhdXI1NjA2X2ElMjIsJTIyYXVyNTYwN19hJTIyLCUyMmF1cjQ5MjVfYyUyMiwlMjJhdXI1MzM3X2IlMjIsJTIyYXVyNTA3MV9iJTIyLCUyMmF1cjUwNzBfYSUyMiwlMjJhdXI1NzQ5X2ElMjIsJTIyYXVyNDk3NC1hbmRyb2lkX2IlMjIsJTIyYXVyNTQ4Nl9iJTIyLCUyMmF1cjUzNzlfYiUyMiwlMjJhdXI0OTU5X2ElMjIsJTIyYXVyNTM4MF9kJTIyLCUyMmF1cjQ4NDJfYSUyMiwlMjJhdXI1NDE1X2IlMjIsJTIyYXVyNTQzMl9hJTIyLCUyMmF1cjU5NDNfYyUyMiwlMjJhdXI0MTEwX2YlMjIsJTIyYXVyNTU1OV9jJTIyXSwlMjJwdCUyMjpbJTIyc3JwJTIyXSwlMjJobiUyMjpbJTIyd3d3Lm1hcmt0cGxhYXRzLm5sJTIyXSwlMjJsaSUyMjpbJTIyMCUyMl0sJTIya3YlMjI6WyUyMmhiJTIyXSwlMjJoYiUyMjpbJTIyMSUyMl19LCUyMmJhbm5lciUyMjp7fX1dfX0iIFJlY29yZGVkVmFsdWU9InslMjJiaWRfcmVxdWVzdCUyMjp7JTIyaWQlMjI6JTIyMjcwODI3YmM5YmQyZDk4OCUyMiwlMjJ2ZXJzaW9uJTIyOiUyMjQuMC4wLUpTLTQuMi4wJTIyLCUyMmltcCUyMjpbeyUyMmlkJTIyOiUyMjExYTM2Y2M1MjUyM2MzZiUyMiwlMjJwaWQlMjI6ODQyOTgwLCUyMnRpZCUyMjolMjJhNjgxYzIxMC0yYjg1LTQwODctYmQ3Yi00MWQ2ZWUyNGYyYWQlMjIsJTIya3Z3JTIyOnslMjJwb3MlMjI6WyUyMmxycF9ib3QlMjJdLCUyMmN0JTIyOlslMjIwJTIyXSwlMjJrdyUyMjpbJTIyYXV0byUyMl0sJTIyYXVzJTIyOlslMjIzMjAxMzY3MzQzJTIyXSwlMjJpaWQlMjI6WyUyMjkzODIyNTFiLTU5YzItOTg2MC1mNDI1LWNjZGE1YWFiNzJhOCUyMl0sJTIyc2Vzc2lvbmlkJTIyOlslMjI4ZDNlOWUxYy0xNzkwLTRjMjktYTY1OC1jNjAwOWFhYTRhYTAlMjJdLCUyMnB0ZyUyMjpbJTIyYXVyNTQ1M19hJTIyLCUyMmF1cjU2MDZfYSUyMiwlMjJhdXI1NjA3X2ElMjIsJTIyYXVyNDkyNV9jJTIyLCUyMmF1cjUzMzdfYiUyMiwlMjJhdXI1MDcxX2IlMjIsJTIyYXVyNTA3MF9hJTIyLCUyMmF1cjU3NDlfYSUyMiwlMjJhdXI0OTc0LWFuZHJvaWRfYiUyMiwlMjJhdXI1NDg2X2IlMjIsJTIyYXVyNTM3OV9iJTIyLCUyMmF1cjQ5NTlfYSUyMiwlMjJhdXI1MzgwX2QlMjIsJTIyYXVyNDg0Ml9hJTIyLCUyMmF1cjU0MTVfYiUyMiwlMjJhdXI1NDMyX2ElMjIsJTIyYXVyNTk0M19jJTIyLCUyMmF1cjQxMTBfZiUyMiwlMjJhdXI1NTU5X2MlMjJdLCUyMnB0JTIyOlslMjJzcnAlMjJdLCUyMmhuJTIyOlslMjJ3d3cubWFya3RwbGFhdHMubmwlMjJdLCUyMmxpJTIyOlslMjIwJTIyXSwlMjJrdiUyMjpbJTIyaGIlMjJdLCUyMmhiJTIyOlslMjIxJTIyXX0sJTIyYmFubmVyJTIyOnt9fV19fSIgQ29ycmVsYXRpb25CaW5kaW5nPSIiIFVybEVuY29kZT0iRmFsc2UiIFVzZVRvR3JvdXBSZXN1bHRzPSJGYWxzZSIgLz4NCiAgICAgICAgICA8L1F1ZXJ5U3RyaW5nUGFyYW1ldGVycz4NCiAgICAgICAgPC9SZXF1ZXN0Pg0KICAgICAgICA8UmVxdWVzdCBNZXRob2Q9IkdFVCIgR3VpZD0iMDg2YzcxZGMtNmRiYy00NDhmLWFhNDAtN2U0YzljOGFmMzQwIiBWZXJzaW9uPSIxLjEiIFVybD0iaHR0cHM6Ly9hcy1zZWMuY2FzYWxlbWVkaWEuY29tL2N5Z251cyIgVGhpbmtUaW1lPSIwIiBUaW1lb3V0PSIzMDAiIFBhcnNlRGVwZW5kZW50UmVxdWVzdHM9IlRydWUiIEZvbGxvd1JlZGlyZWN0cz0iVHJ1ZSIgUmVjb3JkUmVzdWx0PSJUcnVlIiBDYWNoZT0iRmFsc2UiIFJlc3BvbnNlVGltZUdvYWw9IjAiIEVuY29kaW5nPSJ1dGYtOCIgRXhwZWN0ZWRIdHRwU3RhdHVzQ29kZT0iMCIgRXhwZWN0ZWRSZXNwb25zZVVybD0iIiBSZXBvcnRpbmdOYW1lPSIiIElnbm9yZUh0dHBTdGF0dXNDb2RlPSJGYWxzZSI+DQogICAgICAgICAgPEhlYWRlcnM+DQogICAgICAgICAgICA8SGVhZGVyIE5hbWU9IlJlZmVyZXIiIFZhbHVlPSJodHRwczovL3d3dy5tYXJrdHBsYWF0cy5ubC96Lmh0bWw/cXVlcnk9YXV0byZhbXA7Y2F0ZWdvcnlJZD0wJmFtcDtwb3N0Y29kZT0mYW1wO2Rpc3RhbmNlPTAiIC8+DQogICAgICAgICAgPC9IZWFkZXJzPg0KICAgICAgICAgIDxRdWVyeVN0cmluZ1BhcmFtZXRlcnM+DQogICAgICAgICAgICA8UXVlcnlTdHJpbmdQYXJhbWV0ZXIgTmFtZT0idiIgVmFsdWU9IjciIFJlY29yZGVkVmFsdWU9IjciIENvcnJlbGF0aW9uQmluZGluZz0iIiBVcmxFbmNvZGU9IkZhbHNlIiBVc2VUb0dyb3VwUmVzdWx0cz0iRmFsc2UiIC8+DQogICAgICAgICAgICA8UXVlcnlTdHJpbmdQYXJhbWV0ZXIgTmFtZT0iZm4iIFZhbHVlPSJjeWdudXNfaW5kZXhfcGFyc2VfcmVzIiBSZWNvcmRlZFZhbHVlPSJjeWdudXNfaW5kZXhfcGFyc2VfcmVzIiBDb3JyZWxhdGlvbkJpbmRpbmc9IiIgVXJsRW5jb2RlPSJGYWxzZSIgVXNlVG9Hcm91cFJlc3VsdHM9IkZhbHNlIiAvPg0KICAgICAgICAgICAgPFF1ZXJ5U3RyaW5nUGFyYW1ldGVyIE5hbWU9InMiIFZhbHVlPSIyMzQ2NzIiIFJlY29yZGVkVmFsdWU9IjIzNDY3MiIgQ29ycmVsYXRpb25CaW5kaW5nPSIiIFVybEVuY29kZT0iRmFsc2UiIFVzZVRvR3JvdXBSZXN1bHRzPSJGYWxzZSIgLz4NCiAgICAgICAgICAgIDxRdWVyeVN0cmluZ1BhcmFtZXRlciBOYW1lPSJyIiBWYWx1ZT0iJTdCJTIyaWQlMjIlM0ElMjIxOTE4Njc2NDklMjIlMkMlMjJzaXRlJTIyJTNBJTdCJTIycGFnZSUyMiUzQSUyMmh0dHBzJTNBJTJGJTJGd3d3Lm1hcmt0cGxhYXRzLm5sJTJGei5odG1sJTNGcXVlcnklM0RhdXRvJTI2Y2F0ZWdvcnlJZCUzRDAlMjZwb3N0Y29kZSUzRCUyNmRpc3RhbmNlJTNEMCUyMiUyQyUyMnJlZiUyMiUzQSUyMmh0dHBzJTNBJTJGJTJGd3d3Lm1hcmt0cGxhYXRzLm5sJTJGJTIyJTdEJTJDJTIyaW1wJTIyJTNBJTVCJTdCJTIyaWQlMjIlM0ElMjIxJTIyJTJDJTIwJTIyYmFubmVyJTIyJTNBJTdCJTIydyUyMiUzQTcyOCUyQyUyMmglMjIlM0E5MCUyQyUyMnRvcGZyYW1lJTIyJTNBMSU3RCUyQyUyMmV4dCUyMiUzQSUyMCU3QiUyMnNpZCUyMiUzQSUyMjM5MF8xJTIyJTJDJTIyc2l0ZUlEJTIyJTNBMjM0NjcyJTdEJTdEJTJDJTdCJTIyaWQlMjIlM0ElMjIyJTIyJTJDJTIwJTIyYmFubmVyJTIyJTNBJTdCJTIydyUyMiUzQTk3MCUyQyUyMmglMjIlM0EyNTAlMkMlMjJ0b3BmcmFtZSUyMiUzQTElN0QlMkMlMjJleHQlMjIlM0ElMjAlN0IlMjJzaWQlMjIlM0ElMjIzOTBfMiUyMiUyQyUyMnNpdGVJRCUyMiUzQTIzNDY3MiU3RCU3RCUyQyU3QiUyMmlkJTIyJTNBJTIyMyUyMiUyQyUyMCUyMmJhbm5lciUyMiUzQSU3QiUyMnclMjIlM0E3MjglMkMlMjJoJTIyJTNBOTAlMkMlMjJ0b3BmcmFtZSUyMiUzQTElN0QlMkMlMjJleHQlMjIlM0ElMjAlN0IlMjJzaWQlMjIlM0ElMjIzOTFfMSUyMiUyQyUyMnNpdGVJRCUyMiUzQTIzNDY3MyU3RCU3RCUyQyU3QiUyMmlkJTIyJTNBJTIyNCUyMiUyQyUyMCUyMmJhbm5lciUyMiUzQSU3QiUyMnclMjIlM0ExMjAlMkMlMjJoJTIyJTNBNjAwJTJDJTIydG9wZnJhbWUlMjIlM0ExJTdEJTJDJTIyZXh0JTIyJTNBJTIwJTdCJTIyc2lkJTIyJTNBJTIyMzkzXzElMjIlMkMlMjJzaXRlSUQlMjIlM0EyMzQ2NzUlN0QlN0QlMkMlN0IlMjJpZCUyMiUzQSUyMjUlMjIlMkMlMjAlMjJiYW5uZXIlMjIlM0ElN0IlMjJ3JTIyJTNBMTYwJTJDJTIyaCUyMiUzQTYwMCUyQyUyMnRvcGZyYW1lJTIyJTNBMSU3RCUyQyUyMmV4dCUyMiUzQSUyMCU3QiUyMnNpZCUyMiUzQSUyMjM5M18yJTIyJTJDJTIyc2l0ZUlEJTIyJTNBMjM0Njc1JTdEJTdEJTJDJTdCJTIyaWQlMjIlM0ElMjI2JTIyJTJDJTIwJTIyYmFubmVyJTIyJTNBJTdCJTIydyUyMiUzQTcyOCUyQyUyMmglMjIlM0E5MCUyQyUyMnRvcGZyYW1lJTIyJTNBMSU3RCUyQyUyMmV4dCUyMiUzQSUyMCU3QiUyMnNpZCUyMiUzQSUyMjM5NF8xJTIyJTJDJTIyc2l0ZUlEJTIyJTNBMjM0Njc2JTdEJTdEJTJDJTdCJTIyaWQlMjIlM0ElMjI3JTIyJTJDJTIwJTIyYmFubmVyJTIyJTNBJTdCJTIydyUyMiUzQTEyMCUyQyUyMmglMjIlM0E2MDAlMkMlMjJ0b3BmcmFtZSUyMiUzQTElN0QlMkMlMjJleHQlMjIlM0ElMjAlN0IlMjJzaWQlMjIlM0ElMjI0MzBfMSUyMiUyQyUyMnNpdGVJRCUyMiUzQTI2MDg2MSU3RCU3RCUyQyU3QiUyMmlkJTIyJTNBJTIyOCUyMiUyQyUyMCUyMmJhbm5lciUyMiUzQSU3QiUyMnclMjIlM0ExNjAlMkMlMjJoJTIyJTNBNjAwJTJDJTIydG9wZnJhbWUlMjIlM0ExJTdEJTJDJTIyZXh0JTIyJTNBJTIwJTdCJTIyc2lkJTIyJTNBJTIyNDMwXzIlMjIlMkMlMjJzaXRlSUQlMjIlM0EyNjA4NjElN0QlN0QlNUQlN0QiIFJlY29yZGVkVmFsdWU9IiU3QiUyMmlkJTIyJTNBJTIyMTkxODY3NjQ5JTIyJTJDJTIyc2l0ZSUyMiUzQSU3QiUyMnBhZ2UlMjIlM0ElMjJodHRwcyUzQSUyRiUyRnd3dy5tYXJrdHBsYWF0cy5ubCUyRnouaHRtbCUzRnF1ZXJ5JTNEYXV0byUyNmNhdGVnb3J5SWQlM0QwJTI2cG9zdGNvZGUlM0QlMjZkaXN0YW5jZSUzRDAlMjIlMkMlMjJyZWYlMjIlM0ElMjJodHRwcyUzQSUyRiUyRnd3dy5tYXJrdHBsYWF0cy5ubCUyRiUyMiU3RCUyQyUyMmltcCUyMiUzQSU1QiU3QiUyMmlkJTIyJTNBJTIyMSUyMiUyQyUyMCUyMmJhbm5lciUyMiUzQSU3QiUyMnclMjIlM0E3MjglMkMlMjJoJTIyJTNBOTAlMkMlMjJ0b3BmcmFtZSUyMiUzQTElN0QlMkMlMjJleHQlMjIlM0ElMjAlN0IlMjJzaWQlMjIlM0ElMjIzOTBfMSUyMiUyQyUyMnNpdGVJRCUyMiUzQTIzNDY3MiU3RCU3RCUyQyU3QiUyMmlkJTIyJTNBJTIyMiUyMiUyQyUyMCUyMmJhbm5lciUyMiUzQSU3QiUyMnclMjIlM0E5NzAlMkMlMjJoJTIyJTNBMjUwJTJDJTIydG9wZnJhbWUlMjIlM0ExJTdEJTJDJTIyZXh0JTIyJTNBJTIwJTdCJTIyc2lkJTIyJTNBJTIyMzkwXzIlMjIlMkMlMjJzaXRlSUQlMjIlM0EyMzQ2NzIlN0QlN0QlMkMlN0IlMjJpZCUyMiUzQSUyMjMlMjIlMkMlMjAlMjJiYW5uZXIlMjIlM0ElN0IlMjJ3JTIyJTNBNzI4JTJDJTIyaCUyMiUzQTkwJTJDJTIydG9wZnJhbWUlMjIlM0ExJTdEJTJDJTIyZXh0JTIyJTNBJTIwJTdCJTIyc2lkJTIyJTNBJTIyMzkxXzElMjIlMkMlMjJzaXRlSUQlMjIlM0EyMzQ2NzMlN0QlN0QlMkMlN0IlMjJpZCUyMiUzQSUyMjQlMjIlMkMlMjAlMjJiYW5uZXIlMjIlM0ElN0IlMjJ3JTIyJTNBMTIwJTJDJTIyaCUyMiUzQTYwMCUyQyUyMnRvcGZyYW1lJTIyJTNBMSU3RCUyQyUyMmV4dCUyMiUzQSUyMCU3QiUyMnNpZCUyMiUzQSUyMjM5M18xJTIyJTJDJTIyc2l0ZUlEJTIyJTNBMjM0Njc1JTdEJTdEJTJDJTdCJTIyaWQlMjIlM0ElMjI1JTIyJTJDJTIwJTIyYmFubmVyJTIyJTNBJTdCJTIydyUyMiUzQTE2MCUyQyUyMmglMjIlM0E2MDAlMkMlMjJ0b3BmcmFtZSUyMiUzQTElN0QlMkMlMjJleHQlMjIlM0ElMjAlN0IlMjJzaWQlMjIlM0ElMjIzOTNfMiUyMiUyQyUyMnNpdGVJRCUyMiUzQTIzNDY3NSU3RCU3RCUyQyU3QiUyMmlkJTIyJTNBJTIyNiUyMiUyQyUyMCUyMmJhbm5lciUyMiUzQSU3QiUyMnclMjIlM0E3MjglMkMlMjJoJTIyJTNBOTAlMkMlMjJ0b3BmcmFtZSUyMiUzQTElN0QlMkMlMjJleHQlMjIlM0ElMjAlN0IlMjJzaWQlMjIlM0ElMjIzOTRfMSUyMiUyQyUyMnNpdGVJRCUyMiUzQTIzNDY3NiU3RCU3RCUyQyU3QiUyMmlkJTIyJTNBJTIyNyUyMiUyQyUyMCUyMmJhbm5lciUyMiUzQSU3QiUyMnclMjIlM0ExMjAlMkMlMjJoJTIyJTNBNjAwJTJDJTIydG9wZnJhbWUlMjIlM0ExJTdEJTJDJTIyZXh0JTIyJTNBJTIwJTdCJTIyc2lkJTIyJTNBJTIyNDMwXzElMjIlMkMlMjJzaXRlSUQlMjIlM0EyNjA4NjElN0QlN0QlMkMlN0IlMjJpZCUyMiUzQSUyMjglMjIlMkMlMjAlMjJiYW5uZXIlMjIlM0ElN0IlMjJ3JTIyJTNBMTYwJTJDJTIyaCUyMiUzQTYwMCUyQyUyMnRvcGZyYW1lJTIyJTNBMSU3RCUyQyUyMmV4dCUyMiUzQSUyMCU3QiUyMnNpZCUyMiUzQSUyMjQzMF8yJTIyJTJDJTIyc2l0ZUlEJTIyJTNBMjYwODYxJTdEJTdEJTVEJTdEIiBDb3JyZWxhdGlvbkJpbmRpbmc9IiIgVXJsRW5jb2RlPSJGYWxzZSIgVXNlVG9Hcm91cFJlc3VsdHM9IkZhbHNlIiAvPg0KICAgICAgICAgICAgPFF1ZXJ5U3RyaW5nUGFyYW1ldGVyIE5hbWU9InBpZCIgVmFsdWU9InBiMC4zNC4xIiBSZWNvcmRlZFZhbHVlPSJwYjAuMzQuMSIgQ29ycmVsYXRpb25CaW5kaW5nPSIiIFVybEVuY29kZT0iRmFsc2UiIFVzZVRvR3JvdXBSZXN1bHRzPSJGYWxzZSIgLz4NCiAgICAgICAgICA8L1F1ZXJ5U3RyaW5nUGFyYW1ldGVycz4NCiAgICAgICAgPC9SZXF1ZXN0Pg0KICAgICAgICA8UmVxdWVzdCBNZXRob2Q9IkdFVCIgR3VpZD0iYTBiZDZjMWQtYjNlNy00YjAzLTk0NDItOGJlZTBiNjc1YmYyIiBWZXJzaW9uPSIxLjEiIFVybD0iaHR0cHM6Ly9pYi5hZG54cy5jb20vanB0IiBUaGlua1RpbWU9IjAiIFRpbWVvdXQ9IjMwMCIgUGFyc2VEZXBlbmRlbnRSZXF1ZXN0cz0iVHJ1ZSIgRm9sbG93UmVkaXJlY3RzPSJUcnVlIiBSZWNvcmRSZXN1bHQ9IlRydWUiIENhY2hlPSJGYWxzZSIgUmVzcG9uc2VUaW1lR29hbD0iMCIgRW5jb2Rpbmc9InV0Zi04IiBFeHBlY3RlZEh0dHBTdGF0dXNDb2RlPSIwIiBFeHBlY3RlZFJlc3BvbnNlVXJsPSIiIFJlcG9ydGluZ05hbWU9IiIgSWdub3JlSHR0cFN0YXR1c0NvZGU9IkZhbHNlIj4NCiAgICAgICAgICA8SGVhZGVycz4NCiAgICAgICAgICAgIDxIZWFkZXIgTmFtZT0iUmVmZXJlciIgVmFsdWU9Imh0dHBzOi8vd3d3Lm1hcmt0cGxhYXRzLm5sL3ouaHRtbD9xdWVyeT1hdXRvJmFtcDtjYXRlZ29yeUlkPTAmYW1wO3Bvc3Rjb2RlPSZhbXA7ZGlzdGFuY2U9MCIgLz4NCiAgICAgICAgICA8L0hlYWRlcnM+DQogICAgICAgICAgPFF1ZXJ5U3RyaW5nUGFyYW1ldGVycz4NCiAgICAgICAgICAgIDxRdWVyeVN0cmluZ1BhcmFtZXRlciBOYW1lPSJjYWxsYmFjayIgVmFsdWU9InBianMuaGFuZGxlQW5DQiIgUmVjb3JkZWRWYWx1ZT0icGJqcy5oYW5kbGVBbkNCIiBDb3JyZWxhdGlvbkJpbmRpbmc9IiIgVXJsRW5jb2RlPSJGYWxzZSIgVXNlVG9Hcm91cFJlc3VsdHM9IkZhbHNlIiAvPg0KICAgICAgICAgICAgPFF1ZXJ5U3RyaW5nUGFyYW1ldGVyIE5hbWU9ImNhbGxiYWNrX3VpZCIgVmFsdWU9IjE5ZGVlZTRkOTBlMTdhZCIgUmVjb3JkZWRWYWx1ZT0iMTlkZWVlNGQ5MGUxN2FkIiBDb3JyZWxhdGlvbkJpbmRpbmc9IiIgVXJsRW5jb2RlPSJGYWxzZSIgVXNlVG9Hcm91cFJlc3VsdHM9IkZhbHNlIiAvPg0KICAgICAgICAgICAgPFF1ZXJ5U3RyaW5nUGFyYW1ldGVyIE5hbWU9InBzYSIgVmFsdWU9IjAiIFJlY29yZGVkVmFsdWU9IjAiIENvcnJlbGF0aW9uQmluZGluZz0iIiBVcmxFbmNvZGU9IkZhbHNlIiBVc2VUb0dyb3VwUmVzdWx0cz0iRmFsc2UiIC8+DQogICAgICAgICAgICA8UXVlcnlTdHJpbmdQYXJhbWV0ZXIgTmFtZT0iaWQiIFZhbHVlPSIxMjI2MTgzMiIgUmVjb3JkZWRWYWx1ZT0iMTIyNjE4MzIiIENvcnJlbGF0aW9uQmluZGluZz0iIiBVcmxFbmNvZGU9IkZhbHNlIiBVc2VUb0dyb3VwUmVzdWx0cz0iRmFsc2UiIC8+DQogICAgICAgICAgICA8UXVlcnlTdHJpbmdQYXJhbWV0ZXIgTmFtZT0ic2l6ZSIgVmFsdWU9IjcyOHg5MCIgUmVjb3JkZWRWYWx1ZT0iNzI4eDkwIiBDb3JyZWxhdGlvbkJpbmRpbmc9IiIgVXJsRW5jb2RlPSJGYWxzZSIgVXNlVG9Hcm91cFJlc3VsdHM9IkZhbHNlIiAvPg0KICAgICAgICAgICAgPFF1ZXJ5U3RyaW5nUGFyYW1ldGVyIE5hbWU9InByb21vX3NpemVzIiBWYWx1ZT0iOTcweDI1MCw0Njh4NjAsMTgwMHgxMDAwLDk3MHgxMDAwLDE4MDB4MjAwIiBSZWNvcmRlZFZhbHVlPSI5NzB4MjUwLDQ2OHg2MCwxODAweDEwMDAsOTcweDEwMDAsMTgwMHgyMDAiIENvcnJlbGF0aW9uQmluZGluZz0iIiBVcmxFbmNvZGU9IkZhbHNlIiBVc2VUb0dyb3VwUmVzdWx0cz0iRmFsc2UiIC8+DQogICAgICAgICAgICA8UXVlcnlTdHJpbmdQYXJhbWV0ZXIgTmFtZT0ia3dfcG9zIiBWYWx1ZT0ibHJwX3RvcCIgUmVjb3JkZWRWYWx1ZT0ibHJwX3RvcCIgQ29ycmVsYXRpb25CaW5kaW5nPSIiIFVybEVuY29kZT0iRmFsc2UiIFVzZVRvR3JvdXBSZXN1bHRzPSJGYWxzZSIgLz4NCiAgICAgICAgICAgIDxRdWVyeVN0cmluZ1BhcmFtZXRlciBOYW1lPSJrd19jdCIgVmFsdWU9IjAiIFJlY29yZGVkVmFsdWU9IjAiIENvcnJlbGF0aW9uQmluZGluZz0iIiBVcmxFbmNvZGU9IkZhbHNlIiBVc2VUb0dyb3VwUmVzdWx0cz0iRmFsc2UiIC8+DQogICAgICAgICAgICA8UXVlcnlTdHJpbmdQYXJhbWV0ZXIgTmFtZT0ia3dfa3ciIFZhbHVlPSJhdXRvIiBSZWNvcmRlZFZhbHVlPSJhdXRvIiBDb3JyZWxhdGlvbkJpbmRpbmc9IiIgVXJsRW5jb2RlPSJGYWxzZSIgVXNlVG9Hcm91cFJlc3VsdHM9IkZhbHNlIiAvPg0KICAgICAgICAgICAgPFF1ZXJ5U3RyaW5nUGFyYW1ldGVyIE5hbWU9Imt3X2F1cyIgVmFsdWU9IjI3ODk4NDI3NDkiIFJlY29yZGVkVmFsdWU9IjI3ODk4NDI3NDkiIENvcnJlbGF0aW9uQmluZGluZz0iIiBVcmxFbmNvZGU9IkZhbHNlIiBVc2VUb0dyb3VwUmVzdWx0cz0iRmFsc2UiIC8+DQogICAgICAgICAgICA8UXVlcnlTdHJpbmdQYXJhbWV0ZXIgTmFtZT0ia3dfaWlkIiBWYWx1ZT0iNjcyNjFmN2MtZjY0NS02NjM4LWZjM2YtOTc0NGE4MjUzZGY4IiBSZWNvcmRlZFZhbHVlPSI2NzI2MWY3Yy1mNjQ1LTY2MzgtZmMzZi05NzQ0YTgyNTNkZjgiIENvcnJlbGF0aW9uQmluZGluZz0iIiBVcmxFbmNvZGU9IkZhbHNlIiBVc2VUb0dyb3VwUmVzdWx0cz0iRmFsc2UiIC8+DQogICAgICAgICAgICA8UXVlcnlTdHJpbmdQYXJhbWV0ZXIgTmFtZT0ia3dfc2Vzc2lvbmlkIiBWYWx1ZT0iOGQzZTllMWMtMTc5MC00YzI5LWE2NTgtYzYwMDlhYWE0YWEwIiBSZWNvcmRlZFZhbHVlPSI4ZDNlOWUxYy0xNzkwLTRjMjktYTY1OC1jNjAwOWFhYTRhYTAiIENvcnJlbGF0aW9uQmluZGluZz0iIiBVcmxFbmNvZGU9IkZhbHNlIiBVc2VUb0dyb3VwUmVzdWx0cz0iRmFsc2UiIC8+DQogICAgICAgICAgICA8UXVlcnlTdHJpbmdQYXJhbWV0ZXIgTmFtZT0ia3dfcHRnIiBWYWx1ZT0iYXVyNTQ1M19hJTJDYXVyNTYwNl9hJTJDYXVyNTYwN19hJTJDYXVyNDkyNV9jJTJDYXVyNTMzN19iJTJDYXVyNTA3MV9iJTJDYXVyNTA3MF9hJTJDYXVyNTc0OV9hJTJDYXVyNDk3NC1hbmRyb2lkX2IlMkNhdXI1NDg2X2IlMkNhdXI1Mzc5X2IlMkNhdXI0OTU5X2ElMkNhdXI1MzgwX2QlMkNhdXI0ODQyX2ElMkNhdXI1NDE1X2IlMkNhdXI1NDMyX2ElMkNhdXI1OTQzX2MlMkNhdXI0MTEwX2YlMkNhdXI1NTU5X2MiIFJlY29yZGVkVmFsdWU9ImF1cjU0NTNfYSUyQ2F1cjU2MDZfYSUyQ2F1cjU2MDdfYSUyQ2F1cjQ5MjVfYyUyQ2F1cjUzMzdfYiUyQ2F1cjUwNzFfYiUyQ2F1cjUwNzBfYSUyQ2F1cjU3NDlfYSUyQ2F1cjQ5NzQtYW5kcm9pZF9iJTJDYXVyNTQ4Nl9iJTJDYXVyNTM3OV9iJTJDYXVyNDk1OV9hJTJDYXVyNTM4MF9kJTJDYXVyNDg0Ml9hJTJDYXVyNTQxNV9iJTJDYXVyNTQzMl9hJTJDYXVyNTk0M19jJTJDYXVyNDExMF9mJTJDYXVyNTU1OV9jIiBDb3JyZWxhdGlvbkJpbmRpbmc9IiIgVXJsRW5jb2RlPSJGYWxzZSIgVXNlVG9Hcm91cFJlc3VsdHM9IkZhbHNlIiAvPg0KICAgICAgICAgICAgPFF1ZXJ5U3RyaW5nUGFyYW1ldGVyIE5hbWU9Imt3X3B0IiBWYWx1ZT0ic3JwIiBSZWNvcmRlZFZhbHVlPSJzcnAiIENvcnJlbGF0aW9uQmluZGluZz0iIiBVcmxFbmNvZGU9IkZhbHNlIiBVc2VUb0dyb3VwUmVzdWx0cz0iRmFsc2UiIC8+DQogICAgICAgICAgICA8UXVlcnlTdHJpbmdQYXJhbWV0ZXIgTmFtZT0ia3dfaG4iIFZhbHVlPSJ3d3cubWFya3RwbGFhdHMubmwiIFJlY29yZGVkVmFsdWU9Ind3dy5tYXJrdHBsYWF0cy5ubCIgQ29ycmVsYXRpb25CaW5kaW5nPSIiIFVybEVuY29kZT0iRmFsc2UiIFVzZVRvR3JvdXBSZXN1bHRzPSJGYWxzZSIgLz4NCiAgICAgICAgICAgIDxRdWVyeVN0cmluZ1BhcmFtZXRlciBOYW1lPSJrd19saSIgVmFsdWU9IjAiIFJlY29yZGVkVmFsdWU9IjAiIENvcnJlbGF0aW9uQmluZGluZz0iIiBVcmxFbmNvZGU9IkZhbHNlIiBVc2VUb0dyb3VwUmVzdWx0cz0iRmFsc2UiIC8+DQogICAgICAgICAgICA8UXVlcnlTdHJpbmdQYXJhbWV0ZXIgTmFtZT0ia3dfa3YiIFZhbHVlPSJoYiIgUmVjb3JkZWRWYWx1ZT0iaGIiIENvcnJlbGF0aW9uQmluZGluZz0iIiBVcmxFbmNvZGU9IkZhbHNlIiBVc2VUb0dyb3VwUmVzdWx0cz0iRmFsc2UiIC8+DQogICAgICAgICAgICA8UXVlcnlTdHJpbmdQYXJhbWV0ZXIgTmFtZT0ia3dfaGIiIFZhbHVlPSIxIiBSZWNvcmRlZFZhbHVlPSIxIiBDb3JyZWxhdGlvbkJpbmRpbmc9IiIgVXJsRW5jb2RlPSJGYWxzZSIgVXNlVG9Hcm91cFJlc3VsdHM9IkZhbHNlIiAvPg0KICAgICAgICAgICAgPFF1ZXJ5U3RyaW5nUGFyYW1ldGVyIE5hbWU9InJlZmVycmVyIiBWYWx1ZT0iaHR0cHMlM0ElMkYlMkZ3d3cubWFya3RwbGFhdHMubmwlMkZ6Lmh0bWwlM0ZxdWVyeSUzRGF1dG8lMjZjYXRlZ29yeUlkJTNEMCUyNnBvc3Rjb2RlJTNEJTI2ZGlzdGFuY2UlM0QwIiBSZWNvcmRlZFZhbHVlPSJodHRwcyUzQSUyRiUyRnd3dy5tYXJrdHBsYWF0cy5ubCUyRnouaHRtbCUzRnF1ZXJ5JTNEYXV0byUyNmNhdGVnb3J5SWQlM0QwJTI2cG9zdGNvZGUlM0QlMjZkaXN0YW5jZSUzRDAiIENvcnJlbGF0aW9uQmluZGluZz0iIiBVcmxFbmNvZGU9IkZhbHNlIiBVc2VUb0dyb3VwUmVzdWx0cz0iRmFsc2UiIC8+DQogICAgICAgICAgPC9RdWVyeVN0cmluZ1BhcmFtZXRlcnM+DQogICAgICAgIDwvUmVxdWVzdD4NCiAgICAgICAgPFJlcXVlc3QgTWV0aG9kPSJHRVQiIEd1aWQ9IjJiYWYxNzJlLTk5OTUtNDBiZS1iOTliLWQ4Zjc5YjRhMzA2ZSIgVmVyc2lvbj0iMS4xIiBVcmw9Imh0dHBzOi8vaWIuYWRueHMuY29tL2pwdCIgVGhpbmtUaW1lPSIwIiBUaW1lb3V0PSIzMDAiIFBhcnNlRGVwZW5kZW50UmVxdWVzdHM9IlRydWUiIEZvbGxvd1JlZGlyZWN0cz0iVHJ1ZSIgUmVjb3JkUmVzdWx0PSJUcnVlIiBDYWNoZT0iRmFsc2UiIFJlc3BvbnNlVGltZUdvYWw9IjAiIEVuY29kaW5nPSJ1dGYtOCIgRXhwZWN0ZWRIdHRwU3RhdHVzQ29kZT0iMCIgRXhwZWN0ZWRSZXNwb25zZVVybD0iIiBSZXBvcnRpbmdOYW1lPSIiIElnbm9yZUh0dHBTdGF0dXNDb2RlPSJGYWxzZSI+DQogICAgICAgICAgPEhlYWRlcnM+DQogICAgICAgICAgICA8SGVhZGVyIE5hbWU9IlJlZmVyZXIiIFZhbHVlPSJodHRwczovL3d3dy5tYXJrdHBsYWF0cy5ubC96Lmh0bWw/cXVlcnk9YXV0byZhbXA7Y2F0ZWdvcnlJZD0wJmFtcDtwb3N0Y29kZT0mYW1wO2Rpc3RhbmNlPTAiIC8+DQogICAgICAgICAgPC9IZWFkZXJzPg0KICAgICAgICAgIDxRdWVyeVN0cmluZ1BhcmFtZXRlcnM+DQogICAgICAgICAgICA8UXVlcnlTdHJpbmdQYXJhbWV0ZXIgTmFtZT0iY2FsbGJhY2siIFZhbHVlPSJwYmpzLmhhbmRsZUFuQ0IiIFJlY29yZGVkVmFsdWU9InBianMuaGFuZGxlQW5DQiIgQ29ycmVsYXRpb25CaW5kaW5nPSIiIFVybEVuY29kZT0iRmFsc2UiIFVzZVRvR3JvdXBSZXN1bHRzPSJGYWxzZSIgLz4NCiAgICAgICAgICAgIDxRdWVyeVN0cmluZ1BhcmFtZXRlciBOYW1lPSJjYWxsYmFja191aWQiIFZhbHVlPSIyMGMxNTY1OTA5ZDJlZmUiIFJlY29yZGVkVmFsdWU9IjIwYzE1NjU5MDlkMmVmZSIgQ29ycmVsYXRpb25CaW5kaW5nPSIiIFVybEVuY29kZT0iRmFsc2UiIFVzZVRvR3JvdXBSZXN1bHRzPSJGYWxzZSIgLz4NCiAgICAgICAgICAgIDxRdWVyeVN0cmluZ1BhcmFtZXRlciBOYW1lPSJwc2EiIFZhbHVlPSIwIiBSZWNvcmRlZFZhbHVlPSIwIiBDb3JyZWxhdGlvbkJpbmRpbmc9IiIgVXJsRW5jb2RlPSJGYWxzZSIgVXNlVG9Hcm91cFJlc3VsdHM9IkZhbHNlIiAvPg0KICAgICAgICAgICAgPFF1ZXJ5U3RyaW5nUGFyYW1ldGVyIE5hbWU9ImlkIiBWYWx1ZT0iMTIyNjE4MzMiIFJlY29yZGVkVmFsdWU9IjEyMjYxODMzIiBDb3JyZWxhdGlvbkJpbmRpbmc9IiIgVXJsRW5jb2RlPSJGYWxzZSIgVXNlVG9Hcm91cFJlc3VsdHM9IkZhbHNlIiAvPg0KICAgICAgICAgICAgPFF1ZXJ5U3RyaW5nUGFyYW1ldGVyIE5hbWU9InNpemUiIFZhbHVlPSI3NjB4MTAwIiBSZWNvcmRlZFZhbHVlPSI3NjB4MTAwIiBDb3JyZWxhdGlvbkJpbmRpbmc9IiIgVXJsRW5jb2RlPSJGYWxzZSIgVXNlVG9Hcm91cFJlc3VsdHM9IkZhbHNlIiAvPg0KICAgICAgICAgICAgPFF1ZXJ5U3RyaW5nUGFyYW1ldGVyIE5hbWU9InByb21vX3NpemVzIiBWYWx1ZT0iNzI4eDkwIiBSZWNvcmRlZFZhbHVlPSI3Mjh4OTAiIENvcnJlbGF0aW9uQmluZGluZz0iIiBVcmxFbmNvZGU9IkZhbHNlIiBVc2VUb0dyb3VwUmVzdWx0cz0iRmFsc2UiIC8+DQogICAgICAgICAgICA8UXVlcnlTdHJpbmdQYXJhbWV0ZXIgTmFtZT0ia3dfcG9zIiBWYWx1ZT0ibHJwX21pZCIgUmVjb3JkZWRWYWx1ZT0ibHJwX21pZCIgQ29ycmVsYXRpb25CaW5kaW5nPSIiIFVybEVuY29kZT0iRmFsc2UiIFVzZVRvR3JvdXBSZXN1bHRzPSJGYWxzZSIgLz4NCiAgICAgICAgICAgIDxRdWVyeVN0cmluZ1BhcmFtZXRlciBOYW1lPSJrd19jdCIgVmFsdWU9IjAiIFJlY29yZGVkVmFsdWU9IjAiIENvcnJlbGF0aW9uQmluZGluZz0iIiBVcmxFbmNvZGU9IkZhbHNlIiBVc2VUb0dyb3VwUmVzdWx0cz0iRmFsc2UiIC8+DQogICAgICAgICAgICA8UXVlcnlTdHJpbmdQYXJhbWV0ZXIgTmFtZT0ia3dfa3ciIFZhbHVlPSJhdXRvIiBSZWNvcmRlZFZhbHVlPSJhdXRvIiBDb3JyZWxhdGlvbkJpbmRpbmc9IiIgVXJsRW5jb2RlPSJGYWxzZSIgVXNlVG9Hcm91cFJlc3VsdHM9IkZhbHNlIiAvPg0KICAgICAgICAgICAgPFF1ZXJ5U3RyaW5nUGFyYW1ldGVyIE5hbWU9Imt3X2F1cyIgVmFsdWU9IjM1ODI1NjIyOTQiIFJlY29yZGVkVmFsdWU9IjM1ODI1NjIyOTQiIENvcnJlbGF0aW9uQmluZGluZz0iIiBVcmxFbmNvZGU9IkZhbHNlIiBVc2VUb0dyb3VwUmVzdWx0cz0iRmFsc2UiIC8+DQogICAgICAgICAgICA8UXVlcnlTdHJpbmdQYXJhbWV0ZXIgTmFtZT0ia3dfaWlkIiBWYWx1ZT0iOWY0MzdjY2QtNTgxMy0wYWU1LTE1ZDEtYzFkZmNmZWQ2ODU0IiBSZWNvcmRlZFZhbHVlPSI5ZjQzN2NjZC01ODEzLTBhZTUtMTVkMS1jMWRmY2ZlZDY4NTQiIENvcnJlbGF0aW9uQmluZGluZz0iIiBVcmxFbmNvZGU9IkZhbHNlIiBVc2VUb0dyb3VwUmVzdWx0cz0iRmFsc2UiIC8+DQogICAgICAgICAgICA8UXVlcnlTdHJpbmdQYXJhbWV0ZXIgTmFtZT0ia3dfc2Vzc2lvbmlkIiBWYWx1ZT0iOGQzZTllMWMtMTc5MC00YzI5LWE2NTgtYzYwMDlhYWE0YWEwIiBSZWNvcmRlZFZhbHVlPSI4ZDNlOWUxYy0xNzkwLTRjMjktYTY1OC1jNjAwOWFhYTRhYTAiIENvcnJlbGF0aW9uQmluZGluZz0iIiBVcmxFbmNvZGU9IkZhbHNlIiBVc2VUb0dyb3VwUmVzdWx0cz0iRmFsc2UiIC8+DQogICAgICAgICAgICA8UXVlcnlTdHJpbmdQYXJhbWV0ZXIgTmFtZT0ia3dfcHRnIiBWYWx1ZT0iYXVyNTQ1M19hJTJDYXVyNTYwNl9hJTJDYXVyNTYwN19hJTJDYXVyNDkyNV9jJTJDYXVyNTMzN19iJTJDYXVyNTA3MV9iJTJDYXVyNTA3MF9hJTJDYXVyNTc0OV9hJTJDYXVyNDk3NC1hbmRyb2lkX2IlMkNhdXI1NDg2X2IlMkNhdXI1Mzc5X2IlMkNhdXI0OTU5X2ElMkNhdXI1MzgwX2QlMkNhdXI0ODQyX2ElMkNhdXI1NDE1X2IlMkNhdXI1NDMyX2ElMkNhdXI1OTQzX2MlMkNhdXI0MTEwX2YlMkNhdXI1NTU5X2MiIFJlY29yZGVkVmFsdWU9ImF1cjU0NTNfYSUyQ2F1cjU2MDZfYSUyQ2F1cjU2MDdfYSUyQ2F1cjQ5MjVfYyUyQ2F1cjUzMzdfYiUyQ2F1cjUwNzFfYiUyQ2F1cjUwNzBfYSUyQ2F1cjU3NDlfYSUyQ2F1cjQ5NzQtYW5kcm9pZF9iJTJDYXVyNTQ4Nl9iJTJDYXVyNTM3OV9iJTJDYXVyNDk1OV9hJTJDYXVyNTM4MF9kJTJDYXVyNDg0Ml9hJTJDYXVyNTQxNV9iJTJDYXVyNTQzMl9hJTJDYXVyNTk0M19jJTJDYXVyNDExMF9mJTJDYXVyNTU1OV9jIiBDb3JyZWxhdGlvbkJpbmRpbmc9IiIgVXJsRW5jb2RlPSJGYWxzZSIgVXNlVG9Hcm91cFJlc3VsdHM9IkZhbHNlIiAvPg0KICAgICAgICAgICAgPFF1ZXJ5U3RyaW5nUGFyYW1ldGVyIE5hbWU9Imt3X3B0IiBWYWx1ZT0ic3JwIiBSZWNvcmRlZFZhbHVlPSJzcnAiIENvcnJlbGF0aW9uQmluZGluZz0iIiBVcmxFbmNvZGU9IkZhbHNlIiBVc2VUb0dyb3VwUmVzdWx0cz0iRmFsc2UiIC8+DQogICAgICAgICAgICA8UXVlcnlTdHJpbmdQYXJhbWV0ZXIgTmFtZT0ia3dfaG4iIFZhbHVlPSJ3d3cubWFya3RwbGFhdHMubmwiIFJlY29yZGVkVmFsdWU9Ind3dy5tYXJrdHBsYWF0cy5ubCIgQ29ycmVsYXRpb25CaW5kaW5nPSIiIFVybEVuY29kZT0iRmFsc2UiIFVzZVRvR3JvdXBSZXN1bHRzPSJGYWxzZSIgLz4NCiAgICAgICAgICAgIDxRdWVyeVN0cmluZ1BhcmFtZXRlciBOYW1lPSJrd19saSIgVmFsdWU9IjAiIFJlY29yZGVkVmFsdWU9IjAiIENvcnJlbGF0aW9uQmluZGluZz0iIiBVcmxFbmNvZGU9IkZhbHNlIiBVc2VUb0dyb3VwUmVzdWx0cz0iRmFsc2UiIC8+DQogICAgICAgICAgICA8UXVlcnlTdHJpbmdQYXJhbWV0ZXIgTmFtZT0ia3dfa3YiIFZhbHVlPSJoYiIgUmVjb3JkZWRWYWx1ZT0iaGIiIENvcnJlbGF0aW9uQmluZGluZz0iIiBVcmxFbmNvZGU9IkZhbHNlIiBVc2VUb0dyb3VwUmVzdWx0cz0iRmFsc2UiIC8+DQogICAgICAgICAgICA8UXVlcnlTdHJpbmdQYXJhbWV0ZXIgTmFtZT0ia3dfaGIiIFZhbHVlPSIxIiBSZWNvcmRlZFZhbHVlPSIxIiBDb3JyZWxhdGlvbkJpbmRpbmc9IiIgVXJsRW5jb2RlPSJGYWxzZSIgVXNlVG9Hcm91cFJlc3VsdHM9IkZhbHNlIiAvPg0KICAgICAgICAgICAgPFF1ZXJ5U3RyaW5nUGFyYW1ldGVyIE5hbWU9InJlZmVycmVyIiBWYWx1ZT0iaHR0cHMlM0ElMkYlMkZ3d3cubWFya3RwbGFhdHMubmwlMkZ6Lmh0bWwlM0ZxdWVyeSUzRGF1dG8lMjZjYXRlZ29yeUlkJTNEMCUyNnBvc3Rjb2RlJTNEJTI2ZGlzdGFuY2UlM0QwIiBSZWNvcmRlZFZhbHVlPSJodHRwcyUzQSUyRiUyRnd3dy5tYXJrdHBsYWF0cy5ubCUyRnouaHRtbCUzRnF1ZXJ5JTNEYXV0byUyNmNhdGVnb3J5SWQlM0QwJTI2cG9zdGNvZGUlM0QlMjZkaXN0YW5jZSUzRDAiIENvcnJlbGF0aW9uQmluZGluZz0iIiBVcmxFbmNvZGU9IkZhbHNlIiBVc2VUb0dyb3VwUmVzdWx0cz0iRmFsc2UiIC8+DQogICAgICAgICAgPC9RdWVyeVN0cmluZ1BhcmFtZXRlcnM+DQogICAgICAgIDwvUmVxdWVzdD4NCiAgICAgICAgPFJlcXVlc3QgTWV0aG9kPSJHRVQiIEd1aWQ9IjAwYTE0YWRmLWRiZWMtNDI0ZC04NzdhLWQ3MmYzNGY5ZTk2NSIgVmVyc2lvbj0iMS4xIiBVcmw9Imh0dHBzOi8vaWIuYWRueHMuY29tL2pwdCIgVGhpbmtUaW1lPSIwIiBUaW1lb3V0PSIzMDAiIFBhcnNlRGVwZW5kZW50UmVxdWVzdHM9IlRydWUiIEZvbGxvd1JlZGlyZWN0cz0iVHJ1ZSIgUmVjb3JkUmVzdWx0PSJUcnVlIiBDYWNoZT0iRmFsc2UiIFJlc3BvbnNlVGltZUdvYWw9IjAiIEVuY29kaW5nPSJ1dGYtOCIgRXhwZWN0ZWRIdHRwU3RhdHVzQ29kZT0iMCIgRXhwZWN0ZWRSZXNwb25zZVVybD0iIiBSZXBvcnRpbmdOYW1lPSIiIElnbm9yZUh0dHBTdGF0dXNDb2RlPSJGYWxzZSI+DQogICAgICAgICAgPEhlYWRlcnM+DQogICAgICAgICAgICA8SGVhZGVyIE5hbWU9IlJlZmVyZXIiIFZhbHVlPSJodHRwczovL3d3dy5tYXJrdHBsYWF0cy5ubC96Lmh0bWw/cXVlcnk9YXV0byZhbXA7Y2F0ZWdvcnlJZD0wJmFtcDtwb3N0Y29kZT0mYW1wO2Rpc3RhbmNlPTAiIC8+DQogICAgICAgICAgPC9IZWFkZXJzPg0KICAgICAgICAgIDxRdWVyeVN0cmluZ1BhcmFtZXRlcnM+DQogICAgICAgICAgICA8UXVlcnlTdHJpbmdQYXJhbWV0ZXIgTmFtZT0iY2FsbGJhY2siIFZhbHVlPSJwYmpzLmhhbmRsZUFuQ0IiIFJlY29yZGVkVmFsdWU9InBianMuaGFuZGxlQW5DQiIgQ29ycmVsYXRpb25CaW5kaW5nPSIiIFVybEVuY29kZT0iRmFsc2UiIFVzZVRvR3JvdXBSZXN1bHRzPSJGYWxzZSIgLz4NCiAgICAgICAgICAgIDxRdWVyeVN0cmluZ1BhcmFtZXRlciBOYW1lPSJjYWxsYmFja191aWQiIFZhbHVlPSIyMTY1ZjBlYzQyNGMzYzE4IiBSZWNvcmRlZFZhbHVlPSIyMTY1ZjBlYzQyNGMzYzE4IiBDb3JyZWxhdGlvbkJpbmRpbmc9IiIgVXJsRW5jb2RlPSJGYWxzZSIgVXNlVG9Hcm91cFJlc3VsdHM9IkZhbHNlIiAvPg0KICAgICAgICAgICAgPFF1ZXJ5U3RyaW5nUGFyYW1ldGVyIE5hbWU9InBzYSIgVmFsdWU9IjAiIFJlY29yZGVkVmFsdWU9IjAiIENvcnJlbGF0aW9uQmluZGluZz0iIiBVcmxFbmNvZGU9IkZhbHNlIiBVc2VUb0dyb3VwUmVzdWx0cz0iRmFsc2UiIC8+DQogICAgICAgICAgICA8UXVlcnlTdHJpbmdQYXJhbWV0ZXIgTmFtZT0iaWQiIFZhbHVlPSIxMjI2MTgzNSIgUmVjb3JkZWRWYWx1ZT0iMTIyNjE4MzUiIENvcnJlbGF0aW9uQmluZGluZz0iIiBVcmxFbmNvZGU9IkZhbHNlIiBVc2VUb0dyb3VwUmVzdWx0cz0iRmFsc2UiIC8+DQogICAgICAgICAgICA8UXVlcnlTdHJpbmdQYXJhbWV0ZXIgTmFtZT0ic2l6ZSIgVmFsdWU9IjEyMHg2MDAiIFJlY29yZGVkVmFsdWU9IjEyMHg2MDAiIENvcnJlbGF0aW9uQmluZGluZz0iIiBVcmxFbmNvZGU9IkZhbHNlIiBVc2VUb0dyb3VwUmVzdWx0cz0iRmFsc2UiIC8+DQogICAgICAgICAgICA8UXVlcnlTdHJpbmdQYXJhbWV0ZXIgTmFtZT0icHJvbW9fc2l6ZXMiIFZhbHVlPSIxNjB4NjAwLDEyMHg5MCIgUmVjb3JkZWRWYWx1ZT0iMTYweDYwMCwxMjB4OTAiIENvcnJlbGF0aW9uQmluZGluZz0iIiBVcmxFbmNvZGU9IkZhbHNlIiBVc2VUb0dyb3VwUmVzdWx0cz0iRmFsc2UiIC8+DQogICAgICAgICAgICA8UXVlcnlTdHJpbmdQYXJhbWV0ZXIgTmFtZT0ia3dfcG9zIiBWYWx1ZT0ibHJwX2xlZnQiIFJlY29yZGVkVmFsdWU9ImxycF9sZWZ0IiBDb3JyZWxhdGlvbkJpbmRpbmc9IiIgVXJsRW5jb2RlPSJGYWxzZSIgVXNlVG9Hcm91cFJlc3VsdHM9IkZhbHNlIiAvPg0KICAgICAgICAgICAgPFF1ZXJ5U3RyaW5nUGFyYW1ldGVyIE5hbWU9Imt3X2N0IiBWYWx1ZT0iMCIgUmVjb3JkZWRWYWx1ZT0iMCIgQ29ycmVsYXRpb25CaW5kaW5nPSIiIFVybEVuY29kZT0iRmFsc2UiIFVzZVRvR3JvdXBSZXN1bHRzPSJGYWxzZSIgLz4NCiAgICAgICAgICAgIDxRdWVyeVN0cmluZ1BhcmFtZXRlciBOYW1lPSJrd19rdyIgVmFsdWU9ImF1dG8iIFJlY29yZGVkVmFsdWU9ImF1dG8iIENvcnJlbGF0aW9uQmluZGluZz0iIiBVcmxFbmNvZGU9IkZhbHNlIiBVc2VUb0dyb3VwUmVzdWx0cz0iRmFsc2UiIC8+DQogICAgICAgICAgICA8UXVlcnlTdHJpbmdQYXJhbWV0ZXIgTmFtZT0ia3dfYXVzIiBWYWx1ZT0iMzkzMzc4NjE1NyIgUmVjb3JkZWRWYWx1ZT0iMzkzMzc4NjE1NyIgQ29ycmVsYXRpb25CaW5kaW5nPSIiIFVybEVuY29kZT0iRmFsc2UiIFVzZVRvR3JvdXBSZXN1bHRzPSJGYWxzZSIgLz4NCiAgICAgICAgICAgIDxRdWVyeVN0cmluZ1BhcmFtZXRlciBOYW1lPSJrd19paWQiIFZhbHVlPSI1N2EzYmI0NC04MDA5LTAyZDgtYmNmOS03OTFlNTBlNGI0MzkiIFJlY29yZGVkVmFsdWU9IjU3YTNiYjQ0LTgwMDktMDJkOC1iY2Y5LTc5MWU1MGU0YjQzOSIgQ29ycmVsYXRpb25CaW5kaW5nPSIiIFVybEVuY29kZT0iRmFsc2UiIFVzZVRvR3JvdXBSZXN1bHRzPSJGYWxzZSIgLz4NCiAgICAgICAgICAgIDxRdWVyeVN0cmluZ1BhcmFtZXRlciBOYW1lPSJrd19zZXNzaW9uaWQiIFZhbHVlPSI4ZDNlOWUxYy0xNzkwLTRjMjktYTY1OC1jNjAwOWFhYTRhYTAiIFJlY29yZGVkVmFsdWU9IjhkM2U5ZTFjLTE3OTAtNGMyOS1hNjU4LWM2MDA5YWFhNGFhMCIgQ29ycmVsYXRpb25CaW5kaW5nPSIiIFVybEVuY29kZT0iRmFsc2UiIFVzZVRvR3JvdXBSZXN1bHRzPSJGYWxzZSIgLz4NCiAgICAgICAgICAgIDxRdWVyeVN0cmluZ1BhcmFtZXRlciBOYW1lPSJrd19wdGciIFZhbHVlPSJhdXI1NDUzX2ElMkNhdXI1NjA2X2ElMkNhdXI1NjA3X2ElMkNhdXI0OTI1X2MlMkNhdXI1MzM3X2IlMkNhdXI1MDcxX2IlMkNhdXI1MDcwX2ElMkNhdXI1NzQ5X2ElMkNhdXI0OTc0LWFuZHJvaWRfYiUyQ2F1cjU0ODZfYiUyQ2F1cjUzNzlfYiUyQ2F1cjQ5NTlfYSUyQ2F1cjUzODBfZCUyQ2F1cjQ4NDJfYSUyQ2F1cjU0MTVfYiUyQ2F1cjU0MzJfYSUyQ2F1cjU5NDNfYyUyQ2F1cjQxMTBfZiUyQ2F1cjU1NTlfYyIgUmVjb3JkZWRWYWx1ZT0iYXVyNTQ1M19hJTJDYXVyNTYwNl9hJTJDYXVyNTYwN19hJTJDYXVyNDkyNV9jJTJDYXVyNTMzN19iJTJDYXVyNTA3MV9iJTJDYXVyNTA3MF9hJTJDYXVyNTc0OV9hJTJDYXVyNDk3NC1hbmRyb2lkX2IlMkNhdXI1NDg2X2IlMkNhdXI1Mzc5X2IlMkNhdXI0OTU5X2ElMkNhdXI1MzgwX2QlMkNhdXI0ODQyX2ElMkNhdXI1NDE1X2IlMkNhdXI1NDMyX2ElMkNhdXI1OTQzX2MlMkNhdXI0MTEwX2YlMkNhdXI1NTU5X2MiIENvcnJlbGF0aW9uQmluZGluZz0iIiBVcmxFbmNvZGU9IkZhbHNlIiBVc2VUb0dyb3VwUmVzdWx0cz0iRmFsc2UiIC8+DQogICAgICAgICAgICA8UXVlcnlTdHJpbmdQYXJhbWV0ZXIgTmFtZT0ia3dfcHQiIFZhbHVlPSJzcnAiIFJlY29yZGVkVmFsdWU9InNycCIgQ29ycmVsYXRpb25CaW5kaW5nPSIiIFVybEVuY29kZT0iRmFsc2UiIFVzZVRvR3JvdXBSZXN1bHRzPSJGYWxzZSIgLz4NCiAgICAgICAgICAgIDxRdWVyeVN0cmluZ1BhcmFtZXRlciBOYW1lPSJrd19obiIgVmFsdWU9Ind3dy5tYXJrdHBsYWF0cy5ubCIgUmVjb3JkZWRWYWx1ZT0id3d3Lm1hcmt0cGxhYXRzLm5sIiBDb3JyZWxhdGlvbkJpbmRpbmc9IiIgVXJsRW5jb2RlPSJGYWxzZSIgVXNlVG9Hcm91cFJlc3VsdHM9IkZhbHNlIiAvPg0KICAgICAgICAgICAgPFF1ZXJ5U3RyaW5nUGFyYW1ldGVyIE5hbWU9Imt3X2xpIiBWYWx1ZT0iMCIgUmVjb3JkZWRWYWx1ZT0iMCIgQ29ycmVsYXRpb25CaW5kaW5nPSIiIFVybEVuY29kZT0iRmFsc2UiIFVzZVRvR3JvdXBSZXN1bHRzPSJGYWxzZSIgLz4NCiAgICAgICAgICAgIDxRdWVyeVN0cmluZ1BhcmFtZXRlciBOYW1lPSJrd19rdiIgVmFsdWU9ImhiIiBSZWNvcmRlZFZhbHVlPSJoYiIgQ29ycmVsYXRpb25CaW5kaW5nPSIiIFVybEVuY29kZT0iRmFsc2UiIFVzZVRvR3JvdXBSZXN1bHRzPSJGYWxzZSIgLz4NCiAgICAgICAgICAgIDxRdWVyeVN0cmluZ1BhcmFtZXRlciBOYW1lPSJrd19oYiIgVmFsdWU9IjEiIFJlY29yZGVkVmFsdWU9IjEiIENvcnJlbGF0aW9uQmluZGluZz0iIiBVcmxFbmNvZGU9IkZhbHNlIiBVc2VUb0dyb3VwUmVzdWx0cz0iRmFsc2UiIC8+DQogICAgICAgICAgICA8UXVlcnlTdHJpbmdQYXJhbWV0ZXIgTmFtZT0icmVmZXJyZXIiIFZhbHVlPSJodHRwcyUzQSUyRiUyRnd3dy5tYXJrdHBsYWF0cy5ubCUyRnouaHRtbCUzRnF1ZXJ5JTNEYXV0byUyNmNhdGVnb3J5SWQlM0QwJTI2cG9zdGNvZGUlM0QlMjZkaXN0YW5jZSUzRDAiIFJlY29yZGVkVmFsdWU9Imh0dHBzJTNBJTJGJTJGd3d3Lm1hcmt0cGxhYXRzLm5sJTJGei5odG1sJTNGcXVlcnklM0RhdXRvJTI2Y2F0ZWdvcnlJZCUzRDAlMjZwb3N0Y29kZSUzRCUyNmRpc3RhbmNlJTNEMCIgQ29ycmVsYXRpb25CaW5kaW5nPSIiIFVybEVuY29kZT0iRmFsc2UiIFVzZVRvR3JvdXBSZXN1bHRzPSJGYWxzZSIgLz4NCiAgICAgICAgICA8L1F1ZXJ5U3RyaW5nUGFyYW1ldGVycz4NCiAgICAgICAgPC9SZXF1ZXN0Pg0KICAgICAgICA8UmVxdWVzdCBNZXRob2Q9IkdFVCIgR3VpZD0iNTRiN2RlODYtZjcwMS00YjQ1LWJiOTAtNDM4YThjZWQxODMyIiBWZXJzaW9uPSIxLjEiIFVybD0iaHR0cHM6Ly9pYi5hZG54cy5jb20vanB0IiBUaGlua1RpbWU9IjAiIFRpbWVvdXQ9IjMwMCIgUGFyc2VEZXBlbmRlbnRSZXF1ZXN0cz0iVHJ1ZSIgRm9sbG93UmVkaXJlY3RzPSJUcnVlIiBSZWNvcmRSZXN1bHQ9IlRydWUiIENhY2hlPSJGYWxzZSIgUmVzcG9uc2VUaW1lR29hbD0iMCIgRW5jb2Rpbmc9InV0Zi04IiBFeHBlY3RlZEh0dHBTdGF0dXNDb2RlPSIwIiBFeHBlY3RlZFJlc3BvbnNlVXJsPSIiIFJlcG9ydGluZ05hbWU9IiIgSWdub3JlSHR0cFN0YXR1c0NvZGU9IkZhbHNlIj4NCiAgICAgICAgICA8SGVhZGVycz4NCiAgICAgICAgICAgIDxIZWFkZXIgTmFtZT0iUmVmZXJlciIgVmFsdWU9Imh0dHBzOi8vd3d3Lm1hcmt0cGxhYXRzLm5sL3ouaHRtbD9xdWVyeT1hdXRvJmFtcDtjYXRlZ29yeUlkPTAmYW1wO3Bvc3Rjb2RlPSZhbXA7ZGlzdGFuY2U9MCIgLz4NCiAgICAgICAgICA8L0hlYWRlcnM+DQogICAgICAgICAgPFF1ZXJ5U3RyaW5nUGFyYW1ldGVycz4NCiAgICAgICAgICAgIDxRdWVyeVN0cmluZ1BhcmFtZXRlciBOYW1lPSJjYWxsYmFjayIgVmFsdWU9InBianMuaGFuZGxlQW5DQiIgUmVjb3JkZWRWYWx1ZT0icGJqcy5oYW5kbGVBbkNCIiBDb3JyZWxhdGlvbkJpbmRpbmc9IiIgVXJsRW5jb2RlPSJGYWxzZSIgVXNlVG9Hcm91cFJlc3VsdHM9IkZhbHNlIiAvPg0KICAgICAgICAgICAgPFF1ZXJ5U3RyaW5nUGFyYW1ldGVyIE5hbWU9ImNhbGxiYWNrX3VpZCIgVmFsdWU9IjIyZTZmM2E5NjZmYmNlIiBSZWNvcmRlZFZhbHVlPSIyMmU2ZjNhOTY2ZmJjZSIgQ29ycmVsYXRpb25CaW5kaW5nPSIiIFVybEVuY29kZT0iRmFsc2UiIFVzZVRvR3JvdXBSZXN1bHRzPSJGYWxzZSIgLz4NCiAgICAgICAgICAgIDxRdWVyeVN0cmluZ1BhcmFtZXRlciBOYW1lPSJwc2EiIFZhbHVlPSIwIiBSZWNvcmRlZFZhbHVlPSIwIiBDb3JyZWxhdGlvbkJpbmRpbmc9IiIgVXJsRW5jb2RlPSJGYWxzZSIgVXNlVG9Hcm91cFJlc3VsdHM9IkZhbHNlIiAvPg0KICAgICAgICAgICAgPFF1ZXJ5U3RyaW5nUGFyYW1ldGVyIE5hbWU9ImlkIiBWYWx1ZT0iMTIyNjE4MzYiIFJlY29yZGVkVmFsdWU9IjEyMjYxODM2IiBDb3JyZWxhdGlvbkJpbmRpbmc9IiIgVXJsRW5jb2RlPSJGYWxzZSIgVXNlVG9Hcm91cFJlc3VsdHM9IkZhbHNlIiAvPg0KICAgICAgICAgICAgPFF1ZXJ5U3RyaW5nUGFyYW1ldGVyIE5hbWU9InNpemUiIFZhbHVlPSI3Mjh4OTAiIFJlY29yZGVkVmFsdWU9IjcyOHg5MCIgQ29ycmVsYXRpb25CaW5kaW5nPSIiIFVybEVuY29kZT0iRmFsc2UiIFVzZVRvR3JvdXBSZXN1bHRzPSJGYWxzZSIgLz4NCiAgICAgICAgICAgIDxRdWVyeVN0cmluZ1BhcmFtZXRlciBOYW1lPSJwcm9tb19zaXplcyIgVmFsdWU9IjQ2OHg2MCIgUmVjb3JkZWRWYWx1ZT0iNDY4eDYwIiBDb3JyZWxhdGlvbkJpbmRpbmc9IiIgVXJsRW5jb2RlPSJGYWxzZSIgVXNlVG9Hcm91cFJlc3VsdHM9IkZhbHNlIiAvPg0KICAgICAgICAgICAgPFF1ZXJ5U3RyaW5nUGFyYW1ldGVyIE5hbWU9Imt3X3BvcyIgVmFsdWU9ImxycF9ib3QiIFJlY29yZGVkVmFsdWU9ImxycF9ib3QiIENvcnJlbGF0aW9uQmluZGluZz0iIiBVcmxFbmNvZGU9IkZhbHNlIiBVc2VUb0dyb3VwUmVzdWx0cz0iRmFsc2UiIC8+DQogICAgICAgICAgICA8UXVlcnlTdHJpbmdQYXJhbWV0ZXIgTmFtZT0ia3dfY3QiIFZhbHVlPSIwIiBSZWNvcmRlZFZhbHVlPSIwIiBDb3JyZWxhdGlvbkJpbmRpbmc9IiIgVXJsRW5jb2RlPSJGYWxzZSIgVXNlVG9Hcm91cFJlc3VsdHM9IkZhbHNlIiAvPg0KICAgICAgICAgICAgPFF1ZXJ5U3RyaW5nUGFyYW1ldGVyIE5hbWU9Imt3X2t3IiBWYWx1ZT0iYXV0byIgUmVjb3JkZWRWYWx1ZT0iYXV0byIgQ29ycmVsYXRpb25CaW5kaW5nPSIiIFVybEVuY29kZT0iRmFsc2UiIFVzZVRvR3JvdXBSZXN1bHRzPSJGYWxzZSIgLz4NCiAgICAgICAgICAgIDxRdWVyeVN0cmluZ1BhcmFtZXRlciBOYW1lPSJrd19hdXMiIFZhbHVlPSIzMjAxMzY3MzQzIiBSZWNvcmRlZFZhbHVlPSIzMjAxMzY3MzQzIiBDb3JyZWxhdGlvbkJpbmRpbmc9IiIgVXJsRW5jb2RlPSJGYWxzZSIgVXNlVG9Hcm91cFJlc3VsdHM9IkZhbHNlIiAvPg0KICAgICAgICAgICAgPFF1ZXJ5U3RyaW5nUGFyYW1ldGVyIE5hbWU9Imt3X2lpZCIgVmFsdWU9IjkzODIyNTFiLTU5YzItOTg2MC1mNDI1LWNjZGE1YWFiNzJhOCIgUmVjb3JkZWRWYWx1ZT0iOTM4MjI1MWItNTljMi05ODYwLWY0MjUtY2NkYTVhYWI3MmE4IiBDb3JyZWxhdGlvbkJpbmRpbmc9IiIgVXJsRW5jb2RlPSJGYWxzZSIgVXNlVG9Hcm91cFJlc3VsdHM9IkZhbHNlIiAvPg0KICAgICAgICAgICAgPFF1ZXJ5U3RyaW5nUGFyYW1ldGVyIE5hbWU9Imt3X3Nlc3Npb25pZCIgVmFsdWU9IjhkM2U5ZTFjLTE3OTAtNGMyOS1hNjU4LWM2MDA5YWFhNGFhMCIgUmVjb3JkZWRWYWx1ZT0iOGQzZTllMWMtMTc5MC00YzI5LWE2NTgtYzYwMDlhYWE0YWEwIiBDb3JyZWxhdGlvbkJpbmRpbmc9IiIgVXJsRW5jb2RlPSJGYWxzZSIgVXNlVG9Hcm91cFJlc3VsdHM9IkZhbHNlIiAvPg0KICAgICAgICAgICAgPFF1ZXJ5U3RyaW5nUGFyYW1ldGVyIE5hbWU9Imt3X3B0ZyIgVmFsdWU9ImF1cjU0NTNfYSUyQ2F1cjU2MDZfYSUyQ2F1cjU2MDdfYSUyQ2F1cjQ5MjVfYyUyQ2F1cjUzMzdfYiUyQ2F1cjUwNzFfYiUyQ2F1cjUwNzBfYSUyQ2F1cjU3NDlfYSUyQ2F1cjQ5NzQtYW5kcm9pZF9iJTJDYXVyNTQ4Nl9iJTJDYXVyNTM3OV9iJTJDYXVyNDk1OV9hJTJDYXVyNTM4MF9kJTJDYXVyNDg0Ml9hJTJDYXVyNTQxNV9iJTJDYXVyNTQzMl9hJTJDYXVyNTk0M19jJTJDYXVyNDExMF9mJTJDYXVyNTU1OV9jIiBSZWNvcmRlZFZhbHVlPSJhdXI1NDUzX2ElMkNhdXI1NjA2X2ElMkNhdXI1NjA3X2ElMkNhdXI0OTI1X2MlMkNhdXI1MzM3X2IlMkNhdXI1MDcxX2IlMkNhdXI1MDcwX2ElMkNhdXI1NzQ5X2ElMkNhdXI0OTc0LWFuZHJvaWRfYiUyQ2F1cjU0ODZfYiUyQ2F1cjUzNzlfYiUyQ2F1cjQ5NTlfYSUyQ2F1cjUzODBfZCUyQ2F1cjQ4NDJfYSUyQ2F1cjU0MTVfYiUyQ2F1cjU0MzJfYSUyQ2F1cjU5NDNfYyUyQ2F1cjQxMTBfZiUyQ2F1cjU1NTlfYyIgQ29ycmVsYXRpb25CaW5kaW5nPSIiIFVybEVuY29kZT0iRmFsc2UiIFVzZVRvR3JvdXBSZXN1bHRzPSJGYWxzZSIgLz4NCiAgICAgICAgICAgIDxRdWVyeVN0cmluZ1BhcmFtZXRlciBOYW1lPSJrd19wdCIgVmFsdWU9InNycCIgUmVjb3JkZWRWYWx1ZT0ic3JwIiBDb3JyZWxhdGlvbkJpbmRpbmc9IiIgVXJsRW5jb2RlPSJGYWxzZSIgVXNlVG9Hcm91cFJlc3VsdHM9IkZhbHNlIiAvPg0KICAgICAgICAgICAgPFF1ZXJ5U3RyaW5nUGFyYW1ldGVyIE5hbWU9Imt3X2huIiBWYWx1ZT0id3d3Lm1hcmt0cGxhYXRzLm5sIiBSZWNvcmRlZFZhbHVlPSJ3d3cubWFya3RwbGFhdHMubmwiIENvcnJlbGF0aW9uQmluZGluZz0iIiBVcmxFbmNvZGU9IkZhbHNlIiBVc2VUb0dyb3VwUmVzdWx0cz0iRmFsc2UiIC8+DQogICAgICAgICAgICA8UXVlcnlTdHJpbmdQYXJhbWV0ZXIgTmFtZT0ia3dfbGkiIFZhbHVlPSIwIiBSZWNvcmRlZFZhbHVlPSIwIiBDb3JyZWxhdGlvbkJpbmRpbmc9IiIgVXJsRW5jb2RlPSJGYWxzZSIgVXNlVG9Hcm91cFJlc3VsdHM9IkZhbHNlIiAvPg0KICAgICAgICAgICAgPFF1ZXJ5U3RyaW5nUGFyYW1ldGVyIE5hbWU9Imt3X2t2IiBWYWx1ZT0iaGIiIFJlY29yZGVkVmFsdWU9ImhiIiBDb3JyZWxhdGlvbkJpbmRpbmc9IiIgVXJsRW5jb2RlPSJGYWxzZSIgVXNlVG9Hcm91cFJlc3VsdHM9IkZhbHNlIiAvPg0KICAgICAgICAgICAgPFF1ZXJ5U3RyaW5nUGFyYW1ldGVyIE5hbWU9Imt3X2hiIiBWYWx1ZT0iMSIgUmVjb3JkZWRWYWx1ZT0iMSIgQ29ycmVsYXRpb25CaW5kaW5nPSIiIFVybEVuY29kZT0iRmFsc2UiIFVzZVRvR3JvdXBSZXN1bHRzPSJGYWxzZSIgLz4NCiAgICAgICAgICAgIDxRdWVyeVN0cmluZ1BhcmFtZXRlciBOYW1lPSJyZWZlcnJlciIgVmFsdWU9Imh0dHBzJTNBJTJGJTJGd3d3Lm1hcmt0cGxhYXRzLm5sJTJGei5odG1sJTNGcXVlcnklM0RhdXRvJTI2Y2F0ZWdvcnlJZCUzRDAlMjZwb3N0Y29kZSUzRCUyNmRpc3RhbmNlJTNEMCIgUmVjb3JkZWRWYWx1ZT0iaHR0cHMlM0ElMkYlMkZ3d3cubWFya3RwbGFhdHMubmwlMkZ6Lmh0bWwlM0ZxdWVyeSUzRGF1dG8lMjZjYXRlZ29yeUlkJTNEMCUyNnBvc3Rjb2RlJTNEJTI2ZGlzdGFuY2UlM0QwIiBDb3JyZWxhdGlvbkJpbmRpbmc9IiIgVXJsRW5jb2RlPSJGYWxzZSIgVXNlVG9Hcm91cFJlc3VsdHM9IkZhbHNlIiAvPg0KICAgICAgICAgIDwvUXVlcnlTdHJpbmdQYXJhbWV0ZXJzPg0KICAgICAgICA8L1JlcXVlc3Q+DQogICAgICAgIDxSZXF1ZXN0IE1ldGhvZD0iR0VUIiBHdWlkPSJmZGZhMGMzMS01MjUxLTQ5OWYtOWM5OS0xNTFhNjkwNmUwYWEiIFZlcnNpb249IjEuMSIgVXJsPSJodHRwczovL2liLmFkbnhzLmNvbS9qcHQiIFRoaW5rVGltZT0iMCIgVGltZW91dD0iMzAwIiBQYXJzZURlcGVuZGVudFJlcXVlc3RzPSJUcnVlIiBGb2xsb3dSZWRpcmVjdHM9IlRydWUiIFJlY29yZFJlc3VsdD0iVHJ1ZSIgQ2FjaGU9IkZhbHNlIiBSZXNwb25zZVRpbWVHb2FsPSIwIiBFbmNvZGluZz0idXRmLTgiIEV4cGVjdGVkSHR0cFN0YXR1c0NvZGU9IjAiIEV4cGVjdGVkUmVzcG9uc2VVcmw9IiIgUmVwb3J0aW5nTmFtZT0iIiBJZ25vcmVIdHRwU3RhdHVzQ29kZT0iRmFsc2UiPg0KICAgICAgICAgIDxIZWFkZXJzPg0KICAgICAgICAgICAgPEhlYWRlciBOYW1lPSJSZWZlcmVyIiBWYWx1ZT0iaHR0cHM6Ly93d3cubWFya3RwbGFhdHMubmwvei5odG1sP3F1ZXJ5PWF1dG8mYW1wO2NhdGVnb3J5SWQ9MCZhbXA7cG9zdGNvZGU9JmFtcDtkaXN0YW5jZT0wIiAvPg0KICAgICAgICAgIDwvSGVhZGVycz4NCiAgICAgICAgICA8UXVlcnlTdHJpbmdQYXJhbWV0ZXJzPg0KICAgICAgICAgICAgPFF1ZXJ5U3RyaW5nUGFyYW1ldGVyIE5hbWU9ImNhbGxiYWNrIiBWYWx1ZT0icGJqcy5oYW5kbGVBbkNCIiBSZWNvcmRlZFZhbHVlPSJwYmpzLmhhbmRsZUFuQ0IiIENvcnJlbGF0aW9uQmluZGluZz0iIiBVcmxFbmNvZGU9IkZhbHNlIiBVc2VUb0dyb3VwUmVzdWx0cz0iRmFsc2UiIC8+DQogICAgICAgICAgICA8UXVlcnlTdHJpbmdQYXJhbWV0ZXIgTmFtZT0iY2FsbGJhY2tfdWlkIiBWYWx1ZT0iMjNiNGRjN2FjYWFiMDIzIiBSZWNvcmRlZFZhbHVlPSIyM2I0ZGM3YWNhYWIwMjMiIENvcnJlbGF0aW9uQmluZGluZz0iIiBVcmxFbmNvZGU9IkZhbHNlIiBVc2VUb0dyb3VwUmVzdWx0cz0iRmFsc2UiIC8+DQogICAgICAgICAgICA8UXVlcnlTdHJpbmdQYXJhbWV0ZXIgTmFtZT0icHNhIiBWYWx1ZT0iMCIgUmVjb3JkZWRWYWx1ZT0iMCIgQ29ycmVsYXRpb25CaW5kaW5nPSIiIFVybEVuY29kZT0iRmFsc2UiIFVzZVRvR3JvdXBSZXN1bHRzPSJGYWxzZSIgLz4NCiAgICAgICAgICAgIDxRdWVyeVN0cmluZ1BhcmFtZXRlciBOYW1lPSJpZCIgVmFsdWU9IjEzMDYwNDEiIFJlY29yZGVkVmFsdWU9IjEzMDYwNDEiIENvcnJlbGF0aW9uQmluZGluZz0iIiBVcmxFbmNvZGU9IkZhbHNlIiBVc2VUb0dyb3VwUmVzdWx0cz0iRmFsc2UiIC8+DQogICAgICAgICAgICA8UXVlcnlTdHJpbmdQYXJhbWV0ZXIgTmFtZT0ic2l6ZSIgVmFsdWU9IjEyMHg2MDAiIFJlY29yZGVkVmFsdWU9IjEyMHg2MDAiIENvcnJlbGF0aW9uQmluZGluZz0iIiBVcmxFbmNvZGU9IkZhbHNlIiBVc2VUb0dyb3VwUmVzdWx0cz0iRmFsc2UiIC8+DQogICAgICAgICAgICA8UXVlcnlTdHJpbmdQYXJhbWV0ZXIgTmFtZT0icHJvbW9fc2l6ZXMiIFZhbHVlPSIxNjB4NjAwIiBSZWNvcmRlZFZhbHVlPSIxNjB4NjAwIiBDb3JyZWxhdGlvbkJpbmRpbmc9IiIgVXJsRW5jb2RlPSJGYWxzZSIgVXNlVG9Hcm91cFJlc3VsdHM9IkZhbHNlIiAvPg0KICAgICAgICAgICAgPFF1ZXJ5U3RyaW5nUGFyYW1ldGVyIE5hbWU9Imt3X3BvcyIgVmFsdWU9ImxycF9sZWZ0MSIgUmVjb3JkZWRWYWx1ZT0ibHJwX2xlZnQxIiBDb3JyZWxhdGlvbkJpbmRpbmc9IiIgVXJsRW5jb2RlPSJGYWxzZSIgVXNlVG9Hcm91cFJlc3VsdHM9IkZhbHNlIiAvPg0KICAgICAgICAgICAgPFF1ZXJ5U3RyaW5nUGFyYW1ldGVyIE5hbWU9Imt3X2N0IiBWYWx1ZT0iMCIgUmVjb3JkZWRWYWx1ZT0iMCIgQ29ycmVsYXRpb25CaW5kaW5nPSIiIFVybEVuY29kZT0iRmFsc2UiIFVzZVRvR3JvdXBSZXN1bHRzPSJGYWxzZSIgLz4NCiAgICAgICAgICAgIDxRdWVyeVN0cmluZ1BhcmFtZXRlciBOYW1lPSJrd19rdyIgVmFsdWU9ImF1dG8iIFJlY29yZGVkVmFsdWU9ImF1dG8iIENvcnJlbGF0aW9uQmluZGluZz0iIiBVcmxFbmNvZGU9IkZhbHNlIiBVc2VUb0dyb3VwUmVzdWx0cz0iRmFsc2UiIC8+DQogICAgICAgICAgICA8UXVlcnlTdHJpbmdQYXJhbWV0ZXIgTmFtZT0ia3dfYXVzIiBWYWx1ZT0iMzczNTc5NzM3MiIgUmVjb3JkZWRWYWx1ZT0iMzczNTc5NzM3MiIgQ29ycmVsYXRpb25CaW5kaW5nPSIiIFVybEVuY29kZT0iRmFsc2UiIFVzZVRvR3JvdXBSZXN1bHRzPSJGYWxzZSIgLz4NCiAgICAgICAgICAgIDxRdWVyeVN0cmluZ1BhcmFtZXRlciBOYW1lPSJrd19paWQiIFZhbHVlPSJkZTUxZDJlMi02NmEwLTkzMGMtY2ZiMC01Y2UwNDBmYjBiMGUiIFJlY29yZGVkVmFsdWU9ImRlNTFkMmUyLTY2YTAtOTMwYy1jZmIwLTVjZTA0MGZiMGIwZSIgQ29ycmVsYXRpb25CaW5kaW5nPSIiIFVybEVuY29kZT0iRmFsc2UiIFVzZVRvR3JvdXBSZXN1bHRzPSJGYWxzZSIgLz4NCiAgICAgICAgICAgIDxRdWVyeVN0cmluZ1BhcmFtZXRlciBOYW1lPSJrd19zZXNzaW9uaWQiIFZhbHVlPSI4ZDNlOWUxYy0xNzkwLTRjMjktYTY1OC1jNjAwOWFhYTRhYTAiIFJlY29yZGVkVmFsdWU9IjhkM2U5ZTFjLTE3OTAtNGMyOS1hNjU4LWM2MDA5YWFhNGFhMCIgQ29ycmVsYXRpb25CaW5kaW5nPSIiIFVybEVuY29kZT0iRmFsc2UiIFVzZVRvR3JvdXBSZXN1bHRzPSJGYWxzZSIgLz4NCiAgICAgICAgICAgIDxRdWVyeVN0cmluZ1BhcmFtZXRlciBOYW1lPSJrd19wdGciIFZhbHVlPSJhdXI1NDUzX2ElMkNhdXI1NjA2X2ElMkNhdXI1NjA3X2ElMkNhdXI0OTI1X2MlMkNhdXI1MzM3X2IlMkNhdXI1MDcxX2IlMkNhdXI1MDcwX2ElMkNhdXI1NzQ5X2ElMkNhdXI0OTc0LWFuZHJvaWRfYiUyQ2F1cjU0ODZfYiUyQ2F1cjUzNzlfYiUyQ2F1cjQ5NTlfYSUyQ2F1cjUzODBfZCUyQ2F1cjQ4NDJfYSUyQ2F1cjU0MTVfYiUyQ2F1cjU0MzJfYSUyQ2F1cjU5NDNfYyUyQ2F1cjQxMTBfZiUyQ2F1cjU1NTlfYyIgUmVjb3JkZWRWYWx1ZT0iYXVyNTQ1M19hJTJDYXVyNTYwNl9hJTJDYXVyNTYwN19hJTJDYXVyNDkyNV9jJTJDYXVyNTMzN19iJTJDYXVyNTA3MV9iJTJDYXVyNTA3MF9hJTJDYXVyNTc0OV9hJTJDYXVyNDk3NC1hbmRyb2lkX2IlMkNhdXI1NDg2X2IlMkNhdXI1Mzc5X2IlMkNhdXI0OTU5X2ElMkNhdXI1MzgwX2QlMkNhdXI0ODQyX2ElMkNhdXI1NDE1X2IlMkNhdXI1NDMyX2ElMkNhdXI1OTQzX2MlMkNhdXI0MTEwX2YlMkNhdXI1NTU5X2MiIENvcnJlbGF0aW9uQmluZGluZz0iIiBVcmxFbmNvZGU9IkZhbHNlIiBVc2VUb0dyb3VwUmVzdWx0cz0iRmFsc2UiIC8+DQogICAgICAgICAgICA8UXVlcnlTdHJpbmdQYXJhbWV0ZXIgTmFtZT0ia3dfcHQiIFZhbHVlPSJzcnAiIFJlY29yZGVkVmFsdWU9InNycCIgQ29ycmVsYXRpb25CaW5kaW5nPSIiIFVybEVuY29kZT0iRmFsc2UiIFVzZVRvR3JvdXBSZXN1bHRzPSJGYWxzZSIgLz4NCiAgICAgICAgICAgIDxRdWVyeVN0cmluZ1BhcmFtZXRlciBOYW1lPSJrd19obiIgVmFsdWU9Ind3dy5tYXJrdHBsYWF0cy5ubCIgUmVjb3JkZWRWYWx1ZT0id3d3Lm1hcmt0cGxhYXRzLm5sIiBDb3JyZWxhdGlvbkJpbmRpbmc9IiIgVXJsRW5jb2RlPSJGYWxzZSIgVXNlVG9Hcm91cFJlc3VsdHM9IkZhbHNlIiAvPg0KICAgICAgICAgICAgPFF1ZXJ5U3RyaW5nUGFyYW1ldGVyIE5hbWU9Imt3X2xpIiBWYWx1ZT0iMCIgUmVjb3JkZWRWYWx1ZT0iMCIgQ29ycmVsYXRpb25CaW5kaW5nPSIiIFVybEVuY29kZT0iRmFsc2UiIFVzZVRvR3JvdXBSZXN1bHRzPSJGYWxzZSIgLz4NCiAgICAgICAgICAgIDxRdWVyeVN0cmluZ1BhcmFtZXRlciBOYW1lPSJyZWZlcnJlciIgVmFsdWU9Imh0dHBzJTNBJTJGJTJGd3d3Lm1hcmt0cGxhYXRzLm5sJTJGei5odG1sJTNGcXVlcnklM0RhdXRvJTI2Y2F0ZWdvcnlJZCUzRDAlMjZwb3N0Y29kZSUzRCUyNmRpc3RhbmNlJTNEMCIgUmVjb3JkZWRWYWx1ZT0iaHR0cHMlM0ElMkYlMkZ3d3cubWFya3RwbGFhdHMubmwlMkZ6Lmh0bWwlM0ZxdWVyeSUzRGF1dG8lMjZjYXRlZ29yeUlkJTNEMCUyNnBvc3Rjb2RlJTNEJTI2ZGlzdGFuY2UlM0QwIiBDb3JyZWxhdGlvbkJpbmRpbmc9IiIgVXJsRW5jb2RlPSJGYWxzZSIgVXNlVG9Hcm91cFJlc3VsdHM9IkZhbHNlIiAvPg0KICAgICAgICAgIDwvUXVlcnlTdHJpbmdQYXJhbWV0ZXJzPg0KICAgICAgICA8L1JlcXVlc3Q+DQogICAgICAgIDxSZXF1ZXN0IE1ldGhvZD0iR0VUIiBHdWlkPSI4MTVlYjhlYy0yZTA1LTQyZWYtYmIzYi1hNTA2YWZiYjk3ZmEiIFZlcnNpb249IjEuMSIgVXJsPSJodHRwczovL2FwaXMuZ29vZ2xlLmNvbS9fL3Njcy9hcHBzLXN0YXRpYy9fL2pzL2s9b3ouZ2FwaS5lbl9VUy5QZlZuOWJKN2JHRS5PL209Y2xpZW50L3J0PWovc3Y9MS9kPTEvZWQ9MS9hbT1RUUUvcnM9QUdMVGNDTmxXZ3hFY2tSQ3M0SkxmRElYb3k1akZYWXJWUS9jYj1nYXBpLmxvYWRlZF8wIiBUaGlua1RpbWU9IjAiIFRpbWVvdXQ9IjMwMCIgUGFyc2VEZXBlbmRlbnRSZXF1ZXN0cz0iVHJ1ZSIgRm9sbG93UmVkaXJlY3RzPSJUcnVlIiBSZWNvcmRSZXN1bHQ9IlRydWUiIENhY2hlPSJGYWxzZSIgUmVzcG9uc2VUaW1lR29hbD0iMCIgRW5jb2Rpbmc9InV0Zi04IiBFeHBlY3RlZEh0dHBTdGF0dXNDb2RlPSIwIiBFeHBlY3RlZFJlc3BvbnNlVXJsPSIiIFJlcG9ydGluZ05hbWU9IiIgSWdub3JlSHR0cFN0YXR1c0NvZGU9IkZhbHNlIj4NCiAgICAgICAgICA8SGVhZGVycz4NCiAgICAgICAgICAgIDxIZWFkZXIgTmFtZT0iUmVmZXJlciIgVmFsdWU9Imh0dHBzOi8vd3d3Lm1hcmt0cGxhYXRzLm5sL3ouaHRtbD9xdWVyeT1hdXRvJmFtcDtjYXRlZ29yeUlkPTAmYW1wO3Bvc3Rjb2RlPSZhbXA7ZGlzdGFuY2U9MCIgLz4NCiAgICAgICAgICA8L0hlYWRlcnM+DQogICAgICAgIDwvUmVxdWVzdD4NCiAgICAgIDwvRGVwZW5kZW50UmVxdWVzdHM+DQogICAgICA8SGVhZGVycz4NCiAgICAgICAgPEhlYWRlciBOYW1lPSJSZWZlcmVyIiBWYWx1ZT0iaHR0cHM6Ly93d3cubWFya3RwbGFhdHMubmwvIiAvPg0KICAgICAgPC9IZWFkZXJzPg0KICAgICAgPENvcnJlbGF0aW9uRXh0cmFjdGlvblJ1bGVzPg0KICAgICAgICA8RXh0cmFjdGlvblJ1bGUgQ2xhc3NuYW1lPSJNaWNyb3NvZnQuVmlzdWFsU3R1ZGlvLlRlc3RUb29scy5XZWJUZXN0aW5nLlJ1bGVzLkV4dHJhY3RUZXh0LCBNaWNyb3NvZnQuVmlzdWFsU3R1ZGlvLlF1YWxpdHlUb29scy5XZWJUZXN0RnJhbWV3b3JrLCBWZXJzaW9uPTEwLjAuMC4wLCBDdWx0dXJlPW5ldXRyYWwsIFB1YmxpY0tleVRva2VuPWIwM2Y1ZjdmMTFkNTBhM2EiIFZhcmlhYmxlTmFtZT0iUXVlcnlTdHJpbmdQYXJhbTEzMTY3LmxpbWl0IiBEaXNwbGF5TmFtZT0iIiBEZXNjcmlwdGlvbj0iIj4NCiAgICAgICAgICA8UnVsZVBhcmFtZXRlcnM+DQogICAgICAgICAgICA8UnVsZVBhcmFtZXRlciBOYW1lPSJTdGFydHNXaXRoIiBWYWx1ZT0iP2xpbWl0PSIgLz4NCiAgICAgICAgICAgIDxSdWxlUGFyYW1ldGVyIE5hbWU9IkVuZHNXaXRoIiBWYWx1ZT0iJnF1b3Q7IiAvPg0KICAgICAgICAgICAgPFJ1bGVQYXJhbWV0ZXIgTmFtZT0iSW5kZXgiIFZhbHVlPSIwIiAvPg0KICAgICAgICAgICAgPFJ1bGVQYXJhbWV0ZXIgTmFtZT0iSWdub3JlQ2FzZSIgVmFsdWU9IkZhbHNlIiAvPg0KICAgICAgICAgICAgPFJ1bGVQYXJhbWV0ZXIgTmFtZT0iVXNlUmVndWxhckV4cHJlc3Npb24iIFZhbHVlPSJGYWxzZSIgLz4NCiAgICAgICAgICAgIDxSdWxlUGFyYW1ldGVyIE5hbWU9Ikh0bWxEZWNvZGUiIFZhbHVlPSJUcnVlIiAvPg0KICAgICAgICAgICAgPFJ1bGVQYXJhbWV0ZXIgTmFtZT0iUmVxdWlyZWQiIFZhbHVlPSJGYWxzZSIgLz4NCiAgICAgICAgICA8L1J1bGVQYXJhbWV0ZXJzPg0KICAgICAgICA8L0V4dHJhY3Rpb25SdWxlPg0KICAgICAgICA8RXh0cmFjdGlvblJ1bGUgQ2xhc3NuYW1lPSJNaWNyb3NvZnQuVmlzdWFsU3R1ZGlvLlRlc3RUb29scy5XZWJUZXN0aW5nLlJ1bGVzLkV4dHJhY3RUZXh0LCBNaWNyb3NvZnQuVmlzdWFsU3R1ZGlvLlF1YWxpdHlUb29scy5XZWJUZXN0RnJhbWV3b3JrLCBWZXJzaW9uPTEwLjAuMC4wLCBDdWx0dXJlPW5ldXRyYWwsIFB1YmxpY0tleVRva2VuPWIwM2Y1ZjdmMTFkNTBhM2EiIFZhcmlhYmxlTmFtZT0iUXVlcnlTdHJpbmdQYXJhbTEzMTY4LmMxIiBEaXNwbGF5TmFtZT0iIiBEZXNjcmlwdGlvbj0iIj4NCiAgICAgICAgICA8UnVsZVBhcmFtZXRlcnM+DQogICAgICAgICAgICA8UnVsZVBhcmFtZXRlciBOYW1lPSJTdGFydHNXaXRoIiBWYWx1ZT0iP2MxPSIgLz4NCiAgICAgICAgICAgIDxSdWxlUGFyYW1ldGVyIE5hbWU9IkVuZHNXaXRoIiBWYWx1ZT0iJmFtcDsiIC8+DQogICAgICAgICAgICA8UnVsZVBhcmFtZXRlciBOYW1lPSJJbmRleCIgVmFsdWU9IjAiIC8+DQogICAgICAgICAgICA8UnVsZVBhcmFtZXRlciBOYW1lPSJJZ25vcmVDYXNlIiBWYWx1ZT0iRmFsc2UiIC8+DQogICAgICAgICAgICA8UnVsZVBhcmFtZXRlciBOYW1lPSJVc2VSZWd1bGFyRXhwcmVzc2lvbiIgVmFsdWU9IkZhbHNlIiAvPg0KICAgICAgICAgICAgPFJ1bGVQYXJhbWV0ZXIgTmFtZT0iSHRtbERlY29kZSIgVmFsdWU9IlRydWUiIC8+DQogICAgICAgICAgICA8UnVsZVBhcmFtZXRlciBOYW1lPSJSZXF1aXJlZCIgVmFsdWU9IkZhbHNlIiAvPg0KICAgICAgICAgIDwvUnVsZVBhcmFtZXRlcnM+DQogICAgICAgIDwvRXh0cmFjdGlvblJ1bGU+DQogICAgICAgIDxFeHRyYWN0aW9uUnVsZSBDbGFzc25hbWU9Ik1pY3Jvc29mdC5WaXN1YWxTdHVkaW8uVGVzdFRvb2xzLldlYlRlc3RpbmcuUnVsZXMuRXh0cmFjdFRleHQsIE1pY3Jvc29mdC5WaXN1YWxTdHVkaW8uUXVhbGl0eVRvb2xzLldlYlRlc3RGcmFtZXdvcmssIFZlcnNpb249MTAuMC4wLjAsIEN1bHR1cmU9bmV1dHJhbCwgUHVibGljS2V5VG9rZW49YjAzZjVmN2YxMWQ1MGEzYSIgVmFyaWFibGVOYW1lPSJRdWVyeVN0cmluZ1BhcmFtMTMxNjkuYzIiIERpc3BsYXlOYW1lPSIiIERlc2NyaXB0aW9uPSIiPg0KICAgICAgICAgIDxSdWxlUGFyYW1ldGVycz4NCiAgICAgICAgICAgIDxSdWxlUGFyYW1ldGVyIE5hbWU9IlN0YXJ0c1dpdGgiIFZhbHVlPSImYW1wO2FtcDtjMj0iIC8+DQogICAgICAgICAgICA8UnVsZVBhcmFtZXRlciBOYW1lPSJFbmRzV2l0aCIgVmFsdWU9IiZhbXA7IiAvPg0KICAgICAgICAgICAgPFJ1bGVQYXJhbWV0ZXIgTmFtZT0iSW5kZXgiIFZhbHVlPSIwIiAvPg0KICAgICAgICAgICAgPFJ1bGVQYXJhbWV0ZXIgTmFtZT0iSWdub3JlQ2FzZSIgVmFsdWU9IkZhbHNlIiAvPg0KICAgICAgICAgICAgPFJ1bGVQYXJhbWV0ZXIgTmFtZT0iVXNlUmVndWxhckV4cHJlc3Npb24iIFZhbHVlPSJGYWxzZSIgLz4NCiAgICAgICAgICAgIDxSdWxlUGFyYW1ldGVyIE5hbWU9Ikh0bWxEZWNvZGUiIFZhbHVlPSJUcnVlIiAvPg0KICAgICAgICAgICAgPFJ1bGVQYXJhbWV0ZXIgTmFtZT0iUmVxdWlyZWQiIFZhbHVlPSJGYWxzZSIgLz4NCiAgICAgICAgICA8L1J1bGVQYXJhbWV0ZXJzPg0KICAgICAgICA8L0V4dHJhY3Rpb25SdWxlPg0KICAgICAgICA8RXh0cmFjdGlvblJ1bGUgQ2xhc3NuYW1lPSJNaWNyb3NvZnQuVmlzdWFsU3R1ZGlvLlRlc3RUb29scy5XZWJUZXN0aW5nLlJ1bGVzLkV4dHJhY3RUZXh0LCBNaWNyb3NvZnQuVmlzdWFsU3R1ZGlvLlF1YWxpdHlUb29scy5XZWJUZXN0RnJhbWV3b3JrLCBWZXJzaW9uPTEwLjAuMC4wLCBDdWx0dXJlPW5ldXRyYWwsIFB1YmxpY0tleVRva2VuPWIwM2Y1ZjdmMTFkNTBhM2EiIFZhcmlhYmxlTmFtZT0iUXVlcnlTdHJpbmdQYXJhbTE1MDY4LnEiIERpc3BsYXlOYW1lPSIiIERlc2NyaXB0aW9uPSIiPg0KICAgICAgICAgIDxSdWxlUGFyYW1ldGVycz4NCiAgICAgICAgICAgIDxSdWxlUGFyYW1ldGVyIE5hbWU9IlN0YXJ0c1dpdGgiIFZhbHVlPSImYW1wO2FtcDtxPSIgLz4NCiAgICAgICAgICAgIDxSdWxlUGFyYW1ldGVyIE5hbWU9IkVuZHNXaXRoIiBWYWx1ZT0iJnF1b3Q7IiAvPg0KICAgICAgICAgICAgPFJ1bGVQYXJhbWV0ZXIgTmFtZT0iSW5kZXgiIFZhbHVlPSIwIiAvPg0KICAgICAgICAgICAgPFJ1bGVQYXJhbWV0ZXIgTmFtZT0iSWdub3JlQ2FzZSIgVmFsdWU9IkZhbHNlIiAvPg0KICAgICAgICAgICAgPFJ1bGVQYXJhbWV0ZXIgTmFtZT0iVXNlUmVndWxhckV4cHJlc3Npb24iIFZhbHVlPSJGYWxzZSIgLz4NCiAgICAgICAgICAgIDxSdWxlUGFyYW1ldGVyIE5hbWU9Ikh0bWxEZWNvZGUiIFZhbHVlPSJUcnVlIiAvPg0KICAgICAgICAgICAgPFJ1bGVQYXJhbWV0ZXIgTmFtZT0iUmVxdWlyZWQiIFZhbHVlPSJGYWxzZSIgLz4NCiAgICAgICAgICA8L1J1bGVQYXJhbWV0ZXJzPg0KICAgICAgICA8L0V4dHJhY3Rpb25SdWxlPg0KICAgICAgICA8RXh0cmFjdGlvblJ1bGUgQ2xhc3NuYW1lPSJNaWNyb3NvZnQuVmlzdWFsU3R1ZGlvLlRlc3RUb29scy5XZWJUZXN0aW5nLlJ1bGVzLkV4dHJhY3RUZXh0LCBNaWNyb3NvZnQuVmlzdWFsU3R1ZGlvLlF1YWxpdHlUb29scy5XZWJUZXN0RnJhbWV3b3JrLCBWZXJzaW9uPTEwLjAuMC4wLCBDdWx0dXJlPW5ldXRyYWwsIFB1YmxpY0tleVRva2VuPWIwM2Y1ZjdmMTFkNTBhM2EiIFZhcmlhYmxlTmFtZT0iUXVlcnlTdHJpbmdQYXJhbTE1OTM5LnEiIERpc3BsYXlOYW1lPSIiIERlc2NyaXB0aW9uPSIiPg0KICAgICAgICAgIDxSdWxlUGFyYW1ldGVycz4NCiAgICAgICAgICAgIDxSdWxlUGFyYW1ldGVyIE5hbWU9IlN0YXJ0c1dpdGgiIFZhbHVlPSImYW1wO2FtcDtxPSIgLz4NCiAgICAgICAgICAgIDxSdWxlUGFyYW1ldGVyIE5hbWU9IkVuZHNXaXRoIiBWYWx1ZT0iJnF1b3Q7IiAvPg0KICAgICAgICAgICAgPFJ1bGVQYXJhbWV0ZXIgTmFtZT0iSW5kZXgiIFZhbHVlPSIwIiAvPg0KICAgICAgICAgICAgPFJ1bGVQYXJhbWV0ZXIgTmFtZT0iSWdub3JlQ2FzZSIgVmFsdWU9IkZhbHNlIiAvPg0KICAgICAgICAgICAgPFJ1bGVQYXJhbWV0ZXIgTmFtZT0iVXNlUmVndWxhckV4cHJlc3Npb24iIFZhbHVlPSJGYWxzZSIgLz4NCiAgICAgICAgICAgIDxSdWxlUGFyYW1ldGVyIE5hbWU9Ikh0bWxEZWNvZGUiIFZhbHVlPSJUcnVlIiAvPg0KICAgICAgICAgICAgPFJ1bGVQYXJhbWV0ZXIgTmFtZT0iUmVxdWlyZWQiIFZhbHVlPSJGYWxzZSIgLz4NCiAgICAgICAgICA8L1J1bGVQYXJhbWV0ZXJzPg0KICAgICAgICA8L0V4dHJhY3Rpb25SdWxlPg0KICAgICAgICA8RXh0cmFjdGlvblJ1bGUgQ2xhc3NuYW1lPSJNaWNyb3NvZnQuVmlzdWFsU3R1ZGlvLlRlc3RUb29scy5XZWJUZXN0aW5nLlJ1bGVzLkV4dHJhY3RUZXh0LCBNaWNyb3NvZnQuVmlzdWFsU3R1ZGlvLlF1YWxpdHlUb29scy5XZWJUZXN0RnJhbWV3b3JrLCBWZXJzaW9uPTEwLjAuMC4wLCBDdWx0dXJlPW5ldXRyYWwsIFB1YmxpY0tleVRva2VuPWIwM2Y1ZjdmMTFkNTBhM2EiIFZhcmlhYmxlTmFtZT0iRm9ybVBvc3RQYXJhbTQuZF9uc2lkIiBEaXNwbGF5TmFtZT0iIiBEZXNjcmlwdGlvbj0iIj4NCiAgICAgICAgICA8UnVsZVBhcmFtZXRlcnM+DQogICAgICAgICAgICA8UnVsZVBhcmFtZXRlciBOYW1lPSJTdGFydHNXaXRoIiBWYWx1ZT0iZGV4PSZxdW90OyIgLz4NCiAgICAgICAgICAgIDxSdWxlUGFyYW1ldGVyIE5hbWU9IkVuZHNXaXRoIiBWYWx1ZT0iJnF1b3Q7IGRhdCIgLz4NCiAgICAgICAgICAgIDxSdWxlUGFyYW1ldGVyIE5hbWU9IkluZGV4IiBWYWx1ZT0iMiIgLz4NCiAgICAgICAgICAgIDxSdWxlUGFyYW1ldGVyIE5hbWU9Iklnbm9yZUNhc2UiIFZhbHVlPSJGYWxzZSIgLz4NCiAgICAgICAgICAgIDxSdWxlUGFyYW1ldGVyIE5hbWU9IlVzZVJlZ3VsYXJFeHByZXNzaW9uIiBWYWx1ZT0iRmFsc2UiIC8+DQogICAgICAgICAgICA8UnVsZVBhcmFtZXRlciBOYW1lPSJIdG1sRGVjb2RlIiBWYWx1ZT0iVHJ1ZSIgLz4NCiAgICAgICAgICAgIDxSdWxlUGFyYW1ldGVyIE5hbWU9IlJlcXVpcmVkIiBWYWx1ZT0iRmFsc2UiIC8+DQogICAgICAgICAgPC9SdWxlUGFyYW1ldGVycz4NCiAgICAgICAgPC9FeHRyYWN0aW9uUnVsZT4NCiAgICAgICAgPEV4dHJhY3Rpb25SdWxlIENsYXNzbmFtZT0iTWljcm9zb2Z0LlZpc3VhbFN0dWRpby5UZXN0VG9vbHMuV2ViVGVzdGluZy5SdWxlcy5FeHRyYWN0VGV4dCwgTWljcm9zb2Z0LlZpc3VhbFN0dWRpby5RdWFsaXR5VG9vbHMuV2ViVGVzdEZyYW1ld29yaywgVmVyc2lvbj0xMC4wLjAuMCwgQ3VsdHVyZT1uZXV0cmFsLCBQdWJsaWNLZXlUb2tlbj1iMDNmNWY3ZjExZDUwYTNhIiBWYXJpYWJsZU5hbWU9IkZvcm1Qb3N0UGFyYW01LmRfanNvbnYiIERpc3BsYXlOYW1lPSIiIERlc2NyaXB0aW9uPSIiPg0KICAgICAgICAgIDxSdWxlUGFyYW1ldGVycz4NCiAgICAgICAgICAgIDxSdWxlUGFyYW1ldGVyIE5hbWU9IlN0YXJ0c1dpdGgiIFZhbHVlPSJkZXg9JnF1b3Q7IiAvPg0KICAgICAgICAgICAgPFJ1bGVQYXJhbWV0ZXIgTmFtZT0iRW5kc1dpdGgiIFZhbHVlPSImcXVvdDsgaGlkIiAvPg0KICAgICAgICAgICAgPFJ1bGVQYXJhbWV0ZXIgTmFtZT0iSW5kZXgiIFZhbHVlPSIxIiAvPg0KICAgICAgICAgICAgPFJ1bGVQYXJhbWV0ZXIgTmFtZT0iSWdub3JlQ2FzZSIgVmFsdWU9IkZhbHNlIiAvPg0KICAgICAgICAgICAgPFJ1bGVQYXJhbWV0ZXIgTmFtZT0iVXNlUmVndWxhckV4cHJlc3Npb24iIFZhbHVlPSJGYWxzZSIgLz4NCiAgICAgICAgICAgIDxSdWxlUGFyYW1ldGVyIE5hbWU9Ikh0bWxEZWNvZGUiIFZhbHVlPSJUcnVlIiAvPg0KICAgICAgICAgICAgPFJ1bGVQYXJhbWV0ZXIgTmFtZT0iUmVxdWlyZWQiIFZhbHVlPSJGYWxzZSIgLz4NCiAgICAgICAgICA8L1J1bGVQYXJhbWV0ZXJzPg0KICAgICAgICA8L0V4dHJhY3Rpb25SdWxlPg0KICAgICAgICA8RXh0cmFjdGlvblJ1bGUgQ2xhc3NuYW1lPSJNaWNyb3NvZnQuVmlzdWFsU3R1ZGlvLlRlc3RUb29scy5XZWJUZXN0aW5nLlJ1bGVzLkV4dHJhY3RUZXh0LCBNaWNyb3NvZnQuVmlzdWFsU3R1ZGlvLlF1YWxpdHlUb29scy5XZWJUZXN0RnJhbWV3b3JrLCBWZXJzaW9uPTEwLjAuMC4wLCBDdWx0dXJlPW5ldXRyYWwsIFB1YmxpY0tleVRva2VuPWIwM2Y1ZjdmMTFkNTBhM2EiIFZhcmlhYmxlTmFtZT0iRm9ybVBvc3RQYXJhbTYuZF9kc3QiIERpc3BsYXlOYW1lPSIiIERlc2NyaXB0aW9uPSIiPg0KICAgICAgICAgIDxSdWxlUGFyYW1ldGVycz4NCiAgICAgICAgICAgIDxSdWxlUGFyYW1ldGVyIE5hbWU9IlN0YXJ0c1dpdGgiIFZhbHVlPSJkZXg9JnF1b3Q7IiAvPg0KICAgICAgICAgICAgPFJ1bGVQYXJhbWV0ZXIgTmFtZT0iRW5kc1dpdGgiIFZhbHVlPSImcXVvdDsgaGlkIiAvPg0KICAgICAgICAgICAgPFJ1bGVQYXJhbWV0ZXIgTmFtZT0iSW5kZXgiIFZhbHVlPSIxIiAvPg0KICAgICAgICAgICAgPFJ1bGVQYXJhbWV0ZXIgTmFtZT0iSWdub3JlQ2FzZSIgVmFsdWU9IkZhbHNlIiAvPg0KICAgICAgICAgICAgPFJ1bGVQYXJhbWV0ZXIgTmFtZT0iVXNlUmVndWxhckV4cHJlc3Npb24iIFZhbHVlPSJGYWxzZSIgLz4NCiAgICAgICAgICAgIDxSdWxlUGFyYW1ldGVyIE5hbWU9Ikh0bWxEZWNvZGUiIFZhbHVlPSJUcnVlIiAvPg0KICAgICAgICAgICAgPFJ1bGVQYXJhbWV0ZXIgTmFtZT0iUmVxdWlyZWQiIFZhbHVlPSJGYWxzZSIgLz4NCiAgICAgICAgICA8L1J1bGVQYXJhbWV0ZXJzPg0KICAgICAgICA8L0V4dHJhY3Rpb25SdWxlPg0KICAgICAgPC9Db3JyZWxhdGlvbkV4dHJhY3Rpb25SdWxlcz4NCiAgICAgIDxRdWVyeVN0cmluZ1BhcmFtZXRlcnM+DQogICAgICAgIDxRdWVyeVN0cmluZ1BhcmFtZXRlciBOYW1lPSJxdWVyeSIgVmFsdWU9ImF1dG8iIFJlY29yZGVkVmFsdWU9ImF1dG8iIENvcnJlbGF0aW9uQmluZGluZz0iIiBVcmxFbmNvZGU9IkZhbHNlIiBVc2VUb0dyb3VwUmVzdWx0cz0iRmFsc2UiIC8+DQogICAgICAgIDxRdWVyeVN0cmluZ1BhcmFtZXRlciBOYW1lPSJjYXRlZ29yeUlkIiBWYWx1ZT0iMCIgUmVjb3JkZWRWYWx1ZT0iMCIgQ29ycmVsYXRpb25CaW5kaW5nPSIiIFVybEVuY29kZT0iRmFsc2UiIFVzZVRvR3JvdXBSZXN1bHRzPSJGYWxzZSIgLz4NCiAgICAgICAgPFF1ZXJ5U3RyaW5nUGFyYW1ldGVyIE5hbWU9InBvc3Rjb2RlIiBWYWx1ZT0iIiBSZWNvcmRlZFZhbHVlPSIiIENvcnJlbGF0aW9uQmluZGluZz0iIiBVcmxFbmNvZGU9IkZhbHNlIiBVc2VUb0dyb3VwUmVzdWx0cz0iRmFsc2UiIC8+DQogICAgICAgIDxRdWVyeVN0cmluZ1BhcmFtZXRlciBOYW1lPSJkaXN0YW5jZSIgVmFsdWU9IjAiIFJlY29yZGVkVmFsdWU9IjAiIENvcnJlbGF0aW9uQmluZGluZz0iIiBVcmxFbmNvZGU9IkZhbHNlIiBVc2VUb0dyb3VwUmVzdWx0cz0iRmFsc2UiIC8+DQogICAgICA8L1F1ZXJ5U3RyaW5nUGFyYW1ldGVycz4NCiAgICA8L1JlcXVlc3Q+DQogICAgPFJlcXVlc3QgTWV0aG9kPSJHRVQiIEd1aWQ9IjYxNTgzMjY3LWU0M2YtNDM0NC04NjVhLTNjNjg3Mjc4OGEzZSIgVmVyc2lvbj0iMS4xIiBVcmw9Imh0dHBzOi8vYWNkbi5hZG54cy5jb20vaWIvc3RhdGljL3VzZXJzeW5jL3YzL2FzeW5jX3VzZXJzeW5jLmh0bWwiIFRoaW5rVGltZT0iMCIgVGltZW91dD0iMzAwIiBQYXJzZURlcGVuZGVudFJlcXVlc3RzPSJUcnVlIiBGb2xsb3dSZWRpcmVjdHM9IlRydWUiIFJlY29yZFJlc3VsdD0iVHJ1ZSIgQ2FjaGU9IkZhbHNlIiBSZXNwb25zZVRpbWVHb2FsPSIwIiBFbmNvZGluZz0idXRmLTgiIEV4cGVjdGVkSHR0cFN0YXR1c0NvZGU9IjAiIEV4cGVjdGVkUmVzcG9uc2VVcmw9IiIgUmVwb3J0aW5nTmFtZT0iIiBJZ25vcmVIdHRwU3RhdHVzQ29kZT0iRmFsc2UiPg0KICAgICAgPEhlYWRlcnM+DQogICAgICAgIDxIZWFkZXIgTmFtZT0iUmVmZXJlciIgVmFsdWU9Imh0dHBzOi8vd3d3Lm1hcmt0cGxhYXRzLm5sL3ouaHRtbD9xdWVyeT1hdXRvJmFtcDtjYXRlZ29yeUlkPTAmYW1wO3Bvc3Rjb2RlPSZhbXA7ZGlzdGFuY2U9MCIgLz4NCiAgICAgIDwvSGVhZGVycz4NCiAgICAgIDxDb3JyZWxhdGlvbkV4dHJhY3Rpb25SdWxlcz4NCiAgICAgICAgPEV4dHJhY3Rpb25SdWxlIENsYXNzbmFtZT0iTWljcm9zb2Z0LlZpc3VhbFN0dWRpby5UZXN0VG9vbHMuV2ViVGVzdGluZy5SdWxlcy5FeHRyYWN0VGV4dCwgTWljcm9zb2Z0LlZpc3VhbFN0dWRpby5RdWFsaXR5VG9vbHMuV2ViVGVzdEZyYW1ld29yaywgVmVyc2lvbj0xMC4wLjAuMCwgQ3VsdHVyZT1uZXV0cmFsLCBQdWJsaWNLZXlUb2tlbj1iMDNmNWY3ZjExZDUwYTNhIiBWYXJpYWJsZU5hbWU9IlF1ZXJ5U3RyaW5nUGFyYW0xMjk4Ni5jYmZuIiBEaXNwbGF5TmFtZT0iIiBEZXNjcmlwdGlvbj0iIj4NCiAgICAgICAgICA8UnVsZVBhcmFtZXRlcnM+DQogICAgICAgICAgICA8UnVsZVBhcmFtZXRlciBOYW1lPSJTdGFydHNXaXRoIiBWYWx1ZT0iP2NiZm49IiAvPg0KICAgICAgICAgICAgPFJ1bGVQYXJhbWV0ZXIgTmFtZT0iRW5kc1dpdGgiIFZhbHVlPSImcXVvdDsiIC8+DQogICAgICAgICAgICA8UnVsZVBhcmFtZXRlciBOYW1lPSJJbmRleCIgVmFsdWU9IjAiIC8+DQogICAgICAgICAgICA8UnVsZVBhcmFtZXRlciBOYW1lPSJJZ25vcmVDYXNlIiBWYWx1ZT0iRmFsc2UiIC8+DQogICAgICAgICAgICA8UnVsZVBhcmFtZXRlciBOYW1lPSJVc2VSZWd1bGFyRXhwcmVzc2lvbiIgVmFsdWU9IkZhbHNlIiAvPg0KICAgICAgICAgICAgPFJ1bGVQYXJhbWV0ZXIgTmFtZT0iSHRtbERlY29kZSIgVmFsdWU9IlRydWUiIC8+DQogICAgICAgICAgICA8UnVsZVBhcmFtZXRlciBOYW1lPSJSZXF1aXJlZCIgVmFsdWU9IkZhbHNlIiAvPg0KICAgICAgICAgIDwvUnVsZVBhcmFtZXRlcnM+DQogICAgICAgIDwvRXh0cmFjdGlvblJ1bGU+DQogICAgICA8L0NvcnJlbGF0aW9uRXh0cmFjdGlvblJ1bGVzPg0KICAgIDwvUmVxdWVzdD4NCiAgICA8UmVxdWVzdCBNZXRob2Q9IkdFVCIgR3VpZD0iNGUxZDE4OGUtYjEyZS00OGY3LWE4YjgtZjU0NzY4NmE4N2I2IiBWZXJzaW9uPSIxLjEiIFVybD0iaHR0cHM6Ly93d3cubWFya3RwbGFhdHMubmwvYXV0b2NvbXBsZXRlLmpzb24iIFRoaW5rVGltZT0iMCIgVGltZW91dD0iMzAwIiBQYXJzZURlcGVuZGVudFJlcXVlc3RzPSJUcnVlIiBGb2xsb3dSZWRpcmVjdHM9IlRydWUiIFJlY29yZFJlc3VsdD0iVHJ1ZSIgQ2FjaGU9IkZhbHNlIiBSZXNwb25zZVRpbWVHb2FsPSIwIiBFbmNvZGluZz0idXRmLTgiIEV4cGVjdGVkSHR0cFN0YXR1c0NvZGU9IjAiIEV4cGVjdGVkUmVzcG9uc2VVcmw9IiIgUmVwb3J0aW5nTmFtZT0iIiBJZ25vcmVIdHRwU3RhdHVzQ29kZT0iRmFsc2UiPg0KICAgICAgPEhlYWRlcnM+DQogICAgICAgIDxIZWFkZXIgTmFtZT0iUmVmZXJlciIgVmFsdWU9Imh0dHBzOi8vd3d3Lm1hcmt0cGxhYXRzLm5sLyIgLz4NCiAgICAgIDwvSGVhZGVycz4NCiAgICAgIDxRdWVyeVN0cmluZ1BhcmFtZXRlcnM+DQogICAgICAgIDxRdWVyeVN0cmluZ1BhcmFtZXRlciBOYW1lPSJwcmVmaXgiIFZhbHVlPSJhdXRvIiBSZWNvcmRlZFZhbHVlPSJhdXRvIiBDb3JyZWxhdGlvbkJpbmRpbmc9IiIgVXJsRW5jb2RlPSJGYWxzZSIgVXNlVG9Hcm91cFJlc3VsdHM9IkZhbHNlIiAvPg0KICAgICAgICA8UXVlcnlTdHJpbmdQYXJhbWV0ZXIgTmFtZT0iY2F0ZWdvcnkiIFZhbHVlPSIwIiBSZWNvcmRlZFZhbHVlPSIwIiBDb3JyZWxhdGlvbkJpbmRpbmc9IiIgVXJsRW5jb2RlPSJGYWxzZSIgVXNlVG9Hcm91cFJlc3VsdHM9IkZhbHNlIiAvPg0KICAgICAgPC9RdWVyeVN0cmluZ1BhcmFtZXRlcnM+DQogICAgPC9SZXF1ZXN0Pg0KICAgIDxSZXF1ZXN0IE1ldGhvZD0iR0VUIiBHdWlkPSJjODIwNzhkOC00NjEwLTQ4ZDUtOWYzNi1lM2Q2ZjUxMjYyYjEiIFZlcnNpb249IjEuMSIgVXJsPSJodHRwczovL2V2dC5hZHJjbnRyLmNvbS90LyIgVGhpbmtUaW1lPSIwIiBUaW1lb3V0PSIzMDAiIFBhcnNlRGVwZW5kZW50UmVxdWVzdHM9IlRydWUiIEZvbGxvd1JlZGlyZWN0cz0iVHJ1ZSIgUmVjb3JkUmVzdWx0PSJUcnVlIiBDYWNoZT0iRmFsc2UiIFJlc3BvbnNlVGltZUdvYWw9IjAiIEVuY29kaW5nPSJ1dGYtOCIgRXhwZWN0ZWRIdHRwU3RhdHVzQ29kZT0iMCIgRXhwZWN0ZWRSZXNwb25zZVVybD0iIiBSZXBvcnRpbmdOYW1lPSIiIElnbm9yZUh0dHBTdGF0dXNDb2RlPSJGYWxzZSI+DQogICAgICA8SGVhZGVycz4NCiAgICAgICAgPEhlYWRlciBOYW1lPSJSZWZlcmVyIiBWYWx1ZT0iaHR0cHM6Ly93d3cubWFya3RwbGFhdHMubmwvIiAvPg0KICAgICAgPC9IZWFkZXJzPg0KICAgICAgPFF1ZXJ5U3RyaW5nUGFyYW1ldGVycz4NCiAgICAgICAgPFF1ZXJ5U3RyaW5nUGFyYW1ldGVyIE5hbWU9ImlkIiBWYWx1ZT0iMWZlNTA1ZTFhYWNkYTU5MmM0ZWExZDA5Njk0NzJlZTIiIFJlY29yZGVkVmFsdWU9IjFmZTUwNWUxYWFjZGE1OTJjNGVhMWQwOTY5NDcyZWUyIiBDb3JyZWxhdGlvbkJpbmRpbmc9IiIgVXJsRW5jb2RlPSJGYWxzZSIgVXNlVG9Hcm91cFJlc3VsdHM9IkZhbHNlIiAvPg0KICAgICAgICA8UXVlcnlTdHJpbmdQYXJhbWV0ZXIgTmFtZT0iY2kiIFZhbHVlPSIiIFJlY29yZGVkVmFsdWU9IiIgQ29ycmVsYXRpb25CaW5kaW5nPSIiIFVybEVuY29kZT0iRmFsc2UiIFVzZVRvR3JvdXBSZXN1bHRzPSJGYWxzZSIgLz4NCiAgICAgICAgPFF1ZXJ5U3RyaW5nUGFyYW1ldGVyIE5hbWU9ImhvIiBWYWx1ZT0id3d3Lm1hcmt0cGxhYXRzLm5sIiBSZWNvcmRlZFZhbHVlPSJ3d3cubWFya3RwbGFhdHMubmwiIENvcnJlbGF0aW9uQmluZGluZz0iIiBVcmxFbmNvZGU9IkZhbHNlIiBVc2VUb0dyb3VwUmVzdWx0cz0iRmFsc2UiIC8+DQogICAgICAgIDxRdWVyeVN0cmluZ1BhcmFtZXRlciBOYW1lPSJwbCIgVmFsdWU9ImRlZmF1bHQiIFJlY29yZGVkVmFsdWU9ImRlZmF1bHQiIENvcnJlbGF0aW9uQmluZGluZz0iIiBVcmxFbmNvZGU9IkZhbHNlIiBVc2VUb0dyb3VwUmVzdWx0cz0iRmFsc2UiIC8+DQogICAgICAgIDxRdWVyeVN0cmluZ1BhcmFtZXRlciBOYW1lPSJjZiIgVmFsdWU9IjEiIFJlY29yZGVkVmFsdWU9IjEiIENvcnJlbGF0aW9uQmluZGluZz0iIiBVcmxFbmNvZGU9IkZhbHNlIiBVc2VUb0dyb3VwUmVzdWx0cz0iRmFsc2UiIC8+DQogICAgICAgIDxRdWVyeVN0cmluZ1BhcmFtZXRlciBOYW1lPSJmZiIgVmFsdWU9IjEiIFJlY29yZGVkVmFsdWU9IjEiIENvcnJlbGF0aW9uQmluZGluZz0iIiBVcmxFbmNvZGU9IkZhbHNlIiBVc2VUb0dyb3VwUmVzdWx0cz0iRmFsc2UiIC8+DQogICAgICAgIDxRdWVyeVN0cmluZ1BhcmFtZXRlciBOYW1lPSJ0Y1tzY3JwYWdlXSIgVmFsdWU9IjczMTYiIFJlY29yZGVkVmFsdWU9IjczMTYiIENvcnJlbGF0aW9uQmluZGluZz0iIiBVcmxFbmNvZGU9IkZhbHNlIiBVc2VUb0dyb3VwUmVzdWx0cz0iRmFsc2UiIC8+DQogICAgICAgIDxRdWVyeVN0cmluZ1BhcmFtZXRlciBOYW1lPSJ0Y1tzY3J2aXNdIiBWYWx1ZT0iNzE2NCIgUmVjb3JkZWRWYWx1ZT0iNzE2NCIgQ29ycmVsYXRpb25CaW5kaW5nPSIiIFVybEVuY29kZT0iRmFsc2UiIFVzZVRvR3JvdXBSZXN1bHRzPSJGYWxzZSIgLz4NCiAgICAgICAgPFF1ZXJ5U3RyaW5nUGFyYW1ldGVyIE5hbWU9InRlW3NjcnZpc11bYmFubmVyXSIgVmFsdWU9IjcxNjQiIFJlY29yZGVkVmFsdWU9IjcxNjQiIENvcnJlbGF0aW9uQmluZGluZz0iIiBVcmxFbmNvZGU9IkZhbHNlIiBVc2VUb0dyb3VwUmVzdWx0cz0iRmFsc2UiIC8+DQogICAgICAgIDxRdWVyeVN0cmluZ1BhcmFtZXRlciBOYW1lPSJ0ZVtzY3J2aXNdW3dlYm9yYW1hX21hcmt0cGxhYXRzX2hwdG9feHhsX292ZXJsYXlfaW5kZXhfaHRtbF0iIFZhbHVlPSI0MzMxIiBSZWNvcmRlZFZhbHVlPSI0MzMxIiBDb3JyZWxhdGlvbkJpbmRpbmc9IiIgVXJsRW5jb2RlPSJGYWxzZSIgVXNlVG9Hcm91cFJlc3VsdHM9IkZhbHNlIiAvPg0KICAgICAgICA8UXVlcnlTdHJpbmdQYXJhbWV0ZXIgTmFtZT0idGVbc2NydmlzXVt3ZWJvcmFtYV9tYXJrdHBsYWF0c19ocHRvX3h4bF9oZWFkZXJfaW5kZXhfaHRtbF0iIFZhbHVlPSI0MTczIiBSZWNvcmRlZFZhbHVlPSI0MTczIiBDb3JyZWxhdGlvbkJpbmRpbmc9IiIgVXJsRW5jb2RlPSJGYWxzZSIgVXNlVG9Hcm91cFJlc3VsdHM9IkZhbHNlIiAvPg0KICAgICAgICA8UXVlcnlTdHJpbmdQYXJhbWV0ZXIgTmFtZT0idGNbc2NyaG92ZXJdIiBWYWx1ZT0iMTE5NyIgUmVjb3JkZWRWYWx1ZT0iMTE5NyIgQ29ycmVsYXRpb25CaW5kaW5nPSIiIFVybEVuY29kZT0iRmFsc2UiIFVzZVRvR3JvdXBSZXN1bHRzPSJGYWxzZSIgLz4NCiAgICAgICAgPFF1ZXJ5U3RyaW5nUGFyYW1ldGVyIE5hbWU9InRlW3NjcmhvdmVyXVtiYW5uZXJdIiBWYWx1ZT0iMTE5NyIgUmVjb3JkZWRWYWx1ZT0iMTE5NyIgQ29ycmVsYXRpb25CaW5kaW5nPSIiIFVybEVuY29kZT0iRmFsc2UiIFVzZVRvR3JvdXBSZXN1bHRzPSJGYWxzZSIgLz4NCiAgICAgICAgPFF1ZXJ5U3RyaW5nUGFyYW1ldGVyIE5hbWU9InJuIiBWYWx1ZT0iODc0OTkzMTQwIiBSZWNvcmRlZFZhbHVlPSI4NzQ5OTMxNDAiIENvcnJlbGF0aW9uQmluZGluZz0iIiBVcmxFbmNvZGU9IkZhbHNlIiBVc2VUb0dyb3VwUmVzdWx0cz0iRmFsc2UiIC8+DQogICAgICAgIDxRdWVyeVN0cmluZ1BhcmFtZXRlciBOYW1lPSJjYSIgVmFsdWU9IjQ0OTM4NDMzMzgzIiBSZWNvcmRlZFZhbHVlPSI0NDkzODQzMzM4MyIgQ29ycmVsYXRpb25CaW5kaW5nPSIiIFVybEVuY29kZT0iRmFsc2UiIFVzZVRvR3JvdXBSZXN1bHRzPSJGYWxzZSIgLz4NCiAgICAgIDwvUXVlcnlTdHJpbmdQYXJhbWV0ZXJzPg0KICAgIDwvUmVxdWVzdD4NCiAgICA8UmVxdWVzdCBNZXRob2Q9IkdFVCIgR3VpZD0iOTJkOGQzMzUtY2QwNy00NWI0LWFkYTUtNmM0YWNjOGI0ODFjIiBWZXJzaW9uPSIxLjEiIFVybD0iaHR0cHM6Ly9ldnQuYWRyY250ci5jb20vdC8iIFRoaW5rVGltZT0iMSIgVGltZW91dD0iMzAwIiBQYXJzZURlcGVuZGVudFJlcXVlc3RzPSJUcnVlIiBGb2xsb3dSZWRpcmVjdHM9IlRydWUiIFJlY29yZFJlc3VsdD0iVHJ1ZSIgQ2FjaGU9IkZhbHNlIiBSZXNwb25zZVRpbWVHb2FsPSIwIiBFbmNvZGluZz0idXRmLTgiIEV4cGVjdGVkSHR0cFN0YXR1c0NvZGU9IjAiIEV4cGVjdGVkUmVzcG9uc2VVcmw9IiIgUmVwb3J0aW5nTmFtZT0iIiBJZ25vcmVIdHRwU3RhdHVzQ29kZT0iRmFsc2UiPg0KICAgICAgPEhlYWRlcnM+DQogICAgICAgIDxIZWFkZXIgTmFtZT0iUmVmZXJlciIgVmFsdWU9Imh0dHBzOi8vd3d3Lm1hcmt0cGxhYXRzLm5sLyIgLz4NCiAgICAgIDwvSGVhZGVycz4NCiAgICAgIDxRdWVyeVN0cmluZ1BhcmFtZXRlcnM+DQogICAgICAgIDxRdWVyeVN0cmluZ1BhcmFtZXRlciBOYW1lPSJpZCIgVmFsdWU9IjliYzU4NGMzMDBjZWY0MTIyODE0YmI1MTUwNmI1YjEyIiBSZWNvcmRlZFZhbHVlPSI5YmM1ODRjMzAwY2VmNDEyMjgxNGJiNTE1MDZiNWIxMiIgQ29ycmVsYXRpb25CaW5kaW5nPSIiIFVybEVuY29kZT0iRmFsc2UiIFVzZVRvR3JvdXBSZXN1bHRzPSJGYWxzZSIgLz4NCiAgICAgICAgPFF1ZXJ5U3RyaW5nUGFyYW1ldGVyIE5hbWU9ImNpIiBWYWx1ZT0iIiBSZWNvcmRlZFZhbHVlPSIiIENvcnJlbGF0aW9uQmluZGluZz0iIiBVcmxFbmNvZGU9IkZhbHNlIiBVc2VUb0dyb3VwUmVzdWx0cz0iRmFsc2UiIC8+DQogICAgICAgIDxRdWVyeVN0cmluZ1BhcmFtZXRlciBOYW1lPSJobyIgVmFsdWU9Ind3dy5tYXJrdHBsYWF0cy5ubCIgUmVjb3JkZWRWYWx1ZT0id3d3Lm1hcmt0cGxhYXRzLm5sIiBDb3JyZWxhdGlvbkJpbmRpbmc9IiIgVXJsRW5jb2RlPSJGYWxzZSIgVXNlVG9Hcm91cFJlc3VsdHM9IkZhbHNlIiAvPg0KICAgICAgICA8UXVlcnlTdHJpbmdQYXJhbWV0ZXIgTmFtZT0icGwiIFZhbHVlPSJkZWZhdWx0IiBSZWNvcmRlZFZhbHVlPSJkZWZhdWx0IiBDb3JyZWxhdGlvbkJpbmRpbmc9IiIgVXJsRW5jb2RlPSJGYWxzZSIgVXNlVG9Hcm91cFJlc3VsdHM9IkZhbHNlIiAvPg0KICAgICAgICA8UXVlcnlTdHJpbmdQYXJhbWV0ZXIgTmFtZT0iY2YiIFZhbHVlPSIxIiBSZWNvcmRlZFZhbHVlPSIxIiBDb3JyZWxhdGlvbkJpbmRpbmc9IiIgVXJsRW5jb2RlPSJGYWxzZSIgVXNlVG9Hcm91cFJlc3VsdHM9IkZhbHNlIiAvPg0KICAgICAgICA8UXVlcnlTdHJpbmdQYXJhbWV0ZXIgTmFtZT0iZmYiIFZhbHVlPSIxIiBSZWNvcmRlZFZhbHVlPSIxIiBDb3JyZWxhdGlvbkJpbmRpbmc9IiIgVXJsRW5jb2RlPSJGYWxzZSIgVXNlVG9Hcm91cFJlc3VsdHM9IkZhbHNlIiAvPg0KICAgICAgICA8UXVlcnlTdHJpbmdQYXJhbWV0ZXIgTmFtZT0idGNbc2NycGFnZV0iIFZhbHVlPSI3NTEyIiBSZWNvcmRlZFZhbHVlPSI3NTEyIiBDb3JyZWxhdGlvbkJpbmRpbmc9IiIgVXJsRW5jb2RlPSJGYWxzZSIgVXNlVG9Hcm91cFJlc3VsdHM9IkZhbHNlIiAvPg0KICAgICAgICA8UXVlcnlTdHJpbmdQYXJhbWV0ZXIgTmFtZT0icm4iIFZhbHVlPSI0MTcwNjEzMCIgUmVjb3JkZWRWYWx1ZT0iNDE3MDYxMzAiIENvcnJlbGF0aW9uQmluZGluZz0iIiBVcmxFbmNvZGU9IkZhbHNlIiBVc2VUb0dyb3VwUmVzdWx0cz0iRmFsc2UiIC8+DQogICAgICAgIDxRdWVyeVN0cmluZ1BhcmFtZXRlciBOYW1lPSJjYSIgVmFsdWU9IjI1NDY1MTIwOTQxIiBSZWNvcmRlZFZhbHVlPSIyNTQ2NTEyMDk0MSIgQ29ycmVsYXRpb25CaW5kaW5nPSIiIFVybEVuY29kZT0iRmFsc2UiIFVzZVRvR3JvdXBSZXN1bHRzPSJGYWxzZSIgLz4NCiAgICAgIDwvUXVlcnlTdHJpbmdQYXJhbWV0ZXJzPg0KICAgIDwvUmVxdWVzdD4NCiAgICA8UmVxdWVzdCBNZXRob2Q9IkdFVCIgR3VpZD0iOTAyZmY5ZDUtY2FkZC00MGIzLWE4NTktMGQ0NTI0OTY0OTA2IiBWZXJzaW9uPSIxLjEiIFVybD0iaHR0cHM6Ly9zZWN1cmUuYWRueHMuY29tL2FzeW5jX3VzZXJzeW5jIiBUaGlua1RpbWU9IjAiIFRpbWVvdXQ9IjMwMCIgUGFyc2VEZXBlbmRlbnRSZXF1ZXN0cz0iVHJ1ZSIgRm9sbG93UmVkaXJlY3RzPSJUcnVlIiBSZWNvcmRSZXN1bHQ9IlRydWUiIENhY2hlPSJGYWxzZSIgUmVzcG9uc2VUaW1lR29hbD0iMCIgRW5jb2Rpbmc9InV0Zi04IiBFeHBlY3RlZEh0dHBTdGF0dXNDb2RlPSIwIiBFeHBlY3RlZFJlc3BvbnNlVXJsPSIiIFJlcG9ydGluZ05hbWU9IiIgSWdub3JlSHR0cFN0YXR1c0NvZGU9IkZhbHNlIj4NCiAgICAgIDxIZWFkZXJzPg0KICAgICAgICA8SGVhZGVyIE5hbWU9IlJlZmVyZXIiIFZhbHVlPSJodHRwczovL2FjZG4uYWRueHMuY29tL2liL3N0YXRpYy91c2Vyc3luYy92My9hc3luY191c2Vyc3luYy5odG1sIiAvPg0KICAgICAgPC9IZWFkZXJzPg0KICAgICAgPFF1ZXJ5U3RyaW5nUGFyYW1ldGVycz4NCiAgICAgICAgPFF1ZXJ5U3RyaW5nUGFyYW1ldGVyIE5hbWU9ImNiZm4iIFZhbHVlPSJBTl9hc3luY19sb2FkIiBSZWNvcmRlZFZhbHVlPSJBTl9hc3luY19sb2FkIiBDb3JyZWxhdGlvbkJpbmRpbmc9Int7UXVlcnlTdHJpbmdQYXJhbTEyOTg2LmNiZm59fSIgVXJsRW5jb2RlPSJGYWxzZSIgVXNlVG9Hcm91cFJlc3VsdHM9IkZhbHNlIiAvPg0KICAgICAgPC9RdWVyeVN0cmluZ1BhcmFtZXRlcnM+DQogICAgPC9SZXF1ZXN0Pg0KICAgIDxSZXF1ZXN0IE1ldGhvZD0iR0VUIiBHdWlkPSJkMzhjYjVmMS02YTBhLTQ1OTYtOTJhNS03NmI5YjZmYTA0OWIiIFZlcnNpb249IjEuMSIgVXJsPSJodHRwczovL2RlbGl2ZXJ5Lmguc3dpdGNoYWRodWIuY29tL3NldCIgVGhpbmtUaW1lPSIwIiBUaW1lb3V0PSIzMDAiIFBhcnNlRGVwZW5kZW50UmVxdWVzdHM9IlRydWUiIEZvbGxvd1JlZGlyZWN0cz0iVHJ1ZSIgUmVjb3JkUmVzdWx0PSJUcnVlIiBDYWNoZT0iRmFsc2UiIFJlc3BvbnNlVGltZUdvYWw9IjAiIEVuY29kaW5nPSJ1dGYtOCIgRXhwZWN0ZWRIdHRwU3RhdHVzQ29kZT0iMCIgRXhwZWN0ZWRSZXNwb25zZVVybD0iIiBSZXBvcnRpbmdOYW1lPSIiIElnbm9yZUh0dHBTdGF0dXNDb2RlPSJGYWxzZSI+DQogICAgICA8SGVhZGVycz4NCiAgICAgICAgPEhlYWRlciBOYW1lPSJSZWZlcmVyIiBWYWx1ZT0iaHR0cHM6Ly9hY2RuLmFkbnhzLmNvbS9pYi9zdGF0aWMvdXNlcnN5bmMvdjMvYXN5bmNfdXNlcnN5bmMuaHRtbCIgLz4NCiAgICAgIDwvSGVhZGVycz4NCiAgICAgIDxRdWVyeVN0cmluZ1BhcmFtZXRlcnM+DQogICAgICAgIDxRdWVyeVN0cmluZ1BhcmFtZXRlciBOYW1lPSJuYW1lIiBWYWx1ZT0iQVBQIiBSZWNvcmRlZFZhbHVlPSJBUFAiIENvcnJlbGF0aW9uQmluZGluZz0iIiBVcmxFbmNvZGU9IkZhbHNlIiBVc2VUb0dyb3VwUmVzdWx0cz0iRmFsc2UiIC8+DQogICAgICAgIDxRdWVyeVN0cmluZ1BhcmFtZXRlciBOYW1lPSJ2YWx1ZSIgVmFsdWU9IlVTRVJJREhFUkUiIFJlY29yZGVkVmFsdWU9IlVTRVJJREhFUkUiIENvcnJlbGF0aW9uQmluZGluZz0iIiBVcmxFbmNvZGU9IkZhbHNlIiBVc2VUb0dyb3VwUmVzdWx0cz0iRmFsc2UiIC8+DQogICAgICAgIDxRdWVyeVN0cmluZ1BhcmFtZXRlciBOYW1lPSJjb25zZW50X3N0cmluZyIgVmFsdWU9IltDT05TRU5UXSIgUmVjb3JkZWRWYWx1ZT0iW0NPTlNFTlRdIiBDb3JyZWxhdGlvbkJpbmRpbmc9IiIgVXJsRW5jb2RlPSJGYWxzZSIgVXNlVG9Hcm91cFJlc3VsdHM9IkZhbHNlIiAvPg0KICAgICAgPC9RdWVyeVN0cmluZ1BhcmFtZXRlcnM+DQogICAgPC9SZXF1ZXN0Pg0KICAgIDxSZXF1ZXN0IE1ldGhvZD0iR0VUIiBHdWlkPSI5NmMyMmE3My1mMjJiLTRlYTctYWFlYi02MzJmN2ZiOTUxOGYiIFZlcnNpb249IjEuMSIgVXJsPSJodHRwczovL3Qud2F5ZmFpci5jb20vYS92ZW5kb3Jfc3luYy91c2VyIiBUaGlua1RpbWU9IjAiIFRpbWVvdXQ9IjMwMCIgUGFyc2VEZXBlbmRlbnRSZXF1ZXN0cz0iVHJ1ZSIgRm9sbG93UmVkaXJlY3RzPSJUcnVlIiBSZWNvcmRSZXN1bHQ9IlRydWUiIENhY2hlPSJGYWxzZSIgUmVzcG9uc2VUaW1lR29hbD0iMCIgRW5jb2Rpbmc9InV0Zi04IiBFeHBlY3RlZEh0dHBTdGF0dXNDb2RlPSIwIiBFeHBlY3RlZFJlc3BvbnNlVXJsPSIiIFJlcG9ydGluZ05hbWU9IiIgSWdub3JlSHR0cFN0YXR1c0NvZGU9IkZhbHNlIj4NCiAgICAgIDxIZWFkZXJzPg0KICAgICAgICA8SGVhZGVyIE5hbWU9IlJlZmVyZXIiIFZhbHVlPSJodHRwczovL2FjZG4uYWRueHMuY29tL2liL3N0YXRpYy91c2Vyc3luYy92My9hc3luY191c2Vyc3luYy5odG1sIiAvPg0KICAgICAgPC9IZWFkZXJzPg0KICAgICAgPFF1ZXJ5U3RyaW5nUGFyYW1ldGVycz4NCiAgICAgICAgPFF1ZXJ5U3RyaW5nUGFyYW1ldGVyIE5hbWU9InZlbmRvcl9pZCIgVmFsdWU9IjEiIFJlY29yZGVkVmFsdWU9IjEiIENvcnJlbGF0aW9uQmluZGluZz0iIiBVcmxFbmNvZGU9IkZhbHNlIiBVc2VUb0dyb3VwUmVzdWx0cz0iRmFsc2UiIC8+DQogICAgICAgIDxRdWVyeVN0cmluZ1BhcmFtZXRlciBOYW1lPSJ1aWQiIFZhbHVlPSI3NDIyMjkwMTAzMjg3MDIxNzc3IiBSZWNvcmRlZFZhbHVlPSI3NDIyMjkwMTAzMjg3MDIxNzc3IiBDb3JyZWxhdGlvbkJpbmRpbmc9IiIgVXJsRW5jb2RlPSJGYWxzZSIgVXNlVG9Hcm91cFJlc3VsdHM9IkZhbHNlIiAvPg0KICAgICAgICA8UXVlcnlTdHJpbmdQYXJhbWV0ZXIgTmFtZT0idCIgVmFsdWU9IjEiIFJlY29yZGVkVmFsdWU9IjEiIENvcnJlbGF0aW9uQmluZGluZz0iIiBVcmxFbmNvZGU9IkZhbHNlIiBVc2VUb0dyb3VwUmVzdWx0cz0iRmFsc2UiIC8+DQogICAgICA8L1F1ZXJ5U3RyaW5nUGFyYW1ldGVycz4NCiAgICA8L1JlcXVlc3Q+DQogICAgPFJlcXVlc3QgTWV0aG9kPSJQT1NUIiBHdWlkPSJmZDk2ZjljNS0xNGMzLTQyYzMtOWQyZS0zZWE2MmUwN2E2ODgiIFZlcnNpb249IjEuMSIgVXJsPSJodHRwczovL3d3dy5tYXJrdHBsYWF0cy5ubC9tZXRyaWNzL2Rpc3BsYXkiIFRoaW5rVGltZT0iMCIgVGltZW91dD0iMzAwIiBQYXJzZURlcGVuZGVudFJlcXVlc3RzPSJUcnVlIiBGb2xsb3dSZWRpcmVjdHM9IlRydWUiIFJlY29yZFJlc3VsdD0iVHJ1ZSIgQ2FjaGU9IkZhbHNlIiBSZXNwb25zZVRpbWVHb2FsPSIwIiBFbmNvZGluZz0idXRmLTgiIEV4cGVjdGVkSHR0cFN0YXR1c0NvZGU9IjAiIEV4cGVjdGVkUmVzcG9uc2VVcmw9IiIgUmVwb3J0aW5nTmFtZT0iIiBJZ25vcmVIdHRwU3RhdHVzQ29kZT0iRmFsc2UiPg0KICAgICAgPEhlYWRlcnM+DQogICAgICAgIDxIZWFkZXIgTmFtZT0iUmVmZXJlciIgVmFsdWU9Imh0dHBzOi8vd3d3Lm1hcmt0cGxhYXRzLm5sL3ouaHRtbD9xdWVyeT1hdXRvJmFtcDtjYXRlZ29yeUlkPTAmYW1wO3Bvc3Rjb2RlPSZhbXA7ZGlzdGFuY2U9MCIgLz4NCiAgICAgIDwvSGVhZGVycz4NCiAgICAgIDxTdHJpbmdIdHRwQm9keSBDb250ZW50VHlwZT0iYXBwbGljYXRpb24vanNvbiIgSW5zZXJ0Qnl0ZU9yZGVyTWFyaz0iRmFsc2UiPmV3QWlBSFlBYVFCeUFIUUFkUUJoQUd3QVZRQnlBR3dBSWdBNkFDSUFVZ0JsQUhNQWRRQnNBSFFBY3dCVEFHVUFZUUJ5QUdNQWFBQWlBQ3dBSWdCaUFHa0FaQUJ6QUZJQVpRQnhBSFVBWlFCekFIUUFaUUJrQUNJQU9nQXlBREFBTUFBeUFIMEE8L1N0cmluZ0h0dHBCb2R5Pg0KICAgIDwvUmVxdWVzdD4NCiAgICA8UmVxdWVzdCBNZXRob2Q9IkdFVCIgR3VpZD0iMmVkZjE5OWYtYmEyMy00MDkxLTlkNWMtYzI1OTNiYmZkMzhjIiBWZXJzaW9uPSIxLjEiIFVybD0iaHR0cHM6Ly93d3cubWFya3RwbGFhdHMubmwvbWVsZGluZ2VuL2FwaS9ub3RpZmljYXRpb24tY2VudGVyL3YxL25vdGlmaWNhdGlvbnMiIFRoaW5rVGltZT0iMCIgVGltZW91dD0iMzAwIiBQYXJzZURlcGVuZGVudFJlcXVlc3RzPSJUcnVlIiBGb2xsb3dSZWRpcmVjdHM9IlRydWUiIFJlY29yZFJlc3VsdD0iVHJ1ZSIgQ2FjaGU9IkZhbHNlIiBSZXNwb25zZVRpbWVHb2FsPSIwIiBFbmNvZGluZz0idXRmLTgiIEV4cGVjdGVkSHR0cFN0YXR1c0NvZGU9IjAiIEV4cGVjdGVkUmVzcG9uc2VVcmw9IiIgUmVwb3J0aW5nTmFtZT0iIiBJZ25vcmVIdHRwU3RhdHVzQ29kZT0iRmFsc2UiPg0KICAgICAgPEhlYWRlcnM+DQogICAgICAgIDxIZWFkZXIgTmFtZT0iUmVmZXJlciIgVmFsdWU9Imh0dHBzOi8vd3d3Lm1hcmt0cGxhYXRzLm5sL3ouaHRtbD9xdWVyeT1hdXRvJmFtcDtjYXRlZ29yeUlkPTAmYW1wO3Bvc3Rjb2RlPSZhbXA7ZGlzdGFuY2U9MCIgLz4NCiAgICAgIDwvSGVhZGVycz4NCiAgICAgIDxRdWVyeVN0cmluZ1BhcmFtZXRlcnM+DQogICAgICAgIDxRdWVyeVN0cmluZ1BhcmFtZXRlciBOYW1lPSJsaW1pdCIgVmFsdWU9IjAiIFJlY29yZGVkVmFsdWU9IjAiIENvcnJlbGF0aW9uQmluZGluZz0ie3tRdWVyeVN0cmluZ1BhcmFtMTMxNjcubGltaXR9fSIgVXJsRW5jb2RlPSJGYWxzZSIgVXNlVG9Hcm91cFJlc3VsdHM9IkZhbHNlIiAvPg0KICAgICAgPC9RdWVyeVN0cmluZ1BhcmFtZXRlcnM+DQogICAgPC9SZXF1ZXN0Pg0KICAgIDxSZXF1ZXN0IE1ldGhvZD0iR0VUIiBHdWlkPSIyMTQxYTI4My1iODE1LTQ2ZDctYTEzNy05YjgyYjZmYTUzYTgiIFZlcnNpb249IjEuMSIgVXJsPSJodHRwczovL3NiLnNjb3JlY2FyZHJlc2VhcmNoLmNvbS9iIiBUaGlua1RpbWU9IjAiIFRpbWVvdXQ9IjMwMCIgUGFyc2VEZXBlbmRlbnRSZXF1ZXN0cz0iVHJ1ZSIgRm9sbG93UmVkaXJlY3RzPSJUcnVlIiBSZWNvcmRSZXN1bHQ9IlRydWUiIENhY2hlPSJGYWxzZSIgUmVzcG9uc2VUaW1lR29hbD0iMCIgRW5jb2Rpbmc9InV0Zi04IiBFeHBlY3RlZEh0dHBTdGF0dXNDb2RlPSIwIiBFeHBlY3RlZFJlc3BvbnNlVXJsPSIiIFJlcG9ydGluZ05hbWU9IiIgSWdub3JlSHR0cFN0YXR1c0NvZGU9IkZhbHNlIj4NCiAgICAgIDxIZWFkZXJzPg0KICAgICAgICA8SGVhZGVyIE5hbWU9IlJlZmVyZXIiIFZhbHVlPSJodHRwczovL3d3dy5tYXJrdHBsYWF0cy5ubC96Lmh0bWw/cXVlcnk9YXV0byZhbXA7Y2F0ZWdvcnlJZD0wJmFtcDtwb3N0Y29kZT0mYW1wO2Rpc3RhbmNlPTAiIC8+DQogICAgICA8L0hlYWRlcnM+DQogICAgICA8UXVlcnlTdHJpbmdQYXJhbWV0ZXJzPg0KICAgICAgICA8UXVlcnlTdHJpbmdQYXJhbWV0ZXIgTmFtZT0iYzEiIFZhbHVlPSIyIiBSZWNvcmRlZFZhbHVlPSIyIiBDb3JyZWxhdGlvbkJpbmRpbmc9Int7UXVlcnlTdHJpbmdQYXJhbTEzMTY4LmMxfX0iIFVybEVuY29kZT0iRmFsc2UiIFVzZVRvR3JvdXBSZXN1bHRzPSJGYWxzZSIgLz4NCiAgICAgICAgPFF1ZXJ5U3RyaW5nUGFyYW1ldGVyIE5hbWU9ImMyIiBWYWx1ZT0iNzYwMjgwNSIgUmVjb3JkZWRWYWx1ZT0iNzYwMjgwNSIgQ29ycmVsYXRpb25CaW5kaW5nPSJ7e1F1ZXJ5U3RyaW5nUGFyYW0xMzE2OS5jMn19IiBVcmxFbmNvZGU9IkZhbHNlIiBVc2VUb0dyb3VwUmVzdWx0cz0iRmFsc2UiIC8+DQogICAgICAgIDxRdWVyeVN0cmluZ1BhcmFtZXRlciBOYW1lPSJuc19zaXRlIiBWYWx1ZT0idG90YWwiIFJlY29yZGVkVmFsdWU9InRvdGFsIiBDb3JyZWxhdGlvbkJpbmRpbmc9IiIgVXJsRW5jb2RlPSJGYWxzZSIgVXNlVG9Hcm91cFJlc3VsdHM9IkZhbHNlIiAvPg0KICAgICAgICA8UXVlcnlTdHJpbmdQYXJhbWV0ZXIgTmFtZT0ibmJfMDEiIFZhbHVlPSJNYXJrdHBsYWF0cyIgUmVjb3JkZWRWYWx1ZT0iTWFya3RwbGFhdHMiIENvcnJlbGF0aW9uQmluZGluZz0iIiBVcmxFbmNvZGU9IkZhbHNlIiBVc2VUb0dyb3VwUmVzdWx0cz0iRmFsc2UiIC8+DQogICAgICAgIDxRdWVyeVN0cmluZ1BhcmFtZXRlciBOYW1lPSJuYl8wMiIgVmFsdWU9Ik1hcmt0cGxhYXRzIiBSZWNvcmRlZFZhbHVlPSJNYXJrdHBsYWF0cyIgQ29ycmVsYXRpb25CaW5kaW5nPSIiIFVybEVuY29kZT0iRmFsc2UiIFVzZVRvR3JvdXBSZXN1bHRzPSJGYWxzZSIgLz4NCiAgICAgICAgPFF1ZXJ5U3RyaW5nUGFyYW1ldGVyIE5hbWU9Im5iXzExIiBWYWx1ZT0id2ViIiBSZWNvcmRlZFZhbHVlPSJ3ZWIiIENvcnJlbGF0aW9uQmluZGluZz0iIiBVcmxFbmNvZGU9IkZhbHNlIiBVc2VUb0dyb3VwUmVzdWx0cz0iRmFsc2UiIC8+DQogICAgICAgIDxRdWVyeVN0cmluZ1BhcmFtZXRlciBOYW1lPSJuYl8xMiIgVmFsdWU9Im1hcmt0cGxhYXRzLm5sIiBSZWNvcmRlZFZhbHVlPSJtYXJrdHBsYWF0cy5ubCIgQ29ycmVsYXRpb25CaW5kaW5nPSIiIFVybEVuY29kZT0iRmFsc2UiIFVzZVRvR3JvdXBSZXN1bHRzPSJGYWxzZSIgLz4NCiAgICAgICAgPFF1ZXJ5U3RyaW5nUGFyYW1ldGVyIE5hbWU9Im5iXzI0IiBWYWx1ZT0iTiIgUmVjb3JkZWRWYWx1ZT0iTiIgQ29ycmVsYXRpb25CaW5kaW5nPSIiIFVybEVuY29kZT0iRmFsc2UiIFVzZVRvR3JvdXBSZXN1bHRzPSJGYWxzZSIgLz4NCiAgICAgICAgPFF1ZXJ5U3RyaW5nUGFyYW1ldGVyIE5hbWU9Im5iXzI1IiBWYWx1ZT0iTWFya3RwbGFhdHMiIFJlY29yZGVkVmFsdWU9Ik1hcmt0cGxhYXRzIiBDb3JyZWxhdGlvbkJpbmRpbmc9IiIgVXJsRW5jb2RlPSJGYWxzZSIgVXNlVG9Hcm91cFJlc3VsdHM9IkZhbHNlIiAvPg0KICAgICAgICA8UXVlcnlTdHJpbmdQYXJhbWV0ZXIgTmFtZT0ibmJfMjciIFZhbHVlPSJzZWFyY2giIFJlY29yZGVkVmFsdWU9InNlYXJjaCIgQ29ycmVsYXRpb25CaW5kaW5nPSIiIFVybEVuY29kZT0iRmFsc2UiIFVzZVRvR3JvdXBSZXN1bHRzPSJGYWxzZSIgLz4NCiAgICAgICAgPFF1ZXJ5U3RyaW5nUGFyYW1ldGVyIE5hbWU9Im5iXzI4IiBWYWx1ZT0iaW5kZXgiIFJlY29yZGVkVmFsdWU9ImluZGV4IiBDb3JyZWxhdGlvbkJpbmRpbmc9IiIgVXJsRW5jb2RlPSJGYWxzZSIgVXNlVG9Hcm91cFJlc3VsdHM9IkZhbHNlIiAvPg0KICAgICAgICA8UXVlcnlTdHJpbmdQYXJhbWV0ZXIgTmFtZT0ibmJfMjkiIFZhbHVlPSJnZW5lcmFsIiBSZWNvcmRlZFZhbHVlPSJnZW5lcmFsIiBDb3JyZWxhdGlvbkJpbmRpbmc9IiIgVXJsRW5jb2RlPSJGYWxzZSIgVXNlVG9Hcm91cFJlc3VsdHM9IkZhbHNlIiAvPg0KICAgICAgICA8UXVlcnlTdHJpbmdQYXJhbWV0ZXIgTmFtZT0ibnNfX3QiIFZhbHVlPSIxNTI4ODA2NDE0OTAxIiBSZWNvcmRlZFZhbHVlPSIxNTI4ODA2NDE0OTAxIiBDb3JyZWxhdGlvbkJpbmRpbmc9IiIgVXJsRW5jb2RlPSJGYWxzZSIgVXNlVG9Hcm91cFJlc3VsdHM9IkZhbHNlIiAvPg0KICAgICAgICA8UXVlcnlTdHJpbmdQYXJhbWV0ZXIgTmFtZT0ibnNfYyIgVmFsdWU9InV0Zi04IiBSZWNvcmRlZFZhbHVlPSJ1dGYtOCIgQ29ycmVsYXRpb25CaW5kaW5nPSIiIFVybEVuY29kZT0iRmFsc2UiIFVzZVRvR3JvdXBSZXN1bHRzPSJGYWxzZSIgLz4NCiAgICAgICAgPFF1ZXJ5U3RyaW5nUGFyYW1ldGVyIE5hbWU9ImM4IiBWYWx1ZT0iJUUyJTg5JUE1JTIwVmluZCUyMGF1dG8lMjBvcCUyME1hcmt0cGxhYXRzLm5sIiBSZWNvcmRlZFZhbHVlPSIlRTIlODklQTUlMjBWaW5kJTIwYXV0byUyMG9wJTIwTWFya3RwbGFhdHMubmwiIENvcnJlbGF0aW9uQmluZGluZz0iIiBVcmxFbmNvZGU9IkZhbHNlIiBVc2VUb0dyb3VwUmVzdWx0cz0iRmFsc2UiIC8+DQogICAgICAgIDxRdWVyeVN0cmluZ1BhcmFtZXRlciBOYW1lPSJjNyIgVmFsdWU9Imh0dHBzJTNBJTJGJTJGd3d3Lm1hcmt0cGxhYXRzLm5sJTJGei5odG1sJTNGcXVlcnklM0RhdXRvJTI2Y2F0ZWdvcnlJZCUzRDAlMjZwb3N0Y29kZSUzRCUyNmRpc3RhbmNlJTNEMCIgUmVjb3JkZWRWYWx1ZT0iaHR0cHMlM0ElMkYlMkZ3d3cubWFya3RwbGFhdHMubmwlMkZ6Lmh0bWwlM0ZxdWVyeSUzRGF1dG8lMjZjYXRlZ29yeUlkJTNEMCUyNnBvc3Rjb2RlJTNEJTI2ZGlzdGFuY2UlM0QwIiBDb3JyZWxhdGlvbkJpbmRpbmc9IiIgVXJsRW5jb2RlPSJGYWxzZSIgVXNlVG9Hcm91cFJlc3VsdHM9IkZhbHNlIiAvPg0KICAgICAgICA8UXVlcnlTdHJpbmdQYXJhbWV0ZXIgTmFtZT0iYzkiIFZhbHVlPSJodHRwcyUzQSUyRiUyRnd3dy5tYXJrdHBsYWF0cy5ubCUyRiIgUmVjb3JkZWRWYWx1ZT0iaHR0cHMlM0ElMkYlMkZ3d3cubWFya3RwbGFhdHMubmwlMkYiIENvcnJlbGF0aW9uQmluZGluZz0iIiBVcmxFbmNvZGU9IkZhbHNlIiBVc2VUb0dyb3VwUmVzdWx0cz0iRmFsc2UiIC8+DQogICAgICA8L1F1ZXJ5U3RyaW5nUGFyYW1ldGVycz4NCiAgICA8L1JlcXVlc3Q+DQogICAgPFJlcXVlc3QgTWV0aG9kPSJHRVQiIEd1aWQ9ImI4OTU1YTE4LWYyZjAtNGNlYy1iNzhlLTFjMDBmOGVlMmU4OCIgVmVyc2lvbj0iMS4xIiBVcmw9Imh0dHBzOi8vaGItZW5kcG9pbnQtZWxiLTMwNzg0MTQxMS5hZG9taWsuY29tLyIgVGhpbmtUaW1lPSIwIiBUaW1lb3V0PSIzMDAiIFBhcnNlRGVwZW5kZW50UmVxdWVzdHM9IlRydWUiIEZvbGxvd1JlZGlyZWN0cz0iVHJ1ZSIgUmVjb3JkUmVzdWx0PSJUcnVlIiBDYWNoZT0iRmFsc2UiIFJlc3BvbnNlVGltZUdvYWw9IjAiIEVuY29kaW5nPSJ1dGYtOCIgRXhwZWN0ZWRIdHRwU3RhdHVzQ29kZT0iMCIgRXhwZWN0ZWRSZXNwb25zZVVybD0iIiBSZXBvcnRpbmdOYW1lPSIiIElnbm9yZUh0dHBTdGF0dXNDb2RlPSJGYWxzZSI+DQogICAgICA8SGVhZGVycz4NCiAgICAgICAgPEhlYWRlciBOYW1lPSJSZWZlcmVyIiBWYWx1ZT0iaHR0cHM6Ly93d3cubWFya3RwbGFhdHMubmwvei5odG1sP3F1ZXJ5PWF1dG8mYW1wO2NhdGVnb3J5SWQ9MCZhbXA7cG9zdGNvZGU9JmFtcDtkaXN0YW5jZT0wIiAvPg0KICAgICAgPC9IZWFkZXJzPg0KICAgICAgPFF1ZXJ5U3RyaW5nUGFyYW1ldGVycz4NCiAgICAgICAgPFF1ZXJ5U3RyaW5nUGFyYW1ldGVyIE5hbWU9InEiIFZhbHVlPSJKRzFoY210MGNHeGhZWFJ6TFRrMk56UXlNdiUyRlQwZVFJSkhkM2R5NXRZWEpyZEhCc1lXRjBjeTV1YkFwR0x6UXlPREl2ZDJWaUwyMXdibXd1TUM5elpXRnlZMmd2YzNKd0wyeHljRjkwYjNBQ3NBdTBBUUFJRGxKVlFrbERUMDRjU1UxUVVrOVdSVVJKUjBsVVFVd2FTVTVFUlZoRldFTklRVTVIUlJCQlVGQk9SVmhWVXdBT0lESTVNMlV3TVdReVpUUmlNVEU1TVRnYVNVNUVSVmhGV0VOSVFVNUhSUUFBQUFBQUFBQUNBQ0F6TUdFMll6bGtPR0kzTldNell6ZzRHa2xPUkVWWVJWaERTRUZPUjBVQUFBQUFBQUFBQWdBZU16RmhaR1V4TURSbU5EVTJaVGMxR2tsT1JFVllSVmhEU0VGT1IwVUFBQUFBQUFBQ0FnQWdNekkxTkdNMVpEWTBaRE0zTkRjMFl4cEpUa1JGV0VWWVEwaEJUa2RGQUFBQUFBQUFCQUlBSGpFNVpHVmxaVFJrT1RCbE1UZGhaQkJCVUZCT1JWaFZVd0FBQUFBQUFQUUNBZ0FnTXpka09HSmlOVGMwT0dJeVlUTXhPQnBKVGtSRldFVllRMGhCVGtkRkFBQUFBQUFBc2dRQ0FDQXpPRE13TldRNFkyRXlObVF5TjJZMEdrbE9SRVZZUlZoRFNFRk9SMFVBQUFBQUFBQzBCQUlBQUFCR0x6UXlPREl2ZDJWaUwyMXdibXd1TUM5elpXRnlZMmd2YzNKd0wyeHljRjl0YVdRQzhBdklBUUFJRGxKVlFrbERUMDRjU1UxUVVrOVdSVVJKUjBsVVFVd2FTVTVFUlZoRldFTklRVTVIUlJCQlVGQk9SVmhWVXdBR0lETXpOR0poTTJRME1UaGxPREppWkdNYVNVNUVSVmhGV0VOSVFVNUhSUUFBQUFBQUFBZ0NBQjR5TUdNeE5UWTFPVEE1WkRKbFptVVFRVkJRVGtWWVZWTUFBQUFBQUFDYUJBSUFIak01WWpJMU5qVTJNVEJqT0dKbU54cEpUa1JGV0VWWVEwaEJUa2RGQUFBQUFBQUF0QVFDQUFBQVNDODBNamd5TDNkbFlpOXRjRzVzTGpBdmMyVmhjbU5vTDNOeWNDOXNjbkJmYkdWbWRBTHdBYkFKQUFnT1VsVkNTVU5QVGh4SlRWQlNUMVpGUkVsSFNWUkJUQnBKVGtSRldFVllRMGhCVGtkRkVFRlFVRTVGV0ZWVEFBZ2VNelJtT0ROalpUZzVPREl5TW1ZMUdrbE9SRVZZUlZoRFNFRk9SMFVBQUFBQUFBQUlBZ0FnTWpFMk5XWXdaV00wTWpSak0yTXhPQkJCVUZCT1JWaFZVNW4wZnolMkZ3QWJBSmtnUUFBQ0EwTUdVd05ETm1Nek0yTkRJMU1EazRHa2xPUkVWWVJWaERTRUZPUjBVQUFBQUFBQUMyQkFJQUlEUXhNakEyT0daaE1URXlNelJpWXpnYVNVNUVSVmhGV0VOSVFVNUhSUUFBQUFBQUFMZ0VBZ0FBQUVZdk5ESTRNaTkzWldJdmJYQnViQzR3TDNObFlYSmphQzl6Y25BdmJISndYMkp2ZEFLb0IzZ0FDQTVTVlVKSlEwOU9IRWxOVUZKUFZrVkVTVWRKVkVGTUdrbE9SRVZZUlZoRFNFRk9SMFVRUVZCUVRrVllWVk1BQmlBek5URTJNRFkwTldObFpqTTBaalEwR2tsT1JFVllSVmhEU0VGT1IwVUFBQUFBQUFBSUFnQWNNakpsTm1ZellUazJObVppWTJVUVFWQlFUa1ZZVlZNQUFBQUFBQUQ2QXdJQUlEUXlORFE0TlRFM05XUm1OekptTW1NYVNVNUVSVmhGV0VOSVFVNUhSUUFBQUFBQUFMZ0VBZ0FBQUVvdk5ESTRNaTkzWldJdmJYQnViQzR3TDNObFlYSmphQzl6Y25BdmJISndYMnhsWm5ReEF2QUJzQWtBQmc1U1ZVSkpRMDlPR2tsT1JFVllSVmhEU0VGT1IwVVFRVkJRVGtWWVZWTUFCQ0EwTXpsaFlUQXpabVppTUdWbU4ySTRHa2xPUkVWWVJWaERTRUZPUjBVQUFBQUFBQUM2QkFJQUlEUTBaRGd3WXpCaU5XTXpOMkZoTnpnYVNVNUVSVmhGV0VOSVFVNUhSUUFBQUFBQUFMb0VBZ0FBQUFBJTNEIiBSZWNvcmRlZFZhbHVlPSJKRzFoY210MGNHeGhZWFJ6TFRrMk56UXlNdiUyRlQwZVFJSkhkM2R5NXRZWEpyZEhCc1lXRjBjeTV1YkFwR0x6UXlPREl2ZDJWaUwyMXdibXd1TUM5elpXRnlZMmd2YzNKd0wyeHljRjkwYjNBQ3NBdTBBUUFJRGxKVlFrbERUMDRjU1UxUVVrOVdSVVJKUjBsVVFVd2FTVTVFUlZoRldFTklRVTVIUlJCQlVGQk9SVmhWVXdBT0lESTVNMlV3TVdReVpUUmlNVEU1TVRnYVNVNUVSVmhGV0VOSVFVNUhSUUFBQUFBQUFBQUNBQ0F6TUdFMll6bGtPR0kzTldNell6ZzRHa2xPUkVWWVJWaERTRUZPUjBVQUFBQUFBQUFBQWdBZU16RmhaR1V4TURSbU5EVTJaVGMxR2tsT1JFVllSVmhEU0VGT1IwVUFBQUFBQUFBQ0FnQWdNekkxTkdNMVpEWTBaRE0zTkRjMFl4cEpUa1JGV0VWWVEwaEJUa2RGQUFBQUFBQUFCQUlBSGpFNVpHVmxaVFJrT1RCbE1UZGhaQkJCVUZCT1JWaFZVd0FBQUFBQUFQUUNBZ0FnTXpka09HSmlOVGMwT0dJeVlUTXhPQnBKVGtSRldFVllRMGhCVGtkRkFBQUFBQUFBc2dRQ0FDQXpPRE13TldRNFkyRXlObVF5TjJZMEdrbE9SRVZZUlZoRFNFRk9SMFVBQUFBQUFBQzBCQUlBQUFCR0x6UXlPREl2ZDJWaUwyMXdibXd1TUM5elpXRnlZMmd2YzNKd0wyeHljRjl0YVdRQzhBdklBUUFJRGxKVlFrbERUMDRjU1UxUVVrOVdSVVJKUjBsVVFVd2FTVTVFUlZoRldFTklRVTVIUlJCQlVGQk9SVmhWVXdBR0lETXpOR0poTTJRME1UaGxPREppWkdNYVNVNUVSVmhGV0VOSVFVNUhSUUFBQUFBQUFBZ0NBQjR5TUdNeE5UWTFPVEE1WkRKbFptVVFRVkJRVGtWWVZWTUFBQUFBQUFDYUJBSUFIak01WWpJMU5qVTJNVEJqT0dKbU54cEpUa1JGV0VWWVEwaEJUa2RGQUFBQUFBQUF0QVFDQUFBQVNDODBNamd5TDNkbFlpOXRjRzVzTGpBdmMyVmhjbU5vTDNOeWNDOXNjbkJmYkdWbWRBTHdBYkFKQUFnT1VsVkNTVU5QVGh4SlRWQlNUMVpGUkVsSFNWUkJUQnBKVGtSRldFVllRMGhCVGtkRkVFRlFVRTVGV0ZWVEFBZ2VNelJtT0ROalpUZzVPREl5TW1ZMUdrbE9SRVZZUlZoRFNFRk9SMFVBQUFBQUFBQUlBZ0FnTWpFMk5XWXdaV00wTWpSak0yTXhPQkJCVUZCT1JWaFZVNW4wZnolMkZ3QWJBSmtnUUFBQ0EwTUdVd05ETm1Nek0yTkRJMU1EazRHa2xPUkVWWVJWaERTRUZPUjBVQUFBQUFBQUMyQkFJQUlEUXhNakEyT0daaE1URXlNelJpWXpnYVNVNUVSVmhGV0VOSVFVNUhSUUFBQUFBQUFMZ0VBZ0FBQUVZdk5ESTRNaTkzWldJdmJYQnViQzR3TDNObFlYSmphQzl6Y25BdmJISndYMkp2ZEFLb0IzZ0FDQTVTVlVKSlEwOU9IRWxOVUZKUFZrVkVTVWRKVkVGTUdrbE9SRVZZUlZoRFNFRk9SMFVRUVZCUVRrVllWVk1BQmlBek5URTJNRFkwTldObFpqTTBaalEwR2tsT1JFVllSVmhEU0VGT1IwVUFBQUFBQUFBSUFnQWNNakpsTm1ZellUazJObVppWTJVUVFWQlFUa1ZZVlZNQUFBQUFBQUQ2QXdJQUlEUXlORFE0TlRFM05XUm1OekptTW1NYVNVNUVSVmhGV0VOSVFVNUhSUUFBQUFBQUFMZ0VBZ0FBQUVvdk5ESTRNaTkzWldJdmJYQnViQzR3TDNObFlYSmphQzl6Y25BdmJISndYMnhsWm5ReEF2QUJzQWtBQmc1U1ZVSkpRMDlPR2tsT1JFVllSVmhEU0VGT1IwVVFRVkJRVGtWWVZWTUFCQ0EwTXpsaFlUQXpabVppTUdWbU4ySTRHa2xPUkVWWVJWaERTRUZPUjBVQUFBQUFBQUM2QkFJQUlEUTBaRGd3WXpCaU5XTXpOMkZoTnpnYVNVNUVSVmhGV0VOSVFVNUhSUUFBQUFBQUFMb0VBZ0FBQUFBJTNEIiBDb3JyZWxhdGlvbkJpbmRpbmc9IiIgVXJsRW5jb2RlPSJGYWxzZSIgVXNlVG9Hcm91cFJlc3VsdHM9IkZhbHNlIiAvPg0KICAgICAgPC9RdWVyeVN0cmluZ1BhcmFtZXRlcnM+DQogICAgPC9SZXF1ZXN0Pg0KICAgIDxSZXF1ZXN0IE1ldGhvZD0iR0VUIiBHdWlkPSIzMzdmNjAyMy1hOWYwLTRlMTMtOWM4OC1kZTYyYTUwYWU1ZmMiIFZlcnNpb249IjEuMSIgVXJsPSJodHRwczovL2dvb2dsZWFkcy5nLmRvdWJsZWNsaWNrLm5ldC9wYWdlYWQvdmlld3Rocm91Z2hjb252ZXJzaW9uLzk1NjQwNzcwNy8iIFRoaW5rVGltZT0iMCIgVGltZW91dD0iMzAwIiBQYXJzZURlcGVuZGVudFJlcXVlc3RzPSJUcnVlIiBGb2xsb3dSZWRpcmVjdHM9IlRydWUiIFJlY29yZFJlc3VsdD0iVHJ1ZSIgQ2FjaGU9IkZhbHNlIiBSZXNwb25zZVRpbWVHb2FsPSIwIiBFbmNvZGluZz0idXRmLTgiIEV4cGVjdGVkSHR0cFN0YXR1c0NvZGU9IjAiIEV4cGVjdGVkUmVzcG9uc2VVcmw9IiIgUmVwb3J0aW5nTmFtZT0iIiBJZ25vcmVIdHRwU3RhdHVzQ29kZT0iRmFsc2UiPg0KICAgICAgPEhlYWRlcnM+DQogICAgICAgIDxIZWFkZXIgTmFtZT0iUmVmZXJlciIgVmFsdWU9Imh0dHBzOi8vd3d3Lm1hcmt0cGxhYXRzLm5sL3ouaHRtbD9xdWVyeT1hdXRvJmFtcDtjYXRlZ29yeUlkPTAmYW1wO3Bvc3Rjb2RlPSZhbXA7ZGlzdGFuY2U9MCIgLz4NCiAgICAgIDwvSGVhZGVycz4NCiAgICAgIDxRdWVyeVN0cmluZ1BhcmFtZXRlcnM+DQogICAgICAgIDxRdWVyeVN0cmluZ1BhcmFtZXRlciBOYW1lPSJyYW5kb20iIFZhbHVlPSIxNTI4ODA2NDE0OTY4IiBSZWNvcmRlZFZhbHVlPSIxNTI4ODA2NDE0OTY4IiBDb3JyZWxhdGlvbkJpbmRpbmc9IiIgVXJsRW5jb2RlPSJGYWxzZSIgVXNlVG9Hcm91cFJlc3VsdHM9IkZhbHNlIiAvPg0KICAgICAgICA8UXVlcnlTdHJpbmdQYXJhbWV0ZXIgTmFtZT0iY3YiIFZhbHVlPSI5IiBSZWNvcmRlZFZhbHVlPSI5IiBDb3JyZWxhdGlvbkJpbmRpbmc9IiIgVXJsRW5jb2RlPSJGYWxzZSIgVXNlVG9Hcm91cFJlc3VsdHM9IkZhbHNlIiAvPg0KICAgICAgICA8UXVlcnlTdHJpbmdQYXJhbWV0ZXIgTmFtZT0iZnN0IiBWYWx1ZT0iMTUyODgwNjQxNDk2OCIgUmVjb3JkZWRWYWx1ZT0iMTUyODgwNjQxNDk2OCIgQ29ycmVsYXRpb25CaW5kaW5nPSIiIFVybEVuY29kZT0iRmFsc2UiIFVzZVRvR3JvdXBSZXN1bHRzPSJGYWxzZSIgLz4NCiAgICAgICAgPFF1ZXJ5U3RyaW5nUGFyYW1ldGVyIE5hbWU9Im51bSIgVmFsdWU9IjEiIFJlY29yZGVkVmFsdWU9IjEiIENvcnJlbGF0aW9uQmluZGluZz0iIiBVcmxFbmNvZGU9IkZhbHNlIiBVc2VUb0dyb3VwUmVzdWx0cz0iRmFsc2UiIC8+DQogICAgICAgIDxRdWVyeVN0cmluZ1BhcmFtZXRlciBOYW1lPSJndWlkIiBWYWx1ZT0iT04iIFJlY29yZGVkVmFsdWU9Ik9OIiBDb3JyZWxhdGlvbkJpbmRpbmc9IiIgVXJsRW5jb2RlPSJGYWxzZSIgVXNlVG9Hcm91cFJlc3VsdHM9IkZhbHNlIiAvPg0KICAgICAgICA8UXVlcnlTdHJpbmdQYXJhbWV0ZXIgTmFtZT0icmVzcCIgVmFsdWU9Ikdvb2dsZW1LVHliUWhDc08iIFJlY29yZGVkVmFsdWU9Ikdvb2dsZW1LVHliUWhDc08iIENvcnJlbGF0aW9uQmluZGluZz0iIiBVcmxFbmNvZGU9IkZhbHNlIiBVc2VUb0dyb3VwUmVzdWx0cz0iRmFsc2UiIC8+DQogICAgICAgIDxRdWVyeVN0cmluZ1BhcmFtZXRlciBOYW1lPSJ1X2giIFZhbHVlPSI5NTUiIFJlY29yZGVkVmFsdWU9Ijk1NSIgQ29ycmVsYXRpb25CaW5kaW5nPSIiIFVybEVuY29kZT0iRmFsc2UiIFVzZVRvR3JvdXBSZXN1bHRzPSJGYWxzZSIgLz4NCiAgICAgICAgPFF1ZXJ5U3RyaW5nUGFyYW1ldGVyIE5hbWU9InVfdyIgVmFsdWU9IjE1MjciIFJlY29yZGVkVmFsdWU9IjE1MjciIENvcnJlbGF0aW9uQmluZGluZz0iIiBVcmxFbmNvZGU9IkZhbHNlIiBVc2VUb0dyb3VwUmVzdWx0cz0iRmFsc2UiIC8+DQogICAgICAgIDxRdWVyeVN0cmluZ1BhcmFtZXRlciBOYW1lPSJ1X2FoIiBWYWx1ZT0iOTE4IiBSZWNvcmRlZFZhbHVlPSI5MTgiIENvcnJlbGF0aW9uQmluZGluZz0iIiBVcmxFbmNvZGU9IkZhbHNlIiBVc2VUb0dyb3VwUmVzdWx0cz0iRmFsc2UiIC8+DQogICAgICAgIDxRdWVyeVN0cmluZ1BhcmFtZXRlciBOYW1lPSJ1X2F3IiBWYWx1ZT0iMTUyNyIgUmVjb3JkZWRWYWx1ZT0iMTUyNyIgQ29ycmVsYXRpb25CaW5kaW5nPSIiIFVybEVuY29kZT0iRmFsc2UiIFVzZVRvR3JvdXBSZXN1bHRzPSJGYWxzZSIgLz4NCiAgICAgICAgPFF1ZXJ5U3RyaW5nUGFyYW1ldGVyIE5hbWU9InVfY2QiIFZhbHVlPSIyNCIgUmVjb3JkZWRWYWx1ZT0iMjQiIENvcnJlbGF0aW9uQmluZGluZz0iIiBVcmxFbmNvZGU9IkZhbHNlIiBVc2VUb0dyb3VwUmVzdWx0cz0iRmFsc2UiIC8+DQogICAgICAgIDxRdWVyeVN0cmluZ1BhcmFtZXRlciBOYW1lPSJ1X2hpcyIgVmFsdWU9IjMiIFJlY29yZGVkVmFsdWU9IjMiIENvcnJlbGF0aW9uQmluZGluZz0iIiBVcmxFbmNvZGU9IkZhbHNlIiBVc2VUb0dyb3VwUmVzdWx0cz0iRmFsc2UiIC8+DQogICAgICAgIDxRdWVyeVN0cmluZ1BhcmFtZXRlciBOYW1lPSJ1X3R6IiBWYWx1ZT0iMTIwIiBSZWNvcmRlZFZhbHVlPSIxMjAiIENvcnJlbGF0aW9uQmluZGluZz0iIiBVcmxFbmNvZGU9IkZhbHNlIiBVc2VUb0dyb3VwUmVzdWx0cz0iRmFsc2UiIC8+DQogICAgICAgIDxRdWVyeVN0cmluZ1BhcmFtZXRlciBOYW1lPSJ1X2phdmEiIFZhbHVlPSJ0cnVlIiBSZWNvcmRlZFZhbHVlPSJ0cnVlIiBDb3JyZWxhdGlvbkJpbmRpbmc9IiIgVXJsRW5jb2RlPSJGYWxzZSIgVXNlVG9Hcm91cFJlc3VsdHM9IkZhbHNlIiAvPg0KICAgICAgICA8UXVlcnlTdHJpbmdQYXJhbWV0ZXIgTmFtZT0idV9ucGx1ZyIgVmFsdWU9IjEiIFJlY29yZGVkVmFsdWU9IjEiIENvcnJlbGF0aW9uQmluZGluZz0iIiBVcmxFbmNvZGU9IkZhbHNlIiBVc2VUb0dyb3VwUmVzdWx0cz0iRmFsc2UiIC8+DQogICAgICAgIDxRdWVyeVN0cmluZ1BhcmFtZXRlciBOYW1lPSJ1X25taW1lIiBWYWx1ZT0iMiIgUmVjb3JkZWRWYWx1ZT0iMiIgQ29ycmVsYXRpb25CaW5kaW5nPSIiIFVybEVuY29kZT0iRmFsc2UiIFVzZVRvR3JvdXBSZXN1bHRzPSJGYWxzZSIgLz4NCiAgICAgICAgPFF1ZXJ5U3RyaW5nUGFyYW1ldGVyIE5hbWU9Imd0bSIgVmFsdWU9Ikc2NCIgUmVjb3JkZWRWYWx1ZT0iRzY0IiBDb3JyZWxhdGlvbkJpbmRpbmc9IiIgVXJsRW5jb2RlPSJGYWxzZSIgVXNlVG9Hcm91cFJlc3VsdHM9IkZhbHNlIiAvPg0KICAgICAgICA8UXVlcnlTdHJpbmdQYXJhbWV0ZXIgTmFtZT0iZnJtIiBWYWx1ZT0iMCIgUmVjb3JkZWRWYWx1ZT0iMCIgQ29ycmVsYXRpb25CaW5kaW5nPSIiIFVybEVuY29kZT0iRmFsc2UiIFVzZVRvR3JvdXBSZXN1bHRzPSJGYWxzZSIgLz4NCiAgICAgICAgPFF1ZXJ5U3RyaW5nUGFyYW1ldGVyIE5hbWU9InVybCIgVmFsdWU9Imh0dHBzJTNBJTJGJTJGd3d3Lm1hcmt0cGxhYXRzLm5sJTJGei5odG1sJTNGcXVlcnklM0RhdXRvJTI2Y2F0ZWdvcnlJZCUzRDAlMjZwb3N0Y29kZSUzRCUyNmRpc3RhbmNlJTNEMCIgUmVjb3JkZWRWYWx1ZT0iaHR0cHMlM0ElMkYlMkZ3d3cubWFya3RwbGFhdHMubmwlMkZ6Lmh0bWwlM0ZxdWVyeSUzRGF1dG8lMjZjYXRlZ29yeUlkJTNEMCUyNnBvc3Rjb2RlJTNEJTI2ZGlzdGFuY2UlM0QwIiBDb3JyZWxhdGlvbkJpbmRpbmc9IiIgVXJsRW5jb2RlPSJGYWxzZSIgVXNlVG9Hcm91cFJlc3VsdHM9IkZhbHNlIiAvPg0KICAgICAgICA8UXVlcnlTdHJpbmdQYXJhbWV0ZXIgTmFtZT0icmVmIiBWYWx1ZT0iaHR0cHMlM0ElMkYlMkZ3d3cubWFya3RwbGFhdHMubmwlMkYiIFJlY29yZGVkVmFsdWU9Imh0dHBzJTNBJTJGJTJGd3d3Lm1hcmt0cGxhYXRzLm5sJTJGIiBDb3JyZWxhdGlvbkJpbmRpbmc9IiIgVXJsRW5jb2RlPSJGYWxzZSIgVXNlVG9Hcm91cFJlc3VsdHM9IkZhbHNlIiAvPg0KICAgICAgICA8UXVlcnlTdHJpbmdQYXJhbWV0ZXIgTmFtZT0idGliYSIgVmFsdWU9IiVFMiU4OSVBNSUyMFZpbmQlMjBhdXRvJTIwb3AlMjBNYXJrdHBsYWF0cy5ubCIgUmVjb3JkZWRWYWx1ZT0iJUUyJTg5JUE1JTIwVmluZCUyMGF1dG8lMjBvcCUyME1hcmt0cGxhYXRzLm5sIiBDb3JyZWxhdGlvbkJpbmRpbmc9IiIgVXJsRW5jb2RlPSJGYWxzZSIgVXNlVG9Hcm91cFJlc3VsdHM9IkZhbHNlIiAvPg0KICAgICAgICA8UXVlcnlTdHJpbmdQYXJhbWV0ZXIgTmFtZT0iYXN5bmMiIFZhbHVlPSIxIiBSZWNvcmRlZFZhbHVlPSIxIiBDb3JyZWxhdGlvbkJpbmRpbmc9IiIgVXJsRW5jb2RlPSJGYWxzZSIgVXNlVG9Hcm91cFJlc3VsdHM9IkZhbHNlIiAvPg0KICAgICAgICA8UXVlcnlTdHJpbmdQYXJhbWV0ZXIgTmFtZT0icmZtdCIgVmFsdWU9IjMiIFJlY29yZGVkVmFsdWU9IjMiIENvcnJlbGF0aW9uQmluZGluZz0iIiBVcmxFbmNvZGU9IkZhbHNlIiBVc2VUb0dyb3VwUmVzdWx0cz0iRmFsc2UiIC8+DQogICAgICAgIDxRdWVyeVN0cmluZ1BhcmFtZXRlciBOYW1lPSJmbXQiIFZhbHVlPSI0IiBSZWNvcmRlZFZhbHVlPSI0IiBDb3JyZWxhdGlvbkJpbmRpbmc9IiIgVXJsRW5jb2RlPSJGYWxzZSIgVXNlVG9Hcm91cFJlc3VsdHM9IkZhbHNlIiAvPg0KICAgICAgPC9RdWVyeVN0cmluZ1BhcmFtZXRlcnM+DQogICAgPC9SZXF1ZXN0Pg0KICAgIDxSZXF1ZXN0IE1ldGhvZD0iR0VUIiBHdWlkPSJhZjllNWFjYy0zMjVlLTRiZTctOTRjMi1mZjlkNDRmZDJiODEiIFZlcnNpb249IjEuMSIgVXJsPSJodHRwczovL2dvb2dsZWFkcy5nLmRvdWJsZWNsaWNrLm5ldC9wYWdlYWQvdmlld3Rocm91Z2hjb252ZXJzaW9uLzk1NzY2OTkzNi8iIFRoaW5rVGltZT0iMCIgVGltZW91dD0iMzAwIiBQYXJzZURlcGVuZGVudFJlcXVlc3RzPSJUcnVlIiBGb2xsb3dSZWRpcmVjdHM9IlRydWUiIFJlY29yZFJlc3VsdD0iVHJ1ZSIgQ2FjaGU9IkZhbHNlIiBSZXNwb25zZVRpbWVHb2FsPSIwIiBFbmNvZGluZz0idXRmLTgiIEV4cGVjdGVkSHR0cFN0YXR1c0NvZGU9IjAiIEV4cGVjdGVkUmVzcG9uc2VVcmw9IiIgUmVwb3J0aW5nTmFtZT0iIiBJZ25vcmVIdHRwU3RhdHVzQ29kZT0iRmFsc2UiPg0KICAgICAgPEhlYWRlcnM+DQogICAgICAgIDxIZWFkZXIgTmFtZT0iUmVmZXJlciIgVmFsdWU9Imh0dHBzOi8vd3d3Lm1hcmt0cGxhYXRzLm5sL3ouaHRtbD9xdWVyeT1hdXRvJmFtcDtjYXRlZ29yeUlkPTAmYW1wO3Bvc3Rjb2RlPSZhbXA7ZGlzdGFuY2U9MCIgLz4NCiAgICAgIDwvSGVhZGVycz4NCiAgICAgIDxRdWVyeVN0cmluZ1BhcmFtZXRlcnM+DQogICAgICAgIDxRdWVyeVN0cmluZ1BhcmFtZXRlciBOYW1lPSJyYW5kb20iIFZhbHVlPSIxNTI4ODA2NDE0OTc0IiBSZWNvcmRlZFZhbHVlPSIxNTI4ODA2NDE0OTc0IiBDb3JyZWxhdGlvbkJpbmRpbmc9IiIgVXJsRW5jb2RlPSJGYWxzZSIgVXNlVG9Hcm91cFJlc3VsdHM9IkZhbHNlIiAvPg0KICAgICAgICA8UXVlcnlTdHJpbmdQYXJhbWV0ZXIgTmFtZT0iY3YiIFZhbHVlPSI5IiBSZWNvcmRlZFZhbHVlPSI5IiBDb3JyZWxhdGlvbkJpbmRpbmc9IiIgVXJsRW5jb2RlPSJGYWxzZSIgVXNlVG9Hcm91cFJlc3VsdHM9IkZhbHNlIiAvPg0KICAgICAgICA8UXVlcnlTdHJpbmdQYXJhbWV0ZXIgTmFtZT0iZnN0IiBWYWx1ZT0iMTUyODgwNjQxNDk3NCIgUmVjb3JkZWRWYWx1ZT0iMTUyODgwNjQxNDk3NCIgQ29ycmVsYXRpb25CaW5kaW5nPSIiIFVybEVuY29kZT0iRmFsc2UiIFVzZVRvR3JvdXBSZXN1bHRzPSJGYWxzZSIgLz4NCiAgICAgICAgPFF1ZXJ5U3RyaW5nUGFyYW1ldGVyIE5hbWU9Im51bSIgVmFsdWU9IjEiIFJlY29yZGVkVmFsdWU9IjEiIENvcnJlbGF0aW9uQmluZGluZz0iIiBVcmxFbmNvZGU9IkZhbHNlIiBVc2VUb0dyb3VwUmVzdWx0cz0iRmFsc2UiIC8+DQogICAgICAgIDxRdWVyeVN0cmluZ1BhcmFtZXRlciBOYW1lPSJndWlkIiBWYWx1ZT0iT04iIFJlY29yZGVkVmFsdWU9Ik9OIiBDb3JyZWxhdGlvbkJpbmRpbmc9IiIgVXJsRW5jb2RlPSJGYWxzZSIgVXNlVG9Hcm91cFJlc3VsdHM9IkZhbHNlIiAvPg0KICAgICAgICA8UXVlcnlTdHJpbmdQYXJhbWV0ZXIgTmFtZT0icmVzcCIgVmFsdWU9Ikdvb2dsZW1LVHliUWhDc08iIFJlY29yZGVkVmFsdWU9Ikdvb2dsZW1LVHliUWhDc08iIENvcnJlbGF0aW9uQmluZGluZz0iIiBVcmxFbmNvZGU9IkZhbHNlIiBVc2VUb0dyb3VwUmVzdWx0cz0iRmFsc2UiIC8+DQogICAgICAgIDxRdWVyeVN0cmluZ1BhcmFtZXRlciBOYW1lPSJ1X2giIFZhbHVlPSI5NTUiIFJlY29yZGVkVmFsdWU9Ijk1NSIgQ29ycmVsYXRpb25CaW5kaW5nPSIiIFVybEVuY29kZT0iRmFsc2UiIFVzZVRvR3JvdXBSZXN1bHRzPSJGYWxzZSIgLz4NCiAgICAgICAgPFF1ZXJ5U3RyaW5nUGFyYW1ldGVyIE5hbWU9InVfdyIgVmFsdWU9IjE1MjciIFJlY29yZGVkVmFsdWU9IjE1MjciIENvcnJlbGF0aW9uQmluZGluZz0iIiBVcmxFbmNvZGU9IkZhbHNlIiBVc2VUb0dyb3VwUmVzdWx0cz0iRmFsc2UiIC8+DQogICAgICAgIDxRdWVyeVN0cmluZ1BhcmFtZXRlciBOYW1lPSJ1X2FoIiBWYWx1ZT0iOTE4IiBSZWNvcmRlZFZhbHVlPSI5MTgiIENvcnJlbGF0aW9uQmluZGluZz0iIiBVcmxFbmNvZGU9IkZhbHNlIiBVc2VUb0dyb3VwUmVzdWx0cz0iRmFsc2UiIC8+DQogICAgICAgIDxRdWVyeVN0cmluZ1BhcmFtZXRlciBOYW1lPSJ1X2F3IiBWYWx1ZT0iMTUyNyIgUmVjb3JkZWRWYWx1ZT0iMTUyNyIgQ29ycmVsYXRpb25CaW5kaW5nPSIiIFVybEVuY29kZT0iRmFsc2UiIFVzZVRvR3JvdXBSZXN1bHRzPSJGYWxzZSIgLz4NCiAgICAgICAgPFF1ZXJ5U3RyaW5nUGFyYW1ldGVyIE5hbWU9InVfY2QiIFZhbHVlPSIyNCIgUmVjb3JkZWRWYWx1ZT0iMjQiIENvcnJlbGF0aW9uQmluZGluZz0iIiBVcmxFbmNvZGU9IkZhbHNlIiBVc2VUb0dyb3VwUmVzdWx0cz0iRmFsc2UiIC8+DQogICAgICAgIDxRdWVyeVN0cmluZ1BhcmFtZXRlciBOYW1lPSJ1X2hpcyIgVmFsdWU9IjMiIFJlY29yZGVkVmFsdWU9IjMiIENvcnJlbGF0aW9uQmluZGluZz0iIiBVcmxFbmNvZGU9IkZhbHNlIiBVc2VUb0dyb3VwUmVzdWx0cz0iRmFsc2UiIC8+DQogICAgICAgIDxRdWVyeVN0cmluZ1BhcmFtZXRlciBOYW1lPSJ1X3R6IiBWYWx1ZT0iMTIwIiBSZWNvcmRlZFZhbHVlPSIxMjAiIENvcnJlbGF0aW9uQmluZGluZz0iIiBVcmxFbmNvZGU9IkZhbHNlIiBVc2VUb0dyb3VwUmVzdWx0cz0iRmFsc2UiIC8+DQogICAgICAgIDxRdWVyeVN0cmluZ1BhcmFtZXRlciBOYW1lPSJ1X2phdmEiIFZhbHVlPSJ0cnVlIiBSZWNvcmRlZFZhbHVlPSJ0cnVlIiBDb3JyZWxhdGlvbkJpbmRpbmc9IiIgVXJsRW5jb2RlPSJGYWxzZSIgVXNlVG9Hcm91cFJlc3VsdHM9IkZhbHNlIiAvPg0KICAgICAgICA8UXVlcnlTdHJpbmdQYXJhbWV0ZXIgTmFtZT0idV9ucGx1ZyIgVmFsdWU9IjEiIFJlY29yZGVkVmFsdWU9IjEiIENvcnJlbGF0aW9uQmluZGluZz0iIiBVcmxFbmNvZGU9IkZhbHNlIiBVc2VUb0dyb3VwUmVzdWx0cz0iRmFsc2UiIC8+DQogICAgICAgIDxRdWVyeVN0cmluZ1BhcmFtZXRlciBOYW1lPSJ1X25taW1lIiBWYWx1ZT0iMiIgUmVjb3JkZWRWYWx1ZT0iMiIgQ29ycmVsYXRpb25CaW5kaW5nPSIiIFVybEVuY29kZT0iRmFsc2UiIFVzZVRvR3JvdXBSZXN1bHRzPSJGYWxzZSIgLz4NCiAgICAgICAgPFF1ZXJ5U3RyaW5nUGFyYW1ldGVyIE5hbWU9Imd0bSIgVmFsdWU9Ikc2NCIgUmVjb3JkZWRWYWx1ZT0iRzY0IiBDb3JyZWxhdGlvbkJpbmRpbmc9IiIgVXJsRW5jb2RlPSJGYWxzZSIgVXNlVG9Hcm91cFJlc3VsdHM9IkZhbHNlIiAvPg0KICAgICAgICA8UXVlcnlTdHJpbmdQYXJhbWV0ZXIgTmFtZT0iZnJtIiBWYWx1ZT0iMCIgUmVjb3JkZWRWYWx1ZT0iMCIgQ29ycmVsYXRpb25CaW5kaW5nPSIiIFVybEVuY29kZT0iRmFsc2UiIFVzZVRvR3JvdXBSZXN1bHRzPSJGYWxzZSIgLz4NCiAgICAgICAgPFF1ZXJ5U3RyaW5nUGFyYW1ldGVyIE5hbWU9InVybCIgVmFsdWU9Imh0dHBzJTNBJTJGJTJGd3d3Lm1hcmt0cGxhYXRzLm5sJTJGei5odG1sJTNGcXVlcnklM0RhdXRvJTI2Y2F0ZWdvcnlJZCUzRDAlMjZwb3N0Y29kZSUzRCUyNmRpc3RhbmNlJTNEMCIgUmVjb3JkZWRWYWx1ZT0iaHR0cHMlM0ElMkYlMkZ3d3cubWFya3RwbGFhdHMubmwlMkZ6Lmh0bWwlM0ZxdWVyeSUzRGF1dG8lMjZjYXRlZ29yeUlkJTNEMCUyNnBvc3Rjb2RlJTNEJTI2ZGlzdGFuY2UlM0QwIiBDb3JyZWxhdGlvbkJpbmRpbmc9IiIgVXJsRW5jb2RlPSJGYWxzZSIgVXNlVG9Hcm91cFJlc3VsdHM9IkZhbHNlIiAvPg0KICAgICAgICA8UXVlcnlTdHJpbmdQYXJhbWV0ZXIgTmFtZT0icmVmIiBWYWx1ZT0iaHR0cHMlM0ElMkYlMkZ3d3cubWFya3RwbGFhdHMubmwlMkYiIFJlY29yZGVkVmFsdWU9Imh0dHBzJTNBJTJGJTJGd3d3Lm1hcmt0cGxhYXRzLm5sJTJGIiBDb3JyZWxhdGlvbkJpbmRpbmc9IiIgVXJsRW5jb2RlPSJGYWxzZSIgVXNlVG9Hcm91cFJlc3VsdHM9IkZhbHNlIiAvPg0KICAgICAgICA8UXVlcnlTdHJpbmdQYXJhbWV0ZXIgTmFtZT0idGliYSIgVmFsdWU9IiVFMiU4OSVBNSUyMFZpbmQlMjBhdXRvJTIwb3AlMjBNYXJrdHBsYWF0cy5ubCIgUmVjb3JkZWRWYWx1ZT0iJUUyJTg5JUE1JTIwVmluZCUyMGF1dG8lMjBvcCUyME1hcmt0cGxhYXRzLm5sIiBDb3JyZWxhdGlvbkJpbmRpbmc9IiIgVXJsRW5jb2RlPSJGYWxzZSIgVXNlVG9Hcm91cFJlc3VsdHM9IkZhbHNlIiAvPg0KICAgICAgICA8UXVlcnlTdHJpbmdQYXJhbWV0ZXIgTmFtZT0iYXN5bmMiIFZhbHVlPSIxIiBSZWNvcmRlZFZhbHVlPSIxIiBDb3JyZWxhdGlvbkJpbmRpbmc9IiIgVXJsRW5jb2RlPSJGYWxzZSIgVXNlVG9Hcm91cFJlc3VsdHM9IkZhbHNlIiAvPg0KICAgICAgICA8UXVlcnlTdHJpbmdQYXJhbWV0ZXIgTmFtZT0icmZtdCIgVmFsdWU9IjMiIFJlY29yZGVkVmFsdWU9IjMiIENvcnJlbGF0aW9uQmluZGluZz0iIiBVcmxFbmNvZGU9IkZhbHNlIiBVc2VUb0dyb3VwUmVzdWx0cz0iRmFsc2UiIC8+DQogICAgICAgIDxRdWVyeVN0cmluZ1BhcmFtZXRlciBOYW1lPSJmbXQiIFZhbHVlPSI0IiBSZWNvcmRlZFZhbHVlPSI0IiBDb3JyZWxhdGlvbkJpbmRpbmc9IiIgVXJsRW5jb2RlPSJGYWxzZSIgVXNlVG9Hcm91cFJlc3VsdHM9IkZhbHNlIiAvPg0KICAgICAgPC9RdWVyeVN0cmluZ1BhcmFtZXRlcnM+DQogICAgPC9SZXF1ZXN0Pg0KICAgIDxSZXF1ZXN0IE1ldGhvZD0iR0VUIiBHdWlkPSIzMDdhMWZmNy1kMmIyLTQ3ZTEtOGY0Ni03ZjgzMzkwNWY0ZDgiIFZlcnNpb249IjEuMSIgVXJsPSJodHRwczovL2Nvbm5lY3QuZmFjZWJvb2submV0L3NpZ25hbHMvY29uZmlnLzQxMzkyNDQ0NTQ3NTMwMyIgVGhpbmtUaW1lPSIwIiBUaW1lb3V0PSIzMDAiIFBhcnNlRGVwZW5kZW50UmVxdWVzdHM9IlRydWUiIEZvbGxvd1JlZGlyZWN0cz0iVHJ1ZSIgUmVjb3JkUmVzdWx0PSJUcnVlIiBDYWNoZT0iRmFsc2UiIFJlc3BvbnNlVGltZUdvYWw9IjAiIEVuY29kaW5nPSJ1dGYtOCIgRXhwZWN0ZWRIdHRwU3RhdHVzQ29kZT0iMCIgRXhwZWN0ZWRSZXNwb25zZVVybD0iIiBSZXBvcnRpbmdOYW1lPSIiIElnbm9yZUh0dHBTdGF0dXNDb2RlPSJGYWxzZSI+DQogICAgICA8SGVhZGVycz4NCiAgICAgICAgPEhlYWRlciBOYW1lPSJSZWZlcmVyIiBWYWx1ZT0iaHR0cHM6Ly93d3cubWFya3RwbGFhdHMubmwvei5odG1sP3F1ZXJ5PWF1dG8mYW1wO2NhdGVnb3J5SWQ9MCZhbXA7cG9zdGNvZGU9JmFtcDtkaXN0YW5jZT0wIiAvPg0KICAgICAgPC9IZWFkZXJzPg0KICAgICAgPFF1ZXJ5U3RyaW5nUGFyYW1ldGVycz4NCiAgICAgICAgPFF1ZXJ5U3RyaW5nUGFyYW1ldGVyIE5hbWU9InYiIFZhbHVlPSIyLjguMTYiIFJlY29yZGVkVmFsdWU9IjIuOC4xNiIgQ29ycmVsYXRpb25CaW5kaW5nPSIiIFVybEVuY29kZT0iRmFsc2UiIFVzZVRvR3JvdXBSZXN1bHRzPSJGYWxzZSIgLz4NCiAgICAgICAgPFF1ZXJ5U3RyaW5nUGFyYW1ldGVyIE5hbWU9InIiIFZhbHVlPSJzdGFibGUiIFJlY29yZGVkVmFsdWU9InN0YWJsZSIgQ29ycmVsYXRpb25CaW5kaW5nPSIiIFVybEVuY29kZT0iRmFsc2UiIFVzZVRvR3JvdXBSZXN1bHRzPSJGYWxzZSIgLz4NCiAgICAgIDwvUXVlcnlTdHJpbmdQYXJhbWV0ZXJzPg0KICAgIDwvUmVxdWVzdD4NCiAgICA8UmVxdWVzdCBNZXRob2Q9IkdFVCIgR3VpZD0iZWViYWFmY2EtNmUzMS00NDg0LTg4ZTAtYTgxNjg5MWRjOWFiIiBWZXJzaW9uPSIxLjEiIFVybD0iaHR0cHM6Ly93d3cuZ29vZ2xlLm5sL2Fmcy9hZHMiIFRoaW5rVGltZT0iMCIgVGltZW91dD0iMzAwIiBQYXJzZURlcGVuZGVudFJlcXVlc3RzPSJUcnVlIiBGb2xsb3dSZWRpcmVjdHM9IlRydWUiIFJlY29yZFJlc3VsdD0iVHJ1ZSIgQ2FjaGU9IkZhbHNlIiBSZXNwb25zZVRpbWVHb2FsPSIwIiBFbmNvZGluZz0idXRmLTgiIEV4cGVjdGVkSHR0cFN0YXR1c0NvZGU9IjAiIEV4cGVjdGVkUmVzcG9uc2VVcmw9IiIgUmVwb3J0aW5nTmFtZT0iIiBJZ25vcmVIdHRwU3RhdHVzQ29kZT0iRmFsc2UiPg0KICAgICAgPEhlYWRlcnM+DQogICAgICAgIDxIZWFkZXIgTmFtZT0iUmVmZXJlciIgVmFsdWU9Imh0dHBzOi8vd3d3Lm1hcmt0cGxhYXRzLm5sL3ouaHRtbD9xdWVyeT1hdXRvJmFtcDtjYXRlZ29yeUlkPTAmYW1wO3Bvc3Rjb2RlPSZhbXA7ZGlzdGFuY2U9MCIgLz4NCiAgICAgIDwvSGVhZGVycz4NCiAgICAgIDxRdWVyeVN0cmluZ1BhcmFtZXRlcnM+DQogICAgICAgIDxRdWVyeVN0cmluZ1BhcmFtZXRlciBOYW1lPSJxIiBWYWx1ZT0iYXV0byIgUmVjb3JkZWRWYWx1ZT0iYXV0byIgQ29ycmVsYXRpb25CaW5kaW5nPSJ7e1F1ZXJ5U3RyaW5nUGFyYW0xNTA2OC5xfX0iIFVybEVuY29kZT0iRmFsc2UiIFVzZVRvR3JvdXBSZXN1bHRzPSJGYWxzZSIgLz4NCiAgICAgICAgPFF1ZXJ5U3RyaW5nUGFyYW1ldGVyIE5hbWU9InBmY3JuY3kiIFZhbHVlPSJFVVIiIFJlY29yZGVkVmFsdWU9IkVVUiIgQ29ycmVsYXRpb25CaW5kaW5nPSIiIFVybEVuY29kZT0iRmFsc2UiIFVzZVRvR3JvdXBSZXN1bHRzPSJGYWxzZSIgLz4NCiAgICAgICAgPFF1ZXJ5U3RyaW5nUGFyYW1ldGVyIE5hbWU9InRjcGFsIiBWYWx1ZT0iMjE0NzljIiBSZWNvcmRlZFZhbHVlPSIyMTQ3OWMiIENvcnJlbGF0aW9uQmluZGluZz0iIiBVcmxFbmNvZGU9IkZhbHNlIiBVc2VUb0dyb3VwUmVzdWx0cz0iRmFsc2UiIC8+DQogICAgICAgIDxRdWVyeVN0cmluZ1BhcmFtZXRlciBOYW1lPSJyIiBWYWx1ZT0ibSIgUmVjb3JkZWRWYWx1ZT0ibSIgQ29ycmVsYXRpb25CaW5kaW5nPSIiIFVybEVuY29kZT0iRmFsc2UiIFVzZVRvR3JvdXBSZXN1bHRzPSJGYWxzZSIgLz4NCiAgICAgICAgPFF1ZXJ5U3RyaW5nUGFyYW1ldGVyIE5hbWU9ImNsaWVudCIgVmFsdWU9InZlcnQtcGxhLW1hcmt0cGxhYXRzLXNycCIgUmVjb3JkZWRWYWx1ZT0idmVydC1wbGEtbWFya3RwbGFhdHMtc3JwIiBDb3JyZWxhdGlvbkJpbmRpbmc9IiIgVXJsRW5jb2RlPSJGYWxzZSIgVXNlVG9Hcm91cFJlc3VsdHM9IkZhbHNlIiAvPg0KICAgICAgICA8UXVlcnlTdHJpbmdQYXJhbWV0ZXIgTmFtZT0iY2hhbm5lbCIgVmFsdWU9ImF1cm9yYSUyQmF1cm9yYV9sMCUyQnZpZXdfbGlzdCUyQmF1cjU0NTNfYSUyQmF1cjU2MDZfYSUyQmF1cjU2MDdfYSUyQmF1cjQ5MjVfYyUyQmF1cjUwNzFfYiUyQmF1cjUwNzBfYSUyQmF1cjU0ODZfYiUyQmF1cjQ5NTlfYSUyQmF1cjUzODBfZCUyQmF1cjU0MTVfYiUyQmF1cjQxMTBfZiUyQmFmc2hfYmVsbHkiIFJlY29yZGVkVmFsdWU9ImF1cm9yYSUyQmF1cm9yYV9sMCUyQnZpZXdfbGlzdCUyQmF1cjU0NTNfYSUyQmF1cjU2MDZfYSUyQmF1cjU2MDdfYSUyQmF1cjQ5MjVfYyUyQmF1cjUwNzFfYiUyQmF1cjUwNzBfYSUyQmF1cjU0ODZfYiUyQmF1cjQ5NTlfYSUyQmF1cjUzODBfZCUyQmF1cjU0MTVfYiUyQmF1cjQxMTBfZiUyQmFmc2hfYmVsbHkiIENvcnJlbGF0aW9uQmluZGluZz0iIiBVcmxFbmNvZGU9IkZhbHNlIiBVc2VUb0dyb3VwUmVzdWx0cz0iRmFsc2UiIC8+DQogICAgICAgIDxRdWVyeVN0cmluZ1BhcmFtZXRlciBOYW1lPSJobCIgVmFsdWU9Im5sIiBSZWNvcmRlZFZhbHVlPSJubCIgQ29ycmVsYXRpb25CaW5kaW5nPSIiIFVybEVuY29kZT0iRmFsc2UiIFVzZVRvR3JvdXBSZXN1bHRzPSJGYWxzZSIgLz4NCiAgICAgICAgPFF1ZXJ5U3RyaW5nUGFyYW1ldGVyIE5hbWU9ImFkc2FmZSIgVmFsdWU9ImhpZ2giIFJlY29yZGVkVmFsdWU9ImhpZ2giIENvcnJlbGF0aW9uQmluZGluZz0iIiBVcmxFbmNvZGU9IkZhbHNlIiBVc2VUb0dyb3VwUmVzdWx0cz0iRmFsc2UiIC8+DQogICAgICAgIDxRdWVyeVN0cmluZ1BhcmFtZXRlciBOYW1lPSJ0eXBlIiBWYWx1ZT0iMSIgUmVjb3JkZWRWYWx1ZT0iMSIgQ29ycmVsYXRpb25CaW5kaW5nPSIiIFVybEVuY29kZT0iRmFsc2UiIFVzZVRvR3JvdXBSZXN1bHRzPSJGYWxzZSIgLz4NCiAgICAgICAgPFF1ZXJ5U3RyaW5nUGFyYW1ldGVyIE5hbWU9Im9lIiBWYWx1ZT0iVVRGLTgiIFJlY29yZGVkVmFsdWU9IlVURi04IiBDb3JyZWxhdGlvbkJpbmRpbmc9IiIgVXJsRW5jb2RlPSJGYWxzZSIgVXNlVG9Hcm91cFJlc3VsdHM9IkZhbHNlIiAvPg0KICAgICAgICA8UXVlcnlTdHJpbmdQYXJhbWV0ZXIgTmFtZT0iaWUiIFZhbHVlPSJVVEYtOCIgUmVjb3JkZWRWYWx1ZT0iVVRGLTgiIENvcnJlbGF0aW9uQmluZGluZz0iIiBVcmxFbmNvZGU9IkZhbHNlIiBVc2VUb0dyb3VwUmVzdWx0cz0iRmFsc2UiIC8+DQogICAgICAgIDxRdWVyeVN0cmluZ1BhcmFtZXRlciBOYW1lPSJmZXhwIiBWYWx1ZT0iMjE0MDQiIFJlY29yZGVkVmFsdWU9IjIxNDA0IiBDb3JyZWxhdGlvbkJpbmRpbmc9IiIgVXJsRW5jb2RlPSJGYWxzZSIgVXNlVG9Hcm91cFJlc3VsdHM9IkZhbHNlIiAvPg0KICAgICAgICA8UXVlcnlTdHJpbmdQYXJhbWV0ZXIgTmFtZT0ibm9jYWNoZSIgVmFsdWU9Ijc4NjE1Mjg4MDY0MTUzNjYiIFJlY29yZGVkVmFsdWU9Ijc4NjE1Mjg4MDY0MTUzNjYiIENvcnJlbGF0aW9uQmluZGluZz0iIiBVcmxFbmNvZGU9IkZhbHNlIiBVc2VUb0dyb3VwUmVzdWx0cz0iRmFsc2UiIC8+DQogICAgICAgIDxRdWVyeVN0cmluZ1BhcmFtZXRlciBOYW1lPSJudW0iIFZhbHVlPSIwIiBSZWNvcmRlZFZhbHVlPSIwIiBDb3JyZWxhdGlvbkJpbmRpbmc9IiIgVXJsRW5jb2RlPSJGYWxzZSIgVXNlVG9Hcm91cFJlc3VsdHM9IkZhbHNlIiAvPg0KICAgICAgICA8UXVlcnlTdHJpbmdQYXJhbWV0ZXIgTmFtZT0ib3V0cHV0IiBWYWx1ZT0idWRzX2Fkc19vbmx5IiBSZWNvcmRlZFZhbHVlPSJ1ZHNfYWRzX29ubHkiIENvcnJlbGF0aW9uQmluZGluZz0iIiBVcmxFbmNvZGU9IkZhbHNlIiBVc2VUb0dyb3VwUmVzdWx0cz0iRmFsc2UiIC8+DQogICAgICAgIDxRdWVyeVN0cmluZ1BhcmFtZXRlciBOYW1lPSJ2IiBWYWx1ZT0iMyIgUmVjb3JkZWRWYWx1ZT0iMyIgQ29ycmVsYXRpb25CaW5kaW5nPSIiIFVybEVuY29kZT0iRmFsc2UiIFVzZVRvR3JvdXBSZXN1bHRzPSJGYWxzZSIgLz4NCiAgICAgICAgPFF1ZXJ5U3RyaW5nUGFyYW1ldGVyIE5hbWU9ImJzbCIgVmFsdWU9IjEwIiBSZWNvcmRlZFZhbHVlPSIxMCIgQ29ycmVsYXRpb25CaW5kaW5nPSIiIFVybEVuY29kZT0iRmFsc2UiIFVzZVRvR3JvdXBSZXN1bHRzPSJGYWxzZSIgLz4NCiAgICAgICAgPFF1ZXJ5U3RyaW5nUGFyYW1ldGVyIE5hbWU9InVfaGlzIiBWYWx1ZT0iMyIgUmVjb3JkZWRWYWx1ZT0iMyIgQ29ycmVsYXRpb25CaW5kaW5nPSIiIFVybEVuY29kZT0iRmFsc2UiIFVzZVRvR3JvdXBSZXN1bHRzPSJGYWxzZSIgLz4NCiAgICAgICAgPFF1ZXJ5U3RyaW5nUGFyYW1ldGVyIE5hbWU9InVfdHoiIFZhbHVlPSIxMjAiIFJlY29yZGVkVmFsdWU9IjEyMCIgQ29ycmVsYXRpb25CaW5kaW5nPSIiIFVybEVuY29kZT0iRmFsc2UiIFVzZVRvR3JvdXBSZXN1bHRzPSJGYWxzZSIgLz4NCiAgICAgICAgPFF1ZXJ5U3RyaW5nUGFyYW1ldGVyIE5hbWU9ImR0IiBWYWx1ZT0iMTUyODgwNjQxNTM2OSIgUmVjb3JkZWRWYWx1ZT0iMTUyODgwNjQxNTM2OSIgQ29ycmVsYXRpb25CaW5kaW5nPSIiIFVybEVuY29kZT0iRmFsc2UiIFVzZVRvR3JvdXBSZXN1bHRzPSJGYWxzZSIgLz4NCiAgICAgICAgPFF1ZXJ5U3RyaW5nUGFyYW1ldGVyIE5hbWU9InVfdyIgVmFsdWU9IjE1MjciIFJlY29yZGVkVmFsdWU9IjE1MjciIENvcnJlbGF0aW9uQmluZGluZz0iIiBVcmxFbmNvZGU9IkZhbHNlIiBVc2VUb0dyb3VwUmVzdWx0cz0iRmFsc2UiIC8+DQogICAgICAgIDxRdWVyeVN0cmluZ1BhcmFtZXRlciBOYW1lPSJ1X2giIFZhbHVlPSI5NTUiIFJlY29yZGVkVmFsdWU9Ijk1NSIgQ29ycmVsYXRpb25CaW5kaW5nPSIiIFVybEVuY29kZT0iRmFsc2UiIFVzZVRvR3JvdXBSZXN1bHRzPSJGYWxzZSIgLz4NCiAgICAgICAgPFF1ZXJ5U3RyaW5nUGFyYW1ldGVyIE5hbWU9ImJpdyIgVmFsdWU9IjEyNzQiIFJlY29yZGVkVmFsdWU9IjEyNzQiIENvcnJlbGF0aW9uQmluZGluZz0iIiBVcmxFbmNvZGU9IkZhbHNlIiBVc2VUb0dyb3VwUmVzdWx0cz0iRmFsc2UiIC8+DQogICAgICAgIDxRdWVyeVN0cmluZ1BhcmFtZXRlciBOYW1lPSJiaWgiIFZhbHVlPSI4NjgiIFJlY29yZGVkVmFsdWU9Ijg2OCIgQ29ycmVsYXRpb25CaW5kaW5nPSIiIFVybEVuY29kZT0iRmFsc2UiIFVzZVRvR3JvdXBSZXN1bHRzPSJGYWxzZSIgLz4NCiAgICAgICAgPFF1ZXJ5U3RyaW5nUGFyYW1ldGVyIE5hbWU9InBzdyIgVmFsdWU9IjEyNzQiIFJlY29yZGVkVmFsdWU9IjEyNzQiIENvcnJlbGF0aW9uQmluZGluZz0iIiBVcmxFbmNvZGU9IkZhbHNlIiBVc2VUb0dyb3VwUmVzdWx0cz0iRmFsc2UiIC8+DQogICAgICAgIDxRdWVyeVN0cmluZ1BhcmFtZXRlciBOYW1lPSJwc2giIFZhbHVlPSI4NjgiIFJlY29yZGVkVmFsdWU9Ijg2OCIgQ29ycmVsYXRpb25CaW5kaW5nPSIiIFVybEVuY29kZT0iRmFsc2UiIFVzZVRvR3JvdXBSZXN1bHRzPSJGYWxzZSIgLz4NCiAgICAgICAgPFF1ZXJ5U3RyaW5nUGFyYW1ldGVyIE5hbWU9ImZybSIgVmFsdWU9IjAiIFJlY29yZGVkVmFsdWU9IjAiIENvcnJlbGF0aW9uQmluZGluZz0iIiBVcmxFbmNvZGU9IkZhbHNlIiBVc2VUb0dyb3VwUmVzdWx0cz0iRmFsc2UiIC8+DQogICAgICAgIDxRdWVyeVN0cmluZ1BhcmFtZXRlciBOYW1lPSJ1aW8iIFZhbHVlPSJ3aTc3MmhlMjAwYXMzLSIgUmVjb3JkZWRWYWx1ZT0id2k3NzJoZTIwMGFzMy0iIENvcnJlbGF0aW9uQmluZGluZz0iIiBVcmxFbmNvZGU9IkZhbHNlIiBVc2VUb0dyb3VwUmVzdWx0cz0iRmFsc2UiIC8+DQogICAgICAgIDxRdWVyeVN0cmluZ1BhcmFtZXRlciBOYW1lPSJqc3YiIFZhbHVlPSIxNTM3NSIgUmVjb3JkZWRWYWx1ZT0iMTUzNzUiIENvcnJlbGF0aW9uQmluZGluZz0iIiBVcmxFbmNvZGU9IkZhbHNlIiBVc2VUb0dyb3VwUmVzdWx0cz0iRmFsc2UiIC8+DQogICAgICAgIDxRdWVyeVN0cmluZ1BhcmFtZXRlciBOYW1lPSJydXJsIiBWYWx1ZT0iaHR0cHMlM0ElMkYlMkZ3d3cubWFya3RwbGFhdHMubmwlMkZ6Lmh0bWwlM0ZxdWVyeSUzRGF1dG8lMjZjYXRlZ29yeUlkJTNEMCUyNnBvc3Rjb2RlJTNEJTI2ZGlzdGFuY2UlM0QwIiBSZWNvcmRlZFZhbHVlPSJodHRwcyUzQSUyRiUyRnd3dy5tYXJrdHBsYWF0cy5ubCUyRnouaHRtbCUzRnF1ZXJ5JTNEYXV0byUyNmNhdGVnb3J5SWQlM0QwJTI2cG9zdGNvZGUlM0QlMjZkaXN0YW5jZSUzRDAiIENvcnJlbGF0aW9uQmluZGluZz0iIiBVcmxFbmNvZGU9IkZhbHNlIiBVc2VUb0dyb3VwUmVzdWx0cz0iRmFsc2UiIC8+DQogICAgICAgIDxRdWVyeVN0cmluZ1BhcmFtZXRlciBOYW1lPSJyZWZlcmVyIiBWYWx1ZT0iaHR0cHMlM0ElMkYlMkZ3d3cubWFya3RwbGFhdHMubmwlMkYiIFJlY29yZGVkVmFsdWU9Imh0dHBzJTNBJTJGJTJGd3d3Lm1hcmt0cGxhYXRzLm5sJTJGIiBDb3JyZWxhdGlvbkJpbmRpbmc9IiIgVXJsRW5jb2RlPSJGYWxzZSIgVXNlVG9Hcm91cFJlc3VsdHM9IkZhbHNlIiAvPg0KICAgICAgPC9RdWVyeVN0cmluZ1BhcmFtZXRlcnM+DQogICAgPC9SZXF1ZXN0Pg0KICAgIDxSZXF1ZXN0IE1ldGhvZD0iR0VUIiBHdWlkPSI3ZDBlNzExNS1iOWJiLTQ3ZjUtYmVlMi0yNGNkYWQ4OTI2OWQiIFZlcnNpb249IjEuMSIgVXJsPSJodHRwczovL3d3dy5nb29nbGUubmwvYWZzL2Fkcy9pL2lmcmFtZS5odG1sIiBUaGlua1RpbWU9IjAiIFRpbWVvdXQ9IjMwMCIgUGFyc2VEZXBlbmRlbnRSZXF1ZXN0cz0iVHJ1ZSIgRm9sbG93UmVkaXJlY3RzPSJUcnVlIiBSZWNvcmRSZXN1bHQ9IlRydWUiIENhY2hlPSJGYWxzZSIgUmVzcG9uc2VUaW1lR29hbD0iMCIgRW5jb2Rpbmc9InV0Zi04IiBFeHBlY3RlZEh0dHBTdGF0dXNDb2RlPSIwIiBFeHBlY3RlZFJlc3BvbnNlVXJsPSIiIFJlcG9ydGluZ05hbWU9IiIgSWdub3JlSHR0cFN0YXR1c0NvZGU9IkZhbHNlIj4NCiAgICAgIDxIZWFkZXJzPg0KICAgICAgICA8SGVhZGVyIE5hbWU9IlJlZmVyZXIiIFZhbHVlPSJodHRwczovL3d3dy5tYXJrdHBsYWF0cy5ubC96Lmh0bWw/cXVlcnk9YXV0byZhbXA7Y2F0ZWdvcnlJZD0wJmFtcDtwb3N0Y29kZT0mYW1wO2Rpc3RhbmNlPTAiIC8+DQogICAgICA8L0hlYWRlcnM+DQogICAgPC9SZXF1ZXN0Pg0KICAgIDxSZXF1ZXN0IE1ldGhvZD0iR0VUIiBHdWlkPSI3YmZlMTExMi1lYmViLTQ2ZGUtYTAzMS1iZjllMzI0YjlhZjIiIFZlcnNpb249IjEuMSIgVXJsPSJodHRwczovL3d3dy5nb29nbGUubmwvYWZzL2FkcyIgVGhpbmtUaW1lPSIwIiBUaW1lb3V0PSIzMDAiIFBhcnNlRGVwZW5kZW50UmVxdWVzdHM9IlRydWUiIEZvbGxvd1JlZGlyZWN0cz0iVHJ1ZSIgUmVjb3JkUmVzdWx0PSJUcnVlIiBDYWNoZT0iRmFsc2UiIFJlc3BvbnNlVGltZUdvYWw9IjAiIEVuY29kaW5nPSJ1dGYtOCIgRXhwZWN0ZWRIdHRwU3RhdHVzQ29kZT0iMCIgRXhwZWN0ZWRSZXNwb25zZVVybD0iIiBSZXBvcnRpbmdOYW1lPSIiIElnbm9yZUh0dHBTdGF0dXNDb2RlPSJGYWxzZSI+DQogICAgICA8SGVhZGVycz4NCiAgICAgICAgPEhlYWRlciBOYW1lPSJSZWZlcmVyIiBWYWx1ZT0iaHR0cHM6Ly93d3cubWFya3RwbGFhdHMubmwvei5odG1sP3F1ZXJ5PWF1dG8mYW1wO2NhdGVnb3J5SWQ9MCZhbXA7cG9zdGNvZGU9JmFtcDtkaXN0YW5jZT0wIiAvPg0KICAgICAgPC9IZWFkZXJzPg0KICAgICAgPFF1ZXJ5U3RyaW5nUGFyYW1ldGVycz4NCiAgICAgICAgPFF1ZXJ5U3RyaW5nUGFyYW1ldGVyIE5hbWU9InEiIFZhbHVlPSJhdXRvIiBSZWNvcmRlZFZhbHVlPSJhdXRvIiBDb3JyZWxhdGlvbkJpbmRpbmc9Int7UXVlcnlTdHJpbmdQYXJhbTE1OTM5LnF9fSIgVXJsRW5jb2RlPSJGYWxzZSIgVXNlVG9Hcm91cFJlc3VsdHM9IkZhbHNlIiAvPg0KICAgICAgICA8UXVlcnlTdHJpbmdQYXJhbWV0ZXIgTmFtZT0ib2UiIFZhbHVlPSJ1dGY4IiBSZWNvcmRlZFZhbHVlPSJ1dGY4IiBDb3JyZWxhdGlvbkJpbmRpbmc9IiIgVXJsRW5jb2RlPSJGYWxzZSIgVXNlVG9Hcm91cFJlc3VsdHM9IkZhbHNlIiAvPg0KICAgICAgICA8UXVlcnlTdHJpbmdQYXJhbWV0ZXIgTmFtZT0iYWRwYWdlIiBWYWx1ZT0iMSIgUmVjb3JkZWRWYWx1ZT0iMSIgQ29ycmVsYXRpb25CaW5kaW5nPSIiIFVybEVuY29kZT0iRmFsc2UiIFVzZVRvR3JvdXBSZXN1bHRzPSJGYWxzZSIgLz4NCiAgICAgICAgPFF1ZXJ5U3RyaW5nUGFyYW1ldGVyIE5hbWU9ImFkcmVwIiBWYWx1ZT0iMiIgUmVjb3JkZWRWYWx1ZT0iMiIgQ29ycmVsYXRpb25CaW5kaW5nPSIiIFVybEVuY29kZT0iRmFsc2UiIFVzZVRvR3JvdXBSZXN1bHRzPSJGYWxzZSIgLz4NCiAgICAgICAgPFF1ZXJ5U3RyaW5nUGFyYW1ldGVyIE5hbWU9InIiIFZhbHVlPSJtIiBSZWNvcmRlZFZhbHVlPSJtIiBDb3JyZWxhdGlvbkJpbmRpbmc9IiIgVXJsRW5jb2RlPSJGYWxzZSIgVXNlVG9Hcm91cFJlc3VsdHM9IkZhbHNlIiAvPg0KICAgICAgICA8UXVlcnlTdHJpbmdQYXJhbWV0ZXIgTmFtZT0iY2xpZW50IiBWYWx1ZT0ibWFya3RwbGFhdHMiIFJlY29yZGVkVmFsdWU9Im1hcmt0cGxhYXRzIiBDb3JyZWxhdGlvbkJpbmRpbmc9IiIgVXJsRW5jb2RlPSJGYWxzZSIgVXNlVG9Hcm91cFJlc3VsdHM9IkZhbHNlIiAvPg0KICAgICAgICA8UXVlcnlTdHJpbmdQYXJhbWV0ZXIgTmFtZT0iY2hhbm5lbCIgVmFsdWU9ImF1cm9yYSUyQmF1cm9yYV9sMCUyQnZpZXdfbGlzdCUyQmF1cjU0NTNfYSUyQmF1cjU2MDZfYSUyQmF1cjU2MDdfYSUyQmF1cjQ5MjVfYyUyQmF1cjUwNzFfYiUyQmF1cjUwNzBfYSUyQmF1cjU0ODZfYiUyQmF1cjQ5NTlfYSUyQmF1cjUzODBfZCUyQmF1cjU0MTVfYiUyQmF1cjQxMTBfZiIgUmVjb3JkZWRWYWx1ZT0iYXVyb3JhJTJCYXVyb3JhX2wwJTJCdmlld19saXN0JTJCYXVyNTQ1M19hJTJCYXVyNTYwNl9hJTJCYXVyNTYwN19hJTJCYXVyNDkyNV9jJTJCYXVyNTA3MV9iJTJCYXVyNTA3MF9hJTJCYXVyNTQ4Nl9iJTJCYXVyNDk1OV9hJTJCYXVyNTM4MF9kJTJCYXVyNTQxNV9iJTJCYXVyNDExMF9mIiBDb3JyZWxhdGlvbkJpbmRpbmc9IiIgVXJsRW5jb2RlPSJGYWxzZSIgVXNlVG9Hcm91cFJlc3VsdHM9IkZhbHNlIiAvPg0KICAgICAgICA8UXVlcnlTdHJpbmdQYXJhbWV0ZXIgTmFtZT0iaGwiIFZhbHVlPSJubCIgUmVjb3JkZWRWYWx1ZT0ibmwiIENvcnJlbGF0aW9uQmluZGluZz0iIiBVcmxFbmNvZGU9IkZhbHNlIiBVc2VUb0dyb3VwUmVzdWx0cz0iRmFsc2UiIC8+DQogICAgICAgIDxRdWVyeVN0cmluZ1BhcmFtZXRlciBOYW1lPSJhZHRlc3QiIFZhbHVlPSJvZmYiIFJlY29yZGVkVmFsdWU9Im9mZiIgQ29ycmVsYXRpb25CaW5kaW5nPSIiIFVybEVuY29kZT0iRmFsc2UiIFVzZVRvR3JvdXBSZXN1bHRzPSJGYWxzZSIgLz4NCiAgICAgICAgPFF1ZXJ5U3RyaW5nUGFyYW1ldGVyIE5hbWU9ImFkc2FmZSIgVmFsdWU9ImhpZ2giIFJlY29yZGVkVmFsdWU9ImhpZ2giIENvcnJlbGF0aW9uQmluZGluZz0iIiBVcmxFbmNvZGU9IkZhbHNlIiBVc2VUb0dyb3VwUmVzdWx0cz0iRmFsc2UiIC8+DQogICAgICAgIDxRdWVyeVN0cmluZ1BhcmFtZXRlciBOYW1lPSJ0eXBlIiBWYWx1ZT0iMCIgUmVjb3JkZWRWYWx1ZT0iMCIgQ29ycmVsYXRpb25CaW5kaW5nPSIiIFVybEVuY29kZT0iRmFsc2UiIFVzZVRvR3JvdXBSZXN1bHRzPSJGYWxzZSIgLz4NCiAgICAgICAgPFF1ZXJ5U3RyaW5nUGFyYW1ldGVyIE5hbWU9ImllIiBWYWx1ZT0iVVRGLTgiIFJlY29yZGVkVmFsdWU9IlVURi04IiBDb3JyZWxhdGlvbkJpbmRpbmc9IiIgVXJsRW5jb2RlPSJGYWxzZSIgVXNlVG9Hcm91cFJlc3VsdHM9IkZhbHNlIiAvPg0KICAgICAgICA8UXVlcnlTdHJpbmdQYXJhbWV0ZXIgTmFtZT0iZmV4cCIgVmFsdWU9IjIxNDA0IiBSZWNvcmRlZFZhbHVlPSIyMTQwNCIgQ29ycmVsYXRpb25CaW5kaW5nPSIiIFVybEVuY29kZT0iRmFsc2UiIFVzZVRvR3JvdXBSZXN1bHRzPSJGYWxzZSIgLz4NCiAgICAgICAgPFF1ZXJ5U3RyaW5nUGFyYW1ldGVyIE5hbWU9ImZvcm1hdCIgVmFsdWU9InAyJTdDbjUiIFJlY29yZGVkVmFsdWU9InAyJTdDbjUiIENvcnJlbGF0aW9uQmluZGluZz0iIiBVcmxFbmNvZGU9IkZhbHNlIiBVc2VUb0dyb3VwUmVzdWx0cz0iRmFsc2UiIC8+DQogICAgICAgIDxRdWVyeVN0cmluZ1BhcmFtZXRlciBOYW1lPSJhZCIgVmFsdWU9Im41cDIiIFJlY29yZGVkVmFsdWU9Im41cDIiIENvcnJlbGF0aW9uQmluZGluZz0iIiBVcmxFbmNvZGU9IkZhbHNlIiBVc2VUb0dyb3VwUmVzdWx0cz0iRmFsc2UiIC8+DQogICAgICAgIDxRdWVyeVN0cmluZ1BhcmFtZXRlciBOYW1lPSJub2NhY2hlIiBWYWx1ZT0iOTE2MTUyODgwNjQxNTM4NiIgUmVjb3JkZWRWYWx1ZT0iOTE2MTUyODgwNjQxNTM4NiIgQ29ycmVsYXRpb25CaW5kaW5nPSIiIFVybEVuY29kZT0iRmFsc2UiIFVzZVRvR3JvdXBSZXN1bHRzPSJGYWxzZSIgLz4NCiAgICAgICAgPFF1ZXJ5U3RyaW5nUGFyYW1ldGVyIE5hbWU9Im51bSIgVmFsdWU9IjAiIFJlY29yZGVkVmFsdWU9IjAiIENvcnJlbGF0aW9uQmluZGluZz0iIiBVcmxFbmNvZGU9IkZhbHNlIiBVc2VUb0dyb3VwUmVzdWx0cz0iRmFsc2UiIC8+DQogICAgICAgIDxRdWVyeVN0cmluZ1BhcmFtZXRlciBOYW1lPSJvdXRwdXQiIFZhbHVlPSJ1ZHNfYWRzX29ubHkiIFJlY29yZGVkVmFsdWU9InVkc19hZHNfb25seSIgQ29ycmVsYXRpb25CaW5kaW5nPSIiIFVybEVuY29kZT0iRmFsc2UiIFVzZVRvR3JvdXBSZXN1bHRzPSJGYWxzZSIgLz4NCiAgICAgICAgPFF1ZXJ5U3RyaW5nUGFyYW1ldGVyIE5hbWU9InYiIFZhbHVlPSIzIiBSZWNvcmRlZFZhbHVlPSIzIiBDb3JyZWxhdGlvbkJpbmRpbmc9IiIgVXJsRW5jb2RlPSJGYWxzZSIgVXNlVG9Hcm91cFJlc3VsdHM9IkZhbHNlIiAvPg0KICAgICAgICA8UXVlcnlTdHJpbmdQYXJhbWV0ZXIgTmFtZT0iYWRleHQiIFZhbHVlPSJhczElMkNzcjEiIFJlY29yZGVkVmFsdWU9ImFzMSUyQ3NyMSIgQ29ycmVsYXRpb25CaW5kaW5nPSIiIFVybEVuY29kZT0iRmFsc2UiIFVzZVRvR3JvdXBSZXN1bHRzPSJGYWxzZSIgLz4NCiAgICAgICAgPFF1ZXJ5U3RyaW5nUGFyYW1ldGVyIE5hbWU9ImJzbCIgVmFsdWU9IjEwIiBSZWNvcmRlZFZhbHVlPSIxMCIgQ29ycmVsYXRpb25CaW5kaW5nPSIiIFVybEVuY29kZT0iRmFsc2UiIFVzZVRvR3JvdXBSZXN1bHRzPSJGYWxzZSIgLz4NCiAgICAgICAgPFF1ZXJ5U3RyaW5nUGFyYW1ldGVyIE5hbWU9InVfaGlzIiBWYWx1ZT0iMyIgUmVjb3JkZWRWYWx1ZT0iMyIgQ29ycmVsYXRpb25CaW5kaW5nPSIiIFVybEVuY29kZT0iRmFsc2UiIFVzZVRvR3JvdXBSZXN1bHRzPSJGYWxzZSIgLz4NCiAgICAgICAgPFF1ZXJ5U3RyaW5nUGFyYW1ldGVyIE5hbWU9InVfdHoiIFZhbHVlPSIxMjAiIFJlY29yZGVkVmFsdWU9IjEyMCIgQ29ycmVsYXRpb25CaW5kaW5nPSIiIFVybEVuY29kZT0iRmFsc2UiIFVzZVRvR3JvdXBSZXN1bHRzPSJGYWxzZSIgLz4NCiAgICAgICAgPFF1ZXJ5U3RyaW5nUGFyYW1ldGVyIE5hbWU9ImR0IiBWYWx1ZT0iMTUyODgwNjQxNTM4OCIgUmVjb3JkZWRWYWx1ZT0iMTUyODgwNjQxNTM4OCIgQ29ycmVsYXRpb25CaW5kaW5nPSIiIFVybEVuY29kZT0iRmFsc2UiIFVzZVRvR3JvdXBSZXN1bHRzPSJGYWxzZSIgLz4NCiAgICAgICAgPFF1ZXJ5U3RyaW5nUGFyYW1ldGVyIE5hbWU9InVfdyIgVmFsdWU9IjE1MjciIFJlY29yZGVkVmFsdWU9IjE1MjciIENvcnJlbGF0aW9uQmluZGluZz0iIiBVcmxFbmNvZGU9IkZhbHNlIiBVc2VUb0dyb3VwUmVzdWx0cz0iRmFsc2UiIC8+DQogICAgICAgIDxRdWVyeVN0cmluZ1BhcmFtZXRlciBOYW1lPSJ1X2giIFZhbHVlPSI5NTUiIFJlY29yZGVkVmFsdWU9Ijk1NSIgQ29ycmVsYXRpb25CaW5kaW5nPSIiIFVybEVuY29kZT0iRmFsc2UiIFVzZVRvR3JvdXBSZXN1bHRzPSJGYWxzZSIgLz4NCiAgICAgICAgPFF1ZXJ5U3RyaW5nUGFyYW1ldGVyIE5hbWU9ImJpdyIgVmFsdWU9IjEyNzQiIFJlY29yZGVkVmFsdWU9IjEyNzQiIENvcnJlbGF0aW9uQmluZGluZz0iIiBVcmxFbmNvZGU9IkZhbHNlIiBVc2VUb0dyb3VwUmVzdWx0cz0iRmFsc2UiIC8+DQogICAgICAgIDxRdWVyeVN0cmluZ1BhcmFtZXRlciBOYW1lPSJiaWgiIFZhbHVlPSI4NjgiIFJlY29yZGVkVmFsdWU9Ijg2OCIgQ29ycmVsYXRpb25CaW5kaW5nPSIiIFVybEVuY29kZT0iRmFsc2UiIFVzZVRvR3JvdXBSZXN1bHRzPSJGYWxzZSIgLz4NCiAgICAgICAgPFF1ZXJ5U3RyaW5nUGFyYW1ldGVyIE5hbWU9InBzdyIgVmFsdWU9IjEyNzQiIFJlY29yZGVkVmFsdWU9IjEyNzQiIENvcnJlbGF0aW9uQmluZGluZz0iIiBVcmxFbmNvZGU9IkZhbHNlIiBVc2VUb0dyb3VwUmVzdWx0cz0iRmFsc2UiIC8+DQogICAgICAgIDxRdWVyeVN0cmluZ1BhcmFtZXRlciBOYW1lPSJwc2giIFZhbHVlPSI4NjgiIFJlY29yZGVkVmFsdWU9Ijg2OCIgQ29ycmVsYXRpb25CaW5kaW5nPSIiIFVybEVuY29kZT0iRmFsc2UiIFVzZVRvR3JvdXBSZXN1bHRzPSJGYWxzZSIgLz4NCiAgICAgICAgPFF1ZXJ5U3RyaW5nUGFyYW1ldGVyIE5hbWU9ImZybSIgVmFsdWU9IjAiIFJlY29yZGVkVmFsdWU9IjAiIENvcnJlbGF0aW9uQmluZGluZz0iIiBVcmxFbmNvZGU9IkZhbHNlIiBVc2VUb0dyb3VwUmVzdWx0cz0iRmFsc2UiIC8+DQogICAgICAgIDxRdWVyeVN0cmluZ1BhcmFtZXRlciBOYW1lPSJ1aW8iIFZhbHVlPSJhczNzbDFzcjEtYWYzZmYyc3QxNXNkMTJsdDIwbGQyMGx2MjUtYWYzZmYyc3QxNXNkMTJsdDIwbGQyMGx2MjUiIFJlY29yZGVkVmFsdWU9ImFzM3NsMXNyMS1hZjNmZjJzdDE1c2QxMmx0MjBsZDIwbHYyNS1hZjNmZjJzdDE1c2QxMmx0MjBsZDIwbHYyNSIgQ29ycmVsYXRpb25CaW5kaW5nPSIiIFVybEVuY29kZT0iRmFsc2UiIFVzZVRvR3JvdXBSZXN1bHRzPSJGYWxzZSIgLz4NCiAgICAgICAgPFF1ZXJ5U3RyaW5nUGFyYW1ldGVyIE5hbWU9ImpzdiIgVmFsdWU9IjE1Mzc1IiBSZWNvcmRlZFZhbHVlPSIxNTM3NSIgQ29ycmVsYXRpb25CaW5kaW5nPSIiIFVybEVuY29kZT0iRmFsc2UiIFVzZVRvR3JvdXBSZXN1bHRzPSJGYWxzZSIgLz4NCiAgICAgICAgPFF1ZXJ5U3RyaW5nUGFyYW1ldGVyIE5hbWU9InJ1cmwiIFZhbHVlPSJodHRwcyUzQSUyRiUyRnd3dy5tYXJrdHBsYWF0cy5ubCUyRnouaHRtbCUzRnF1ZXJ5JTNEYXV0byUyNmNhdGVnb3J5SWQlM0QwJTI2cG9zdGNvZGUlM0QlMjZkaXN0YW5jZSUzRDAiIFJlY29yZGVkVmFsdWU9Imh0dHBzJTNBJTJGJTJGd3d3Lm1hcmt0cGxhYXRzLm5sJTJGei5odG1sJTNGcXVlcnklM0RhdXRvJTI2Y2F0ZWdvcnlJZCUzRDAlMjZwb3N0Y29kZSUzRCUyNmRpc3RhbmNlJTNEMCIgQ29ycmVsYXRpb25CaW5kaW5nPSIiIFVybEVuY29kZT0iRmFsc2UiIFVzZVRvR3JvdXBSZXN1bHRzPSJGYWxzZSIgLz4NCiAgICAgICAgPFF1ZXJ5U3RyaW5nUGFyYW1ldGVyIE5hbWU9InJlZmVyZXIiIFZhbHVlPSJodHRwcyUzQSUyRiUyRnd3dy5tYXJrdHBsYWF0cy5ubCUyRiIgUmVjb3JkZWRWYWx1ZT0iaHR0cHMlM0ElMkYlMkZ3d3cubWFya3RwbGFhdHMubmwlMkYiIENvcnJlbGF0aW9uQmluZGluZz0iIiBVcmxFbmNvZGU9IkZhbHNlIiBVc2VUb0dyb3VwUmVzdWx0cz0iRmFsc2UiIC8+DQogICAgICA8L1F1ZXJ5U3RyaW5nUGFyYW1ldGVycz4NCiAgICA8L1JlcXVlc3Q+DQogICAgPFJlcXVlc3QgTWV0aG9kPSJHRVQiIEd1aWQ9IjNkNWRkMjM3LWQ2NTYtNDlkYS1iYWZlLWZlNjg4ZTU1MWVmZCIgVmVyc2lvbj0iMS4xIiBVcmw9Imh0dHBzOi8vYXBpcy5nb29nbGUuY29tL18vc2NzL2FwcHMtc3RhdGljL18vanMvaz1vei5nYXBpLmVuX1VTLlBmVm45Yko3YkdFLk8vbT1hdXRoMi9leG09Y2xpZW50L3J0PWovc3Y9MS9kPTEvZWQ9MS9hbT1RUUUvcnM9QUdMVGNDTmxXZ3hFY2tSQ3M0SkxmRElYb3k1akZYWXJWUS9jYj1nYXBpLmxvYWRlZF8xIiBUaGlua1RpbWU9IjAiIFRpbWVvdXQ9IjMwMCIgUGFyc2VEZXBlbmRlbnRSZXF1ZXN0cz0iVHJ1ZSIgRm9sbG93UmVkaXJlY3RzPSJUcnVlIiBSZWNvcmRSZXN1bHQ9IlRydWUiIENhY2hlPSJGYWxzZSIgUmVzcG9uc2VUaW1lR29hbD0iMCIgRW5jb2Rpbmc9InV0Zi04IiBFeHBlY3RlZEh0dHBTdGF0dXNDb2RlPSIwIiBFeHBlY3RlZFJlc3BvbnNlVXJsPSIiIFJlcG9ydGluZ05hbWU9IiIgSWdub3JlSHR0cFN0YXR1c0NvZGU9IkZhbHNlIj4NCiAgICAgIDxIZWFkZXJzPg0KICAgICAgICA8SGVhZGVyIE5hbWU9IlJlZmVyZXIiIFZhbHVlPSJodHRwczovL3d3dy5tYXJrdHBsYWF0cy5ubC96Lmh0bWw/cXVlcnk9YXV0byZhbXA7Y2F0ZWdvcnlJZD0wJmFtcDtwb3N0Y29kZT0mYW1wO2Rpc3RhbmNlPTAiIC8+DQogICAgICA8L0hlYWRlcnM+DQogICAgPC9SZXF1ZXN0Pg0KICAgIDxSZXF1ZXN0IE1ldGhvZD0iUE9TVCIgR3VpZD0iOGRlZjhhNjEtY2Y5ZC00ODcxLWI5ZmUtOWE2MDQ2ZTEzM2YyIiBWZXJzaW9uPSIxLjEiIFVybD0iaHR0cHM6Ly93d3cubWFya3RwbGFhdHMubmwvbWV0cmljcy9zZWFyY2giIFRoaW5rVGltZT0iMCIgVGltZW91dD0iMzAwIiBQYXJzZURlcGVuZGVudFJlcXVlc3RzPSJUcnVlIiBGb2xsb3dSZWRpcmVjdHM9IlRydWUiIFJlY29yZFJlc3VsdD0iVHJ1ZSIgQ2FjaGU9IkZhbHNlIiBSZXNwb25zZVRpbWVHb2FsPSIwIiBFbmNvZGluZz0idXRmLTgiIEV4cGVjdGVkSHR0cFN0YXR1c0NvZGU9IjAiIEV4cGVjdGVkUmVzcG9uc2VVcmw9IiIgUmVwb3J0aW5nTmFtZT0iIiBJZ25vcmVIdHRwU3RhdHVzQ29kZT0iRmFsc2UiPg0KICAgICAgPEhlYWRlcnM+DQogICAgICAgIDxIZWFkZXIgTmFtZT0iQWNjZXB0IiBWYWx1ZT0iKi8qIiAvPg0KICAgICAgICA8SGVhZGVyIE5hbWU9IlgtUmVxdWVzdGVkLVdpdGgiIFZhbHVlPSJYTUxIdHRwUmVxdWVzdCIgLz4NCiAgICAgICAgPEhlYWRlciBOYW1lPSJSZWZlcmVyIiBWYWx1ZT0iaHR0cHM6Ly93d3cubWFya3RwbGFhdHMubmwvei5odG1sP3F1ZXJ5PWF1dG8mYW1wO2NhdGVnb3J5SWQ9MCZhbXA7cG9zdGNvZGU9JmFtcDtkaXN0YW5jZT0wIiAvPg0KICAgICAgPC9IZWFkZXJzPg0KICAgICAgPFN0cmluZ0h0dHBCb2R5IENvbnRlbnRUeXBlPSJhcHBsaWNhdGlvbi9qc29uOyBjaGFyc2V0PXV0Zi04IiBJbnNlcnRCeXRlT3JkZXJNYXJrPSJGYWxzZSI+ZXdBaUFITUFaUUJ6QUhNQWFRQnZBRzRBU1FCa0FDSUFPZ0FpQURnQVpBQXpBR1VBT1FCbEFERUFZd0F0QURFQU53QTVBREFBTFFBMEFHTUFNZ0E1QUMwQVlRQTJBRFVBT0FBdEFHTUFOZ0F3QURBQU9RQmhBR0VBWVFBMEFHRUFZUUF3QUNJQUxBQWlBR1VBZUFCd0FHVUFjZ0JwQUcwQVpRQnVBSFFBY3dBaUFEb0FXd0JkQUN3QUlnQmhBR01BZEFCcEFHOEFiZ0FpQURvQUlnQlRBRVVBUVFCU0FFTUFTQUFpQUN3QUlnQndBR3dBWVFCMEFHWUFid0J5QUcwQUlnQTZBQ0lBVndCRkFFSUFJZ0FzQUNJQWNRQjFBR1VBY2dCNUFDSUFPZ0I3QUNJQWF3QmxBSGtBZHdCdkFISUFaQUJ6QUNJQU9nQWlBR0VBZFFCMEFHOEFJZ0FzQUNJQVl3QmhBSFFBWlFCbkFHOEFjZ0I1QUVrQVpBQWlBRG9BTUFBc0FDSUFZUUIwQUhRQWNnQnBBR0lBZFFCMEFHVUFjd0FpQURvQVd3QmRBSDBBTEFBaUFHRUFaQUJ0QUdFQWNnQnJBSFFBVHdCdUFGUUFid0J3QUNJQU9nQXdBQ3dBSWdCd0FHRUFad0JsQUNJQU9nQXhBQ3dBSWdCMkFHa0FaUUIzQUNJQU9nQWlBRXdBVWdBaUFDd0FJZ0J3QUdFQVp3QmxBRk1BYVFCNkFHVUFJZ0E2QURNQU1BQjlBQT09PC9TdHJpbmdIdHRwQm9keT4NCiAgICA8L1JlcXVlc3Q+DQogICAgPFJlcXVlc3QgTWV0aG9kPSJHRVQiIEd1aWQ9IjE0NTcxOTYwLWIwMjEtNGEyNS04MmI3LTY0YjhlNDMxMzhmOSIgVmVyc2lvbj0iMS4xIiBVcmw9Imh0dHBzOi8vbWFya3RwbGFhdHMuZGVtZGV4Lm5ldC9kZXN0NS5odG1sIiBUaGlua1RpbWU9IjAiIFRpbWVvdXQ9IjMwMCIgUGFyc2VEZXBlbmRlbnRSZXF1ZXN0cz0iVHJ1ZSIgRm9sbG93UmVkaXJlY3RzPSJUcnVlIiBSZWNvcmRSZXN1bHQ9IlRydWUiIENhY2hlPSJGYWxzZSIgUmVzcG9uc2VUaW1lR29hbD0iMCIgRW5jb2Rpbmc9InV0Zi04IiBFeHBlY3RlZEh0dHBTdGF0dXNDb2RlPSIwIiBFeHBlY3RlZFJlc3BvbnNlVXJsPSIiIFJlcG9ydGluZ05hbWU9IiIgSWdub3JlSHR0cFN0YXR1c0NvZGU9IkZhbHNlIj4NCiAgICAgIDxIZWFkZXJzPg0KICAgICAgICA8SGVhZGVyIE5hbWU9IlJlZmVyZXIiIFZhbHVlPSJodHRwczovL3d3dy5tYXJrdHBsYWF0cy5ubC96Lmh0bWw/cXVlcnk9YXV0byZhbXA7Y2F0ZWdvcnlJZD0wJmFtcDtwb3N0Y29kZT0mYW1wO2Rpc3RhbmNlPTAiIC8+DQogICAgICA8L0hlYWRlcnM+DQogICAgICA8UXVlcnlTdHJpbmdQYXJhbWV0ZXJzPg0KICAgICAgICA8UXVlcnlTdHJpbmdQYXJhbWV0ZXIgTmFtZT0iZF9uc2lkIiBWYWx1ZT0iMCIgUmVjb3JkZWRWYWx1ZT0iMCIgQ29ycmVsYXRpb25CaW5kaW5nPSIiIFVybEVuY29kZT0iRmFsc2UiIFVzZVRvR3JvdXBSZXN1bHRzPSJGYWxzZSIgLz4NCiAgICAgIDwvUXVlcnlTdHJpbmdQYXJhbWV0ZXJzPg0KICAgIDwvUmVxdWVzdD4NCiAgICA8UmVxdWVzdCBNZXRob2Q9Ik9QVElPTlMiIEd1aWQ9IjA3NTFhMmY5LTg3NDktNDY1NC1iMDg3LWQ5MjBhY2NlNDg0NSIgVmVyc2lvbj0iMS4xIiBVcmw9Imh0dHBzOi8vYXBpLm1hcmt0cGxhYXRzLm5sL2F1ZGllbmNlLXRhcmdldGluZy92MS9ldmVudCIgVGhpbmtUaW1lPSIwIiBUaW1lb3V0PSIzMDAiIFBhcnNlRGVwZW5kZW50UmVxdWVzdHM9IlRydWUiIEZvbGxvd1JlZGlyZWN0cz0iVHJ1ZSIgUmVjb3JkUmVzdWx0PSJUcnVlIiBDYWNoZT0iRmFsc2UiIFJlc3BvbnNlVGltZUdvYWw9IjAiIEVuY29kaW5nPSJ1dGYtOCIgRXhwZWN0ZWRIdHRwU3RhdHVzQ29kZT0iMCIgRXhwZWN0ZWRSZXNwb25zZVVybD0iIiBSZXBvcnRpbmdOYW1lPSIiIElnbm9yZUh0dHBTdGF0dXNDb2RlPSJGYWxzZSIgLz4NCiAgICA8UmVxdWVzdCBNZXRob2Q9IkdFVCIgR3VpZD0iNmQxYmI1YjMtYWU1Ny00MDRmLWIzZWUtNjZjYTFiMWI0NGE3IiBWZXJzaW9uPSIxLjEiIFVybD0iaHR0cHM6Ly9zZWN1cmVwdWJhZHMuZy5kb3VibGVjbGljay5uZXQvZ2FtcGFkL2FkcyIgVGhpbmtUaW1lPSIwIiBUaW1lb3V0PSIzMDAiIFBhcnNlRGVwZW5kZW50UmVxdWVzdHM9IlRydWUiIEZvbGxvd1JlZGlyZWN0cz0iVHJ1ZSIgUmVjb3JkUmVzdWx0PSJUcnVlIiBDYWNoZT0iRmFsc2UiIFJlc3BvbnNlVGltZUdvYWw9IjAiIEVuY29kaW5nPSJ1dGYtOCIgRXhwZWN0ZWRIdHRwU3RhdHVzQ29kZT0iMCIgRXhwZWN0ZWRSZXNwb25zZVVybD0iIiBSZXBvcnRpbmdOYW1lPSIiIElnbm9yZUh0dHBTdGF0dXNDb2RlPSJGYWxzZSI+DQogICAgICA8SGVhZGVycz4NCiAgICAgICAgPEhlYWRlciBOYW1lPSJSZWZlcmVyIiBWYWx1ZT0iaHR0cHM6Ly93d3cubWFya3RwbGFhdHMubmwvei5odG1sP3F1ZXJ5PWF1dG8mYW1wO2NhdGVnb3J5SWQ9MCZhbXA7cG9zdGNvZGU9JmFtcDtkaXN0YW5jZT0wIiAvPg0KICAgICAgPC9IZWFkZXJzPg0KICAgICAgPFF1ZXJ5U3RyaW5nUGFyYW1ldGVycz4NCiAgICAgICAgPFF1ZXJ5U3RyaW5nUGFyYW1ldGVyIE5hbWU9ImdkZnBfcmVxIiBWYWx1ZT0iMSIgUmVjb3JkZWRWYWx1ZT0iMSIgQ29ycmVsYXRpb25CaW5kaW5nPSIiIFVybEVuY29kZT0iRmFsc2UiIFVzZVRvR3JvdXBSZXN1bHRzPSJGYWxzZSIgLz4NCiAgICAgICAgPFF1ZXJ5U3RyaW5nUGFyYW1ldGVyIE5hbWU9InB2c2lkIiBWYWx1ZT0iNDU4ODMwNzk0MjYwNTE5IiBSZWNvcmRlZFZhbHVlPSI0NTg4MzA3OTQyNjA1MTkiIENvcnJlbGF0aW9uQmluZGluZz0iIiBVcmxFbmNvZGU9IkZhbHNlIiBVc2VUb0dyb3VwUmVzdWx0cz0iRmFsc2UiIC8+DQogICAgICAgIDxRdWVyeVN0cmluZ1BhcmFtZXRlciBOYW1lPSJjb3JyZWxhdG9yIiBWYWx1ZT0iNjk0NDQ2NDgzNjgwODY2IiBSZWNvcmRlZFZhbHVlPSI2OTQ0NDY0ODM2ODA4NjYiIENvcnJlbGF0aW9uQmluZGluZz0iIiBVcmxFbmNvZGU9IkZhbHNlIiBVc2VUb0dyb3VwUmVzdWx0cz0iRmFsc2UiIC8+DQogICAgICAgIDxRdWVyeVN0cmluZ1BhcmFtZXRlciBOYW1lPSJvdXRwdXQiIFZhbHVlPSJqc29uX2h0bWwiIFJlY29yZGVkVmFsdWU9Impzb25faHRtbCIgQ29ycmVsYXRpb25CaW5kaW5nPSIiIFVybEVuY29kZT0iRmFsc2UiIFVzZVRvR3JvdXBSZXN1bHRzPSJGYWxzZSIgLz4NCiAgICAgICAgPFF1ZXJ5U3RyaW5nUGFyYW1ldGVyIE5hbWU9ImNhbGxiYWNrIiBWYWx1ZT0iZ29vZ2xldGFnLmltcGwucHViYWRzLmNhbGxiYWNrUHJveHkxIiBSZWNvcmRlZFZhbHVlPSJnb29nbGV0YWcuaW1wbC5wdWJhZHMuY2FsbGJhY2tQcm94eTEiIENvcnJlbGF0aW9uQmluZGluZz0iIiBVcmxFbmNvZGU9IkZhbHNlIiBVc2VUb0dyb3VwUmVzdWx0cz0iRmFsc2UiIC8+DQogICAgICAgIDxRdWVyeVN0cmluZ1BhcmFtZXRlciBOYW1lPSJpbXBsIiBWYWx1ZT0iZmlmcyIgUmVjb3JkZWRWYWx1ZT0iZmlmcyIgQ29ycmVsYXRpb25CaW5kaW5nPSIiIFVybEVuY29kZT0iRmFsc2UiIFVzZVRvR3JvdXBSZXN1bHRzPSJGYWxzZSIgLz4NCiAgICAgICAgPFF1ZXJ5U3RyaW5nUGFyYW1ldGVyIE5hbWU9ImFkc2lkIiBWYWx1ZT0iTlQiIFJlY29yZGVkVmFsdWU9Ik5UIiBDb3JyZWxhdGlvbkJpbmRpbmc9IiIgVXJsRW5jb2RlPSJGYWxzZSIgVXNlVG9Hcm91cFJlc3VsdHM9IkZhbHNlIiAvPg0KICAgICAgICA8UXVlcnlTdHJpbmdQYXJhbWV0ZXIgTmFtZT0ianNvbl9hIiBWYWx1ZT0iMSIgUmVjb3JkZWRWYWx1ZT0iMSIgQ29ycmVsYXRpb25CaW5kaW5nPSIiIFVybEVuY29kZT0iRmFsc2UiIFVzZVRvR3JvdXBSZXN1bHRzPSJGYWxzZSIgLz4NCiAgICAgICAgPFF1ZXJ5U3RyaW5nUGFyYW1ldGVyIE5hbWU9ImVpZCIgVmFsdWU9IjIxMDYyMjA5JTJDMjEwNjIwNjglMkMyMTA2MTgxMiUyQzIyMzIyNjg3IiBSZWNvcmRlZFZhbHVlPSIyMTA2MjIwOSUyQzIxMDYyMDY4JTJDMjEwNjE4MTIlMkMyMjMyMjY4NyIgQ29ycmVsYXRpb25CaW5kaW5nPSIiIFVybEVuY29kZT0iRmFsc2UiIFVzZVRvR3JvdXBSZXN1bHRzPSJGYWxzZSIgLz4NCiAgICAgICAgPFF1ZXJ5U3RyaW5nUGFyYW1ldGVyIE5hbWU9InZyZyIgVmFsdWU9IjIxNCIgUmVjb3JkZWRWYWx1ZT0iMjE0IiBDb3JyZWxhdGlvbkJpbmRpbmc9IiIgVXJsRW5jb2RlPSJGYWxzZSIgVXNlVG9Hcm91cFJlc3VsdHM9IkZhbHNlIiAvPg0KICAgICAgICA8UXVlcnlTdHJpbmdQYXJhbWV0ZXIgTmFtZT0iZ3VjaSIgVmFsdWU9IjEuMi4wLjAuMi4yLjAiIFJlY29yZGVkVmFsdWU9IjEuMi4wLjAuMi4yLjAiIENvcnJlbGF0aW9uQmluZGluZz0iIiBVcmxFbmNvZGU9IkZhbHNlIiBVc2VUb0dyb3VwUmVzdWx0cz0iRmFsc2UiIC8+DQogICAgICAgIDxRdWVyeVN0cmluZ1BhcmFtZXRlciBOYW1lPSJzYyIgVmFsdWU9IjEiIFJlY29yZGVkVmFsdWU9IjEiIENvcnJlbGF0aW9uQmluZGluZz0iIiBVcmxFbmNvZGU9IkZhbHNlIiBVc2VUb0dyb3VwUmVzdWx0cz0iRmFsc2UiIC8+DQogICAgICAgIDxRdWVyeVN0cmluZ1BhcmFtZXRlciBOYW1lPSJzZnYiIFZhbHVlPSIxLTAtMjgiIFJlY29yZGVkVmFsdWU9IjEtMC0yOCIgQ29ycmVsYXRpb25CaW5kaW5nPSIiIFVybEVuY29kZT0iRmFsc2UiIFVzZVRvR3JvdXBSZXN1bHRzPSJGYWxzZSIgLz4NCiAgICAgICAgPFF1ZXJ5U3RyaW5nUGFyYW1ldGVyIE5hbWU9Iml1X3BhcnRzIiBWYWx1ZT0iNDI4MiUyQ3dlYiUyQ21wbmwuMCUyQ3NlYXJjaCUyQ3NycCUyQ2xycF90b3AlMkNscnBfbWlkJTJDbHJwX2xlZnQlMkNscnBfYm90IiBSZWNvcmRlZFZhbHVlPSI0MjgyJTJDd2ViJTJDbXBubC4wJTJDc2VhcmNoJTJDc3JwJTJDbHJwX3RvcCUyQ2xycF9taWQlMkNscnBfbGVmdCUyQ2xycF9ib3QiIENvcnJlbGF0aW9uQmluZGluZz0iIiBVcmxFbmNvZGU9IkZhbHNlIiBVc2VUb0dyb3VwUmVzdWx0cz0iRmFsc2UiIC8+DQogICAgICAgIDxRdWVyeVN0cmluZ1BhcmFtZXRlciBOYW1lPSJlbmNfcHJldl9pdXMiIFZhbHVlPSIlMkYwJTJGMSUyRjIlMkYzJTJGNCUyRjUlMkMlMkYwJTJGMSUyRjIlMkYzJTJGNCUyRjYlMkMlMkYwJTJGMSUyRjIlMkYzJTJGNCUyRjclMkMlMkYwJTJGMSUyRjIlMkYzJTJGNCUyRjgiIFJlY29yZGVkVmFsdWU9IiUyRjAlMkYxJTJGMiUyRjMlMkY0JTJGNSUyQyUyRjAlMkYxJTJGMiUyRjMlMkY0JTJGNiUyQyUyRjAlMkYxJTJGMiUyRjMlMkY0JTJGNyUyQyUyRjAlMkYxJTJGMiUyRjMlMkY0JTJGOCIgQ29ycmVsYXRpb25CaW5kaW5nPSIiIFVybEVuY29kZT0iRmFsc2UiIFVzZVRvR3JvdXBSZXN1bHRzPSJGYWxzZSIgLz4NCiAgICAgICAgPFF1ZXJ5U3RyaW5nUGFyYW1ldGVyIE5hbWU9InByZXZfaXVfc3pzIiBWYWx1ZT0iNzI4eDkwJTdDOTcweDI1MCU3QzQ2OHg2MCU3QzE4MDB4MTAwMCU3Qzk3MHgxMDAwJTdDMTgwMHgyMDAlMkM3NjB4MTAwJTdDNzI4eDkwJTJDMTIweDYwMCU3QzE2MHg2MDAlN0MxMjB4OTAlMkM3Mjh4OTAlN0M0Njh4NjAiIFJlY29yZGVkVmFsdWU9IjcyOHg5MCU3Qzk3MHgyNTAlN0M0Njh4NjAlN0MxODAweDEwMDAlN0M5NzB4MTAwMCU3QzE4MDB4MjAwJTJDNzYweDEwMCU3QzcyOHg5MCUyQzEyMHg2MDAlN0MxNjB4NjAwJTdDMTIweDkwJTJDNzI4eDkwJTdDNDY4eDYwIiBDb3JyZWxhdGlvbkJpbmRpbmc9IiIgVXJsRW5jb2RlPSJGYWxzZSIgVXNlVG9Hcm91cFJlc3VsdHM9IkZhbHNlIiAvPg0KICAgICAgICA8UXVlcnlTdHJpbmdQYXJhbWV0ZXIgTmFtZT0icHJldl9zY3AiIFZhbHVlPSJjdCUzRDAlMjZwdGclM0RhdXI1NDUzX2ElMkNhdXI1NjA2X2ElMkNhdXI1NjA3X2ElMkNhdXI0OTI1X2MlMkNhdXI1MzM3X2IlMkNhdXI1MDcxX2IlMkNhdXI1MDcwX2ElMkNhdXI1NzQ5X2ElMkNhdXI0OTc0LWFuZHJvaWRfYiUyQ2F1cjU0ODZfYiUyQ2F1cjUzNzlfYiUyQ2F1cjQ5NTlfYSUyQ2F1cjUzODBfZCUyQ2F1cjQ4NDJfYSUyQ2F1cjU0MTVfYiUyQ2F1cjU0MzJfYSUyQ2F1cjU5NDNfYyUyQ2F1cjQxMTBfZiUyQ2F1cjU1NTlfYyUyNnB0JTNEc3JwJTI2cG9zJTNEbHJwX3RvcCUyNmhuJTNEd3d3Lm1hcmt0cGxhYXRzLm5sJTI2a3clM0RhdXRvJTI2bGklM0QwJTI2dXNlcmlkJTNEJTI2c2Vzc2lvbmlkJTNEOGQzZTllMWMtMTc5MC00YzI5LWE2NTgtYzYwMDlhYWE0YWEwJTI2aWlkJTNENjcyNjFmN2MtZjY0NS02NjM4LWZjM2YtOTc0NGE4MjUzZGY4JTI2YXVzJTNEMjc4OTg0Mjc0OSUyNmhiJTNEMSUyNmhvZCUzRDEyJTI2c2YlM0QzJTI2YWRfZ3JvdXAlM0RhZF9vcHQlMjZoYl9zaXplX2FwcG5leHVzJTNEJTI2aGJfcGJfYXBwbmV4dXMlM0QlMjZoYl9hZGlkX2FwcG5leHVzJTNEJTI2aGJfYmlkZGVyX2FwcG5leHVzJTNEJTI2aGJfc2l6ZSUzRCUyNmhiX3BiJTNEJTI2aGJfYWRpZCUzRCUyNmhiX2JpZGRlciUzRCU3Q2N0JTNEMCUyNnB0ZyUzRGF1cjU0NTNfYSUyQ2F1cjU2MDZfYSUyQ2F1cjU2MDdfYSUyQ2F1cjQ5MjVfYyUyQ2F1cjUzMzdfYiUyQ2F1cjUwNzFfYiUyQ2F1cjUwNzBfYSUyQ2F1cjU3NDlfYSUyQ2F1cjQ5NzQtYW5kcm9pZF9iJTJDYXVyNTQ4Nl9iJTJDYXVyNTM3OV9iJTJDYXVyNDk1OV9hJTJDYXVyNTM4MF9kJTJDYXVyNDg0Ml9hJTJDYXVyNTQxNV9iJTJDYXVyNTQzMl9hJTJDYXVyNTk0M19jJTJDYXVyNDExMF9mJTJDYXVyNTU1OV9jJTI2cHQlM0RzcnAlMjZwb3MlM0RscnBfbWlkJTI2aG4lM0R3d3cubWFya3RwbGFhdHMubmwlMjZrdyUzRGF1dG8lMjZsaSUzRDAlMjZ1c2VyaWQlM0QlMjZzZXNzaW9uaWQlM0Q4ZDNlOWUxYy0xNzkwLTRjMjktYTY1OC1jNjAwOWFhYTRhYTAlMjZpaWQlM0Q5ZjQzN2NjZC01ODEzLTBhZTUtMTVkMS1jMWRmY2ZlZDY4NTQlMjZhdXMlM0QzNTgyNTYyMjk0JTI2aGIlM0QxJTI2aG9kJTNEMTIlMjZzZiUzRDQlMjZhZF9ncm91cCUzRGFkX29wdCUyNmhiX3NpemVfYXBwbmV4dXMlM0QlMjZoYl9wYl9hcHBuZXh1cyUzRCUyNmhiX2FkaWRfYXBwbmV4dXMlM0QlMjZoYl9iaWRkZXJfYXBwbmV4dXMlM0QlMjZoYl9zaXplJTNEJTI2aGJfcGIlM0QlMjZoYl9hZGlkJTNEJTI2aGJfYmlkZGVyJTNEJTdDY3QlM0QwJTI2cHRnJTNEYXVyNTQ1M19hJTJDYXVyNTYwNl9hJTJDYXVyNTYwN19hJTJDYXVyNDkyNV9jJTJDYXVyNTMzN19iJTJDYXVyNTA3MV9iJTJDYXVyNTA3MF9hJTJDYXVyNTc0OV9hJTJDYXVyNDk3NC1hbmRyb2lkX2IlMkNhdXI1NDg2X2IlMkNhdXI1Mzc5X2IlMkNhdXI0OTU5X2ElMkNhdXI1MzgwX2QlMkNhdXI0ODQyX2ElMkNhdXI1NDE1X2IlMkNhdXI1NDMyX2ElMkNhdXI1OTQzX2MlMkNhdXI0MTEwX2YlMkNhdXI1NTU5X2MlMjZwdCUzRHNycCUyNnBvcyUzRGxycF9sZWZ0JTI2aG4lM0R3d3cubWFya3RwbGFhdHMubmwlMjZrdyUzRGF1dG8lMjZsaSUzRDAlMjZ1c2VyaWQlM0QlMjZzZXNzaW9uaWQlM0Q4ZDNlOWUxYy0xNzkwLTRjMjktYTY1OC1jNjAwOWFhYTRhYTAlMjZpaWQlM0Q1N2EzYmI0NC04MDA5LTAyZDgtYmNmOS03OTFlNTBlNGI0MzklMjZhdXMlM0QzOTMzNzg2MTU3JTI2aGIlM0QxJTI2aG9kJTNEMTIlMjZzZiUzRDUlMjZhZF9ncm91cCUzRGFkX29wdCUyNmhiX3NpemVfYXBwbmV4dXMlM0QxMjB4NjAwJTI2aGJfcGJfYXBwbmV4dXMlM0QwLjkwJTI2aGJfYWRpZF9hcHBuZXh1cyUzRDIxNjVmMGVjNDI0YzNjMTglMjZoYl9iaWRkZXJfYXBwbmV4dXMlM0RhcHBuZXh1cyUyNmhiX3NpemUlM0QxMjB4NjAwJTI2aGJfcGIlM0QwLjkwJTI2aGJfYWRpZCUzRDIxNjVmMGVjNDI0YzNjMTglMjZoYl9iaWRkZXIlM0RhcHBuZXh1cyU3Q2N0JTNEMCUyNnB0ZyUzRGF1cjU0NTNfYSUyQ2F1cjU2MDZfYSUyQ2F1cjU2MDdfYSUyQ2F1cjQ5MjVfYyUyQ2F1cjUzMzdfYiUyQ2F1cjUwNzFfYiUyQ2F1cjUwNzBfYSUyQ2F1cjU3NDlfYSUyQ2F1cjQ5NzQtYW5kcm9pZF9iJTJDYXVyNTQ4Nl9iJTJDYXVyNTM3OV9iJTJDYXVyNDk1OV9hJTJDYXVyNTM4MF9kJTJDYXVyNDg0Ml9hJTJDYXVyNTQxNV9iJTJDYXVyNTQzMl9hJTJDYXVyNTk0M19jJTJDYXVyNDExMF9mJTJDYXVyNTU1OV9jJTI2cHQlM0RzcnAlMjZwb3MlM0RscnBfYm90JTI2aG4lM0R3d3cubWFya3RwbGFhdHMubmwlMjZrdyUzRGF1dG8lMjZsaSUzRDAlMjZ1c2VyaWQlM0QlMjZzZXNzaW9uaWQlM0Q4ZDNlOWUxYy0xNzkwLTRjMjktYTY1OC1jNjAwOWFhYTRhYTAlMjZpaWQlM0Q5MzgyMjUxYi01OWMyLTk4NjAtZjQyNS1jY2RhNWFhYjcyYTglMjZhdXMlM0QzMjAxMzY3MzQzJTI2aGIlM0QxJTI2aG9kJTNEMTIlMjZzZiUzRDYlMjZhZF9ncm91cCUzRGFkX29wdCUyNmhiX3NpemVfYXBwbmV4dXMlM0QlMjZoYl9wYl9hcHBuZXh1cyUzRCUyNmhiX2FkaWRfYXBwbmV4dXMlM0QlMjZoYl9iaWRkZXJfYXBwbmV4dXMlM0QlMjZoYl9zaXplJTNEJTI2aGJfcGIlM0QlMjZoYl9hZGlkJTNEJTI2aGJfYmlkZGVyJTNEIiBSZWNvcmRlZFZhbHVlPSJjdCUzRDAlMjZwdGclM0RhdXI1NDUzX2ElMkNhdXI1NjA2X2ElMkNhdXI1NjA3X2ElMkNhdXI0OTI1X2MlMkNhdXI1MzM3X2IlMkNhdXI1MDcxX2IlMkNhdXI1MDcwX2ElMkNhdXI1NzQ5X2ElMkNhdXI0OTc0LWFuZHJvaWRfYiUyQ2F1cjU0ODZfYiUyQ2F1cjUzNzlfYiUyQ2F1cjQ5NTlfYSUyQ2F1cjUzODBfZCUyQ2F1cjQ4NDJfYSUyQ2F1cjU0MTVfYiUyQ2F1cjU0MzJfYSUyQ2F1cjU5NDNfYyUyQ2F1cjQxMTBfZiUyQ2F1cjU1NTlfYyUyNnB0JTNEc3JwJTI2cG9zJTNEbHJwX3RvcCUyNmhuJTNEd3d3Lm1hcmt0cGxhYXRzLm5sJTI2a3clM0RhdXRvJTI2bGklM0QwJTI2dXNlcmlkJTNEJTI2c2Vzc2lvbmlkJTNEOGQzZTllMWMtMTc5MC00YzI5LWE2NTgtYzYwMDlhYWE0YWEwJTI2aWlkJTNENjcyNjFmN2MtZjY0NS02NjM4LWZjM2YtOTc0NGE4MjUzZGY4JTI2YXVzJTNEMjc4OTg0Mjc0OSUyNmhiJTNEMSUyNmhvZCUzRDEyJTI2c2YlM0QzJTI2YWRfZ3JvdXAlM0RhZF9vcHQlMjZoYl9zaXplX2FwcG5leHVzJTNEJTI2aGJfcGJfYXBwbmV4dXMlM0QlMjZoYl9hZGlkX2FwcG5leHVzJTNEJTI2aGJfYmlkZGVyX2FwcG5leHVzJTNEJTI2aGJfc2l6ZSUzRCUyNmhiX3BiJTNEJTI2aGJfYWRpZCUzRCUyNmhiX2JpZGRlciUzRCU3Q2N0JTNEMCUyNnB0ZyUzRGF1cjU0NTNfYSUyQ2F1cjU2MDZfYSUyQ2F1cjU2MDdfYSUyQ2F1cjQ5MjVfYyUyQ2F1cjUzMzdfYiUyQ2F1cjUwNzFfYiUyQ2F1cjUwNzBfYSUyQ2F1cjU3NDlfYSUyQ2F1cjQ5NzQtYW5kcm9pZF9iJTJDYXVyNTQ4Nl9iJTJDYXVyNTM3OV9iJTJDYXVyNDk1OV9hJTJDYXVyNTM4MF9kJTJDYXVyNDg0Ml9hJTJDYXVyNTQxNV9iJTJDYXVyNTQzMl9hJTJDYXVyNTk0M19jJTJDYXVyNDExMF9mJTJDYXVyNTU1OV9jJTI2cHQlM0RzcnAlMjZwb3MlM0RscnBfbWlkJTI2aG4lM0R3d3cubWFya3RwbGFhdHMubmwlMjZrdyUzRGF1dG8lMjZsaSUzRDAlMjZ1c2VyaWQlM0QlMjZzZXNzaW9uaWQlM0Q4ZDNlOWUxYy0xNzkwLTRjMjktYTY1OC1jNjAwOWFhYTRhYTAlMjZpaWQlM0Q5ZjQzN2NjZC01ODEzLTBhZTUtMTVkMS1jMWRmY2ZlZDY4NTQlMjZhdXMlM0QzNTgyNTYyMjk0JTI2aGIlM0QxJTI2aG9kJTNEMTIlMjZzZiUzRDQlMjZhZF9ncm91cCUzRGFkX29wdCUyNmhiX3NpemVfYXBwbmV4dXMlM0QlMjZoYl9wYl9hcHBuZXh1cyUzRCUyNmhiX2FkaWRfYXBwbmV4dXMlM0QlMjZoYl9iaWRkZXJfYXBwbmV4dXMlM0QlMjZoYl9zaXplJTNEJTI2aGJfcGIlM0QlMjZoYl9hZGlkJTNEJTI2aGJfYmlkZGVyJTNEJTdDY3QlM0QwJTI2cHRnJTNEYXVyNTQ1M19hJTJDYXVyNTYwNl9hJTJDYXVyNTYwN19hJTJDYXVyNDkyNV9jJTJDYXVyNTMzN19iJTJDYXVyNTA3MV9iJTJDYXVyNTA3MF9hJTJDYXVyNTc0OV9hJTJDYXVyNDk3NC1hbmRyb2lkX2IlMkNhdXI1NDg2X2IlMkNhdXI1Mzc5X2IlMkNhdXI0OTU5X2ElMkNhdXI1MzgwX2QlMkNhdXI0ODQyX2ElMkNhdXI1NDE1X2IlMkNhdXI1NDMyX2ElMkNhdXI1OTQzX2MlMkNhdXI0MTEwX2YlMkNhdXI1NTU5X2MlMjZwdCUzRHNycCUyNnBvcyUzRGxycF9sZWZ0JTI2aG4lM0R3d3cubWFya3RwbGFhdHMubmwlMjZrdyUzRGF1dG8lMjZsaSUzRDAlMjZ1c2VyaWQlM0QlMjZzZXNzaW9uaWQlM0Q4ZDNlOWUxYy0xNzkwLTRjMjktYTY1OC1jNjAwOWFhYTRhYTAlMjZpaWQlM0Q1N2EzYmI0NC04MDA5LTAyZDgtYmNmOS03OTFlNTBlNGI0MzklMjZhdXMlM0QzOTMzNzg2MTU3JTI2aGIlM0QxJTI2aG9kJTNEMTIlMjZzZiUzRDUlMjZhZF9ncm91cCUzRGFkX29wdCUyNmhiX3NpemVfYXBwbmV4dXMlM0QxMjB4NjAwJTI2aGJfcGJfYXBwbmV4dXMlM0QwLjkwJTI2aGJfYWRpZF9hcHBuZXh1cyUzRDIxNjVmMGVjNDI0YzNjMTglMjZoYl9iaWRkZXJfYXBwbmV4dXMlM0RhcHBuZXh1cyUyNmhiX3NpemUlM0QxMjB4NjAwJTI2aGJfcGIlM0QwLjkwJTI2aGJfYWRpZCUzRDIxNjVmMGVjNDI0YzNjMTglMjZoYl9iaWRkZXIlM0RhcHBuZXh1cyU3Q2N0JTNEMCUyNnB0ZyUzRGF1cjU0NTNfYSUyQ2F1cjU2MDZfYSUyQ2F1cjU2MDdfYSUyQ2F1cjQ5MjVfYyUyQ2F1cjUzMzdfYiUyQ2F1cjUwNzFfYiUyQ2F1cjUwNzBfYSUyQ2F1cjU3NDlfYSUyQ2F1cjQ5NzQtYW5kcm9pZF9iJTJDYXVyNTQ4Nl9iJTJDYXVyNTM3OV9iJTJDYXVyNDk1OV9hJTJDYXVyNTM4MF9kJTJDYXVyNDg0Ml9hJTJDYXVyNTQxNV9iJTJDYXVyNTQzMl9hJTJDYXVyNTk0M19jJTJDYXVyNDExMF9mJTJDYXVyNTU1OV9jJTI2cHQlM0RzcnAlMjZwb3MlM0RscnBfYm90JTI2aG4lM0R3d3cubWFya3RwbGFhdHMubmwlMjZrdyUzRGF1dG8lMjZsaSUzRDAlMjZ1c2VyaWQlM0QlMjZzZXNzaW9uaWQlM0Q4ZDNlOWUxYy0xNzkwLTRjMjktYTY1OC1jNjAwOWFhYTRhYTAlMjZpaWQlM0Q5MzgyMjUxYi01OWMyLTk4NjAtZjQyNS1jY2RhNWFhYjcyYTglMjZhdXMlM0QzMjAxMzY3MzQzJTI2aGIlM0QxJTI2aG9kJTNEMTIlMjZzZiUzRDYlMjZhZF9ncm91cCUzRGFkX29wdCUyNmhiX3NpemVfYXBwbmV4dXMlM0QlMjZoYl9wYl9hcHBuZXh1cyUzRCUyNmhiX2FkaWRfYXBwbmV4dXMlM0QlMjZoYl9iaWRkZXJfYXBwbmV4dXMlM0QlMjZoYl9zaXplJTNEJTI2aGJfcGIlM0QlMjZoYl9hZGlkJTNEJTI2aGJfYmlkZGVyJTNEIiBDb3JyZWxhdGlvbkJpbmRpbmc9IiIgVXJsRW5jb2RlPSJGYWxzZSIgVXNlVG9Hcm91cFJlc3VsdHM9IkZhbHNlIiAvPg0KICAgICAgICA8UXVlcnlTdHJpbmdQYXJhbWV0ZXIgTmFtZT0iZXJpIiBWYWx1ZT0iMSIgUmVjb3JkZWRWYWx1ZT0iMSIgQ29ycmVsYXRpb25CaW5kaW5nPSIiIFVybEVuY29kZT0iRmFsc2UiIFVzZVRvR3JvdXBSZXN1bHRzPSJGYWxzZSIgLz4NCiAgICAgICAgPFF1ZXJ5U3RyaW5nUGFyYW1ldGVyIE5hbWU9ImN1c3RfcGFyYW1zIiBWYWx1ZT0idG8lM0QwIiBSZWNvcmRlZFZhbHVlPSJ0byUzRDAiIENvcnJlbGF0aW9uQmluZGluZz0iIiBVcmxFbmNvZGU9IkZhbHNlIiBVc2VUb0dyb3VwUmVzdWx0cz0iRmFsc2UiIC8+DQogICAgICAgIDxRdWVyeVN0cmluZ1BhcmFtZXRlciBOYW1lPSJjb29raWUiIFZhbHVlPSJJRCUzRDkwMjVlNTAwNTFhZDY0YmIlM0FUJTNEMTUyODgwNjQwMiUzQVMlM0RBTE5JX01aRlZWRXRwWFhITFc2anVibmNnRzB1LVRFOGFRIiBSZWNvcmRlZFZhbHVlPSJJRCUzRDkwMjVlNTAwNTFhZDY0YmIlM0FUJTNEMTUyODgwNjQwMiUzQVMlM0RBTE5JX01aRlZWRXRwWFhITFc2anVibmNnRzB1LVRFOGFRIiBDb3JyZWxhdGlvbkJpbmRpbmc9IiIgVXJsRW5jb2RlPSJGYWxzZSIgVXNlVG9Hcm91cFJlc3VsdHM9IkZhbHNlIiAvPg0KICAgICAgICA8UXVlcnlTdHJpbmdQYXJhbWV0ZXIgTmFtZT0iYmMiIFZhbHVlPSIxIiBSZWNvcmRlZFZhbHVlPSIxIiBDb3JyZWxhdGlvbkJpbmRpbmc9IiIgVXJsRW5jb2RlPSJGYWxzZSIgVXNlVG9Hcm91cFJlc3VsdHM9IkZhbHNlIiAvPg0KICAgICAgICA8UXVlcnlTdHJpbmdQYXJhbWV0ZXIgTmFtZT0iYWJ4ZSIgVmFsdWU9IjEiIFJlY29yZGVkVmFsdWU9IjEiIENvcnJlbGF0aW9uQmluZGluZz0iIiBVcmxFbmNvZGU9IkZhbHNlIiBVc2VUb0dyb3VwUmVzdWx0cz0iRmFsc2UiIC8+DQogICAgICAgIDxRdWVyeVN0cmluZ1BhcmFtZXRlciBOYW1lPSJsbXQiIFZhbHVlPSIxNTI4ODA2NDE1IiBSZWNvcmRlZFZhbHVlPSIxNTI4ODA2NDE1IiBDb3JyZWxhdGlvbkJpbmRpbmc9IiIgVXJsRW5jb2RlPSJGYWxzZSIgVXNlVG9Hcm91cFJlc3VsdHM9IkZhbHNlIiAvPg0KICAgICAgICA8UXVlcnlTdHJpbmdQYXJhbWV0ZXIgTmFtZT0iZHQiIFZhbHVlPSIxNTI4ODA2NDE1ODY2IiBSZWNvcmRlZFZhbHVlPSIxNTI4ODA2NDE1ODY2IiBDb3JyZWxhdGlvbkJpbmRpbmc9IiIgVXJsRW5jb2RlPSJGYWxzZSIgVXNlVG9Hcm91cFJlc3VsdHM9IkZhbHNlIiAvPg0KICAgICAgICA8UXVlcnlTdHJpbmdQYXJhbWV0ZXIgTmFtZT0iZGx0IiBWYWx1ZT0iMTUyODgwNjQxMjIwNSIgUmVjb3JkZWRWYWx1ZT0iMTUyODgwNjQxMjIwNSIgQ29ycmVsYXRpb25CaW5kaW5nPSIiIFVybEVuY29kZT0iRmFsc2UiIFVzZVRvR3JvdXBSZXN1bHRzPSJGYWxzZSIgLz4NCiAgICAgICAgPFF1ZXJ5U3RyaW5nUGFyYW1ldGVyIE5hbWU9ImlkdCIgVmFsdWU9IjE3MzAiIFJlY29yZGVkVmFsdWU9IjE3MzAiIENvcnJlbGF0aW9uQmluZGluZz0iIiBVcmxFbmNvZGU9IkZhbHNlIiBVc2VUb0dyb3VwUmVzdWx0cz0iRmFsc2UiIC8+DQogICAgICAgIDxRdWVyeVN0cmluZ1BhcmFtZXRlciBOYW1lPSJmcm0iIFZhbHVlPSIyMCIgUmVjb3JkZWRWYWx1ZT0iMjAiIENvcnJlbGF0aW9uQmluZGluZz0iIiBVcmxFbmNvZGU9IkZhbHNlIiBVc2VUb0dyb3VwUmVzdWx0cz0iRmFsc2UiIC8+DQogICAgICAgIDxRdWVyeVN0cmluZ1BhcmFtZXRlciBOYW1lPSJiaXciIFZhbHVlPSIxMjc0IiBSZWNvcmRlZFZhbHVlPSIxMjc0IiBDb3JyZWxhdGlvbkJpbmRpbmc9IiIgVXJsRW5jb2RlPSJGYWxzZSIgVXNlVG9Hcm91cFJlc3VsdHM9IkZhbHNlIiAvPg0KICAgICAgICA8UXVlcnlTdHJpbmdQYXJhbWV0ZXIgTmFtZT0iYmloIiBWYWx1ZT0iODY4IiBSZWNvcmRlZFZhbHVlPSI4NjgiIENvcnJlbGF0aW9uQmluZGluZz0iIiBVcmxFbmNvZGU9IkZhbHNlIiBVc2VUb0dyb3VwUmVzdWx0cz0iRmFsc2UiIC8+DQogICAgICAgIDxRdWVyeVN0cmluZ1BhcmFtZXRlciBOYW1lPSJvaWQiIFZhbHVlPSIzIiBSZWNvcmRlZFZhbHVlPSIzIiBDb3JyZWxhdGlvbkJpbmRpbmc9IiIgVXJsRW5jb2RlPSJGYWxzZSIgVXNlVG9Hcm91cFJlc3VsdHM9IkZhbHNlIiAvPg0KICAgICAgICA8UXVlcnlTdHJpbmdQYXJhbWV0ZXIgTmFtZT0iYWR4cyIgVmFsdWU9IjI3MyUyQzM2MSUyQzE0NyUyQzM3NyIgUmVjb3JkZWRWYWx1ZT0iMjczJTJDMzYxJTJDMTQ3JTJDMzc3IiBDb3JyZWxhdGlvbkJpbmRpbmc9IiIgVXJsRW5jb2RlPSJGYWxzZSIgVXNlVG9Hcm91cFJlc3VsdHM9IkZhbHNlIiAvPg0KICAgICAgICA8UXVlcnlTdHJpbmdQYXJhbWV0ZXIgTmFtZT0iYWR5cyIgVmFsdWU9IjE0MyUyQzEzNzclMkMxMjY4JTJDNjAwNCIgUmVjb3JkZWRWYWx1ZT0iMTQzJTJDMTM3NyUyQzEyNjglMkM2MDA0IiBDb3JyZWxhdGlvbkJpbmRpbmc9IiIgVXJsRW5jb2RlPSJGYWxzZSIgVXNlVG9Hcm91cFJlc3VsdHM9IkZhbHNlIiAvPg0KICAgICAgICA8UXVlcnlTdHJpbmdQYXJhbWV0ZXIgTmFtZT0iYWRrcyIgVmFsdWU9IjIxMDAyNDI0NTMlMkM0MDgxOTc4NDc4JTJDMjMzMDE4NDEzJTJDMTI0Mjg3NjI5MSIgUmVjb3JkZWRWYWx1ZT0iMjEwMDI0MjQ1MyUyQzQwODE5Nzg0NzglMkMyMzMwMTg0MTMlMkMxMjQyODc2MjkxIiBDb3JyZWxhdGlvbkJpbmRpbmc9IiIgVXJsRW5jb2RlPSJGYWxzZSIgVXNlVG9Hcm91cFJlc3VsdHM9IkZhbHNlIiAvPg0KICAgICAgICA8UXVlcnlTdHJpbmdQYXJhbWV0ZXIgTmFtZT0iZ3V0IiBWYWx1ZT0idjIiIFJlY29yZGVkVmFsdWU9InYyIiBDb3JyZWxhdGlvbkJpbmRpbmc9IiIgVXJsRW5jb2RlPSJGYWxzZSIgVXNlVG9Hcm91cFJlc3VsdHM9IkZhbHNlIiAvPg0KICAgICAgICA8UXVlcnlTdHJpbmdQYXJhbWV0ZXIgTmFtZT0iaWZpIiBWYWx1ZT0iMSIgUmVjb3JkZWRWYWx1ZT0iMSIgQ29ycmVsYXRpb25CaW5kaW5nPSIiIFVybEVuY29kZT0iRmFsc2UiIFVzZVRvR3JvdXBSZXN1bHRzPSJGYWxzZSIgLz4NCiAgICAgICAgPFF1ZXJ5U3RyaW5nUGFyYW1ldGVyIE5hbWU9InVfdHoiIFZhbHVlPSIxMjAiIFJlY29yZGVkVmFsdWU9IjEyMCIgQ29ycmVsYXRpb25CaW5kaW5nPSIiIFVybEVuY29kZT0iRmFsc2UiIFVzZVRvR3JvdXBSZXN1bHRzPSJGYWxzZSIgLz4NCiAgICAgICAgPFF1ZXJ5U3RyaW5nUGFyYW1ldGVyIE5hbWU9InVfaGlzIiBWYWx1ZT0iMyIgUmVjb3JkZWRWYWx1ZT0iMyIgQ29ycmVsYXRpb25CaW5kaW5nPSIiIFVybEVuY29kZT0iRmFsc2UiIFVzZVRvR3JvdXBSZXN1bHRzPSJGYWxzZSIgLz4NCiAgICAgICAgPFF1ZXJ5U3RyaW5nUGFyYW1ldGVyIE5hbWU9InVfamF2YSIgVmFsdWU9InRydWUiIFJlY29yZGVkVmFsdWU9InRydWUiIENvcnJlbGF0aW9uQmluZGluZz0iIiBVcmxFbmNvZGU9IkZhbHNlIiBVc2VUb0dyb3VwUmVzdWx0cz0iRmFsc2UiIC8+DQogICAgICAgIDxRdWVyeVN0cmluZ1BhcmFtZXRlciBOYW1lPSJ1X2giIFZhbHVlPSI5NTUiIFJlY29yZGVkVmFsdWU9Ijk1NSIgQ29ycmVsYXRpb25CaW5kaW5nPSIiIFVybEVuY29kZT0iRmFsc2UiIFVzZVRvR3JvdXBSZXN1bHRzPSJGYWxzZSIgLz4NCiAgICAgICAgPFF1ZXJ5U3RyaW5nUGFyYW1ldGVyIE5hbWU9InVfdyIgVmFsdWU9IjE1MjciIFJlY29yZGVkVmFsdWU9IjE1MjciIENvcnJlbGF0aW9uQmluZGluZz0iIiBVcmxFbmNvZGU9IkZhbHNlIiBVc2VUb0dyb3VwUmVzdWx0cz0iRmFsc2UiIC8+DQogICAgICAgIDxRdWVyeVN0cmluZ1BhcmFtZXRlciBOYW1lPSJ1X2FoIiBWYWx1ZT0iOTE4IiBSZWNvcmRlZFZhbHVlPSI5MTgiIENvcnJlbGF0aW9uQmluZGluZz0iIiBVcmxFbmNvZGU9IkZhbHNlIiBVc2VUb0dyb3VwUmVzdWx0cz0iRmFsc2UiIC8+DQogICAgICAgIDxRdWVyeVN0cmluZ1BhcmFtZXRlciBOYW1lPSJ1X2F3IiBWYWx1ZT0iMTUyNyIgUmVjb3JkZWRWYWx1ZT0iMTUyNyIgQ29ycmVsYXRpb25CaW5kaW5nPSIiIFVybEVuY29kZT0iRmFsc2UiIFVzZVRvR3JvdXBSZXN1bHRzPSJGYWxzZSIgLz4NCiAgICAgICAgPFF1ZXJ5U3RyaW5nUGFyYW1ldGVyIE5hbWU9InVfY2QiIFZhbHVlPSIyNCIgUmVjb3JkZWRWYWx1ZT0iMjQiIENvcnJlbGF0aW9uQmluZGluZz0iIiBVcmxFbmNvZGU9IkZhbHNlIiBVc2VUb0dyb3VwUmVzdWx0cz0iRmFsc2UiIC8+DQogICAgICAgIDxRdWVyeVN0cmluZ1BhcmFtZXRlciBOYW1lPSJ1X25wbHVnIiBWYWx1ZT0iMSIgUmVjb3JkZWRWYWx1ZT0iMSIgQ29ycmVsYXRpb25CaW5kaW5nPSIiIFVybEVuY29kZT0iRmFsc2UiIFVzZVRvR3JvdXBSZXN1bHRzPSJGYWxzZSIgLz4NCiAgICAgICAgPFF1ZXJ5U3RyaW5nUGFyYW1ldGVyIE5hbWU9InVfbm1pbWUiIFZhbHVlPSIyIiBSZWNvcmRlZFZhbHVlPSIyIiBDb3JyZWxhdGlvbkJpbmRpbmc9IiIgVXJsRW5jb2RlPSJGYWxzZSIgVXNlVG9Hcm91cFJlc3VsdHM9IkZhbHNlIiAvPg0KICAgICAgICA8UXVlcnlTdHJpbmdQYXJhbWV0ZXIgTmFtZT0idV9zZCIgVmFsdWU9IjEuMSIgUmVjb3JkZWRWYWx1ZT0iMS4xIiBDb3JyZWxhdGlvbkJpbmRpbmc9IiIgVXJsRW5jb2RlPSJGYWxzZSIgVXNlVG9Hcm91cFJlc3VsdHM9IkZhbHNlIiAvPg0KICAgICAgICA8UXVlcnlTdHJpbmdQYXJhbWV0ZXIgTmFtZT0iZmxhc2giIFZhbHVlPSIyOS4wLjAiIFJlY29yZGVkVmFsdWU9IjI5LjAuMCIgQ29ycmVsYXRpb25CaW5kaW5nPSIiIFVybEVuY29kZT0iRmFsc2UiIFVzZVRvR3JvdXBSZXN1bHRzPSJGYWxzZSIgLz4NCiAgICAgICAgPFF1ZXJ5U3RyaW5nUGFyYW1ldGVyIE5hbWU9InVybCIgVmFsdWU9Imh0dHBzJTNBJTJGJTJGd3d3Lm1hcmt0cGxhYXRzLm5sJTJGei5odG1sJTNGcXVlcnklM0RhdXRvJTI2Y2F0ZWdvcnlJZCUzRDAlMjZwb3N0Y29kZSUzRCUyNmRpc3RhbmNlJTNEMCIgUmVjb3JkZWRWYWx1ZT0iaHR0cHMlM0ElMkYlMkZ3d3cubWFya3RwbGFhdHMubmwlMkZ6Lmh0bWwlM0ZxdWVyeSUzRGF1dG8lMjZjYXRlZ29yeUlkJTNEMCUyNnBvc3Rjb2RlJTNEJTI2ZGlzdGFuY2UlM0QwIiBDb3JyZWxhdGlvbkJpbmRpbmc9IiIgVXJsRW5jb2RlPSJGYWxzZSIgVXNlVG9Hcm91cFJlc3VsdHM9IkZhbHNlIiAvPg0KICAgICAgICA8UXVlcnlTdHJpbmdQYXJhbWV0ZXIgTmFtZT0icmVmIiBWYWx1ZT0iaHR0cHMlM0ElMkYlMkZ3d3cubWFya3RwbGFhdHMubmwlMkYiIFJlY29yZGVkVmFsdWU9Imh0dHBzJTNBJTJGJTJGd3d3Lm1hcmt0cGxhYXRzLm5sJTJGIiBDb3JyZWxhdGlvbkJpbmRpbmc9IiIgVXJsRW5jb2RlPSJGYWxzZSIgVXNlVG9Hcm91cFJlc3VsdHM9IkZhbHNlIiAvPg0KICAgICAgICA8UXVlcnlTdHJpbmdQYXJhbWV0ZXIgTmFtZT0iZHNzeiIgVmFsdWU9IjYzIiBSZWNvcmRlZFZhbHVlPSI2MyIgQ29ycmVsYXRpb25CaW5kaW5nPSIiIFVybEVuY29kZT0iRmFsc2UiIFVzZVRvR3JvdXBSZXN1bHRzPSJGYWxzZSIgLz4NCiAgICAgICAgPFF1ZXJ5U3RyaW5nUGFyYW1ldGVyIE5hbWU9Imljc2ciIFZhbHVlPSI2NTY3NTIyMTU5ODIwODAiIFJlY29yZGVkVmFsdWU9IjY1Njc1MjIxNTk4MjA4MCIgQ29ycmVsYXRpb25CaW5kaW5nPSIiIFVybEVuY29kZT0iRmFsc2UiIFVzZVRvR3JvdXBSZXN1bHRzPSJGYWxzZSIgLz4NCiAgICAgICAgPFF1ZXJ5U3RyaW5nUGFyYW1ldGVyIE5hbWU9Im1zbyIgVmFsdWU9IjE2MCIgUmVjb3JkZWRWYWx1ZT0iMTYwIiBDb3JyZWxhdGlvbkJpbmRpbmc9IiIgVXJsRW5jb2RlPSJGYWxzZSIgVXNlVG9Hcm91cFJlc3VsdHM9IkZhbHNlIiAvPg0KICAgICAgICA8UXVlcnlTdHJpbmdQYXJhbWV0ZXIgTmFtZT0idmlzIiBWYWx1ZT0iMSIgUmVjb3JkZWRWYWx1ZT0iMSIgQ29ycmVsYXRpb25CaW5kaW5nPSIiIFVybEVuY29kZT0iRmFsc2UiIFVzZVRvR3JvdXBSZXN1bHRzPSJGYWxzZSIgLz4NCiAgICAgICAgPFF1ZXJ5U3RyaW5nUGFyYW1ldGVyIE5hbWU9InNjcl94IiBWYWx1ZT0iMCIgUmVjb3JkZWRWYWx1ZT0iMCIgQ29ycmVsYXRpb25CaW5kaW5nPSIiIFVybEVuY29kZT0iRmFsc2UiIFVzZVRvR3JvdXBSZXN1bHRzPSJGYWxzZSIgLz4NCiAgICAgICAgPFF1ZXJ5U3RyaW5nUGFyYW1ldGVyIE5hbWU9InNjcl95IiBWYWx1ZT0iMCIgUmVjb3JkZWRWYWx1ZT0iMCIgQ29ycmVsYXRpb25CaW5kaW5nPSIiIFVybEVuY29kZT0iRmFsc2UiIFVzZVRvR3JvdXBSZXN1bHRzPSJGYWxzZSIgLz4NCiAgICAgICAgPFF1ZXJ5U3RyaW5nUGFyYW1ldGVyIE5hbWU9InBzeiIgVmFsdWU9Ijk5OXg2MDU3JTdDNzcxeDUzMTYlN0MxODh4LTElN0M3NzF4NTc4MSIgUmVjb3JkZWRWYWx1ZT0iOTk5eDYwNTclN0M3NzF4NTMxNiU3QzE4OHgtMSU3Qzc3MXg1NzgxIiBDb3JyZWxhdGlvbkJpbmRpbmc9IiIgVXJsRW5jb2RlPSJGYWxzZSIgVXNlVG9Hcm91cFJlc3VsdHM9IkZhbHNlIiAvPg0KICAgICAgICA8UXVlcnlTdHJpbmdQYXJhbWV0ZXIgTmFtZT0iZ2FfdmlkIiBWYWx1ZT0iMTU4OTczNDIyMC4xNTI4ODA2Mzk0IiBSZWNvcmRlZFZhbHVlPSIxNTg5NzM0MjIwLjE1Mjg4MDYzOTQiIENvcnJlbGF0aW9uQmluZGluZz0iIiBVcmxFbmNvZGU9IkZhbHNlIiBVc2VUb0dyb3VwUmVzdWx0cz0iRmFsc2UiIC8+DQogICAgICAgIDxRdWVyeVN0cmluZ1BhcmFtZXRlciBOYW1lPSJnYV9zaWQiIFZhbHVlPSIxNTI4ODA2NDE2IiBSZWNvcmRlZFZhbHVlPSIxNTI4ODA2NDE2IiBDb3JyZWxhdGlvbkJpbmRpbmc9IiIgVXJsRW5jb2RlPSJGYWxzZSIgVXNlVG9Hcm91cFJlc3VsdHM9IkZhbHNlIiAvPg0KICAgICAgICA8UXVlcnlTdHJpbmdQYXJhbWV0ZXIgTmFtZT0iZ2FfaGlkIiBWYWx1ZT0iNTc2MTM4OTU0IiBSZWNvcmRlZFZhbHVlPSI1NzYxMzg5NTQiIENvcnJlbGF0aW9uQmluZGluZz0iIiBVcmxFbmNvZGU9IkZhbHNlIiBVc2VUb0dyb3VwUmVzdWx0cz0iRmFsc2UiIC8+DQogICAgICA8L1F1ZXJ5U3RyaW5nUGFyYW1ldGVycz4NCiAgICA8L1JlcXVlc3Q+DQogICAgPFJlcXVlc3QgTWV0aG9kPSJHRVQiIEd1aWQ9ImU4MDNkMDIzLTM3MTktNDk2Ny1iMWU3LWZkODNkMDdiMmJiZCIgVmVyc2lvbj0iMS4xIiBVcmw9Imh0dHBzOi8vdHBjLmdvb2dsZXN5bmRpY2F0aW9uLmNvbS9zYWZlZnJhbWUvMS0wLTI4L2h0bWwvY29udGFpbmVyLmh0bWwiIFRoaW5rVGltZT0iMCIgVGltZW91dD0iMzAwIiBQYXJzZURlcGVuZGVudFJlcXVlc3RzPSJUcnVlIiBGb2xsb3dSZWRpcmVjdHM9IlRydWUiIFJlY29yZFJlc3VsdD0iVHJ1ZSIgQ2FjaGU9IkZhbHNlIiBSZXNwb25zZVRpbWVHb2FsPSIwIiBFbmNvZGluZz0idXRmLTgiIEV4cGVjdGVkSHR0cFN0YXR1c0NvZGU9IjAiIEV4cGVjdGVkUmVzcG9uc2VVcmw9IiIgUmVwb3J0aW5nTmFtZT0iIiBJZ25vcmVIdHRwU3RhdHVzQ29kZT0iRmFsc2UiPg0KICAgICAgPEhlYWRlcnM+DQogICAgICAgIDxIZWFkZXIgTmFtZT0iUmVmZXJlciIgVmFsdWU9Imh0dHBzOi8vd3d3Lm1hcmt0cGxhYXRzLm5sL3ouaHRtbD9xdWVyeT1hdXRvJmFtcDtjYXRlZ29yeUlkPTAmYW1wO3Bvc3Rjb2RlPSZhbXA7ZGlzdGFuY2U9MCIgLz4NCiAgICAgIDwvSGVhZGVycz4NCiAgICA8L1JlcXVlc3Q+DQogICAgPFJlcXVlc3QgTWV0aG9kPSJHRVQiIEd1aWQ9IjliMmQwZGZmLTU4MzctNGYxYS1hZTVkLTA1NGRhYWU2NDY1NyIgVmVyc2lvbj0iMS4xIiBVcmw9Imh0dHBzOi8vYWNjb3VudHMuZ29vZ2xlLmNvbS9vL29hdXRoMi9pZnJhbWUiIFRoaW5rVGltZT0iMCIgVGltZW91dD0iMzAwIiBQYXJzZURlcGVuZGVudFJlcXVlc3RzPSJUcnVlIiBGb2xsb3dSZWRpcmVjdHM9IlRydWUiIFJlY29yZFJlc3VsdD0iVHJ1ZSIgQ2FjaGU9IkZhbHNlIiBSZXNwb25zZVRpbWVHb2FsPSIwIiBFbmNvZGluZz0idXRmLTgiIEV4cGVjdGVkSHR0cFN0YXR1c0NvZGU9IjAiIEV4cGVjdGVkUmVzcG9uc2VVcmw9Imh0dHBzOi8vYWNjb3VudHMuZ29vZ2xlLmNvbS9vL29hdXRoMi9pZnJhbWUjb3JpZ2luPWh0dHBzJTNBJTJGJTJGd3d3Lm1hcmt0cGxhYXRzLm5sJmFtcDtycGNUb2tlbj04NDQ0MjgyNjAuMDMwNTExNCZhbXA7Y2xlYXJDYWNoZT0xIiBSZXBvcnRpbmdOYW1lPSIiIElnbm9yZUh0dHBTdGF0dXNDb2RlPSJGYWxzZSI+DQogICAgICA8SGVhZGVycz4NCiAgICAgICAgPEhlYWRlciBOYW1lPSJSZWZlcmVyIiBWYWx1ZT0iaHR0cHM6Ly93d3cubWFya3RwbGFhdHMubmwvei5odG1sP3F1ZXJ5PWF1dG8mYW1wO2NhdGVnb3J5SWQ9MCZhbXA7cG9zdGNvZGU9JmFtcDtkaXN0YW5jZT0wIiAvPg0KICAgICAgPC9IZWFkZXJzPg0KICAgIDwvUmVxdWVzdD4NCiAgICA8UmVxdWVzdCBNZXRob2Q9IkdFVCIgR3VpZD0iNzkyMGIzZTYtZjNjNy00MjcxLTkxNWUtZmEzMTZlNzc4MTg0IiBWZXJzaW9uPSIxLjEiIFVybD0iaHR0cHM6Ly93d3cuZmFjZWJvb2suY29tL2Nvbm5lY3QvcGluZyIgVGhpbmtUaW1lPSIwIiBUaW1lb3V0PSIzMDAiIFBhcnNlRGVwZW5kZW50UmVxdWVzdHM9IlRydWUiIEZvbGxvd1JlZGlyZWN0cz0iVHJ1ZSIgUmVjb3JkUmVzdWx0PSJUcnVlIiBDYWNoZT0iRmFsc2UiIFJlc3BvbnNlVGltZUdvYWw9IjAiIEVuY29kaW5nPSJ1dGYtOCIgRXhwZWN0ZWRIdHRwU3RhdHVzQ29kZT0iMCIgRXhwZWN0ZWRSZXNwb25zZVVybD0iIiBSZXBvcnRpbmdOYW1lPSIiIElnbm9yZUh0dHBTdGF0dXNDb2RlPSJGYWxzZSI+DQogICAgICA8SGVhZGVycz4NCiAgICAgICAgPEhlYWRlciBOYW1lPSJSZWZlcmVyIiBWYWx1ZT0iaHR0cHM6Ly93d3cubWFya3RwbGFhdHMubmwvei5odG1sP3F1ZXJ5PWF1dG8mYW1wO2NhdGVnb3J5SWQ9MCZhbXA7cG9zdGNvZGU9JmFtcDtkaXN0YW5jZT0wIiAvPg0KICAgICAgPC9IZWFkZXJzPg0KICAgICAgPENvcnJlbGF0aW9uRXh0cmFjdGlvblJ1bGVzPg0KICAgICAgICA8RXh0cmFjdGlvblJ1bGUgQ2xhc3NuYW1lPSJNaWNyb3NvZnQuVmlzdWFsU3R1ZGlvLlRlc3RUb29scy5XZWJUZXN0aW5nLlJ1bGVzLkV4dHJhY3RUZXh0LCBNaWNyb3NvZnQuVmlzdWFsU3R1ZGlvLlF1YWxpdHlUb29scy5XZWJUZXN0RnJhbWV3b3JrLCBWZXJzaW9uPTEwLjAuMC4wLCBDdWx0dXJlPW5ldXRyYWwsIFB1YmxpY0tleVRva2VuPWIwM2Y1ZjdmMTFkNTBhM2EiIFZhcmlhYmxlTmFtZT0iUXVlcnlTdHJpbmdQYXJhbTE5MjExLnZlcnNpb24iIERpc3BsYXlOYW1lPSIiIERlc2NyaXB0aW9uPSIiPg0KICAgICAgICAgIDxSdWxlUGFyYW1ldGVycz4NCiAgICAgICAgICAgIDxSdWxlUGFyYW1ldGVyIE5hbWU9IlN0YXJ0c1dpdGgiIFZhbHVlPSI/dmVyc2lvbj0iIC8+DQogICAgICAgICAgICA8UnVsZVBhcmFtZXRlciBOYW1lPSJFbmRzV2l0aCIgVmFsdWU9IiMiIC8+DQogICAgICAgICAgICA8UnVsZVBhcmFtZXRlciBOYW1lPSJJbmRleCIgVmFsdWU9IjAiIC8+DQogICAgICAgICAgICA8UnVsZVBhcmFtZXRlciBOYW1lPSJJZ25vcmVDYXNlIiBWYWx1ZT0iRmFsc2UiIC8+DQogICAgICAgICAgICA8UnVsZVBhcmFtZXRlciBOYW1lPSJVc2VSZWd1bGFyRXhwcmVzc2lvbiIgVmFsdWU9IkZhbHNlIiAvPg0KICAgICAgICAgICAgPFJ1bGVQYXJhbWV0ZXIgTmFtZT0iSHRtbERlY29kZSIgVmFsdWU9IlRydWUiIC8+DQogICAgICAgICAgICA8UnVsZVBhcmFtZXRlciBOYW1lPSJSZXF1aXJlZCIgVmFsdWU9IkZhbHNlIiAvPg0KICAgICAgICAgIDwvUnVsZVBhcmFtZXRlcnM+DQogICAgICAgIDwvRXh0cmFjdGlvblJ1bGU+DQogICAgICAgIDxFeHRyYWN0aW9uUnVsZSBDbGFzc25hbWU9Ik1pY3Jvc29mdC5WaXN1YWxTdHVkaW8uVGVzdFRvb2xzLldlYlRlc3RpbmcuUnVsZXMuRXh0cmFjdFRleHQsIE1pY3Jvc29mdC5WaXN1YWxTdHVkaW8uUXVhbGl0eVRvb2xzLldlYlRlc3RGcmFtZXdvcmssIFZlcnNpb249MTAuMC4wLjAsIEN1bHR1cmU9bmV1dHJhbCwgUHVibGljS2V5VG9rZW49YjAzZjVmN2YxMWQ1MGEzYSIgVmFyaWFibGVOYW1lPSJRdWVyeVN0cmluZ1BhcmFtMTkyMTIub3JpZ2luIiBEaXNwbGF5TmFtZT0iIiBEZXNjcmlwdGlvbj0iIj4NCiAgICAgICAgICA8UnVsZVBhcmFtZXRlcnM+DQogICAgICAgICAgICA8UnVsZVBhcmFtZXRlciBOYW1lPSJTdGFydHNXaXRoIiBWYWx1ZT0iJmFtcDthbXA7b3JpZ2luPSIgLz4NCiAgICAgICAgICAgIDxSdWxlUGFyYW1ldGVyIE5hbWU9IkVuZHNXaXRoIiBWYWx1ZT0iJSIgLz4NCiAgICAgICAgICAgIDxSdWxlUGFyYW1ldGVyIE5hbWU9IkluZGV4IiBWYWx1ZT0iMCIgLz4NCiAgICAgICAgICAgIDxSdWxlUGFyYW1ldGVyIE5hbWU9Iklnbm9yZUNhc2UiIFZhbHVlPSJGYWxzZSIgLz4NCiAgICAgICAgICAgIDxSdWxlUGFyYW1ldGVyIE5hbWU9IlVzZVJlZ3VsYXJFeHByZXNzaW9uIiBWYWx1ZT0iRmFsc2UiIC8+DQogICAgICAgICAgICA8UnVsZVBhcmFtZXRlciBOYW1lPSJIdG1sRGVjb2RlIiBWYWx1ZT0iVHJ1ZSIgLz4NCiAgICAgICAgICAgIDxSdWxlUGFyYW1ldGVyIE5hbWU9IlJlcXVpcmVkIiBWYWx1ZT0iRmFsc2UiIC8+DQogICAgICAgICAgPC9SdWxlUGFyYW1ldGVycz4NCiAgICAgICAgPC9FeHRyYWN0aW9uUnVsZT4NCiAgICAgICAgPEV4dHJhY3Rpb25SdWxlIENsYXNzbmFtZT0iTWljcm9zb2Z0LlZpc3VhbFN0dWRpby5UZXN0VG9vbHMuV2ViVGVzdGluZy5SdWxlcy5FeHRyYWN0VGV4dCwgTWljcm9zb2Z0LlZpc3VhbFN0dWRpby5RdWFsaXR5VG9vbHMuV2ViVGVzdEZyYW1ld29yaywgVmVyc2lvbj0xMC4wLjAuMCwgQ3VsdHVyZT1uZXV0cmFsLCBQdWJsaWNLZXlUb2tlbj1iMDNmNWY3ZjExZDUwYTNhIiBWYXJpYWJsZU5hbWU9IlF1ZXJ5U3RyaW5nUGFyYW0xOTIxMy52ZXJzaW9uIiBEaXNwbGF5TmFtZT0iIiBEZXNjcmlwdGlvbj0iIj4NCiAgICAgICAgICA8UnVsZVBhcmFtZXRlcnM+DQogICAgICAgICAgICA8UnVsZVBhcmFtZXRlciBOYW1lPSJTdGFydHNXaXRoIiBWYWx1ZT0iP3ZlcnNpb249IiAvPg0KICAgICAgICAgICAgPFJ1bGVQYXJhbWV0ZXIgTmFtZT0iRW5kc1dpdGgiIFZhbHVlPSIjIiAvPg0KICAgICAgICAgICAgPFJ1bGVQYXJhbWV0ZXIgTmFtZT0iSW5kZXgiIFZhbHVlPSIwIiAvPg0KICAgICAgICAgICAgPFJ1bGVQYXJhbWV0ZXIgTmFtZT0iSWdub3JlQ2FzZSIgVmFsdWU9IkZhbHNlIiAvPg0KICAgICAgICAgICAgPFJ1bGVQYXJhbWV0ZXIgTmFtZT0iVXNlUmVndWxhckV4cHJlc3Npb24iIFZhbHVlPSJGYWxzZSIgLz4NCiAgICAgICAgICAgIDxSdWxlUGFyYW1ldGVyIE5hbWU9Ikh0bWxEZWNvZGUiIFZhbHVlPSJUcnVlIiAvPg0KICAgICAgICAgICAgPFJ1bGVQYXJhbWV0ZXIgTmFtZT0iUmVxdWlyZWQiIFZhbHVlPSJGYWxzZSIgLz4NCiAgICAgICAgICA8L1J1bGVQYXJhbWV0ZXJzPg0KICAgICAgICA8L0V4dHJhY3Rpb25SdWxlPg0KICAgICAgICA8RXh0cmFjdGlvblJ1bGUgQ2xhc3NuYW1lPSJNaWNyb3NvZnQuVmlzdWFsU3R1ZGlvLlRlc3RUb29scy5XZWJUZXN0aW5nLlJ1bGVzLkV4dHJhY3RUZXh0LCBNaWNyb3NvZnQuVmlzdWFsU3R1ZGlvLlF1YWxpdHlUb29scy5XZWJUZXN0RnJhbWV3b3JrLCBWZXJzaW9uPTEwLjAuMC4wLCBDdWx0dXJlPW5ldXRyYWwsIFB1YmxpY0tleVRva2VuPWIwM2Y1ZjdmMTFkNTBhM2EiIFZhcmlhYmxlTmFtZT0iUXVlcnlTdHJpbmdQYXJhbTE5MjE0LmRvbWFpbiIgRGlzcGxheU5hbWU9IiIgRGVzY3JpcHRpb249IiI+DQogICAgICAgICAgPFJ1bGVQYXJhbWV0ZXJzPg0KICAgICAgICAgICAgPFJ1bGVQYXJhbWV0ZXIgTmFtZT0iU3RhcnRzV2l0aCIgVmFsdWU9IiZhbXA7ZG9tYWluPSIgLz4NCiAgICAgICAgICAgIDxSdWxlUGFyYW1ldGVyIE5hbWU9IkVuZHNXaXRoIiBWYWx1ZT0iJmFtcDsiIC8+DQogICAgICAgICAgICA8UnVsZVBhcmFtZXRlciBOYW1lPSJJbmRleCIgVmFsdWU9IjAiIC8+DQogICAgICAgICAgICA8UnVsZVBhcmFtZXRlciBOYW1lPSJJZ25vcmVDYXNlIiBWYWx1ZT0iRmFsc2UiIC8+DQogICAgICAgICAgICA8UnVsZVBhcmFtZXRlciBOYW1lPSJVc2VSZWd1bGFyRXhwcmVzc2lvbiIgVmFsdWU9IkZhbHNlIiAvPg0KICAgICAgICAgICAgPFJ1bGVQYXJhbWV0ZXIgTmFtZT0iSHRtbERlY29kZSIgVmFsdWU9IlRydWUiIC8+DQogICAgICAgICAgICA8UnVsZVBhcmFtZXRlciBOYW1lPSJSZXF1aXJlZCIgVmFsdWU9IkZhbHNlIiAvPg0KICAgICAgICAgIDwvUnVsZVBhcmFtZXRlcnM+DQogICAgICAgIDwvRXh0cmFjdGlvblJ1bGU+DQogICAgICAgIDxFeHRyYWN0aW9uUnVsZSBDbGFzc25hbWU9Ik1pY3Jvc29mdC5WaXN1YWxTdHVkaW8uVGVzdFRvb2xzLldlYlRlc3RpbmcuUnVsZXMuRXh0cmFjdFRleHQsIE1pY3Jvc29mdC5WaXN1YWxTdHVkaW8uUXVhbGl0eVRvb2xzLldlYlRlc3RGcmFtZXdvcmssIFZlcnNpb249MTAuMC4wLjAsIEN1bHR1cmU9bmV1dHJhbCwgUHVibGljS2V5VG9rZW49YjAzZjVmN2YxMWQ1MGEzYSIgVmFyaWFibGVOYW1lPSJRdWVyeVN0cmluZ1BhcmFtMTkyMTUub3JpZ2luIiBEaXNwbGF5TmFtZT0iIiBEZXNjcmlwdGlvbj0iIj4NCiAgICAgICAgICA8UnVsZVBhcmFtZXRlcnM+DQogICAgICAgICAgICA8UnVsZVBhcmFtZXRlciBOYW1lPSJTdGFydHNXaXRoIiBWYWx1ZT0iJmFtcDthbXA7b3JpZ2luPSIgLz4NCiAgICAgICAgICAgIDxSdWxlUGFyYW1ldGVyIE5hbWU9IkVuZHNXaXRoIiBWYWx1ZT0iJmFtcDsiIC8+DQogICAgICAgICAgICA8UnVsZVBhcmFtZXRlciBOYW1lPSJJbmRleCIgVmFsdWU9IjAiIC8+DQogICAgICAgICAgICA8UnVsZVBhcmFtZXRlciBOYW1lPSJJZ25vcmVDYXNlIiBWYWx1ZT0iRmFsc2UiIC8+DQogICAgICAgICAgICA8UnVsZVBhcmFtZXRlciBOYW1lPSJVc2VSZWd1bGFyRXhwcmVzc2lvbiIgVmFsdWU9IkZhbHNlIiAvPg0KICAgICAgICAgICAgPFJ1bGVQYXJhbWV0ZXIgTmFtZT0iSHRtbERlY29kZSIgVmFsdWU9IlRydWUiIC8+DQogICAgICAgICAgICA8UnVsZVBhcmFtZXRlciBOYW1lPSJSZXF1aXJlZCIgVmFsdWU9IkZhbHNlIiAvPg0KICAgICAgICAgIDwvUnVsZVBhcmFtZXRlcnM+DQogICAgICAgIDwvRXh0cmFjdGlvblJ1bGU+DQogICAgICAgIDxFeHRyYWN0aW9uUnVsZSBDbGFzc25hbWU9Ik1pY3Jvc29mdC5WaXN1YWxTdHVkaW8uVGVzdFRvb2xzLldlYlRlc3RpbmcuUnVsZXMuRXh0cmFjdFRleHQsIE1pY3Jvc29mdC5WaXN1YWxTdHVkaW8uUXVhbGl0eVRvb2xzLldlYlRlc3RGcmFtZXdvcmssIFZlcnNpb249MTAuMC4wLjAsIEN1bHR1cmU9bmV1dHJhbCwgUHVibGljS2V5VG9rZW49YjAzZjVmN2YxMWQ1MGEzYSIgVmFyaWFibGVOYW1lPSJRdWVyeVN0cmluZ1BhcmFtMTkyMTYucmVsYXRpb24iIERpc3BsYXlOYW1lPSIiIERlc2NyaXB0aW9uPSIiPg0KICAgICAgICAgIDxSdWxlUGFyYW1ldGVycz4NCiAgICAgICAgICAgIDxSdWxlUGFyYW1ldGVyIE5hbWU9IlN0YXJ0c1dpdGgiIFZhbHVlPSImYW1wO3JlbGF0aW9uPSIgLz4NCiAgICAgICAgICAgIDxSdWxlUGFyYW1ldGVyIE5hbWU9IkVuZHNXaXRoIiBWYWx1ZT0iJmFtcDsiIC8+DQogICAgICAgICAgICA8UnVsZVBhcmFtZXRlciBOYW1lPSJJbmRleCIgVmFsdWU9IjAiIC8+DQogICAgICAgICAgICA8UnVsZVBhcmFtZXRlciBOYW1lPSJJZ25vcmVDYXNlIiBWYWx1ZT0iRmFsc2UiIC8+DQogICAgICAgICAgICA8UnVsZVBhcmFtZXRlciBOYW1lPSJVc2VSZWd1bGFyRXhwcmVzc2lvbiIgVmFsdWU9IkZhbHNlIiAvPg0KICAgICAgICAgICAgPFJ1bGVQYXJhbWV0ZXIgTmFtZT0iSHRtbERlY29kZSIgVmFsdWU9IlRydWUiIC8+DQogICAgICAgICAgICA8UnVsZVBhcmFtZXRlciBOYW1lPSJSZXF1aXJlZCIgVmFsdWU9IkZhbHNlIiAvPg0KICAgICAgICAgIDwvUnVsZVBhcmFtZXRlcnM+DQogICAgICAgIDwvRXh0cmFjdGlvblJ1bGU+DQogICAgICAgIDxFeHRyYWN0aW9uUnVsZSBDbGFzc25hbWU9Ik1pY3Jvc29mdC5WaXN1YWxTdHVkaW8uVGVzdFRvb2xzLldlYlRlc3RpbmcuUnVsZXMuRXh0cmFjdFRleHQsIE1pY3Jvc29mdC5WaXN1YWxTdHVkaW8uUXVhbGl0eVRvb2xzLldlYlRlc3RGcmFtZXdvcmssIFZlcnNpb249MTAuMC4wLjAsIEN1bHR1cmU9bmV1dHJhbCwgUHVibGljS2V5VG9rZW49YjAzZjVmN2YxMWQ1MGEzYSIgVmFyaWFibGVOYW1lPSJRdWVyeVN0cmluZ1BhcmFtMTkyMTcuZXJyb3IiIERpc3BsYXlOYW1lPSIiIERlc2NyaXB0aW9uPSIiPg0KICAgICAgICAgIDxSdWxlUGFyYW1ldGVycz4NCiAgICAgICAgICAgIDxSdWxlUGFyYW1ldGVyIE5hbWU9IlN0YXJ0c1dpdGgiIFZhbHVlPSImYW1wO2Vycm9yPSIgLz4NCiAgICAgICAgICAgIDxSdWxlUGFyYW1ldGVyIE5hbWU9IkVuZHNXaXRoIiBWYWx1ZT0iJnF1b3Q7IiAvPg0KICAgICAgICAgICAgPFJ1bGVQYXJhbWV0ZXIgTmFtZT0iSW5kZXgiIFZhbHVlPSIwIiAvPg0KICAgICAgICAgICAgPFJ1bGVQYXJhbWV0ZXIgTmFtZT0iSWdub3JlQ2FzZSIgVmFsdWU9IkZhbHNlIiAvPg0KICAgICAgICAgICAgPFJ1bGVQYXJhbWV0ZXIgTmFtZT0iVXNlUmVndWxhckV4cHJlc3Npb24iIFZhbHVlPSJGYWxzZSIgLz4NCiAgICAgICAgICAgIDxSdWxlUGFyYW1ldGVyIE5hbWU9Ikh0bWxEZWNvZGUiIFZhbHVlPSJUcnVlIiAvPg0KICAgICAgICAgICAgPFJ1bGVQYXJhbWV0ZXIgTmFtZT0iUmVxdWlyZWQiIFZhbHVlPSJGYWxzZSIgLz4NCiAgICAgICAgICA8L1J1bGVQYXJhbWV0ZXJzPg0KICAgICAgICA8L0V4dHJhY3Rpb25SdWxlPg0KICAgICAgPC9Db3JyZWxhdGlvbkV4dHJhY3Rpb25SdWxlcz4NCiAgICAgIDxRdWVyeVN0cmluZ1BhcmFtZXRlcnM+DQogICAgICAgIDxRdWVyeVN0cmluZ1BhcmFtZXRlciBOYW1lPSJjbGllbnRfaWQiIFZhbHVlPSIxNjUyNzQ4MDQxNzA3OTk1IiBSZWNvcmRlZFZhbHVlPSIxNjUyNzQ4MDQxNzA3OTk1IiBDb3JyZWxhdGlvbkJpbmRpbmc9IiIgVXJsRW5jb2RlPSJGYWxzZSIgVXNlVG9Hcm91cFJlc3VsdHM9IkZhbHNlIiAvPg0KICAgICAgICA8UXVlcnlTdHJpbmdQYXJhbWV0ZXIgTmFtZT0iZG9tYWluIiBWYWx1ZT0id3d3Lm1hcmt0cGxhYXRzLm5sIiBSZWNvcmRlZFZhbHVlPSJ3d3cubWFya3RwbGFhdHMubmwiIENvcnJlbGF0aW9uQmluZGluZz0iIiBVcmxFbmNvZGU9IkZhbHNlIiBVc2VUb0dyb3VwUmVzdWx0cz0iRmFsc2UiIC8+DQogICAgICAgIDxRdWVyeVN0cmluZ1BhcmFtZXRlciBOYW1lPSJvcmlnaW4iIFZhbHVlPSIxIiBSZWNvcmRlZFZhbHVlPSIxIiBDb3JyZWxhdGlvbkJpbmRpbmc9IiIgVXJsRW5jb2RlPSJGYWxzZSIgVXNlVG9Hcm91cFJlc3VsdHM9IkZhbHNlIiAvPg0KICAgICAgICA8UXVlcnlTdHJpbmdQYXJhbWV0ZXIgTmFtZT0icmVkaXJlY3RfdXJpIiBWYWx1ZT0iaHR0cHMlM0ElMkYlMkZzdGF0aWN4eC5mYWNlYm9vay5jb20lMkZjb25uZWN0JTJGeGRfYXJiaXRlciUyRnIlMkZtQWlRVXdsUmVJUC5qcyUzRnZlcnNpb24lM0Q0MiUyM2NiJTNEZmYxZDEzMzQxZTBkZGMlMjZkb21haW4lM0R3d3cubWFya3RwbGFhdHMubmwlMjZvcmlnaW4lM0RodHRwcyUyNTNBJTI1MkYlMjUyRnd3dy5tYXJrdHBsYWF0cy5ubCUyNTJGZjIyOTM3YzJiNzkyZTElMjZyZWxhdGlvbiUzRHBhcmVudCIgUmVjb3JkZWRWYWx1ZT0iaHR0cHMlM0ElMkYlMkZzdGF0aWN4eC5mYWNlYm9vay5jb20lMkZjb25uZWN0JTJGeGRfYXJiaXRlciUyRnIlMkZtQWlRVXdsUmVJUC5qcyUzRnZlcnNpb24lM0Q0MiUyM2NiJTNEZmYxZDEzMzQxZTBkZGMlMjZkb21haW4lM0R3d3cubWFya3RwbGFhdHMubmwlMjZvcmlnaW4lM0RodHRwcyUyNTNBJTI1MkYlMjUyRnd3dy5tYXJrdHBsYWF0cy5ubCUyNTJGZjIyOTM3YzJiNzkyZTElMjZyZWxhdGlvbiUzRHBhcmVudCIgQ29ycmVsYXRpb25CaW5kaW5nPSIiIFVybEVuY29kZT0iRmFsc2UiIFVzZVRvR3JvdXBSZXN1bHRzPSJGYWxzZSIgLz4NCiAgICAgICAgPFF1ZXJ5U3RyaW5nUGFyYW1ldGVyIE5hbWU9InJlc3BvbnNlX3R5cGUiIFZhbHVlPSJ0b2tlbiUyQ3NpZ25lZF9yZXF1ZXN0JTJDY29kZSIgUmVjb3JkZWRWYWx1ZT0idG9rZW4lMkNzaWduZWRfcmVxdWVzdCUyQ2NvZGUiIENvcnJlbGF0aW9uQmluZGluZz0iIiBVcmxFbmNvZGU9IkZhbHNlIiBVc2VUb0dyb3VwUmVzdWx0cz0iRmFsc2UiIC8+DQogICAgICAgIDxRdWVyeVN0cmluZ1BhcmFtZXRlciBOYW1lPSJzZGsiIFZhbHVlPSJqb2V5IiBSZWNvcmRlZFZhbHVlPSJqb2V5IiBDb3JyZWxhdGlvbkJpbmRpbmc9IiIgVXJsRW5jb2RlPSJGYWxzZSIgVXNlVG9Hcm91cFJlc3VsdHM9IkZhbHNlIiAvPg0KICAgICAgICA8UXVlcnlTdHJpbmdQYXJhbWV0ZXIgTmFtZT0idmVyc2lvbiIgVmFsdWU9InYyLjciIFJlY29yZGVkVmFsdWU9InYyLjciIENvcnJlbGF0aW9uQmluZGluZz0iIiBVcmxFbmNvZGU9IkZhbHNlIiBVc2VUb0dyb3VwUmVzdWx0cz0iRmFsc2UiIC8+DQogICAgICA8L1F1ZXJ5U3RyaW5nUGFyYW1ldGVycz4NCiAgICA8L1JlcXVlc3Q+DQogICAgPFJlcXVlc3QgTWV0aG9kPSJHRVQiIEd1aWQ9IjYxZWUwNDE3LWU2MGUtNDNhMi1hMjk3LTM4ZDUzYzQ4MjE4ZiIgVmVyc2lvbj0iMS4xIiBVcmw9Imh0dHBzOi8vc3RhdGljeHguZmFjZWJvb2suY29tL2Nvbm5lY3QveGRfYXJiaXRlci9yL21BaVFVd2xSZUlQLmpzIiBUaGlua1RpbWU9IjAiIFRpbWVvdXQ9IjMwMCIgUGFyc2VEZXBlbmRlbnRSZXF1ZXN0cz0iVHJ1ZSIgRm9sbG93UmVkaXJlY3RzPSJUcnVlIiBSZWNvcmRSZXN1bHQ9IlRydWUiIENhY2hlPSJGYWxzZSIgUmVzcG9uc2VUaW1lR29hbD0iMCIgRW5jb2Rpbmc9InV0Zi04IiBFeHBlY3RlZEh0dHBTdGF0dXNDb2RlPSIwIiBFeHBlY3RlZFJlc3BvbnNlVXJsPSJodHRwczovL3N0YXRpY3h4LmZhY2Vib29rLmNvbS9jb25uZWN0L3hkX2FyYml0ZXIvci9tQWlRVXdsUmVJUC5qcz92ZXJzaW9uPTQyI2NoYW5uZWw9ZjIyOTM3YzJiNzkyZTEmYW1wO29yaWdpbj1odHRwcyUzQSUyRiUyRnd3dy5tYXJrdHBsYWF0cy5ubCIgUmVwb3J0aW5nTmFtZT0iIiBJZ25vcmVIdHRwU3RhdHVzQ29kZT0iRmFsc2UiPg0KICAgICAgPFF1ZXJ5U3RyaW5nUGFyYW1ldGVycz4NCiAgICAgICAgPFF1ZXJ5U3RyaW5nUGFyYW1ldGVyIE5hbWU9InZlcnNpb24iIFZhbHVlPSI0MiIgUmVjb3JkZWRWYWx1ZT0iNDIiIENvcnJlbGF0aW9uQmluZGluZz0ie3tRdWVyeVN0cmluZ1BhcmFtMTkyMTEudmVyc2lvbn19IiBVcmxFbmNvZGU9IkZhbHNlIiBVc2VUb0dyb3VwUmVzdWx0cz0iRmFsc2UiIC8+DQogICAgICAgIDxRdWVyeVN0cmluZ1BhcmFtZXRlciBOYW1lPSJvcmlnaW4iIFZhbHVlPSJodHRwcyUzQSUyRiUyRnd3dy5tYXJrdHBsYWF0cy5ubCIgUmVjb3JkZWRWYWx1ZT0iaHR0cHMlM0ElMkYlMkZ3d3cubWFya3RwbGFhdHMubmwiIENvcnJlbGF0aW9uQmluZGluZz0ie3tRdWVyeVN0cmluZ1BhcmFtMTkyMTIub3JpZ2lufX0iIFVybEVuY29kZT0iRmFsc2UiIFVzZVRvR3JvdXBSZXN1bHRzPSJGYWxzZSIgLz4NCiAgICAgIDwvUXVlcnlTdHJpbmdQYXJhbWV0ZXJzPg0KICAgIDwvUmVxdWVzdD4NCiAgICA8UmVxdWVzdCBNZXRob2Q9IkdFVCIgR3VpZD0iOWJmMmU3M2UtMDg0OC00NjIxLWE3MjQtZDZmYjJjYzI2MWZlIiBWZXJzaW9uPSIxLjEiIFVybD0iaHR0cHM6Ly9zdGF0aWN4eC5mYWNlYm9vay5jb20vY29ubmVjdC94ZF9hcmJpdGVyL3IvbUFpUVV3bFJlSVAuanMiIFRoaW5rVGltZT0iMCIgVGltZW91dD0iMzAwIiBQYXJzZURlcGVuZGVudFJlcXVlc3RzPSJUcnVlIiBGb2xsb3dSZWRpcmVjdHM9IlRydWUiIFJlY29yZFJlc3VsdD0iVHJ1ZSIgQ2FjaGU9IkZhbHNlIiBSZXNwb25zZVRpbWVHb2FsPSIwIiBFbmNvZGluZz0idXRmLTgiIEV4cGVjdGVkSHR0cFN0YXR1c0NvZGU9IjAiIEV4cGVjdGVkUmVzcG9uc2VVcmw9Imh0dHBzOi8vc3RhdGljeHguZmFjZWJvb2suY29tL2Nvbm5lY3QveGRfYXJiaXRlci9yL21BaVFVd2xSZUlQLmpzP3ZlcnNpb249NDIjY2I9ZmYxZDEzMzQxZTBkZGMmYW1wO2RvbWFpbj13d3cubWFya3RwbGFhdHMubmwmYW1wO29yaWdpbj1odHRwcyUzQSUyRiUyRnd3dy5tYXJrdHBsYWF0cy5ubCUyRmYyMjkzN2MyYjc5MmUxJmFtcDtyZWxhdGlvbj1wYXJlbnQmYW1wO2Vycm9yPXVua25vd25fdXNlciIgUmVwb3J0aW5nTmFtZT0iIiBJZ25vcmVIdHRwU3RhdHVzQ29kZT0iRmFsc2UiPg0KICAgICAgPFF1ZXJ5U3RyaW5nUGFyYW1ldGVycz4NCiAgICAgICAgPFF1ZXJ5U3RyaW5nUGFyYW1ldGVyIE5hbWU9InZlcnNpb24iIFZhbHVlPSI0MiIgUmVjb3JkZWRWYWx1ZT0iNDIiIENvcnJlbGF0aW9uQmluZGluZz0ie3tRdWVyeVN0cmluZ1BhcmFtMTkyMTMudmVyc2lvbn19IiBVcmxFbmNvZGU9IkZhbHNlIiBVc2VUb0dyb3VwUmVzdWx0cz0iRmFsc2UiIC8+DQogICAgICAgIDxRdWVyeVN0cmluZ1BhcmFtZXRlciBOYW1lPSJkb21haW4iIFZhbHVlPSJ3d3cubWFya3RwbGFhdHMubmwiIFJlY29yZGVkVmFsdWU9Ind3dy5tYXJrdHBsYWF0cy5ubCIgQ29ycmVsYXRpb25CaW5kaW5nPSJ7e1F1ZXJ5U3RyaW5nUGFyYW0xOTIxNC5kb21haW59fSIgVXJsRW5jb2RlPSJGYWxzZSIgVXNlVG9Hcm91cFJlc3VsdHM9IkZhbHNlIiAvPg0KICAgICAgICA8UXVlcnlTdHJpbmdQYXJhbWV0ZXIgTmFtZT0ib3JpZ2luIiBWYWx1ZT0iaHR0cHMlM0ElMkYlMkZ3d3cubWFya3RwbGFhdHMubmwlMkZmMjI5MzdjMmI3OTJlMSIgUmVjb3JkZWRWYWx1ZT0iaHR0cHMlM0ElMkYlMkZ3d3cubWFya3RwbGFhdHMubmwlMkZmMjI5MzdjMmI3OTJlMSIgQ29ycmVsYXRpb25CaW5kaW5nPSJ7e1F1ZXJ5U3RyaW5nUGFyYW0xOTIxNS5vcmlnaW59fSIgVXJsRW5jb2RlPSJGYWxzZSIgVXNlVG9Hcm91cFJlc3VsdHM9IkZhbHNlIiAvPg0KICAgICAgICA8UXVlcnlTdHJpbmdQYXJhbWV0ZXIgTmFtZT0icmVsYXRpb24iIFZhbHVlPSJwYXJlbnQiIFJlY29yZGVkVmFsdWU9InBhcmVudCIgQ29ycmVsYXRpb25CaW5kaW5nPSJ7e1F1ZXJ5U3RyaW5nUGFyYW0xOTIxNi5yZWxhdGlvbn19IiBVcmxFbmNvZGU9IkZhbHNlIiBVc2VUb0dyb3VwUmVzdWx0cz0iRmFsc2UiIC8+DQogICAgICAgIDxRdWVyeVN0cmluZ1BhcmFtZXRlciBOYW1lPSJlcnJvciIgVmFsdWU9InVua25vd25fdXNlciIgUmVjb3JkZWRWYWx1ZT0idW5rbm93bl91c2VyIiBDb3JyZWxhdGlvbkJpbmRpbmc9Int7UXVlcnlTdHJpbmdQYXJhbTE5MjE3LmVycm9yfX0iIFVybEVuY29kZT0iRmFsc2UiIFVzZVRvR3JvdXBSZXN1bHRzPSJGYWxzZSIgLz4NCiAgICAgIDwvUXVlcnlTdHJpbmdQYXJhbWV0ZXJzPg0KICAgIDwvUmVxdWVzdD4NCiAgICA8UmVxdWVzdCBNZXRob2Q9IkdFVCIgR3VpZD0iYWFlYWY2YWQtY2M5ZS00ZTc0LTliOTgtMTM5NjIzZTY3OTRiIiBWZXJzaW9uPSIxLjEiIFVybD0iaHR0cHM6Ly90cGMuZ29vZ2xlc3luZGljYXRpb24uY29tL3NhZmVmcmFtZS8xLTAtMjgvaHRtbC9jb250YWluZXIuaHRtbCIgVGhpbmtUaW1lPSIwIiBUaW1lb3V0PSIzMDAiIFBhcnNlRGVwZW5kZW50UmVxdWVzdHM9IlRydWUiIEZvbGxvd1JlZGlyZWN0cz0iVHJ1ZSIgUmVjb3JkUmVzdWx0PSJUcnVlIiBDYWNoZT0iRmFsc2UiIFJlc3BvbnNlVGltZUdvYWw9IjAiIEVuY29kaW5nPSJ1dGYtOCIgRXhwZWN0ZWRIdHRwU3RhdHVzQ29kZT0iMCIgRXhwZWN0ZWRSZXNwb25zZVVybD0iIiBSZXBvcnRpbmdOYW1lPSIiIElnbm9yZUh0dHBTdGF0dXNDb2RlPSJGYWxzZSI+DQogICAgICA8RGVwZW5kZW50UmVxdWVzdHM+DQogICAgICAgIDxSZXF1ZXN0IE1ldGhvZD0iR0VUIiBHdWlkPSIxZjY4ZDdiNi0yZmIzLTQyMTQtYWY0Zi0xMGI2Y2VkOWFkNGIiIFZlcnNpb249IjEuMSIgVXJsPSJodHRwczovL3NlY3VyZXB1YmFkcy5nLmRvdWJsZWNsaWNrLm5ldC9wYWdlYWQvYWR2aWV3IiBUaGlua1RpbWU9IjAiIFRpbWVvdXQ9IjMwMCIgUGFyc2VEZXBlbmRlbnRSZXF1ZXN0cz0iVHJ1ZSIgRm9sbG93UmVkaXJlY3RzPSJUcnVlIiBSZWNvcmRSZXN1bHQ9IlRydWUiIENhY2hlPSJGYWxzZSIgUmVzcG9uc2VUaW1lR29hbD0iMCIgRW5jb2Rpbmc9InV0Zi04IiBFeHBlY3RlZEh0dHBTdGF0dXNDb2RlPSIwIiBFeHBlY3RlZFJlc3BvbnNlVXJsPSIiIFJlcG9ydGluZ05hbWU9IiIgSWdub3JlSHR0cFN0YXR1c0NvZGU9IkZhbHNlIj4NCiAgICAgICAgICA8SGVhZGVycz4NCiAgICAgICAgICAgIDxIZWFkZXIgTmFtZT0iUmVmZXJlciIgVmFsdWU9Imh0dHBzOi8vdHBjLmdvb2dsZXN5bmRpY2F0aW9uLmNvbS9zYWZlZnJhbWUvMS0wLTI4L2h0bWwvY29udGFpbmVyLmh0bWwiIC8+DQogICAgICAgICAgPC9IZWFkZXJzPg0KICAgICAgICAgIDxRdWVyeVN0cmluZ1BhcmFtZXRlcnM+DQogICAgICAgICAgICA8UXVlcnlTdHJpbmdQYXJhbWV0ZXIgTmFtZT0iYWkiIFZhbHVlPSJDbDUtR0VMd2ZXN21zQXBLV2dBZlhwYnZZQ1AzRTFlbFJoYzY3aWVnR3dJMjNBUkFCSU5DTGpCMWdrYXlhaFlRWW9BR0FwUExuQThnQkFxa0Nlb3BGbC16SHN6N2dBZ0NvQXdISUE1a0VxZ1RxQVVfUW43S1hQZlo0VTh1X0c1c0s2ZzJ0ZjdtdFZ5RUU3ZzRYV1FNN0NHYURpUExwWjBkZmZyTVByYm9TYnVCMmpFVUFzRE1vdVpQYU16ZGxhQnRwYVVSWjVjU1BtcmVZODZ0VjkzMHBzRkV3VkdfcmZSY2FCNUgzVWItQVRxQWRLR0V2cTctdWNxSmVka21oZXo3amhwZ3hfc1ZWWFFqY0RTdDhkU1lIZUJmak9lT2FVcy1LSlB6X2NJUXRjcjZ4d3h6Zi11WjBHc29YVmUxZDg3QWtPRERsX3pMQzJJNWJPS0tWLUNBQTVmc05iTkthaElPMTZ6R3V1SDBLRmRhWHpSekh6NXdOeTFOOWNzdGc0VGtxX01VeWJsbkRSVE1uT19GanAwcnk5TUI3VmRXdWM1OHpXRE16LWNBRTd1U0c4UXpnQkFHU0JRUUlCQmdCa2dVRUNBVVlCS0FHQW9BSDZOdU5HS2dIanM0YnFBZU56UnVvQjlYSkc2Z0gyY3NicUFmUHpCdW9CNmEtRzZnSG1NNGJxQWZwelJ2WUJ3SHlCd1VRdzlMTEFkSUlDUWlBNFlBUUVBRVlBWUFLQTlnVEFnIiBSZWNvcmRlZFZhbHVlPSJDbDUtR0VMd2ZXN21zQXBLV2dBZlhwYnZZQ1AzRTFlbFJoYzY3aWVnR3dJMjNBUkFCSU5DTGpCMWdrYXlhaFlRWW9BR0FwUExuQThnQkFxa0Nlb3BGbC16SHN6N2dBZ0NvQXdISUE1a0VxZ1RxQVVfUW43S1hQZlo0VTh1X0c1c0s2ZzJ0ZjdtdFZ5RUU3ZzRYV1FNN0NHYURpUExwWjBkZmZyTVByYm9TYnVCMmpFVUFzRE1vdVpQYU16ZGxhQnRwYVVSWjVjU1BtcmVZODZ0VjkzMHBzRkV3VkdfcmZSY2FCNUgzVWItQVRxQWRLR0V2cTctdWNxSmVka21oZXo3amhwZ3hfc1ZWWFFqY0RTdDhkU1lIZUJmak9lT2FVcy1LSlB6X2NJUXRjcjZ4d3h6Zi11WjBHc29YVmUxZDg3QWtPRERsX3pMQzJJNWJPS0tWLUNBQTVmc05iTkthaElPMTZ6R3V1SDBLRmRhWHpSekh6NXdOeTFOOWNzdGc0VGtxX01VeWJsbkRSVE1uT19GanAwcnk5TUI3VmRXdWM1OHpXRE16LWNBRTd1U0c4UXpnQkFHU0JRUUlCQmdCa2dVRUNBVVlCS0FHQW9BSDZOdU5HS2dIanM0YnFBZU56UnVvQjlYSkc2Z0gyY3NicUFmUHpCdW9CNmEtRzZnSG1NNGJxQWZwelJ2WUJ3SHlCd1VRdzlMTEFkSUlDUWlBNFlBUUVBRVlBWUFLQTlnVEFnIiBDb3JyZWxhdGlvbkJpbmRpbmc9IiIgVXJsRW5jb2RlPSJGYWxzZSIgVXNlVG9Hcm91cFJlc3VsdHM9IkZhbHNlIiAvPg0KICAgICAgICAgICAgPFF1ZXJ5U3RyaW5nUGFyYW1ldGVyIE5hbWU9InNpZ2giIFZhbHVlPSI0ODBmS2F4MzJXTSIgUmVjb3JkZWRWYWx1ZT0iNDgwZktheDMyV00iIENvcnJlbGF0aW9uQmluZGluZz0iIiBVcmxFbmNvZGU9IkZhbHNlIiBVc2VUb0dyb3VwUmVzdWx0cz0iRmFsc2UiIC8+DQogICAgICAgICAgPC9RdWVyeVN0cmluZ1BhcmFtZXRlcnM+DQogICAgICAgIDwvUmVxdWVzdD4NCiAgICAgICAgPFJlcXVlc3QgTWV0aG9kPSJHRVQiIEd1aWQ9IjgwZDQyYjNmLTFiMjMtNGUwOC1hMzQ2LTg0MGY2OTk4M2YyNCIgVmVyc2lvbj0iMS4xIiBVcmw9Imh0dHBzOi8vZ29vZ2xlYWRzLmcuZG91YmxlY2xpY2submV0L2RibS9hZCIgVGhpbmtUaW1lPSIwIiBUaW1lb3V0PSIzMDAiIFBhcnNlRGVwZW5kZW50UmVxdWVzdHM9IlRydWUiIEZvbGxvd1JlZGlyZWN0cz0iVHJ1ZSIgUmVjb3JkUmVzdWx0PSJUcnVlIiBDYWNoZT0iRmFsc2UiIFJlc3BvbnNlVGltZUdvYWw9IjAiIEVuY29kaW5nPSJ1dGYtOCIgRXhwZWN0ZWRIdHRwU3RhdHVzQ29kZT0iMCIgRXhwZWN0ZWRSZXNwb25zZVVybD0iIiBSZXBvcnRpbmdOYW1lPSIiIElnbm9yZUh0dHBTdGF0dXNDb2RlPSJGYWxzZSI+DQogICAgICAgICAgPEhlYWRlcnM+DQogICAgICAgICAgICA8SGVhZGVyIE5hbWU9IlJlZmVyZXIiIFZhbHVlPSJodHRwczovL3RwYy5nb29nbGVzeW5kaWNhdGlvbi5jb20vc2FmZWZyYW1lLzEtMC0yOC9odG1sL2NvbnRhaW5lci5odG1sIiAvPg0KICAgICAgICAgIDwvSGVhZGVycz4NCiAgICAgICAgICA8UXVlcnlTdHJpbmdQYXJhbWV0ZXJzPg0KICAgICAgICAgICAgPFF1ZXJ5U3RyaW5nUGFyYW1ldGVyIE5hbWU9ImRibV9jIiBWYWx1ZT0iQUtBbWYtQTJLWHhZbV80c1RVckc1LWVvYW0xb0dKR01LQzVpTkR0QkdDbFAwdXA4RW90YzJiczlwRXREWWdibkVMNXlLYVdzWC10QyIgUmVjb3JkZWRWYWx1ZT0iQUtBbWYtQTJLWHhZbV80c1RVckc1LWVvYW0xb0dKR01LQzVpTkR0QkdDbFAwdXA4RW90YzJiczlwRXREWWdibkVMNXlLYVdzWC10QyIgQ29ycmVsYXRpb25CaW5kaW5nPSIiIFVybEVuY29kZT0iRmFsc2UiIFVzZVRvR3JvdXBSZXN1bHRzPSJGYWxzZSIgLz4NCiAgICAgICAgICAgIDxRdWVyeVN0cmluZ1BhcmFtZXRlciBOYW1lPSJkYm1fZCIgVmFsdWU9IkFLQW1mLUJQZXdralBIWUtBM3hVSE8waTROZXF5bWRPNzBCYUwyenBJT3EyNU15VFBUbFlfeUZ0ZE1lN2tfeTRHVkU0alFPSFliSm45UTJuSmhnaWhLWnZXNURhT0pySWJobFN1aW9MVnlCREhWZmZjbEluSHhMd0N5TEtDWlFSZHI0OXdlT1NrZFFCMGp5X0x4MnJUeUQtZFUxUnRua1FZZGJKVEppRWF2MHlLaTAyUkFCemIzY0xQakMxNENXeWRBWlZiODNJQU5XSFhUZzMwdkw0Mjh1Q3NUMWV0dlExdlBWakVrR0FscHpvYlhHMnBFZEpjTXlrbEtmNkV6Mm1QNm4yZ184OVJadDkzT2t4ZlRfNThfelpzU1R0NzlLeXVIUTBsWnk5Sm1iUWNONnE1Sm11aDdoR0lMRjZvQ09kM21xOUZGUVhDQmc1ZEpzdW5IZGlqRlI5M1QyYkFqV3BuOXFLRWppaHh3Tl9vVTFzek1hVGs5TU40eXJBbnpCQ2I3b3JROFA2V3Q5Mk8zTVAwRlU5XzVqcW9XcWNGSXh4U1JpSnhaUXZMV3lHNzU0U3Y0RVdxZDlXXzhwVF9sTmNGMUtIVkFNRk5Jcm5FZDljM0ZMXzdUVnJPX1RUWnpCTmRReHhPdU1SMWlpbGhMalBBSHhiZ2VFbDhMN2xjZ1pyTHh3LWZ0TWFZVmp0WGN3ZHpkX2x0dGw2LTdHSTExNzlRamRiSVNUM2owSXV0VS15dElORDR6WXhiVkh5RWE1NmNnMUx5Q1pBcFJkTXJFZ1NhUWhJa1FyYXdNVnhnRGZobnI1Qm5GdVc1SnZVQmo1V1RCYTJUR29uSGs3WnRvMExqYi1nQXBTcmp5NmkzNXhBRV9ZUzAwNWlaNi0wMnMzTjUwbnZqRk5fOXNxV0FQbk9fSzFCekE1ODZzWnExTWZpbmxrWnRfVDJxcF9JbDJHa3lBUXA3NXcwUThqQlhXaHBEdWlTbENaeEQxcXI5RG5KeU1DYkQ0dVAzTjBJZ1JONmhveEMtZ2o2WGhTV1E0dGdkejh4ZWlfOW1PRWpDT2d2MEwyWjdxN2hHWmRxZHh4SF85bmlSTk45a1c0OTZ3VVBmVVk5VGd4NGV3dWNhWlY4TC03OGF2SjJSdTZScTZSY21kdDBWbXM4TmlZRzlzTTJBdUQ3MFlodW5pclp3SzJFWUtfdUh3NlZxbHExemllLU1xMVk4SVZnWkZoWjJxMkk5c0RTZ2hIM3Q0ckNESTVMSEtMSEV6eXFYS3BJRFVFUWNITFlpR3d1Z1RZYnZFTzAybzFfWXhOdTBVRGIzUnhJLUhDZWlNUjNKOWo0NTZjWVRGbHhTR2tjdWJ3aFBXYTJHM3FEUExLR0EwbFZKV3Q1UXVlTF9WLUpxb0FGVXdqSVNESUJjcmk2aS01OGZzOGg1aEJQTC05OVlHcnVPUVhZWC1WdlhHZXI2VkRlNk1zV2lzVnlHMVFwT0N6akpRNmtMOWVqdjkyS1NObzdsak41VzJvUWx3Uk5wQ3VXOU9KejhmVGhzN3BrcE9wbXZSTlZUdkpIeDBXaWRXaGFCNWl2eml0d2pIS09qSURjdDFFZm8wbDg5TUEyLUxqSzJqVEdTYVB1MXk3STZVbTBrLTJxMjllRVcwbnBWOEMzM0JpdDBfdG43eTFRMWxJVzBIYmlCRk9KamZqUS1RMFZ1ZlhXSzBLSTg0SUJwSTZFalVBdklpLVU0RXZIaWRyX3h2QzUtbEMyYWl3UUFGbWFHazhneUpROEsxd1RwYzhyM1RQVXFaNWpzb0p3YnlCdU1CVnhzYUlETEZJX1JxZHpsRk54OW5zZUx1djdTSkZhUm00ZlZlX29XX2pyN1hVSXlra0dyMlZwSDJ0Z2d3Um43Ri16VWNnazBCVzF1OE9PRXhEOUpGcy1qcG1jckE4cThOSTVCcjlxaG1Eamg4N29JRUs2TnZzVFhVTHpMMWtEUGFEWTE0TG9ETEVnWm9WQW1UOE5rU2laamFxQnE4eFdsMlo1NWxPZENna2JZN1ZJNmpZR1pKUXp2VkxKZVI3eFZEOHNpdE9QdWE4bFkxSS1VZzVhTUJmVVNZNWlEZEY5UDA3UEcyQ3lwNjFENUprdDcxd1JYTVRxRS1raTBmOHB6UWNnN1dYY1F0Tm1lMk1BZU41Z3ROZlc4dUxYdXY2QThSOVc4S0ZKY3Zka3JRNXpGc3c5aTRpY0UtTFRiUHI3TTBhbm1xblBCOGNlWWgta0tTSUlCX2RIc2s3bjZ2NTZKbUloVUMyMUFUZ0R5eGduZUNxOEtVNThwNm80dVh5d0ZYai1CTVpVN25qRVp0WVJ1UGd6RW9fSTZoRmFyZWRmVkJIeUZCQml6YWF3emF5bVJUMWwxOEtReFpMaEF0Mzh2eG9rUWxKTnIyWkN0OEt0alJrQjFqZ29OX3g3RHRjTF8wUHJqeDVKRXMxUTFScTVwLWVQOTNOM3NrVTJqb25YRDA5QmJObzFkaVJPYWFTc2puTElPU2ZtdkZpTURodDA1VDAxYTB5VDdJWmd6UHZfb2swS3pMTnNLWnNDQ1BtNlVTLUUxS0s4djA0T2Q0ZmpmQkNZWGxYY09LQzh2N3hJaGJmVTlpQVNHbk5QUkVSaXZMUUZ5NWdZSW5oS3hrRS1oTnVkMndaa05sTTY3dHJPOHI5NmRqUEVObDVtR2NrSC1jdWx2aFFzNGFWTUJ6VEt3ekZ0akN1b3ZoLU14QkxOemdnYW0wcmVURkQ5ek9IWDd3R1NhTWJnem54cTRlQzdjTlZ1SWVBX3ZURGRWLTF4elZ0ZzMzUVJMWkhSSTFWdjBySVhDbVpCbDlYU3pPLXExZXFCd3hWcnZYTUg4b00xS0RlWU51akJsTURsSzQzMG5zNmRMY1BxRW5kRTVfOTJZc3NVa2hxbXZrRml4UVFQaDlqUzczUGJNNFlXRzloOElrRlpqd2ZILTNjSk9vamlrQjh0Q3Y2RzZ6eWczbDBDS2E1ZTk3QjRERl9iUHFvRTZwSDhieDJrTkRfU1pvNHBydlMzREtSdExReVRSMHhVZXNKSHo5WF91U3ZMeWZtNHF3MTN3Q2ZOeWo1Tm9FRExSbW9tQXQtRDlvdEdJenFrX3BoanBXMl9vOEl2LTlhR0FMYXNjWS1YbEZBQTZBQ0otTVB5eU14NzN5R0UzeGlCV3lKTmE5MVVuWms1S1JPRVEwRmM3MUZPYjJ2XzUxUDJ3QXNPUzlZRzR1ZW5Zbm1reXlxWm50VHlTaEg2M0pXd1RXeVFLbzAxd2U4amwwbFNTdUNPNjZnVElHZVJVM3pKZWpYOE1GRVhOZjN3RnA5clNkdzRmaGNxUGJGOGdEYVRFS1lrbThxZUc4NGMteDUyX3lkN0htTklkRnU4bWp1eEtIOVY2SFhYQVF2RUVMOTZvYWJMQklEcjZYWTNmbkN2UGhPVGpEX2lPNHFTUVVCWU5iSDNqTm5vdHpJZVBnZ1R1UFhkaUR0UElXcnNoT3RkLXB5V1ZCX3doZ2VVWUhheTBpYk1qTmxFb0JpRlJQenBsUDd2SWx3MmRqS3RJQTFUQXZFQXpWTUlZT0lmMzFGVlF5d2M0LWRQb2I1dGhDeGJTSloxa1NTYmt1dmd2UlVkaEMxSTNkenR6Y1NUVXloZkNyTUVhRS02WkozdGVNZkV5OTI4bWVjSnduTzUwb3RRYmRNX2pWdG4wUjA5ajBMR0JLM1lldGd6dmlzV3VBTk1Nb1NOTWltd1ItNWZadjFuM3hKSUlMRV82eFUwYldzcFg3ZGxfUE1MeDh5b01HckU5eWlXb0hvSXJmSV9iMi1ZTWRJa04xS21zU1U3RmNnZUhCaVpDRkxiR0tFQnYweHk1Q2dkZ3FyQXpsMk5DckJnZU00MDgzTnJrYUp6c0p2Si1nYTIzWE9SYUlicENtZC1ZcUFKazFBWnZNdjZGWllLX2lkSXhuM1NXc1B2dnpvM0EtSkRseEhkVXpjIiBSZWNvcmRlZFZhbHVlPSJBS0FtZi1CUGV3a2pQSFlLQTN4VUhPMGk0TmVxeW1kTzcwQmFMMnpwSU9xMjVNeVRQVGxZX3lGdGRNZTdrX3k0R1ZFNGpRT0hZYkpuOVEybkpoZ2loS1p2VzVEYU9KckliaGxTdWlvTFZ5QkRIVmZmY2xJbkh4THdDeUxLQ1pRUmRyNDl3ZU9Ta2RRQjBqeV9MeDJyVHlELWRVMVJ0bmtRWWRiSlRKaUVhdjB5S2kwMlJBQnpiM2NMUGpDMTRDV3lkQVpWYjgzSUFOV0hYVGczMHZMNDI4dUNzVDFldHZRMXZQVmpFa0dBbHB6b2JYRzJwRWRKY015a2xLZjZFejJtUDZuMmdfODlSWnQ5M09reGZUXzU4X3pac1NUdDc5S3l1SFEwbFp5OUptYlFjTjZxNUptdWg3aEdJTEY2b0NPZDNtcTlGRlFYQ0JnNWRKc3VuSGRpakZSOTNUMmJBaldwbjlxS0VqaWh4d05fb1Uxc3pNYVRrOU1ONHlyQW56QkNiN29yUThQNld0OTJPM01QMEZVOV81anFvV3FjRkl4eFNSaUp4WlF2TFd5Rzc1NFN2NEVXcWQ5V184cFRfbE5jRjFLSFZBTUZOSXJuRWQ5YzNGTF83VFZyT19UVFp6Qk5kUXh4T3VNUjFpaWxoTGpQQUh4YmdlRWw4TDdsY2dackx4dy1mdE1hWVZqdFhjd2R6ZF9sdHRsNi03R0kxMTc5UWpkYklTVDNqMEl1dFUteXRJTkQ0ell4YlZIeUVhNTZjZzFMeUNaQXBSZE1yRWdTYVFoSWtRcmF3TVZ4Z0RmaG5yNUJuRnVXNUp2VUJqNVdUQmEyVEdvbkhrN1p0bzBMamItZ0FwU3JqeTZpMzV4QUVfWVMwMDVpWjYtMDJzM041MG52akZOXzlzcVdBUG5PX0sxQnpBNTg2c1pxMU1maW5sa1p0X1QycXBfSWwyR2t5QVFwNzV3MFE4akJYV2hwRHVpU2xDWnhEMXFyOURuSnlNQ2JENHVQM04wSWdSTjZob3hDLWdqNlhoU1dRNHRnZHo4eGVpXzltT0VqQ09ndjBMMlo3cTdoR1pkcWR4eEhfOW5pUk5OOWtXNDk2d1VQZlVZOVRneDRld3VjYVpWOEwtNzhhdkoyUnU2UnE2UmNtZHQwVm1zOE5pWUc5c00yQXVENzBZaHVuaXJad0syRVlLX3VIdzZWcWxxMXppZS1NcTFZOElWZ1pGaFoycTJJOXNEU2doSDN0NHJDREk1TEhLTEhFenlxWEtwSURVRVFjSExZaUd3dWdUWWJ2RU8wMm8xX1l4TnUwVURiM1J4SS1IQ2VpTVIzSjlqNDU2Y1lURmx4U0drY3Vid2hQV2EyRzNxRFBMS0dBMGxWSld0NVF1ZUxfVi1KcW9BRlV3aklTRElCY3JpNmktNThmczhoNWhCUEwtOTlZR3J1T1FYWVgtVnZYR2VyNlZEZTZNc1dpc1Z5RzFRcE9DempKUTZrTDllanY5MktTTm83bGpONVcyb1Fsd1JOcEN1VzlPSno4ZlRoczdwa3BPcG12Uk5WVHZKSHgwV2lkV2hhQjVpdnppdHdqSEtPaklEY3QxRWZvMGw4OU1BMi1MaksyalRHU2FQdTF5N0k2VW0way0ycTI5ZUVXMG5wVjhDMzNCaXQwX3RuN3kxUTFsSVcwSGJpQkZPSmpmalEtUTBWdWZYV0swS0k4NElCcEk2RWpVQXZJaS1VNEV2SGlkcl94dkM1LWxDMmFpd1FBRm1hR2s4Z3lKUThLMXdUcGM4cjNUUFVxWjVqc29Kd2J5QnVNQlZ4c2FJRExGSV9ScWR6bEZOeDluc2VMdXY3U0pGYVJtNGZWZV9vV19qcjdYVUl5a2tHcjJWcEgydGdnd1JuN0YtelVjZ2swQlcxdThPT0V4RDlKRnMtanBtY3JBOHE4Tkk1QnI5cWhtRGpoODdvSUVLNk52c1RYVUx6TDFrRFBhRFkxNExvRExFZ1pvVkFtVDhOa1NpWmphcUJxOHhXbDJaNTVsT2RDZ2tiWTdWSTZqWUdaSlF6dlZMSmVSN3hWRDhzaXRPUHVhOGxZMUktVWc1YU1CZlVTWTVpRGRGOVAwN1BHMkN5cDYxRDVKa3Q3MXdSWE1UcUUta2kwZjhwelFjZzdXWGNRdE5tZTJNQWVONWd0TmZXOHVMWHV2NkE4UjlXOEtGSmN2ZGtyUTV6RnN3OWk0aWNFLUxUYlByN00wYW5tcW5QQjhjZVloLWtLU0lJQl9kSHNrN242djU2Sm1JaFVDMjFBVGdEeXhnbmVDcThLVTU4cDZvNHVYeXdGWGotQk1aVTduakVadFlSdVBnekVvX0k2aEZhcmVkZlZCSHlGQkJpemFhd3pheW1SVDFsMThLUXhaTGhBdDM4dnhva1FsSk5yMlpDdDhLdGpSa0IxamdvTl94N0R0Y0xfMFByang1SkVzMVExUnE1cC1lUDkzTjNza1Uyam9uWEQwOUJiTm8xZGlST2FhU3NqbkxJT1NmbXZGaU1EaHQwNVQwMWEweVQ3SVpnelB2X29rMEt6TE5zS1pzQ0NQbTZVUy1FMUtLOHYwNE9kNGZqZkJDWVhsWGNPS0M4djd4SWhiZlU5aUFTR25OUFJFUml2TFFGeTVnWUluaEt4a0UtaE51ZDJ3WmtObE02N3RyTzhyOTZkalBFTmw1bUdja0gtY3VsdmhRczRhVk1CelRLd3pGdGpDdW92aC1NeEJMTnpnZ2FtMHJlVEZEOXpPSFg3d0dTYU1iZ3pueHE0ZUM3Y05WdUllQV92VERkVi0xeHpWdGczM1FSTFpIUkkxVnYwcklYQ21aQmw5WFN6Ty1xMWVxQnd4VnJ2WE1IOG9NMUtEZVlOdWpCbE1EbEs0MzBuczZkTGNQcUVuZEU1XzkyWXNzVWtocW12a0ZpeFFRUGg5alM3M1BiTTRZV0c5aDhJa0ZaandmSC0zY0pPb2ppa0I4dEN2Nkc2enlnM2wwQ0thNWU5N0I0REZfYlBxb0U2cEg4Yngya05EX1NabzRwcnZTM0RLUnRMUXlUUjB4VWVzSkh6OVhfdVN2THlmbTRxdzEzd0NmTnlqNU5vRURMUm1vbUF0LUQ5b3RHSXpxa19waGpwVzJfbzhJdi05YUdBTGFzY1ktWGxGQUE2QUNKLU1QeXlNeDczeUdFM3hpQld5Sk5hOTFVblprNUtST0VRMEZjNzFGT2Iydl81MVAyd0FzT1M5WUc0dWVuWW5ta3l5cVpudFR5U2hINjNKV3dUV3lRS28wMXdlOGpsMGxTU3VDTzY2Z1RJR2VSVTN6SmVqWDhNRkVYTmYzd0ZwOXJTZHc0ZmhjcVBiRjhnRGFURUtZa204cWVHODRjLXg1Ml95ZDdIbU5JZEZ1OG1qdXhLSDlWNkhYWEFRdkVFTDk2b2FiTEJJRHI2WFkzZm5DdlBoT1RqRF9pTzRxU1FVQllOYkgzak5ub3R6SWVQZ2dUdVBYZGlEdFBJV3JzaE90ZC1weVdWQl93aGdlVVlIYXkwaWJNak5sRW9CaUZSUHpwbFA3dklsdzJkakt0SUExVEF2RUF6Vk1JWU9JZjMxRlZReXdjNC1kUG9iNXRoQ3hiU0paMWtTU2JrdXZndlJVZGhDMUkzZHp0emNTVFV5aGZDck1FYUUtNlpKM3RlTWZFeTkyOG1lY0p3bk81MG90UWJkTV9qVnRuMFIwOWowTEdCSzNZZXRnenZpc1d1QU5NTW9TTk1pbXdSLTVmWnYxbjN4SklJTEVfNnhVMGJXc3BYN2RsX1BNTHg4eW9NR3JFOXlpV29Ib0lyZklfYjItWU1kSWtOMUttc1NVN0ZjZ2VIQmlaQ0ZMYkdLRUJ2MHh5NUNnZGdxckF6bDJOQ3JCZ2VNNDA4M05ya2FKenNKdkotZ2EyM1hPUmFJYnBDbWQtWXFBSmsxQVp2TXY2RlpZS19pZEl4bjNTV3NQdnZ6bzNBLUpEbHhIZFV6YyIgQ29ycmVsYXRpb25CaW5kaW5nPSIiIFVybEVuY29kZT0iRmFsc2UiIFVzZVRvR3JvdXBSZXN1bHRzPSJGYWxzZSIgLz4NCiAgICAgICAgICAgIDxRdWVyeVN0cmluZ1BhcmFtZXRlciBOYW1lPSJjaWQiIFZhbHVlPSJDQUFTRXVSb2VfbTlpUlhaemxJZnhybnJIaTd3Q1EiIFJlY29yZGVkVmFsdWU9IkNBQVNFdVJvZV9tOWlSWFp6bElmeHJuckhpN3dDUSIgQ29ycmVsYXRpb25CaW5kaW5nPSIiIFVybEVuY29kZT0iRmFsc2UiIFVzZVRvR3JvdXBSZXN1bHRzPSJGYWxzZSIgLz4NCiAgICAgICAgICAgIDxRdWVyeVN0cmluZ1BhcmFtZXRlciBOYW1lPSJyZmwiIFZhbHVlPSIxJTJDaHR0cHMlMjUzQSUyNTJGJTI1MkZ3d3cubWFya3RwbGFhdHMubmwlMjUyRnouaHRtbCUyNTNGcXVlcnklMjUzRGF1dG8lMjUyNmNhdGVnb3J5SWQlMjUzRDAlMjUyNnBvc3Rjb2RlJTI1M0QlMjUyNmRpc3RhbmNlJTI1M0QwJTI0MCIgUmVjb3JkZWRWYWx1ZT0iMSUyQ2h0dHBzJTI1M0ElMjUyRiUyNTJGd3d3Lm1hcmt0cGxhYXRzLm5sJTI1MkZ6Lmh0bWwlMjUzRnF1ZXJ5JTI1M0RhdXRvJTI1MjZjYXRlZ29yeUlkJTI1M0QwJTI1MjZwb3N0Y29kZSUyNTNEJTI1MjZkaXN0YW5jZSUyNTNEMCUyNDAiIENvcnJlbGF0aW9uQmluZGluZz0iIiBVcmxFbmNvZGU9IkZhbHNlIiBVc2VUb0dyb3VwUmVzdWx0cz0iRmFsc2UiIC8+DQogICAgICAgICAgPC9RdWVyeVN0cmluZ1BhcmFtZXRlcnM+DQogICAgICAgIDwvUmVxdWVzdD4NCiAgICAgICAgPFJlcXVlc3QgTWV0aG9kPSJHRVQiIEd1aWQ9IjZlNmZlODA1LWM3MmQtNGVlMS1hYzA3LTljZDMwZjQ4MmQ4ZCIgVmVyc2lvbj0iMS4xIiBVcmw9Imh0dHBzOi8vc2VjdXJlcHViYWRzLmcuZG91YmxlY2xpY2submV0L3BhZ2VhZC9hZHZpZXciIFRoaW5rVGltZT0iMCIgVGltZW91dD0iMzAwIiBQYXJzZURlcGVuZGVudFJlcXVlc3RzPSJUcnVlIiBGb2xsb3dSZWRpcmVjdHM9IlRydWUiIFJlY29yZFJlc3VsdD0iVHJ1ZSIgQ2FjaGU9IkZhbHNlIiBSZXNwb25zZVRpbWVHb2FsPSIwIiBFbmNvZGluZz0idXRmLTgiIEV4cGVjdGVkSHR0cFN0YXR1c0NvZGU9IjAiIEV4cGVjdGVkUmVzcG9uc2VVcmw9IiIgUmVwb3J0aW5nTmFtZT0iIiBJZ25vcmVIdHRwU3RhdHVzQ29kZT0iRmFsc2UiPg0KICAgICAgICAgIDxIZWFkZXJzPg0KICAgICAgICAgICAgPEhlYWRlciBOYW1lPSJSZWZlcmVyIiBWYWx1ZT0iaHR0cHM6Ly90cGMuZ29vZ2xlc3luZGljYXRpb24uY29tL3NhZmVmcmFtZS8xLTAtMjgvaHRtbC9jb250YWluZXIuaHRtbCIgLz4NCiAgICAgICAgICA8L0hlYWRlcnM+DQogICAgICAgICAgPFF1ZXJ5U3RyaW5nUGFyYW1ldGVycz4NCiAgICAgICAgICAgIDxRdWVyeVN0cmluZ1BhcmFtZXRlciBOYW1lPSJhaSIgVmFsdWU9IkMtOWJ0RUx3ZlcteXZCSWoxZ0FmVC01R2dCYnFRdkxWTi1kR1Ryc1lFdi1FZUVBRWcwSXVNSFdDUnJKcUZoQmlnQVpiX2l0TUR5QUVDcVFKNmlrV1g3TWV6UHVBQ0FLZ0RBY2dEbVFTcUJPb0JUOURSTS1PSXU1YklWVkxGY04tRXFMTDlFLXEzbndGTnVRUG4tZURTaVZYeFcxenNtMGtWQndCa1RfQ3BCamVNV1pMWjhGUkJaRTBBbm9sbnA0VXlrQVIzeFQzY0Y3eUozZFh2ZjB4M29SSUVXTXV0M3VpVXM4dHhMLUVjS1ZxY2tqVTVBT0kwMzY2bldkaDJnb1I3d2E1cmNCVHNWdkpPSDRvalhtMXJGZUFQUGtZbjN3RVlDNUt4dWR6R2gyYUt5a016OUNCbjRVM0M2OUp1bXV1VjEtYTRrRFBYVnYyMWxMR2NtbmUxYnlPaERxcmFsaEl4YjBrQlV0c19DbTZVdlVKZTJGbnN6a05HNkxrXzY2NEh6RHpXV3dHMXZubEVEV09oMmlQaG0xcGZjbWJJZ3hEWFJZWDZ3QVRDdFl5WEotQUVBWklGQkFnRUdBR1NCUVFJQlJnRW9BWUNnQWZTZ1BVc3FBZU96aHVvQjQzTkc2Z0gxY2ticUFmWnl4dW9COF9NRzZnSHByNGJxQWVZemh1b0Itbk5HOWdIQWZJSEJSQ1l5NFVDMGdnSkNJRGhnQkFRQVJnQmdBb0QyQk1DIiBSZWNvcmRlZFZhbHVlPSJDLTlidEVMd2ZXLXl2QklqMWdBZlQtNUdnQmJxUXZMVk4tZEdUcnNZRXYtRWVFQUVnMEl1TUhXQ1JySnFGaEJpZ0FaYl9pdE1EeUFFQ3FRSjZpa1dYN01lelB1QUNBS2dEQWNnRG1RU3FCT29CVDlEUk0tT0l1NWJJVlZMRmNOLUVxTEw5RS1xM253Rk51UVBuLWVEU2lWWHhXMXpzbTBrVkJ3QmtUX0NwQmplTVdaTFo4RlJCWkUwQW5vbG5wNFV5a0FSM3hUM2NGN3lKM2RYdmYweDNvUklFV011dDN1aVVzOHR4TC1FY0tWcWNralU1QU9JMDM2Nm5XZGgyZ29SN3dhNXJjQlRzVnZKT0g0b2pYbTFyRmVBUFBrWW4zd0VZQzVLeHVkekdoMmFLeWtNejlDQm40VTNDNjlKdW11dVYxLWE0a0RQWFZ2MjFsTEdjbW5lMWJ5T2hEcXJhbGhJeGIwa0JVdHNfQ202VXZVSmUyRm5zemtORzZMa182NjRIekR6V1d3RzF2bmxFRFdPaDJpUGhtMXBmY21iSWd4RFhSWVg2d0FUQ3RZeVhKLUFFQVpJRkJBZ0VHQUdTQlFRSUJSZ0VvQVlDZ0FmU2dQVXNxQWVPemh1b0I0M05HNmdIMWNrYnFBZlp5eHVvQjhfTUc2Z0hwcjRicUFlWXpodW9CLW5ORzlnSEFmSUhCUkNZeTRVQzBnZ0pDSURoZ0JBUUFSZ0JnQW9EMkJNQyIgQ29ycmVsYXRpb25CaW5kaW5nPSIiIFVybEVuY29kZT0iRmFsc2UiIFVzZVRvR3JvdXBSZXN1bHRzPSJGYWxzZSIgLz4NCiAgICAgICAgICAgIDxRdWVyeVN0cmluZ1BhcmFtZXRlciBOYW1lPSJzaWdoIiBWYWx1ZT0iYXZ6NmwyQWEydVUiIFJlY29yZGVkVmFsdWU9ImF2ejZsMkFhMnVVIiBDb3JyZWxhdGlvbkJpbmRpbmc9IiIgVXJsRW5jb2RlPSJGYWxzZSIgVXNlVG9Hcm91cFJlc3VsdHM9IkZhbHNlIiAvPg0KICAgICAgICAgIDwvUXVlcnlTdHJpbmdQYXJhbWV0ZXJzPg0KICAgICAgICA8L1JlcXVlc3Q+DQogICAgICAgIDxSZXF1ZXN0IE1ldGhvZD0iR0VUIiBHdWlkPSIxODMzOGRmMC1kOTk0LTQ3ODctODFhYi1jMDI5ZTM3NGM5MzUiIFZlcnNpb249IjEuMSIgVXJsPSJodHRwczovL2dvb2dsZWFkcy5nLmRvdWJsZWNsaWNrLm5ldC9kYm0vYWQiIFRoaW5rVGltZT0iMCIgVGltZW91dD0iMzAwIiBQYXJzZURlcGVuZGVudFJlcXVlc3RzPSJUcnVlIiBGb2xsb3dSZWRpcmVjdHM9IlRydWUiIFJlY29yZFJlc3VsdD0iVHJ1ZSIgQ2FjaGU9IkZhbHNlIiBSZXNwb25zZVRpbWVHb2FsPSIwIiBFbmNvZGluZz0idXRmLTgiIEV4cGVjdGVkSHR0cFN0YXR1c0NvZGU9IjAiIEV4cGVjdGVkUmVzcG9uc2VVcmw9IiIgUmVwb3J0aW5nTmFtZT0iIiBJZ25vcmVIdHRwU3RhdHVzQ29kZT0iRmFsc2UiPg0KICAgICAgICAgIDxIZWFkZXJzPg0KICAgICAgICAgICAgPEhlYWRlciBOYW1lPSJSZWZlcmVyIiBWYWx1ZT0iaHR0cHM6Ly90cGMuZ29vZ2xlc3luZGljYXRpb24uY29tL3NhZmVmcmFtZS8xLTAtMjgvaHRtbC9jb250YWluZXIuaHRtbCIgLz4NCiAgICAgICAgICA8L0hlYWRlcnM+DQogICAgICAgICAgPFF1ZXJ5U3RyaW5nUGFyYW1ldGVycz4NCiAgICAgICAgICAgIDxRdWVyeVN0cmluZ1BhcmFtZXRlciBOYW1lPSJkYm1fYyIgVmFsdWU9IkFLQW1mLUNiZWRUd1ZLZmlLczdwc2I3OXFyWTVUZ2toT29yOFgtbDNud0tVYkhhWEJYN21QQXQyQU5tNWhzVnhIcU9yZDdZUVJBa24iIFJlY29yZGVkVmFsdWU9IkFLQW1mLUNiZWRUd1ZLZmlLczdwc2I3OXFyWTVUZ2toT29yOFgtbDNud0tVYkhhWEJYN21QQXQyQU5tNWhzVnhIcU9yZDdZUVJBa24iIENvcnJlbGF0aW9uQmluZGluZz0iIiBVcmxFbmNvZGU9IkZhbHNlIiBVc2VUb0dyb3VwUmVzdWx0cz0iRmFsc2UiIC8+DQogICAgICAgICAgICA8UXVlcnlTdHJpbmdQYXJhbWV0ZXIgTmFtZT0iZGJtX2QiIFZhbHVlPSJBS0FtZi1EcUNwbFFxWVFmTFh5NkxzV2hDN3JZSDNvYUFGZDJqRWc1RmFWWDF1T21wYTY0WWxsOXdTbmNJdDB5ZGdINUNGbElpLXVQZVY2SVZ0OUdSandRb0RydExCbnh6Z21ycVo1UUJ6MExEQUJaSFV5TWxOYm9BbjFzbEptc1JPaDlxaC1QUE5OSGxUWFdnXzlMcnVlLUFIaHdueDV2TkZ0eTVNZXY4a3FWcUo1a1ZwcDdyZjFzVl95b3Jzb3VULXE0TC1oTkV6NGxWV1h4Vm91XzhjSDdyU2YtX2xkaEJlZVhmcVpBVzlOV2ZZT2picjY5YWdPLVpFWXExSDhKMWNLUTZ4V1hXQl82bUgxaFFoZk90YTJpNDQwc3k3aXNEM0t4ZXQ0R2FRZG5aLUwzV0IzemE0dFRaZzJ1MUdvRnFPVVR2NWZKallXTEhWODcxeDN5RllCZTNVLWlnbnlHT1UwZzBBLUtFQk9jVEpTOHhyT2VlZGRGemJyaG9rbUo3VHYxX0h6NTBORHcxVHBHbkJJbmZYMFlfenJITzdwYnhnNVFxeUNIRDZBWVh5a1FJTnJKdmxEWnF6NjJQdUdDdWlrb2t3T3hxcU4yUW9aQVZ1Z055R1JsZTdhanJkTGtjWVJmQW83enBjRy1IMG5CbFBaM3ZyQTQ2dFFhZWRoemEwenJTRk1weVZLQUNNOGVvVFJJRUVYTHJYeHM5NWFBTV9VcXJvd0lvS3lpRzZOUU5KWVdlN1h6UkFyc0pkMjZSLXk2LTd2cHpuQ3EzNUlUdXFVVHEtX3kzODk1VlhxVU9OM0JodnBXQVJhcktRdDlHZ1ZfMk1iTHRnbFZ1VldHZGhXMUNWNEE3Wnk0NzN0NkF2N3V1MURab28tNWgtTVNZNmJGOXE1ZUdyMloxN3U0VHBiZGVmVS1oTmUxNjQxQXBTdmdxV2ZnSkpUa2w1Z1FfU1RiWVYxYjUxeThwOGhrbjd2cWlndEV3ZEFSUURYUXA3azd0NmJIajA4V1Nwekg5LVNnV0dUb3FhSVFrWXQ4ZW80ZFdvNTdjTzdpU1lTbjMwdGMxcjVpWHJlRnFOeGRCWGVVNVVaazVFN05HdnV6bXlsWDZZRWxLVVNDYXhNbTNZdjhGXzNKNW1mblBLVGMzQ1RQZ0VycUlaem94bllNaktxWTNHWm9ob0tCamtqYWtsd1AxMWpmYk5qZlRyYmZ2R0ZSWGFXeFQ0RERfYWRzNjBXLWVWZlJKLWxoeE9BT2FxZnhabldQcF9pMmN6eDNtVEs0bUtIei1JaThwVm5ZdTZ5dVNkLTl4TlpKS3NMNEw5Wjh5d011UjhfUmFhenptVkJDUmxxR2FISWhuZU84MGpQVE9HTTU5REhpd1d0c1l1QkFwRmt2MS00c0pCcEN0UTB1dkgzSm84Q1ducmh5WE9ic3ZUdTlIREpnRlYxMzVlS2h3MnhJNXZycGV5VUxuVVZzaE80bUp6MEpuRzQzV0tWQ2Uza0h6YUtLT25USkthTnp0c2M5Um4tLXlpeV94UjNINmo1UHo5N1NwOG9MekdURDlLNVUxZG95RnpKWlhnVVZnQU5pMjVydmlpRVVDbVhkbVpsR3RWb0RZQ3JXY1ZjM3NuU3dYNmJSbnpFMHViRU5wSm5kdVVIQzAzQ1pkbmVaaE9VaVptZWV0aDRlMWx3WkdzUnBjN19WYUNIVjM5SHNzYXVOV0ZIQWtxZWh1QThDeGppSnlMTWJ0aVZ2SnhIZnAwcEZ6UUs4aEVjQnNfWmIyOUdJeXBIVmtVMDhrSWk4bDRYZlZFQnV3dF95MDBMMWxFaEd6R25UanZLaElsMUNleUpTWTlaMlE0Nkw0dndleW1JcUFPcVVNdW04ekV3b3hHeG9xWGNOREdUMzNsQ1pQVlh0RkYxSnJER1NTcjZaTExVaUxDMWZVQ2xqQkJNR3k3eWZkNlNCS2k0WTc2dkVvLXZRYjdvanBERnM5OHBjZWh4alo4cnZsdUZqby1UNmZ5Z2xDSGlOemVjMFctUWo0QUxsVFVmdXQ1Q2E0VDVsS1R0TzdVMkNjb1R2RWh5bV84SEpBWnRPdXNQMVFFejBBNndvMkQzUHZNM1JJZ1J2RTBEZ1JLQnNBS1d3d0toMWFwemQwcENFdzNjTUhVMHI2UlZVWXR1dUlwWTl1cUdHYjhKR2pFNmdrcU1LdUpBNmcyQzF2UWx6NnJvRnB4dFB6eUpaZkVNN21rYk5ybzBWOTdXU3k2RVBXVm14UUdQYmE5UW01RnBGZ3FteWc3RHpDaWh1U2JjTXBHdlBqdkRUbHZOZkhIZWxwTTlHN2JreGFjaXBaQjE1RFBXdjBTdXZGRjJFRXdJSW54SF9ObEt0ejRBNVRVajBkbVlkMlp1VHNwYUhPWm9SZVg0YUlKaU5JT0ZzYmR0QnBhanJHZEh5UzdsRVo0eHdHcVdvZjVMZTZ1dmZnVnM0bWJGSTJSdkFPNk45aDFub2U4SzR2cms1bDVvUndsT2l1RVZITkhvM2doV2JBMmxfMGZWUlZHZjhVd2NKOU9wNnJDUmpma0g1QnZCdktaYkdzRWlhQ3pqOTBIOWxpNXczSVFpcmd3b2dEMGU0UTRKM0ZydGxSNXM1OVY0M0VRXzNnMlpzS1hHREVzSDQxRUtEalZfTzY0SERRcVZDN1RxQ1AtcGt2YTVIVTZuM040QnpFVmFNbXNTNmZUZXNBZ1RhOFk1MnlrbXpGV3hNRG5QMlNYdW9QamJxZGhVYjhLZDQ2dGFNQW00TTNPYVBscWM0THhRcy0zb19VUWlPRHZHRUVuZUhCcjNKdGxkRUpXWUItV2xCWHZRRl9FVHVQanNkaERqbVNHcmE4MVNLRjVWbmxtSmJ1ZFg2VWlrcVlFRlBUeVZuRzRIdHRfTlp6YUU2aXBHMFN1d2FZWjRaX1lqZHJwUW9QNVVMZEJxVG5BdHVqbGY2dWFmaFJtb3ZqX20xdGd3QXNQRUc3elhKQW53WXNzcUE1eEtvOENRNjI3eWhuekxmVUlhbXhPekRWWVRGWTNWbmdnMkVFVXZiVmJVc1hnUDd1eURvUmFYcUd3bDJFUkhsd0JoNE5jWS13bmE5TmFRLTk4dTdVYmlaakM0RElxeVRKZjlpT0xUbEZFUkdZNjFHREZYVVFSQ2d0Ym1qMHNPekNHQjlRTlJJd2pORjFJVFZpcHJrbnFudm5NWnh3cXJqNnRFbnFnY05QZGx6UTNqbThhYkxDQVZ4YmJZRkNrZmZqUFVQSFduUXVXN3NjeW1DVFVlVEtXWF93ZmtxaWhodl9HaGxpUjY1TTRLOGYyTGRURUhTREdKTlFmRlJrZE5SS2tGcm9pam9XQ1FIUUlETGdidUtPUnJBRHJvemU5MjVuTDY5dXlpWnRLRm0xVnBIUGo5b01XTXpwazZqQ2tuM1MyTnpRRWFwcTlIejhxczhfaHhXa1pQMVJlZENybjZIeEpYM2tNLWh2QWFUbEUwcDBzdF9VaXNBRXpCXzZRMmdOSW9La1lsRlRoLW5kZF95eWFWVGtqZEtHZGc5a3NGRTZSbDF4M2ROQnV5MG0yb2dUdEtBX3ZBNEYwelVodnFEZUtXVVNTRHNnbzhkLXhTbURQaENaU01faWtIcnFmR2N0ODJkdUtEWkJuZlVWY0xqaDhNTENrUnRDbjhiYnBjZFJTTGtOUVRPRTVUNkdud3I1aFFzVGhEV05mdzhHVVVIbGVSZW9YQUtGNlV0UVlOcnBRSTEtYnF1RXhJalBGVWVVYkJvRDNXWjh1dGpTRDdhczFTckF3VWRPbVowWnhYRlpGWWw2YTBFRk5lT1NjSXR1SDBYcGFYT01mOGlJZHV1Y0ZuZjVjQjd2dlRwb1llVmFJekhRQUxac0NTVlVDbDV2Z2tVZG9jMTlNNlhtc3FZT29leUlvTFVLVzZQZk9PQmREb0xKWjQydm5ueS1JNWNudyIgUmVjb3JkZWRWYWx1ZT0iQUtBbWYtRHFDcGxRcVlRZkxYeTZMc1doQzdyWUgzb2FBRmQyakVnNUZhVlgxdU9tcGE2NFlsbDl3U25jSXQweWRnSDVDRmxJaS11UGVWNklWdDlHUmp3UW9EcnRMQm54emdtcnFaNVFCejBMREFCWkhVeU1sTmJvQW4xc2xKbXNST2g5cWgtUFBOTkhsVFhXZ185THJ1ZS1BSGh3bng1dk5GdHk1TWV2OGtxVnFKNWtWcHA3cmYxc1ZfeW9yc291VC1xNEwtaE5FejRsVldYeFZvdV84Y0g3clNmLV9sZGhCZWVYZnFaQVc5TldmWU9qYnI2OWFnTy1aRVlxMUg4SjFjS1E2eFdYV0JfNm1IMWhRaGZPdGEyaTQ0MHN5N2lzRDNLeGV0NEdhUWRuWi1MM1dCM3phNHRUWmcydTFHb0ZxT1VUdjVmSmpZV0xIVjg3MXgzeUZZQmUzVS1pZ255R09VMGcwQS1LRUJPY1RKUzh4ck9lZWRkRnpicmhva21KN1R2MV9IejUwTkR3MVRwR25CSW5mWDBZX3pySE83cGJ4ZzVRcXlDSEQ2QVlYeWtRSU5ySnZsRFpxejYyUHVHQ3Vpa29rd094cXFOMlFvWkFWdWdOeUdSbGU3YWpyZExrY1lSZkFvN3pwY0ctSDBuQmxQWjN2ckE0NnRRYWVkaHphMHpyU0ZNcHlWS0FDTThlb1RSSUVFWExyWHhzOTVhQU1fVXFyb3dJb0t5aUc2TlFOSllXZTdYelJBcnNKZDI2Ui15Ni03dnB6bkNxMzVJVHVxVVRxLV95Mzg5NVZYcVVPTjNCaHZwV0FSYXJLUXQ5R2dWXzJNYkx0Z2xWdVZXR2RoVzFDVjRBN1p5NDczdDZBdjd1dTFEWm9vLTVoLU1TWTZiRjlxNWVHcjJaMTd1NFRwYmRlZlUtaE5lMTY0MUFwU3ZncVdmZ0pKVGtsNWdRX1NUYllWMWI1MXk4cDhoa243dnFpZ3RFd2RBUlFEWFFwN2s3dDZiSGowOFdTcHpIOS1TZ1dHVG9xYUlRa1l0OGVvNGRXbzU3Y083aVNZU24zMHRjMXI1aVhyZUZxTnhkQlhlVTVVWms1RTdOR3Z1em15bFg2WUVsS1VTQ2F4TW0zWXY4Rl8zSjVtZm5QS1RjM0NUUGdFcnFJWnpveG5ZTWpLcVkzR1pvaG9LQmpramFrbHdQMTFqZmJOamZUcmJmdkdGUlhhV3hUNEREX2FkczYwVy1lVmZSSi1saHhPQU9hcWZ4Wm5XUHBfaTJjengzbVRLNG1LSHotSWk4cFZuWXU2eXVTZC05eE5aSktzTDRMOVo4eXdNdVI4X1JhYXp6bVZCQ1JscUdhSElobmVPODBqUFRPR001OURIaXdXdHNZdUJBcEZrdjEtNHNKQnBDdFEwdXZIM0pvOENXbnJoeVhPYnN2VHU5SERKZ0ZWMTM1ZUtodzJ4STV2cnBleVVMblVWc2hPNG1KejBKbkc0M1dLVkNlM2tIemFLS09uVEpLYU56dHNjOVJuLS15aXlfeFIzSDZqNVB6OTdTcDhvTHpHVEQ5SzVVMWRveUZ6SlpYZ1VWZ0FOaTI1cnZpaUVVQ21YZG1abEd0Vm9EWUNyV2NWYzNzblN3WDZiUm56RTB1YkVOcEpuZHVVSEMwM0NaZG5lWmhPVWlabWVldGg0ZTFsd1pHc1JwYzdfVmFDSFYzOUhzc2F1TldGSEFrcWVodUE4Q3hqaUp5TE1idGlWdkp4SGZwMHBGelFLOGhFY0JzX1piMjlHSXlwSFZrVTA4a0lpOGw0WGZWRUJ1d3RfeTAwTDFsRWhHekduVGp2S2hJbDFDZXlKU1k5WjJRNDZMNHZ3ZXltSXFBT3FVTXVtOHpFd294R3hvcVhjTkRHVDMzbENaUFZYdEZGMUpyREdTU3I2WkxMVWlMQzFmVUNsakJCTUd5N3lmZDZTQktpNFk3NnZFby12UWI3b2pwREZzOThwY2VoeGpaOHJ2bHVGam8tVDZmeWdsQ0hpTnplYzBXLVFqNEFMbFRVZnV0NUNhNFQ1bEtUdE83VTJDY29UdkVoeW1fOEhKQVp0T3VzUDFRRXowQTZ3bzJEM1B2TTNSSWdSdkUwRGdSS0JzQUtXd3dLaDFhcHpkMHBDRXczY01IVTByNlJWVVl0dXVJcFk5dXFHR2I4SkdqRTZna3FNS3VKQTZnMkMxdlFsejZyb0ZweHRQenlKWmZFTTdta2JOcm8wVjk3V1N5NkVQV1ZteFFHUGJhOVFtNUZwRmdxbXlnN0R6Q2lodVNiY01wR3ZQanZEVGx2TmZISGVscE05Rzdia3hhY2lwWkIxNURQV3YwU3V2RkYyRUV3SUlueEhfTmxLdHo0QTVUVWowZG1ZZDJadVRzcGFIT1pvUmVYNGFJSmlOSU9Gc2JkdEJwYWpyR2RIeVM3bEVaNHh3R3FXb2Y1TGU2dXZmZ1ZzNG1iRkkyUnZBTzZOOWgxbm9lOEs0dnJrNWw1b1J3bE9pdUVWSE5IbzNnaFdiQTJsXzBmVlJWR2Y4VXdjSjlPcDZyQ1JqZmtINUJ2QnZLWmJHc0VpYUN6ajkwSDlsaTV3M0lRaXJnd29nRDBlNFE0SjNGcnRsUjVzNTlWNDNFUV8zZzJac0tYR0RFc0g0MUVLRGpWX082NEhEUXFWQzdUcUNQLXBrdmE1SFU2bjNONEJ6RVZhTW1zUzZmVGVzQWdUYThZNTJ5a216Rld4TURuUDJTWHVvUGpicWRoVWI4S2Q0NnRhTUFtNE0zT2FQbHFjNEx4UXMtM29fVVFpT0R2R0VFbmVIQnIzSnRsZEVKV1lCLVdsQlh2UUZfRVR1UGpzZGhEam1TR3JhODFTS0Y1Vm5sbUpidWRYNlVpa3FZRUZQVHlWbkc0SHR0X05aemFFNmlwRzBTdXdhWVo0Wl9ZamRycFFvUDVVTGRCcVRuQXR1amxmNnVhZmhSbW92al9tMXRnd0FzUEVHN3pYSkFud1lzc3FBNXhLbzhDUTYyN3lobnpMZlVJYW14T3pEVllURlkzVm5nZzJFRVV2YlZiVXNYZ1A3dXlEb1JhWHFHd2wyRVJIbHdCaDROY1ktd25hOU5hUS05OHU3VWJpWmpDNERJcXlUSmY5aU9MVGxGRVJHWTYxR0RGWFVRUkNndGJtajBzT3pDR0I5UU5SSXdqTkYxSVRWaXBya25xbnZuTVp4d3FyajZ0RW5xZ2NOUGRselEzam04YWJMQ0FWeGJiWUZDa2ZmalBVUEhXblF1VzdzY3ltQ1RVZVRLV1hfd2ZrcWloaHZfR2hsaVI2NU00SzhmMkxkVEVIU0RHSk5RZkZSa2ROUktrRnJvaWpvV0NRSFFJRExnYnVLT1JyQURyb3plOTI1bkw2OXV5aVp0S0ZtMVZwSFBqOW9NV016cGs2akNrbjNTMk56UUVhcHE5SHo4cXM4X2h4V2taUDFSZWRDcm42SHhKWDNrTS1odkFhVGxFMHAwc3RfVWlzQUV6Ql82UTJnTklvS2tZbEZUaC1uZGRfeXlhVlRramRLR2RnOWtzRkU2UmwxeDNkTkJ1eTBtMm9nVHRLQV92QTRGMHpVaHZxRGVLV1VTU0RzZ284ZC14U21EUGhDWlNNX2lrSHJxZkdjdDgyZHVLRFpCbmZVVmNMamg4TUxDa1J0Q244YmJwY2RSU0xrTlFUT0U1VDZHbndyNWhRc1RoRFdOZnc4R1VVSGxlUmVvWEFLRjZVdFFZTnJwUUkxLWJxdUV4SWpQRlVlVWJCb0QzV1o4dXRqU0Q3YXMxU3JBd1VkT21aMFp4WEZaRllsNmEwRUZOZU9TY0l0dUgwWHBhWE9NZjhpSWR1dWNGbmY1Y0I3dnZUcG9ZZVZhSXpIUUFMWnNDU1ZVQ2w1dmdrVWRvYzE5TTZYbXNxWU9vZXlJb0xVS1c2UGZPT0JkRG9MSlo0MnZubnktSTVjbnciIENvcnJlbGF0aW9uQmluZGluZz0iIiBVcmxFbmNvZGU9IkZhbHNlIiBVc2VUb0dyb3VwUmVzdWx0cz0iRmFsc2UiIC8+DQogICAgICAgICAgICA8UXVlcnlTdHJpbmdQYXJhbWV0ZXIgTmFtZT0iY2lkIiBWYWx1ZT0iQ0FBU0V1Um8tTDZEUU1nTHVPTE5qdkRyUmJqNE1RIiBSZWNvcmRlZFZhbHVlPSJDQUFTRXVSby1MNkRRTWdMdU9MTmp2RHJSYmo0TVEiIENvcnJlbGF0aW9uQmluZGluZz0iIiBVcmxFbmNvZGU9IkZhbHNlIiBVc2VUb0dyb3VwUmVzdWx0cz0iRmFsc2UiIC8+DQogICAgICAgICAgICA8UXVlcnlTdHJpbmdQYXJhbWV0ZXIgTmFtZT0icmZsIiBWYWx1ZT0iMSUyQ2h0dHBzJTI1M0ElMjUyRiUyNTJGd3d3Lm1hcmt0cGxhYXRzLm5sJTI1MkZ6Lmh0bWwlMjUzRnF1ZXJ5JTI1M0RhdXRvJTI1MjZjYXRlZ29yeUlkJTI1M0QwJTI1MjZwb3N0Y29kZSUyNTNEJTI1MjZkaXN0YW5jZSUyNTNEMCUyNDAiIFJlY29yZGVkVmFsdWU9IjElMkNodHRwcyUyNTNBJTI1MkYlMjUyRnd3dy5tYXJrdHBsYWF0cy5ubCUyNTJGei5odG1sJTI1M0ZxdWVyeSUyNTNEYXV0byUyNTI2Y2F0ZWdvcnlJZCUyNTNEMCUyNTI2cG9zdGNvZGUlMjUzRCUyNTI2ZGlzdGFuY2UlMjUzRDAlMjQwIiBDb3JyZWxhdGlvbkJpbmRpbmc9IiIgVXJsRW5jb2RlPSJGYWxzZSIgVXNlVG9Hcm91cFJlc3VsdHM9IkZhbHNlIiAvPg0KICAgICAgICAgIDwvUXVlcnlTdHJpbmdQYXJhbWV0ZXJzPg0KICAgICAgICA8L1JlcXVlc3Q+DQogICAgICAgIDxSZXF1ZXN0IE1ldGhvZD0iR0VUIiBHdWlkPSI0NmJhYzFlNC03MWM2LTQ4ZmMtYThiNS03YjU1ZDhkMmZlZTgiIFZlcnNpb249IjEuMSIgVXJsPSJodHRwczovL3BhZ2VhZDIuZ29vZ2xlc3luZGljYXRpb24uY29tL3BhZ2VhZC9zL2Nvb2tpZV9wdXNoLmh0bWwiIFRoaW5rVGltZT0iMCIgVGltZW91dD0iMzAwIiBQYXJzZURlcGVuZGVudFJlcXVlc3RzPSJUcnVlIiBGb2xsb3dSZWRpcmVjdHM9IlRydWUiIFJlY29yZFJlc3VsdD0iVHJ1ZSIgQ2FjaGU9IkZhbHNlIiBSZXNwb25zZVRpbWVHb2FsPSIwIiBFbmNvZGluZz0idXRmLTgiIEV4cGVjdGVkSHR0cFN0YXR1c0NvZGU9IjAiIEV4cGVjdGVkUmVzcG9uc2VVcmw9IiIgUmVwb3J0aW5nTmFtZT0iIiBJZ25vcmVIdHRwU3RhdHVzQ29kZT0iRmFsc2UiPg0KICAgICAgICAgIDxIZWFkZXJzPg0KICAgICAgICAgICAgPEhlYWRlciBOYW1lPSJSZWZlcmVyIiBWYWx1ZT0iaHR0cHM6Ly90cGMuZ29vZ2xlc3luZGljYXRpb24uY29tL3NhZmVmcmFtZS8xLTAtMjgvaHRtbC9jb250YWluZXIuaHRtbCIgLz4NCiAgICAgICAgICA8L0hlYWRlcnM+DQogICAgICAgIDwvUmVxdWVzdD4NCiAgICAgICAgPFJlcXVlc3QgTWV0aG9kPSJHRVQiIEd1aWQ9IjE3NDdmM2VmLThmYmMtNGE1NS1hNzU2LWQ3MmIzNmUzNDhmOSIgVmVyc2lvbj0iMS4xIiBVcmw9Imh0dHBzOi8vcGFnZWFkMi5nb29nbGVzeW5kaWNhdGlvbi5jb20vcGFnZWFkL3MvY29va2llX3B1c2guaHRtbCIgVGhpbmtUaW1lPSIwIiBUaW1lb3V0PSIzMDAiIFBhcnNlRGVwZW5kZW50UmVxdWVzdHM9IlRydWUiIEZvbGxvd1JlZGlyZWN0cz0iVHJ1ZSIgUmVjb3JkUmVzdWx0PSJUcnVlIiBDYWNoZT0iRmFsc2UiIFJlc3BvbnNlVGltZUdvYWw9IjAiIEVuY29kaW5nPSJ1dGYtOCIgRXhwZWN0ZWRIdHRwU3RhdHVzQ29kZT0iMCIgRXhwZWN0ZWRSZXNwb25zZVVybD0iIiBSZXBvcnRpbmdOYW1lPSIiIElnbm9yZUh0dHBTdGF0dXNDb2RlPSJGYWxzZSI+DQogICAgICAgICAgPEhlYWRlcnM+DQogICAgICAgICAgICA8SGVhZGVyIE5hbWU9IlJlZmVyZXIiIFZhbHVlPSJodHRwczovL3RwYy5nb29nbGVzeW5kaWNhdGlvbi5jb20vc2FmZWZyYW1lLzEtMC0yOC9odG1sL2NvbnRhaW5lci5odG1sIiAvPg0KICAgICAgICAgIDwvSGVhZGVycz4NCiAgICAgICAgPC9SZXF1ZXN0Pg0KICAgICAgICA8UmVxdWVzdCBNZXRob2Q9IkdFVCIgR3VpZD0iZTBlZmNhNzUtM2Y2Ny00ZmRhLTkxMWQtYTIxOTc5M2UzNGNjIiBWZXJzaW9uPSIxLjEiIFVybD0iaHR0cHM6Ly93d3cuZ29vZ2xlLmNvbS9hZHMvbWVhc3VyZW1lbnQvbCIgVGhpbmtUaW1lPSIwIiBUaW1lb3V0PSIzMDAiIFBhcnNlRGVwZW5kZW50UmVxdWVzdHM9IlRydWUiIEZvbGxvd1JlZGlyZWN0cz0iVHJ1ZSIgUmVjb3JkUmVzdWx0PSJUcnVlIiBDYWNoZT0iRmFsc2UiIFJlc3BvbnNlVGltZUdvYWw9IjAiIEVuY29kaW5nPSJ1dGYtOCIgRXhwZWN0ZWRIdHRwU3RhdHVzQ29kZT0iMCIgRXhwZWN0ZWRSZXNwb25zZVVybD0iIiBSZXBvcnRpbmdOYW1lPSIiIElnbm9yZUh0dHBTdGF0dXNDb2RlPSJGYWxzZSI+DQogICAgICAgICAgPEhlYWRlcnM+DQogICAgICAgICAgICA8SGVhZGVyIE5hbWU9IlJlZmVyZXIiIFZhbHVlPSJodHRwczovL3RwYy5nb29nbGVzeW5kaWNhdGlvbi5jb20vc2FmZWZyYW1lLzEtMC0yOC9odG1sL2NvbnRhaW5lci5odG1sIiAvPg0KICAgICAgICAgIDwvSGVhZGVycz4NCiAgICAgICAgICA8UXVlcnlTdHJpbmdQYXJhbWV0ZXJzPg0KICAgICAgICAgICAgPFF1ZXJ5U3RyaW5nUGFyYW1ldGVyIE5hbWU9ImViY2lkIiBWYWx1ZT0iQUxoN0NhVHNqRzR4SWY1UHJxSF84RXVORHB5cmdubzVySzlmQW9aczU5RXFTdHlpVFZ4andfRVBSbGs1clFtNzl4dzhQSFZGZklmazFVZHhyUGdaMzlnSTF2QnZxTXFTQ1EiIFJlY29yZGVkVmFsdWU9IkFMaDdDYVRzakc0eElmNVBycUhfOEV1TkRweXJnbm81cks5ZkFvWnM1OUVxU3R5aVRWeGp3X0VQUmxrNXJRbTc5eHc4UEhWRmZJZmsxVWR4clBnWjM5Z0kxdkJ2cU1xU0NRIiBDb3JyZWxhdGlvbkJpbmRpbmc9IiIgVXJsRW5jb2RlPSJGYWxzZSIgVXNlVG9Hcm91cFJlc3VsdHM9IkZhbHNlIiAvPg0KICAgICAgICAgIDwvUXVlcnlTdHJpbmdQYXJhbWV0ZXJzPg0KICAgICAgICA8L1JlcXVlc3Q+DQogICAgICAgIDxSZXF1ZXN0IE1ldGhvZD0iR0VUIiBHdWlkPSIwNGFlNTc5NS00NjA2LTRmNDUtYmExZS0zMjY4NGM4ZWM2NWYiIFZlcnNpb249IjEuMSIgVXJsPSJodHRwczovL3NlY3VyZXB1YmFkcy5nLmRvdWJsZWNsaWNrLm5ldC9wY3MvdmlldyIgVGhpbmtUaW1lPSIwIiBUaW1lb3V0PSIzMDAiIFBhcnNlRGVwZW5kZW50UmVxdWVzdHM9IlRydWUiIEZvbGxvd1JlZGlyZWN0cz0iVHJ1ZSIgUmVjb3JkUmVzdWx0PSJUcnVlIiBDYWNoZT0iRmFsc2UiIFJlc3BvbnNlVGltZUdvYWw9IjAiIEVuY29kaW5nPSJ1dGYtOCIgRXhwZWN0ZWRIdHRwU3RhdHVzQ29kZT0iMCIgRXhwZWN0ZWRSZXNwb25zZVVybD0iIiBSZXBvcnRpbmdOYW1lPSIiIElnbm9yZUh0dHBTdGF0dXNDb2RlPSJGYWxzZSI+DQogICAgICAgICAgPEhlYWRlcnM+DQogICAgICAgICAgICA8SGVhZGVyIE5hbWU9IlJlZmVyZXIiIFZhbHVlPSJodHRwczovL3RwYy5nb29nbGVzeW5kaWNhdGlvbi5jb20vc2FmZWZyYW1lLzEtMC0yOC9odG1sL2NvbnRhaW5lci5odG1sIiAvPg0KICAgICAgICAgIDwvSGVhZGVycz4NCiAgICAgICAgICA8UXVlcnlTdHJpbmdQYXJhbWV0ZXJzPg0KICAgICAgICAgICAgPFF1ZXJ5U3RyaW5nUGFyYW1ldGVyIE5hbWU9InhhaSIgVmFsdWU9IkFLQU9qc3Rvc1N2cWJGNnFTYTJPanJ6QThIaldfTk5jREFVVXg4M1owN2JyakljY1ZRRFpxZ3kwTjJtUU1Wa0htV3BLMlhyRFc1UlpvMjljcXNGV19EUU5mUVphLWRsRTRramo4bUloeGRwOGZINHdGaGhLTWdRN212UklxMzF3LVVPekhfRnJVV0pFVXJ5UUc2ckJjRXpNc04yQmdfTjlRS29FaXpiVUQzcjJpd3F3dUFXMUxqWnFBZVJaVXpZbU5ZeVNsU0NkTTRta0dtOWZYY0hCdDlVV0xuZ0pGa2dISmhTc1Mza0NOZlVkN0FaUFZoRFhMVjBlUVRlZXMzOEhrVlNNaklXck41bXBQbTdkeG1vcE5SNkpuV2ROaUQwQllqY1o0VEhKNXNfb3M4c1Q0T0FtR2Uxa2NQQjEiIFJlY29yZGVkVmFsdWU9IkFLQU9qc3Rvc1N2cWJGNnFTYTJPanJ6QThIaldfTk5jREFVVXg4M1owN2JyakljY1ZRRFpxZ3kwTjJtUU1Wa0htV3BLMlhyRFc1UlpvMjljcXNGV19EUU5mUVphLWRsRTRramo4bUloeGRwOGZINHdGaGhLTWdRN212UklxMzF3LVVPekhfRnJVV0pFVXJ5UUc2ckJjRXpNc04yQmdfTjlRS29FaXpiVUQzcjJpd3F3dUFXMUxqWnFBZVJaVXpZbU5ZeVNsU0NkTTRta0dtOWZYY0hCdDlVV0xuZ0pGa2dISmhTc1Mza0NOZlVkN0FaUFZoRFhMVjBlUVRlZXMzOEhrVlNNaklXck41bXBQbTdkeG1vcE5SNkpuV2ROaUQwQllqY1o0VEhKNXNfb3M4c1Q0T0FtR2Uxa2NQQjEiIENvcnJlbGF0aW9uQmluZGluZz0iIiBVcmxFbmNvZGU9IkZhbHNlIiBVc2VUb0dyb3VwUmVzdWx0cz0iRmFsc2UiIC8+DQogICAgICAgICAgICA8UXVlcnlTdHJpbmdQYXJhbWV0ZXIgTmFtZT0ic2FpIiBWYWx1ZT0iQU1mbC1ZUmcwUVhiYmJrQlVuYmw0ejhHU1ZZX1p3QTVROU1xOXBkRmFhMGdSSW45UU1jRUZydnlCLUZxcnNCWHlWQ184MWM3V3I5LWZrVDduajdQMWt1VXdMZElYSXd6Y3VHaGQxdjJRXzRDb2FtS0R4QklRdGQ2WmZOMWx5aDUiIFJlY29yZGVkVmFsdWU9IkFNZmwtWVJnMFFYYmJia0JVbmJsNHo4R1NWWV9ad0E1UTlNcTlwZEZhYTBnUkluOVFNY0VGcnZ5Qi1GcXJzQlh5VkNfODFjN1dyOS1ma1Q3bmo3UDFrdVV3TGRJWEl3emN1R2hkMXYyUV80Q29hbUtEeEJJUXRkNlpmTjFseWg1IiBDb3JyZWxhdGlvbkJpbmRpbmc9IiIgVXJsRW5jb2RlPSJGYWxzZSIgVXNlVG9Hcm91cFJlc3VsdHM9IkZhbHNlIiAvPg0KICAgICAgICAgICAgPFF1ZXJ5U3RyaW5nUGFyYW1ldGVyIE5hbWU9InNpZyIgVmFsdWU9IkNnMEFyS0pTek1OTkNxNXJINWxVRUFFIiBSZWNvcmRlZFZhbHVlPSJDZzBBcktKU3pNTk5DcTVySDVsVUVBRSIgQ29ycmVsYXRpb25CaW5kaW5nPSIiIFVybEVuY29kZT0iRmFsc2UiIFVzZVRvR3JvdXBSZXN1bHRzPSJGYWxzZSIgLz4NCiAgICAgICAgICAgIDxRdWVyeVN0cmluZ1BhcmFtZXRlciBOYW1lPSJ1cmxmaXgiIFZhbHVlPSIxIiBSZWNvcmRlZFZhbHVlPSIxIiBDb3JyZWxhdGlvbkJpbmRpbmc9IiIgVXJsRW5jb2RlPSJGYWxzZSIgVXNlVG9Hcm91cFJlc3VsdHM9IkZhbHNlIiAvPg0KICAgICAgICAgICAgPFF1ZXJ5U3RyaW5nUGFyYW1ldGVyIE5hbWU9ImFkdXJsIiBWYWx1ZT0iIiBSZWNvcmRlZFZhbHVlPSIiIENvcnJlbGF0aW9uQmluZGluZz0iIiBVcmxFbmNvZGU9IkZhbHNlIiBVc2VUb0dyb3VwUmVzdWx0cz0iRmFsc2UiIC8+DQogICAgICAgICAgPC9RdWVyeVN0cmluZ1BhcmFtZXRlcnM+DQogICAgICAgIDwvUmVxdWVzdD4NCiAgICAgICAgPFJlcXVlc3QgTWV0aG9kPSJHRVQiIEd1aWQ9IjhlZjI0MjMxLTZmN2UtNDg5NS1hMjU2LThjYTZhMzE2NDlmMyIgVmVyc2lvbj0iMS4xIiBVcmw9Imh0dHBzOi8vZ29vZ2xlYWRzNC5nLmRvdWJsZWNsaWNrLm5ldC9wY3MvdmlldyIgVGhpbmtUaW1lPSIwIiBUaW1lb3V0PSIzMDAiIFBhcnNlRGVwZW5kZW50UmVxdWVzdHM9IlRydWUiIEZvbGxvd1JlZGlyZWN0cz0iVHJ1ZSIgUmVjb3JkUmVzdWx0PSJUcnVlIiBDYWNoZT0iRmFsc2UiIFJlc3BvbnNlVGltZUdvYWw9IjAiIEVuY29kaW5nPSJ1dGYtOCIgRXhwZWN0ZWRIdHRwU3RhdHVzQ29kZT0iMCIgRXhwZWN0ZWRSZXNwb25zZVVybD0iIiBSZXBvcnRpbmdOYW1lPSIiIElnbm9yZUh0dHBTdGF0dXNDb2RlPSJGYWxzZSI+DQogICAgICAgICAgPEhlYWRlcnM+DQogICAgICAgICAgICA8SGVhZGVyIE5hbWU9IlJlZmVyZXIiIFZhbHVlPSJodHRwczovL3RwYy5nb29nbGVzeW5kaWNhdGlvbi5jb20vc2FmZWZyYW1lLzEtMC0yOC9odG1sL2NvbnRhaW5lci5odG1sIiAvPg0KICAgICAgICAgIDwvSGVhZGVycz4NCiAgICAgICAgICA8UXVlcnlTdHJpbmdQYXJhbWV0ZXJzPg0KICAgICAgICAgICAgPFF1ZXJ5U3RyaW5nUGFyYW1ldGVyIE5hbWU9InhhaSIgVmFsdWU9IkFLQU9qc3ZDVk5IZ3RMeG5UbE9IQnlEYUd2eHRSMjNpaWszaklPZldxbUgyVnptTmtONnNIT1hfX0hqR2hibkRsc3RQVXprc2VFb0NRRkRRcEFLTmxFc3J5cTV3NjRuSWJXaEdPaVp6SVNvYkZ2emgxb0FYQUY1ai1nam1uMnM0OE1MSkZnRE9CY0E0TngxSXdYQ1ZLaTIwRHJyM09NOW1HaUx0MDBsM0RNWXlrSm50N2cteG5Pc2lIb29aNmFZSFZqWE9xaFZEaWFVdzVpbm92QnNOR1NUN09VOTIxZWt4NDE5MzNTbmxCTXVNSkNSM084RWZ0V056eG1nZm55QXZSYmFVeEU3TjFUTzlpbW8wWFhyTTREWmJZcVRUUzBJTHpsYkoyM2Vla3ZUYm1jcUxuTU1YaUNDaTZ4NGNCQW83Ti0tb3dZVlR0Zk1EcGZaaFF4Z0lfZWR2b1ZnZFpaY3N6Z0tiSHF6WjJvSlFwUVNVbzBKVmZvQkR4NTNPa3dQeWlsTUZ4bkNxSDhUMThhWHJaSlg0VVpwQTZoa292Uzl6TkNHb0ZYWkNGN3pLWEpla00zcm1LNFBUNFdta25COHdlRVdfY0JKMUgwNlFzeVNvUjUxamRHYVB2NXNNTWpIMmlzNEpQTmtLYjdGYzRndHZUQnBZaTZuSnZsN3RTWmpuR3VHRWQ1Z3Z2RXJ0SHNwNkdEWnJSQmd2YlJqM3VpclhDMGl0eGFXX0JmZ3R5YmhVWC04TFU3MFU2RlBBTDJETkxOT1Y0OG1TdHhXbnR2UE1pUE5DZHlvOEhTUlpudVhMUmNWbE9kUHZqUzh1MjNoWnVBOFBoeEd5WUNoTWczay02U2I1cGRrZk9qWG5JdGpIUVZYVnpiN0t5Z0FUQjBTOTNxTk0wNVpEdmVGUVVyakVMVmRYekZxSERmT2dLeFVPRDFjYWdkNFVwVFU2RE5KSVpBWnRBVy1SWERvS3BTQVdfek8xRHI1SS1mZnpBc05OSHNXaFJOTHdZY1EyR04zdi1ySnp1U3lIWHJMLWVFbkNwTERibEt0NHRfUFlGRnVSMlBzZlUyX0NXLW1yQXloRGhSZU5rS1hjYVpSa3NNSEtOWEdCQlozVVpiUnlCOXoyV19lRUhlU3ozNUVybk85SlNFem5ORDJWall2aUExUW1aZHo2YkRtUDhmS3JZRDU0eW1uenBhajZZLUJXZEl6NGQwc0MtRkhUb3IxMTJ3VEdFUVBaZHhhdGkwUjBtLVRKMTAwTmJXMTRTQUUiIFJlY29yZGVkVmFsdWU9IkFLQU9qc3ZDVk5IZ3RMeG5UbE9IQnlEYUd2eHRSMjNpaWszaklPZldxbUgyVnptTmtONnNIT1hfX0hqR2hibkRsc3RQVXprc2VFb0NRRkRRcEFLTmxFc3J5cTV3NjRuSWJXaEdPaVp6SVNvYkZ2emgxb0FYQUY1ai1nam1uMnM0OE1MSkZnRE9CY0E0TngxSXdYQ1ZLaTIwRHJyM09NOW1HaUx0MDBsM0RNWXlrSm50N2cteG5Pc2lIb29aNmFZSFZqWE9xaFZEaWFVdzVpbm92QnNOR1NUN09VOTIxZWt4NDE5MzNTbmxCTXVNSkNSM084RWZ0V056eG1nZm55QXZSYmFVeEU3TjFUTzlpbW8wWFhyTTREWmJZcVRUUzBJTHpsYkoyM2Vla3ZUYm1jcUxuTU1YaUNDaTZ4NGNCQW83Ti0tb3dZVlR0Zk1EcGZaaFF4Z0lfZWR2b1ZnZFpaY3N6Z0tiSHF6WjJvSlFwUVNVbzBKVmZvQkR4NTNPa3dQeWlsTUZ4bkNxSDhUMThhWHJaSlg0VVpwQTZoa292Uzl6TkNHb0ZYWkNGN3pLWEpla00zcm1LNFBUNFdta25COHdlRVdfY0JKMUgwNlFzeVNvUjUxamRHYVB2NXNNTWpIMmlzNEpQTmtLYjdGYzRndHZUQnBZaTZuSnZsN3RTWmpuR3VHRWQ1Z3Z2RXJ0SHNwNkdEWnJSQmd2YlJqM3VpclhDMGl0eGFXX0JmZ3R5YmhVWC04TFU3MFU2RlBBTDJETkxOT1Y0OG1TdHhXbnR2UE1pUE5DZHlvOEhTUlpudVhMUmNWbE9kUHZqUzh1MjNoWnVBOFBoeEd5WUNoTWczay02U2I1cGRrZk9qWG5JdGpIUVZYVnpiN0t5Z0FUQjBTOTNxTk0wNVpEdmVGUVVyakVMVmRYekZxSERmT2dLeFVPRDFjYWdkNFVwVFU2RE5KSVpBWnRBVy1SWERvS3BTQVdfek8xRHI1SS1mZnpBc05OSHNXaFJOTHdZY1EyR04zdi1ySnp1U3lIWHJMLWVFbkNwTERibEt0NHRfUFlGRnVSMlBzZlUyX0NXLW1yQXloRGhSZU5rS1hjYVpSa3NNSEtOWEdCQlozVVpiUnlCOXoyV19lRUhlU3ozNUVybk85SlNFem5ORDJWall2aUExUW1aZHo2YkRtUDhmS3JZRDU0eW1uenBhajZZLUJXZEl6NGQwc0MtRkhUb3IxMTJ3VEdFUVBaZHhhdGkwUjBtLVRKMTAwTmJXMTRTQUUiIENvcnJlbGF0aW9uQmluZGluZz0iIiBVcmxFbmNvZGU9IkZhbHNlIiBVc2VUb0dyb3VwUmVzdWx0cz0iRmFsc2UiIC8+DQogICAgICAgICAgICA8UXVlcnlTdHJpbmdQYXJhbWV0ZXIgTmFtZT0ic2FpIiBWYWx1ZT0iQU1mbC1ZU0o2cVQ4aDJpX3d6TFl4cThVZU1DQlYwdUZhekpvRXNkRUZ4dmNUZ1ZtbkhEa3E1ZTE0QXQ5eGtjU2MyWUV0Zm1EekstVUFwS2QtOHRFTGlOc3MyVFVGZ0pCaDJVQUJZQXBTQlZ2QXlQb3c5ZldFQUExdHd6X2M5M1dxbXpqQ09xTEpCbVE2cUdYUDIyblVnUDlGSEZVTFNLWG9BIiBSZWNvcmRlZFZhbHVlPSJBTWZsLVlTSjZxVDhoMmlfd3pMWXhxOFVlTUNCVjB1RmF6Sm9Fc2RFRnh2Y1RnVm1uSERrcTVlMTRBdDl4a2NTYzJZRXRmbUR6Sy1VQXBLZC04dEVMaU5zczJUVUZnSkJoMlVBQllBcFNCVnZBeVBvdzlmV0VBQTF0d3pfYzkzV3FtempDT3FMSkJtUTZxR1hQMjJuVWdQOUZIRlVMU0tYb0EiIENvcnJlbGF0aW9uQmluZGluZz0iIiBVcmxFbmNvZGU9IkZhbHNlIiBVc2VUb0dyb3VwUmVzdWx0cz0iRmFsc2UiIC8+DQogICAgICAgICAgICA8UXVlcnlTdHJpbmdQYXJhbWV0ZXIgTmFtZT0ic2lnIiBWYWx1ZT0iQ2cwQXJLSlN6SjY3RE1HX19TZ0lFQUUiIFJlY29yZGVkVmFsdWU9IkNnMEFyS0pTeko2N0RNR19fU2dJRUFFIiBDb3JyZWxhdGlvbkJpbmRpbmc9IiIgVXJsRW5jb2RlPSJGYWxzZSIgVXNlVG9Hcm91cFJlc3VsdHM9IkZhbHNlIiAvPg0KICAgICAgICAgICAgPFF1ZXJ5U3RyaW5nUGFyYW1ldGVyIE5hbWU9InVybGZpeCIgVmFsdWU9IjEiIFJlY29yZGVkVmFsdWU9IjEiIENvcnJlbGF0aW9uQmluZGluZz0iIiBVcmxFbmNvZGU9IkZhbHNlIiBVc2VUb0dyb3VwUmVzdWx0cz0iRmFsc2UiIC8+DQogICAgICAgICAgICA8UXVlcnlTdHJpbmdQYXJhbWV0ZXIgTmFtZT0iYWR1cmwiIFZhbHVlPSIiIFJlY29yZGVkVmFsdWU9IiIgQ29ycmVsYXRpb25CaW5kaW5nPSIiIFVybEVuY29kZT0iRmFsc2UiIFVzZVRvR3JvdXBSZXN1bHRzPSJGYWxzZSIgLz4NCiAgICAgICAgICA8L1F1ZXJ5U3RyaW5nUGFyYW1ldGVycz4NCiAgICAgICAgPC9SZXF1ZXN0Pg0KICAgICAgICA8UmVxdWVzdCBNZXRob2Q9IkdFVCIgR3VpZD0iZTg2OTY5YjUtMTViYy00NTJiLWIzYjktYTJmNjBjYWRiMDQzIiBWZXJzaW9uPSIxLjEiIFVybD0iaHR0cHM6Ly93d3cuZ29vZ2xlLmNvbS9hZHMvbWVhc3VyZW1lbnQvbCIgVGhpbmtUaW1lPSIxIiBUaW1lb3V0PSIzMDAiIFBhcnNlRGVwZW5kZW50UmVxdWVzdHM9IlRydWUiIEZvbGxvd1JlZGlyZWN0cz0iVHJ1ZSIgUmVjb3JkUmVzdWx0PSJUcnVlIiBDYWNoZT0iRmFsc2UiIFJlc3BvbnNlVGltZUdvYWw9IjAiIEVuY29kaW5nPSJ1dGYtOCIgRXhwZWN0ZWRIdHRwU3RhdHVzQ29kZT0iMCIgRXhwZWN0ZWRSZXNwb25zZVVybD0iIiBSZXBvcnRpbmdOYW1lPSIiIElnbm9yZUh0dHBTdGF0dXNDb2RlPSJGYWxzZSI+DQogICAgICAgICAgPEhlYWRlcnM+DQogICAgICAgICAgICA8SGVhZGVyIE5hbWU9IlJlZmVyZXIiIFZhbHVlPSJodHRwczovL3RwYy5nb29nbGVzeW5kaWNhdGlvbi5jb20vc2FmZWZyYW1lLzEtMC0yOC9odG1sL2NvbnRhaW5lci5odG1sIiAvPg0KICAgICAgICAgIDwvSGVhZGVycz4NCiAgICAgICAgICA8UXVlcnlTdHJpbmdQYXJhbWV0ZXJzPg0KICAgICAgICAgICAgPFF1ZXJ5U3RyaW5nUGFyYW1ldGVyIE5hbWU9ImViY2lkIiBWYWx1ZT0iQUxoN0NhU2l6Nml1YnJwRXFUVlFvX2NtWFViYmtpWlhRR2M1R2JIU0kyemRjNmRiRks4UWpVQTBjLVc0Ylg5NnFRVnJiVnp3NU9CaGE4R0NhOTJfUUJVdjdQNEJyU1RMTFEiIFJlY29yZGVkVmFsdWU9IkFMaDdDYVNpejZpdWJycEVxVFZRb19jbVhVYmJraVpYUUdjNUdiSFNJMnpkYzZkYkZLOFFqVUEwYy1XNGJYOTZxUVZyYlZ6dzVPQmhhOEdDYTkyX1FCVXY3UDRCclNUTExRIiBDb3JyZWxhdGlvbkJpbmRpbmc9IiIgVXJsRW5jb2RlPSJGYWxzZSIgVXNlVG9Hcm91cFJlc3VsdHM9IkZhbHNlIiAvPg0KICAgICAgICAgIDwvUXVlcnlTdHJpbmdQYXJhbWV0ZXJzPg0KICAgICAgICA8L1JlcXVlc3Q+DQogICAgICA8L0RlcGVuZGVudFJlcXVlc3RzPg0KICAgICAgPEhlYWRlcnM+DQogICAgICAgIDxIZWFkZXIgTmFtZT0iUmVmZXJlciIgVmFsdWU9Imh0dHBzOi8vd3d3Lm1hcmt0cGxhYXRzLm5sL3ouaHRtbD9xdWVyeT1hdXRvJmFtcDtjYXRlZ29yeUlkPTAmYW1wO3Bvc3Rjb2RlPSZhbXA7ZGlzdGFuY2U9MCIgLz4NCiAgICAgIDwvSGVhZGVycz4NCiAgICA8L1JlcXVlc3Q+DQogICAgPFJlcXVlc3QgTWV0aG9kPSJQT1NUIiBHdWlkPSIzMWY0NzJmNi1hNjJmLTRjNjEtYmFhMi1jNGNhOGIyYWEzYmIiIFZlcnNpb249IjEuMSIgVXJsPSJodHRwczovL3d3dy5tYXJrdHBsYWF0cy5ubC9tZXRyaWNzL2Rpc3BsYXkiIFRoaW5rVGltZT0iMCIgVGltZW91dD0iMzAwIiBQYXJzZURlcGVuZGVudFJlcXVlc3RzPSJUcnVlIiBGb2xsb3dSZWRpcmVjdHM9IlRydWUiIFJlY29yZFJlc3VsdD0iVHJ1ZSIgQ2FjaGU9IkZhbHNlIiBSZXNwb25zZVRpbWVHb2FsPSIwIiBFbmNvZGluZz0idXRmLTgiIEV4cGVjdGVkSHR0cFN0YXR1c0NvZGU9IjAiIEV4cGVjdGVkUmVzcG9uc2VVcmw9IiIgUmVwb3J0aW5nTmFtZT0iIiBJZ25vcmVIdHRwU3RhdHVzQ29kZT0iRmFsc2UiPg0KICAgICAgPEhlYWRlcnM+DQogICAgICAgIDxIZWFkZXIgTmFtZT0iUmVmZXJlciIgVmFsdWU9Imh0dHBzOi8vd3d3Lm1hcmt0cGxhYXRzLm5sL3ouaHRtbD9xdWVyeT1hdXRvJmFtcDtjYXRlZ29yeUlkPTAmYW1wO3Bvc3Rjb2RlPSZhbXA7ZGlzdGFuY2U9MCIgLz4NCiAgICAgIDwvSGVhZGVycz4NCiAgICAgIDxTdHJpbmdIdHRwQm9keSBDb250ZW50VHlwZT0iYXBwbGljYXRpb24vanNvbiIgSW5zZXJ0Qnl0ZU9yZGVyTWFyaz0iRmFsc2UiPmV3QWlBSFlBYVFCeUFIUUFkUUJoQUd3QVZRQnlBR3dBSWdBNkFDSUFVZ0JsQUhNQWRRQnNBSFFBY3dCVEFHVUFZUUJ5QUdNQWFBQWlBQ3dBSWdCaEFHUUFjd0JTQUdVQWNRQjFBR1VBY3dCMEFHVUFaQUFpQURvQU5BQTBBRFFBT0FCOUFBPT08L1N0cmluZ0h0dHBCb2R5Pg0KICAgIDwvUmVxdWVzdD4NCiAgICA8UmVxdWVzdCBNZXRob2Q9IkdFVCIgR3VpZD0iOWUwYTE5YzUtOThjMC00YmYyLTgyMGEtMjkwZmEzMzcxZjM3IiBWZXJzaW9uPSIxLjEiIFVybD0iaHR0cHM6Ly9zZWN1cmVwdWJhZHMuZy5kb3VibGVjbGljay5uZXQvZ2FtcGFkL2FkcyIgVGhpbmtUaW1lPSIwIiBUaW1lb3V0PSIzMDAiIFBhcnNlRGVwZW5kZW50UmVxdWVzdHM9IlRydWUiIEZvbGxvd1JlZGlyZWN0cz0iVHJ1ZSIgUmVjb3JkUmVzdWx0PSJUcnVlIiBDYWNoZT0iRmFsc2UiIFJlc3BvbnNlVGltZUdvYWw9IjAiIEVuY29kaW5nPSJ1dGYtOCIgRXhwZWN0ZWRIdHRwU3RhdHVzQ29kZT0iMCIgRXhwZWN0ZWRSZXNwb25zZVVybD0iIiBSZXBvcnRpbmdOYW1lPSIiIElnbm9yZUh0dHBTdGF0dXNDb2RlPSJGYWxzZSI+DQogICAgICA8SGVhZGVycz4NCiAgICAgICAgPEhlYWRlciBOYW1lPSJSZWZlcmVyIiBWYWx1ZT0iaHR0cHM6Ly93d3cubWFya3RwbGFhdHMubmwvei5odG1sP3F1ZXJ5PWF1dG8mYW1wO2NhdGVnb3J5SWQ9MCZhbXA7cG9zdGNvZGU9JmFtcDtkaXN0YW5jZT0wIiAvPg0KICAgICAgPC9IZWFkZXJzPg0KICAgICAgPFF1ZXJ5U3RyaW5nUGFyYW1ldGVycz4NCiAgICAgICAgPFF1ZXJ5U3RyaW5nUGFyYW1ldGVyIE5hbWU9ImdkZnBfcmVxIiBWYWx1ZT0iMSIgUmVjb3JkZWRWYWx1ZT0iMSIgQ29ycmVsYXRpb25CaW5kaW5nPSIiIFVybEVuY29kZT0iRmFsc2UiIFVzZVRvR3JvdXBSZXN1bHRzPSJGYWxzZSIgLz4NCiAgICAgICAgPFF1ZXJ5U3RyaW5nUGFyYW1ldGVyIE5hbWU9InB2c2lkIiBWYWx1ZT0iNDU4ODMwNzk0MjYwNTE5IiBSZWNvcmRlZFZhbHVlPSI0NTg4MzA3OTQyNjA1MTkiIENvcnJlbGF0aW9uQmluZGluZz0iIiBVcmxFbmNvZGU9IkZhbHNlIiBVc2VUb0dyb3VwUmVzdWx0cz0iRmFsc2UiIC8+DQogICAgICAgIDxRdWVyeVN0cmluZ1BhcmFtZXRlciBOYW1lPSJjb3JyZWxhdG9yIiBWYWx1ZT0iNDE3NjU0NTE0NzkyMTgxIiBSZWNvcmRlZFZhbHVlPSI0MTc2NTQ1MTQ3OTIxODEiIENvcnJlbGF0aW9uQmluZGluZz0iIiBVcmxFbmNvZGU9IkZhbHNlIiBVc2VUb0dyb3VwUmVzdWx0cz0iRmFsc2UiIC8+DQogICAgICAgIDxRdWVyeVN0cmluZ1BhcmFtZXRlciBOYW1lPSJvdXRwdXQiIFZhbHVlPSJqc29uX2h0bWwiIFJlY29yZGVkVmFsdWU9Impzb25faHRtbCIgQ29ycmVsYXRpb25CaW5kaW5nPSIiIFVybEVuY29kZT0iRmFsc2UiIFVzZVRvR3JvdXBSZXN1bHRzPSJGYWxzZSIgLz4NCiAgICAgICAgPFF1ZXJ5U3RyaW5nUGFyYW1ldGVyIE5hbWU9ImNhbGxiYWNrIiBWYWx1ZT0iZ29vZ2xldGFnLmltcGwucHViYWRzLmNhbGxiYWNrUHJveHkyIiBSZWNvcmRlZFZhbHVlPSJnb29nbGV0YWcuaW1wbC5wdWJhZHMuY2FsbGJhY2tQcm94eTIiIENvcnJlbGF0aW9uQmluZGluZz0iIiBVcmxFbmNvZGU9IkZhbHNlIiBVc2VUb0dyb3VwUmVzdWx0cz0iRmFsc2UiIC8+DQogICAgICAgIDxRdWVyeVN0cmluZ1BhcmFtZXRlciBOYW1lPSJpbXBsIiBWYWx1ZT0iZmlmcyIgUmVjb3JkZWRWYWx1ZT0iZmlmcyIgQ29ycmVsYXRpb25CaW5kaW5nPSIiIFVybEVuY29kZT0iRmFsc2UiIFVzZVRvR3JvdXBSZXN1bHRzPSJGYWxzZSIgLz4NCiAgICAgICAgPFF1ZXJ5U3RyaW5nUGFyYW1ldGVyIE5hbWU9ImFkc2lkIiBWYWx1ZT0iTlQiIFJlY29yZGVkVmFsdWU9Ik5UIiBDb3JyZWxhdGlvbkJpbmRpbmc9IiIgVXJsRW5jb2RlPSJGYWxzZSIgVXNlVG9Hcm91cFJlc3VsdHM9IkZhbHNlIiAvPg0KICAgICAgICA8UXVlcnlTdHJpbmdQYXJhbWV0ZXIgTmFtZT0ianNvbl9hIiBWYWx1ZT0iMSIgUmVjb3JkZWRWYWx1ZT0iMSIgQ29ycmVsYXRpb25CaW5kaW5nPSIiIFVybEVuY29kZT0iRmFsc2UiIFVzZVRvR3JvdXBSZXN1bHRzPSJGYWxzZSIgLz4NCiAgICAgICAgPFF1ZXJ5U3RyaW5nUGFyYW1ldGVyIE5hbWU9ImVpZCIgVmFsdWU9IjIxMDYyMjA5JTJDMjEwNjIwNjglMkMyMTA2MTgxMiUyQzIyMzIyNjg3IiBSZWNvcmRlZFZhbHVlPSIyMTA2MjIwOSUyQzIxMDYyMDY4JTJDMjEwNjE4MTIlMkMyMjMyMjY4NyIgQ29ycmVsYXRpb25CaW5kaW5nPSIiIFVybEVuY29kZT0iRmFsc2UiIFVzZVRvR3JvdXBSZXN1bHRzPSJGYWxzZSIgLz4NCiAgICAgICAgPFF1ZXJ5U3RyaW5nUGFyYW1ldGVyIE5hbWU9InZyZyIgVmFsdWU9IjIxNCIgUmVjb3JkZWRWYWx1ZT0iMjE0IiBDb3JyZWxhdGlvbkJpbmRpbmc9IiIgVXJsRW5jb2RlPSJGYWxzZSIgVXNlVG9Hcm91cFJlc3VsdHM9IkZhbHNlIiAvPg0KICAgICAgICA8UXVlcnlTdHJpbmdQYXJhbWV0ZXIgTmFtZT0iZ3VjaSIgVmFsdWU9IjEuMi4wLjAuMi4yLjAiIFJlY29yZGVkVmFsdWU9IjEuMi4wLjAuMi4yLjAiIENvcnJlbGF0aW9uQmluZGluZz0iIiBVcmxFbmNvZGU9IkZhbHNlIiBVc2VUb0dyb3VwUmVzdWx0cz0iRmFsc2UiIC8+DQogICAgICAgIDxRdWVyeVN0cmluZ1BhcmFtZXRlciBOYW1lPSJzYyIgVmFsdWU9IjEiIFJlY29yZGVkVmFsdWU9IjEiIENvcnJlbGF0aW9uQmluZGluZz0iIiBVcmxFbmNvZGU9IkZhbHNlIiBVc2VUb0dyb3VwUmVzdWx0cz0iRmFsc2UiIC8+DQogICAgICAgIDxRdWVyeVN0cmluZ1BhcmFtZXRlciBOYW1lPSJzZnYiIFZhbHVlPSIxLTAtMjgiIFJlY29yZGVkVmFsdWU9IjEtMC0yOCIgQ29ycmVsYXRpb25CaW5kaW5nPSIiIFVybEVuY29kZT0iRmFsc2UiIFVzZVRvR3JvdXBSZXN1bHRzPSJGYWxzZSIgLz4NCiAgICAgICAgPFF1ZXJ5U3RyaW5nUGFyYW1ldGVyIE5hbWU9Iml1X3BhcnRzIiBWYWx1ZT0iNDI4MiUyQ3dlYiUyQ21wbmwuMCUyQ3NlYXJjaCUyQ3NycCUyQ2xycF90b3AiIFJlY29yZGVkVmFsdWU9IjQyODIlMkN3ZWIlMkNtcG5sLjAlMkNzZWFyY2glMkNzcnAlMkNscnBfdG9wIiBDb3JyZWxhdGlvbkJpbmRpbmc9IiIgVXJsRW5jb2RlPSJGYWxzZSIgVXNlVG9Hcm91cFJlc3VsdHM9IkZhbHNlIiAvPg0KICAgICAgICA8UXVlcnlTdHJpbmdQYXJhbWV0ZXIgTmFtZT0iZW5jX3ByZXZfaXVzIiBWYWx1ZT0iJTJGMCUyRjElMkYyJTJGMyUyRjQlMkY1IiBSZWNvcmRlZFZhbHVlPSIlMkYwJTJGMSUyRjIlMkYzJTJGNCUyRjUiIENvcnJlbGF0aW9uQmluZGluZz0iIiBVcmxFbmNvZGU9IkZhbHNlIiBVc2VUb0dyb3VwUmVzdWx0cz0iRmFsc2UiIC8+DQogICAgICAgIDxRdWVyeVN0cmluZ1BhcmFtZXRlciBOYW1lPSJwcmV2X2l1X3N6cyIgVmFsdWU9IjcyOHg5MCU3Qzk3MHgyNTAlN0M0Njh4NjAlN0MxODAweDEwMDAlN0M5NzB4MTAwMCU3QzE4MDB4MjAwIiBSZWNvcmRlZFZhbHVlPSI3Mjh4OTAlN0M5NzB4MjUwJTdDNDY4eDYwJTdDMTgwMHgxMDAwJTdDOTcweDEwMDAlN0MxODAweDIwMCIgQ29ycmVsYXRpb25CaW5kaW5nPSIiIFVybEVuY29kZT0iRmFsc2UiIFVzZVRvR3JvdXBSZXN1bHRzPSJGYWxzZSIgLz4NCiAgICAgICAgPFF1ZXJ5U3RyaW5nUGFyYW1ldGVyIE5hbWU9InJjcyIgVmFsdWU9IjEiIFJlY29yZGVkVmFsdWU9IjEiIENvcnJlbGF0aW9uQmluZGluZz0iIiBVcmxFbmNvZGU9IkZhbHNlIiBVc2VUb0dyb3VwUmVzdWx0cz0iRmFsc2UiIC8+DQogICAgICAgIDxRdWVyeVN0cmluZ1BhcmFtZXRlciBOYW1lPSJwcmV2X3NjcCIgVmFsdWU9ImN0JTNEMCUyNnB0ZyUzRGF1cjU0NTNfYSUyQ2F1cjU2MDZfYSUyQ2F1cjU2MDdfYSUyQ2F1cjQ5MjVfYyUyQ2F1cjUzMzdfYiUyQ2F1cjUwNzFfYiUyQ2F1cjUwNzBfYSUyQ2F1cjU3NDlfYSUyQ2F1cjQ5NzQtYW5kcm9pZF9iJTJDYXVyNTQ4Nl9iJTJDYXVyNTM3OV9iJTJDYXVyNDk1OV9hJTJDYXVyNTM4MF9kJTJDYXVyNDg0Ml9hJTJDYXVyNTQxNV9iJTJDYXVyNTQzMl9hJTJDYXVyNTk0M19jJTJDYXVyNDExMF9mJTJDYXVyNTU1OV9jJTI2cHQlM0RzcnAlMjZwb3MlM0RscnBfdG9wJTI2aG4lM0R3d3cubWFya3RwbGFhdHMubmwlMjZrdyUzRGF1dG8lMjZsaSUzRDAlMjZ1c2VyaWQlM0QlMjZzZXNzaW9uaWQlM0Q4ZDNlOWUxYy0xNzkwLTRjMjktYTY1OC1jNjAwOWFhYTRhYTAlMjZpaWQlM0Q2NzI2MWY3Yy1mNjQ1LTY2MzgtZmMzZi05NzQ0YTgyNTNkZjglMjZhdXMlM0QyNzg5ODQyNzQ5JTI2aGIlM0QxJTI2aG9kJTNEMTIlMjZzZiUzRDMlMjZhZF9ncm91cCUzRGFkX29wdCUyNmhiX3NpemVfYXBwbmV4dXMlM0QlMjZoYl9wYl9hcHBuZXh1cyUzRCUyNmhiX2FkaWRfYXBwbmV4dXMlM0QlMjZoYl9iaWRkZXJfYXBwbmV4dXMlM0QlMjZoYl9zaXplJTNEJTI2aGJfcGIlM0QlMjZoYl9hZGlkJTNEJTI2aGJfYmlkZGVyJTNEIiBSZWNvcmRlZFZhbHVlPSJjdCUzRDAlMjZwdGclM0RhdXI1NDUzX2ElMkNhdXI1NjA2X2ElMkNhdXI1NjA3X2ElMkNhdXI0OTI1X2MlMkNhdXI1MzM3X2IlMkNhdXI1MDcxX2IlMkNhdXI1MDcwX2ElMkNhdXI1NzQ5X2ElMkNhdXI0OTc0LWFuZHJvaWRfYiUyQ2F1cjU0ODZfYiUyQ2F1cjUzNzlfYiUyQ2F1cjQ5NTlfYSUyQ2F1cjUzODBfZCUyQ2F1cjQ4NDJfYSUyQ2F1cjU0MTVfYiUyQ2F1cjU0MzJfYSUyQ2F1cjU5NDNfYyUyQ2F1cjQxMTBfZiUyQ2F1cjU1NTlfYyUyNnB0JTNEc3JwJTI2cG9zJTNEbHJwX3RvcCUyNmhuJTNEd3d3Lm1hcmt0cGxhYXRzLm5sJTI2a3clM0RhdXRvJTI2bGklM0QwJTI2dXNlcmlkJTNEJTI2c2Vzc2lvbmlkJTNEOGQzZTllMWMtMTc5MC00YzI5LWE2NTgtYzYwMDlhYWE0YWEwJTI2aWlkJTNENjcyNjFmN2MtZjY0NS02NjM4LWZjM2YtOTc0NGE4MjUzZGY4JTI2YXVzJTNEMjc4OTg0Mjc0OSUyNmhiJTNEMSUyNmhvZCUzRDEyJTI2c2YlM0QzJTI2YWRfZ3JvdXAlM0RhZF9vcHQlMjZoYl9zaXplX2FwcG5leHVzJTNEJTI2aGJfcGJfYXBwbmV4dXMlM0QlMjZoYl9hZGlkX2FwcG5leHVzJTNEJTI2aGJfYmlkZGVyX2FwcG5leHVzJTNEJTI2aGJfc2l6ZSUzRCUyNmhiX3BiJTNEJTI2aGJfYWRpZCUzRCUyNmhiX2JpZGRlciUzRCIgQ29ycmVsYXRpb25CaW5kaW5nPSIiIFVybEVuY29kZT0iRmFsc2UiIFVzZVRvR3JvdXBSZXN1bHRzPSJGYWxzZSIgLz4NCiAgICAgICAgPFF1ZXJ5U3RyaW5nUGFyYW1ldGVyIE5hbWU9ImVyaSIgVmFsdWU9IjEiIFJlY29yZGVkVmFsdWU9IjEiIENvcnJlbGF0aW9uQmluZGluZz0iIiBVcmxFbmNvZGU9IkZhbHNlIiBVc2VUb0dyb3VwUmVzdWx0cz0iRmFsc2UiIC8+DQogICAgICAgIDxRdWVyeVN0cmluZ1BhcmFtZXRlciBOYW1lPSJjdXN0X3BhcmFtcyIgVmFsdWU9InRvJTNEMCUyNnJlZnJlc2glM0R0cnVlIiBSZWNvcmRlZFZhbHVlPSJ0byUzRDAlMjZyZWZyZXNoJTNEdHJ1ZSIgQ29ycmVsYXRpb25CaW5kaW5nPSIiIFVybEVuY29kZT0iRmFsc2UiIFVzZVRvR3JvdXBSZXN1bHRzPSJGYWxzZSIgLz4NCiAgICAgICAgPFF1ZXJ5U3RyaW5nUGFyYW1ldGVyIE5hbWU9ImNvb2tpZSIgVmFsdWU9IklEJTNEOTAyNWU1MDA1MWFkNjRiYiUzQVQlM0QxNTI4ODA2NDAyJTNBUyUzREFMTklfTVpGVlZFdHBYWEhMVzZqdWJuY2dHMHUtVEU4YVEiIFJlY29yZGVkVmFsdWU9IklEJTNEOTAyNWU1MDA1MWFkNjRiYiUzQVQlM0QxNTI4ODA2NDAyJTNBUyUzREFMTklfTVpGVlZFdHBYWEhMVzZqdWJuY2dHMHUtVEU4YVEiIENvcnJlbGF0aW9uQmluZGluZz0iIiBVcmxFbmNvZGU9IkZhbHNlIiBVc2VUb0dyb3VwUmVzdWx0cz0iRmFsc2UiIC8+DQogICAgICAgIDxRdWVyeVN0cmluZ1BhcmFtZXRlciBOYW1lPSJiYyIgVmFsdWU9IjEiIFJlY29yZGVkVmFsdWU9IjEiIENvcnJlbGF0aW9uQmluZGluZz0iIiBVcmxFbmNvZGU9IkZhbHNlIiBVc2VUb0dyb3VwUmVzdWx0cz0iRmFsc2UiIC8+DQogICAgICAgIDxRdWVyeVN0cmluZ1BhcmFtZXRlciBOYW1lPSJhYnhlIiBWYWx1ZT0iMSIgUmVjb3JkZWRWYWx1ZT0iMSIgQ29ycmVsYXRpb25CaW5kaW5nPSIiIFVybEVuY29kZT0iRmFsc2UiIFVzZVRvR3JvdXBSZXN1bHRzPSJGYWxzZSIgLz4NCiAgICAgICAgPFF1ZXJ5U3RyaW5nUGFyYW1ldGVyIE5hbWU9ImxtdCIgVmFsdWU9IjE1Mjg4MDY0MTUiIFJlY29yZGVkVmFsdWU9IjE1Mjg4MDY0MTUiIENvcnJlbGF0aW9uQmluZGluZz0iIiBVcmxFbmNvZGU9IkZhbHNlIiBVc2VUb0dyb3VwUmVzdWx0cz0iRmFsc2UiIC8+DQogICAgICAgIDxRdWVyeVN0cmluZ1BhcmFtZXRlciBOYW1lPSJkdCIgVmFsdWU9IjE1Mjg4MDY0MTU5ODEiIFJlY29yZGVkVmFsdWU9IjE1Mjg4MDY0MTU5ODEiIENvcnJlbGF0aW9uQmluZGluZz0iIiBVcmxFbmNvZGU9IkZhbHNlIiBVc2VUb0dyb3VwUmVzdWx0cz0iRmFsc2UiIC8+DQogICAgICAgIDxRdWVyeVN0cmluZ1BhcmFtZXRlciBOYW1lPSJkbHQiIFZhbHVlPSIxNTI4ODA2NDEyMjA1IiBSZWNvcmRlZFZhbHVlPSIxNTI4ODA2NDEyMjA1IiBDb3JyZWxhdGlvbkJpbmRpbmc9IiIgVXJsRW5jb2RlPSJGYWxzZSIgVXNlVG9Hcm91cFJlc3VsdHM9IkZhbHNlIiAvPg0KICAgICAgICA8UXVlcnlTdHJpbmdQYXJhbWV0ZXIgTmFtZT0iaWR0IiBWYWx1ZT0iMTczMCIgUmVjb3JkZWRWYWx1ZT0iMTczMCIgQ29ycmVsYXRpb25CaW5kaW5nPSIiIFVybEVuY29kZT0iRmFsc2UiIFVzZVRvR3JvdXBSZXN1bHRzPSJGYWxzZSIgLz4NCiAgICAgICAgPFF1ZXJ5U3RyaW5nUGFyYW1ldGVyIE5hbWU9ImZybSIgVmFsdWU9IjIwIiBSZWNvcmRlZFZhbHVlPSIyMCIgQ29ycmVsYXRpb25CaW5kaW5nPSIiIFVybEVuY29kZT0iRmFsc2UiIFVzZVRvR3JvdXBSZXN1bHRzPSJGYWxzZSIgLz4NCiAgICAgICAgPFF1ZXJ5U3RyaW5nUGFyYW1ldGVyIE5hbWU9ImJpdyIgVmFsdWU9IjEyNzQiIFJlY29yZGVkVmFsdWU9IjEyNzQiIENvcnJlbGF0aW9uQmluZGluZz0iIiBVcmxFbmNvZGU9IkZhbHNlIiBVc2VUb0dyb3VwUmVzdWx0cz0iRmFsc2UiIC8+DQogICAgICAgIDxRdWVyeVN0cmluZ1BhcmFtZXRlciBOYW1lPSJiaWgiIFZhbHVlPSI4NjgiIFJlY29yZGVkVmFsdWU9Ijg2OCIgQ29ycmVsYXRpb25CaW5kaW5nPSIiIFVybEVuY29kZT0iRmFsc2UiIFVzZVRvR3JvdXBSZXN1bHRzPSJGYWxzZSIgLz4NCiAgICAgICAgPFF1ZXJ5U3RyaW5nUGFyYW1ldGVyIE5hbWU9Im9pZCIgVmFsdWU9IjMiIFJlY29yZGVkVmFsdWU9IjMiIENvcnJlbGF0aW9uQmluZGluZz0iIiBVcmxFbmNvZGU9IkZhbHNlIiBVc2VUb0dyb3VwUmVzdWx0cz0iRmFsc2UiIC8+DQogICAgICAgIDxRdWVyeVN0cmluZ1BhcmFtZXRlciBOYW1lPSJhZHhzIiBWYWx1ZT0iMjczIiBSZWNvcmRlZFZhbHVlPSIyNzMiIENvcnJlbGF0aW9uQmluZGluZz0iIiBVcmxFbmNvZGU9IkZhbHNlIiBVc2VUb0dyb3VwUmVzdWx0cz0iRmFsc2UiIC8+DQogICAgICAgIDxRdWVyeVN0cmluZ1BhcmFtZXRlciBOYW1lPSJhZHlzIiBWYWx1ZT0iMTQzIiBSZWNvcmRlZFZhbHVlPSIxNDMiIENvcnJlbGF0aW9uQmluZGluZz0iIiBVcmxFbmNvZGU9IkZhbHNlIiBVc2VUb0dyb3VwUmVzdWx0cz0iRmFsc2UiIC8+DQogICAgICAgIDxRdWVyeVN0cmluZ1BhcmFtZXRlciBOYW1lPSJhZGtzIiBWYWx1ZT0iMjEwMDI0MjQ1MyIgUmVjb3JkZWRWYWx1ZT0iMjEwMDI0MjQ1MyIgQ29ycmVsYXRpb25CaW5kaW5nPSIiIFVybEVuY29kZT0iRmFsc2UiIFVzZVRvR3JvdXBSZXN1bHRzPSJGYWxzZSIgLz4NCiAgICAgICAgPFF1ZXJ5U3RyaW5nUGFyYW1ldGVyIE5hbWU9Imd1dCIgVmFsdWU9InYyIiBSZWNvcmRlZFZhbHVlPSJ2MiIgQ29ycmVsYXRpb25CaW5kaW5nPSIiIFVybEVuY29kZT0iRmFsc2UiIFVzZVRvR3JvdXBSZXN1bHRzPSJGYWxzZSIgLz4NCiAgICAgICAgPFF1ZXJ5U3RyaW5nUGFyYW1ldGVyIE5hbWU9ImlmaSIgVmFsdWU9IjYiIFJlY29yZGVkVmFsdWU9IjYiIENvcnJlbGF0aW9uQmluZGluZz0iIiBVcmxFbmNvZGU9IkZhbHNlIiBVc2VUb0dyb3VwUmVzdWx0cz0iRmFsc2UiIC8+DQogICAgICAgIDxRdWVyeVN0cmluZ1BhcmFtZXRlciBOYW1lPSJ1X3R6IiBWYWx1ZT0iMTIwIiBSZWNvcmRlZFZhbHVlPSIxMjAiIENvcnJlbGF0aW9uQmluZGluZz0iIiBVcmxFbmNvZGU9IkZhbHNlIiBVc2VUb0dyb3VwUmVzdWx0cz0iRmFsc2UiIC8+DQogICAgICAgIDxRdWVyeVN0cmluZ1BhcmFtZXRlciBOYW1lPSJ1X2hpcyIgVmFsdWU9IjMiIFJlY29yZGVkVmFsdWU9IjMiIENvcnJlbGF0aW9uQmluZGluZz0iIiBVcmxFbmNvZGU9IkZhbHNlIiBVc2VUb0dyb3VwUmVzdWx0cz0iRmFsc2UiIC8+DQogICAgICAgIDxRdWVyeVN0cmluZ1BhcmFtZXRlciBOYW1lPSJ1X2phdmEiIFZhbHVlPSJ0cnVlIiBSZWNvcmRlZFZhbHVlPSJ0cnVlIiBDb3JyZWxhdGlvbkJpbmRpbmc9IiIgVXJsRW5jb2RlPSJGYWxzZSIgVXNlVG9Hcm91cFJlc3VsdHM9IkZhbHNlIiAvPg0KICAgICAgICA8UXVlcnlTdHJpbmdQYXJhbWV0ZXIgTmFtZT0idV9oIiBWYWx1ZT0iOTU1IiBSZWNvcmRlZFZhbHVlPSI5NTUiIENvcnJlbGF0aW9uQmluZGluZz0iIiBVcmxFbmNvZGU9IkZhbHNlIiBVc2VUb0dyb3VwUmVzdWx0cz0iRmFsc2UiIC8+DQogICAgICAgIDxRdWVyeVN0cmluZ1BhcmFtZXRlciBOYW1lPSJ1X3ciIFZhbHVlPSIxNTI3IiBSZWNvcmRlZFZhbHVlPSIxNTI3IiBDb3JyZWxhdGlvbkJpbmRpbmc9IiIgVXJsRW5jb2RlPSJGYWxzZSIgVXNlVG9Hcm91cFJlc3VsdHM9IkZhbHNlIiAvPg0KICAgICAgICA8UXVlcnlTdHJpbmdQYXJhbWV0ZXIgTmFtZT0idV9haCIgVmFsdWU9IjkxOCIgUmVjb3JkZWRWYWx1ZT0iOTE4IiBDb3JyZWxhdGlvbkJpbmRpbmc9IiIgVXJsRW5jb2RlPSJGYWxzZSIgVXNlVG9Hcm91cFJlc3VsdHM9IkZhbHNlIiAvPg0KICAgICAgICA8UXVlcnlTdHJpbmdQYXJhbWV0ZXIgTmFtZT0idV9hdyIgVmFsdWU9IjE1MjciIFJlY29yZGVkVmFsdWU9IjE1MjciIENvcnJlbGF0aW9uQmluZGluZz0iIiBVcmxFbmNvZGU9IkZhbHNlIiBVc2VUb0dyb3VwUmVzdWx0cz0iRmFsc2UiIC8+DQogICAgICAgIDxRdWVyeVN0cmluZ1BhcmFtZXRlciBOYW1lPSJ1X2NkIiBWYWx1ZT0iMjQiIFJlY29yZGVkVmFsdWU9IjI0IiBDb3JyZWxhdGlvbkJpbmRpbmc9IiIgVXJsRW5jb2RlPSJGYWxzZSIgVXNlVG9Hcm91cFJlc3VsdHM9IkZhbHNlIiAvPg0KICAgICAgICA8UXVlcnlTdHJpbmdQYXJhbWV0ZXIgTmFtZT0idV9ucGx1ZyIgVmFsdWU9IjEiIFJlY29yZGVkVmFsdWU9IjEiIENvcnJlbGF0aW9uQmluZGluZz0iIiBVcmxFbmNvZGU9IkZhbHNlIiBVc2VUb0dyb3VwUmVzdWx0cz0iRmFsc2UiIC8+DQogICAgICAgIDxRdWVyeVN0cmluZ1BhcmFtZXRlciBOYW1lPSJ1X25taW1lIiBWYWx1ZT0iMiIgUmVjb3JkZWRWYWx1ZT0iMiIgQ29ycmVsYXRpb25CaW5kaW5nPSIiIFVybEVuY29kZT0iRmFsc2UiIFVzZVRvR3JvdXBSZXN1bHRzPSJGYWxzZSIgLz4NCiAgICAgICAgPFF1ZXJ5U3RyaW5nUGFyYW1ldGVyIE5hbWU9InVfc2QiIFZhbHVlPSIxLjEiIFJlY29yZGVkVmFsdWU9IjEuMSIgQ29ycmVsYXRpb25CaW5kaW5nPSIiIFVybEVuY29kZT0iRmFsc2UiIFVzZVRvR3JvdXBSZXN1bHRzPSJGYWxzZSIgLz4NCiAgICAgICAgPFF1ZXJ5U3RyaW5nUGFyYW1ldGVyIE5hbWU9ImZsYXNoIiBWYWx1ZT0iMjkuMC4wIiBSZWNvcmRlZFZhbHVlPSIyOS4wLjAiIENvcnJlbGF0aW9uQmluZGluZz0iIiBVcmxFbmNvZGU9IkZhbHNlIiBVc2VUb0dyb3VwUmVzdWx0cz0iRmFsc2UiIC8+DQogICAgICAgIDxRdWVyeVN0cmluZ1BhcmFtZXRlciBOYW1lPSJ1cmwiIFZhbHVlPSJodHRwcyUzQSUyRiUyRnd3dy5tYXJrdHBsYWF0cy5ubCUyRnouaHRtbCUzRnF1ZXJ5JTNEYXV0byUyNmNhdGVnb3J5SWQlM0QwJTI2cG9zdGNvZGUlM0QlMjZkaXN0YW5jZSUzRDAiIFJlY29yZGVkVmFsdWU9Imh0dHBzJTNBJTJGJTJGd3d3Lm1hcmt0cGxhYXRzLm5sJTJGei5odG1sJTNGcXVlcnklM0RhdXRvJTI2Y2F0ZWdvcnlJZCUzRDAlMjZwb3N0Y29kZSUzRCUyNmRpc3RhbmNlJTNEMCIgQ29ycmVsYXRpb25CaW5kaW5nPSIiIFVybEVuY29kZT0iRmFsc2UiIFVzZVRvR3JvdXBSZXN1bHRzPSJGYWxzZSIgLz4NCiAgICAgICAgPFF1ZXJ5U3RyaW5nUGFyYW1ldGVyIE5hbWU9InJlZiIgVmFsdWU9Imh0dHBzJTNBJTJGJTJGd3d3Lm1hcmt0cGxhYXRzLm5sJTJGIiBSZWNvcmRlZFZhbHVlPSJodHRwcyUzQSUyRiUyRnd3dy5tYXJrdHBsYWF0cy5ubCUyRiIgQ29ycmVsYXRpb25CaW5kaW5nPSIiIFVybEVuY29kZT0iRmFsc2UiIFVzZVRvR3JvdXBSZXN1bHRzPSJGYWxzZSIgLz4NCiAgICAgICAgPFF1ZXJ5U3RyaW5nUGFyYW1ldGVyIE5hbWU9ImRzc3oiIFZhbHVlPSI2NCIgUmVjb3JkZWRWYWx1ZT0iNjQiIENvcnJlbGF0aW9uQmluZGluZz0iIiBVcmxFbmNvZGU9IkZhbHNlIiBVc2VUb0dyb3VwUmVzdWx0cz0iRmFsc2UiIC8+DQogICAgICAgIDxRdWVyeVN0cmluZ1BhcmFtZXRlciBOYW1lPSJpY3NnIiBWYWx1ZT0iNjU2NzUyMjE1OTgyMDgwIiBSZWNvcmRlZFZhbHVlPSI2NTY3NTIyMTU5ODIwODAiIENvcnJlbGF0aW9uQmluZGluZz0iIiBVcmxFbmNvZGU9IkZhbHNlIiBVc2VUb0dyb3VwUmVzdWx0cz0iRmFsc2UiIC8+DQogICAgICAgIDxRdWVyeVN0cmluZ1BhcmFtZXRlciBOYW1lPSJtc28iIFZhbHVlPSIxNjAiIFJlY29yZGVkVmFsdWU9IjE2MCIgQ29ycmVsYXRpb25CaW5kaW5nPSIiIFVybEVuY29kZT0iRmFsc2UiIFVzZVRvR3JvdXBSZXN1bHRzPSJGYWxzZSIgLz4NCiAgICAgICAgPFF1ZXJ5U3RyaW5nUGFyYW1ldGVyIE5hbWU9InZpcyIgVmFsdWU9IjEiIFJlY29yZGVkVmFsdWU9IjEiIENvcnJlbGF0aW9uQmluZGluZz0iIiBVcmxFbmNvZGU9IkZhbHNlIiBVc2VUb0dyb3VwUmVzdWx0cz0iRmFsc2UiIC8+DQogICAgICAgIDxRdWVyeVN0cmluZ1BhcmFtZXRlciBOYW1lPSJzY3JfeCIgVmFsdWU9IjAiIFJlY29yZGVkVmFsdWU9IjAiIENvcnJlbGF0aW9uQmluZGluZz0iIiBVcmxFbmNvZGU9IkZhbHNlIiBVc2VUb0dyb3VwUmVzdWx0cz0iRmFsc2UiIC8+DQogICAgICAgIDxRdWVyeVN0cmluZ1BhcmFtZXRlciBOYW1lPSJzY3JfeSIgVmFsdWU9IjAiIFJlY29yZGVkVmFsdWU9IjAiIENvcnJlbGF0aW9uQmluZGluZz0iIiBVcmxFbmNvZGU9IkZhbHNlIiBVc2VUb0dyb3VwUmVzdWx0cz0iRmFsc2UiIC8+DQogICAgICAgIDxRdWVyeVN0cmluZ1BhcmFtZXRlciBOYW1lPSJwc3oiIFZhbHVlPSI5OTl4NjA1NyIgUmVjb3JkZWRWYWx1ZT0iOTk5eDYwNTciIENvcnJlbGF0aW9uQmluZGluZz0iIiBVcmxFbmNvZGU9IkZhbHNlIiBVc2VUb0dyb3VwUmVzdWx0cz0iRmFsc2UiIC8+DQogICAgICAgIDxRdWVyeVN0cmluZ1BhcmFtZXRlciBOYW1lPSJnYV92aWQiIFZhbHVlPSIxNTg5NzM0MjIwLjE1Mjg4MDYzOTQiIFJlY29yZGVkVmFsdWU9IjE1ODk3MzQyMjAuMTUyODgwNjM5NCIgQ29ycmVsYXRpb25CaW5kaW5nPSIiIFVybEVuY29kZT0iRmFsc2UiIFVzZVRvR3JvdXBSZXN1bHRzPSJGYWxzZSIgLz4NCiAgICAgICAgPFF1ZXJ5U3RyaW5nUGFyYW1ldGVyIE5hbWU9ImdhX3NpZCIgVmFsdWU9IjE1Mjg4MDY0MTYiIFJlY29yZGVkVmFsdWU9IjE1Mjg4MDY0MTYiIENvcnJlbGF0aW9uQmluZGluZz0iIiBVcmxFbmNvZGU9IkZhbHNlIiBVc2VUb0dyb3VwUmVzdWx0cz0iRmFsc2UiIC8+DQogICAgICAgIDxRdWVyeVN0cmluZ1BhcmFtZXRlciBOYW1lPSJnYV9oaWQiIFZhbHVlPSI1NzYxMzg5NTQiIFJlY29yZGVkVmFsdWU9IjU3NjEzODk1NCIgQ29ycmVsYXRpb25CaW5kaW5nPSIiIFVybEVuY29kZT0iRmFsc2UiIFVzZVRvR3JvdXBSZXN1bHRzPSJGYWxzZSIgLz4NCiAgICAgIDwvUXVlcnlTdHJpbmdQYXJhbWV0ZXJzPg0KICAgIDwvUmVxdWVzdD4NCiAgICA8UmVxdWVzdCBNZXRob2Q9IkdFVCIgR3VpZD0iMWMyOGUyNjktYTE0YS00MGE2LWJkNTYtMjM2Yjk4NjBjNzIxIiBWZXJzaW9uPSIxLjEiIFVybD0iaHR0cHM6Ly9zZWN1cmVwdWJhZHMuZy5kb3VibGVjbGljay5uZXQvZ2FtcGFkL2FkcyIgVGhpbmtUaW1lPSIwIiBUaW1lb3V0PSIzMDAiIFBhcnNlRGVwZW5kZW50UmVxdWVzdHM9IlRydWUiIEZvbGxvd1JlZGlyZWN0cz0iVHJ1ZSIgUmVjb3JkUmVzdWx0PSJUcnVlIiBDYWNoZT0iRmFsc2UiIFJlc3BvbnNlVGltZUdvYWw9IjAiIEVuY29kaW5nPSJ1dGYtOCIgRXhwZWN0ZWRIdHRwU3RhdHVzQ29kZT0iMCIgRXhwZWN0ZWRSZXNwb25zZVVybD0iIiBSZXBvcnRpbmdOYW1lPSIiIElnbm9yZUh0dHBTdGF0dXNDb2RlPSJGYWxzZSI+DQogICAgICA8SGVhZGVycz4NCiAgICAgICAgPEhlYWRlciBOYW1lPSJSZWZlcmVyIiBWYWx1ZT0iaHR0cHM6Ly93d3cubWFya3RwbGFhdHMubmwvei5odG1sP3F1ZXJ5PWF1dG8mYW1wO2NhdGVnb3J5SWQ9MCZhbXA7cG9zdGNvZGU9JmFtcDtkaXN0YW5jZT0wIiAvPg0KICAgICAgPC9IZWFkZXJzPg0KICAgICAgPFF1ZXJ5U3RyaW5nUGFyYW1ldGVycz4NCiAgICAgICAgPFF1ZXJ5U3RyaW5nUGFyYW1ldGVyIE5hbWU9ImdkZnBfcmVxIiBWYWx1ZT0iMSIgUmVjb3JkZWRWYWx1ZT0iMSIgQ29ycmVsYXRpb25CaW5kaW5nPSIiIFVybEVuY29kZT0iRmFsc2UiIFVzZVRvR3JvdXBSZXN1bHRzPSJGYWxzZSIgLz4NCiAgICAgICAgPFF1ZXJ5U3RyaW5nUGFyYW1ldGVyIE5hbWU9InB2c2lkIiBWYWx1ZT0iNDU4ODMwNzk0MjYwNTE5IiBSZWNvcmRlZFZhbHVlPSI0NTg4MzA3OTQyNjA1MTkiIENvcnJlbGF0aW9uQmluZGluZz0iIiBVcmxFbmNvZGU9IkZhbHNlIiBVc2VUb0dyb3VwUmVzdWx0cz0iRmFsc2UiIC8+DQogICAgICAgIDxRdWVyeVN0cmluZ1BhcmFtZXRlciBOYW1lPSJjb3JyZWxhdG9yIiBWYWx1ZT0iMTkwNDg1OTg4NDY2NzkyMSIgUmVjb3JkZWRWYWx1ZT0iMTkwNDg1OTg4NDY2NzkyMSIgQ29ycmVsYXRpb25CaW5kaW5nPSIiIFVybEVuY29kZT0iRmFsc2UiIFVzZVRvR3JvdXBSZXN1bHRzPSJGYWxzZSIgLz4NCiAgICAgICAgPFF1ZXJ5U3RyaW5nUGFyYW1ldGVyIE5hbWU9Im91dHB1dCIgVmFsdWU9Impzb25faHRtbCIgUmVjb3JkZWRWYWx1ZT0ianNvbl9odG1sIiBDb3JyZWxhdGlvbkJpbmRpbmc9IiIgVXJsRW5jb2RlPSJGYWxzZSIgVXNlVG9Hcm91cFJlc3VsdHM9IkZhbHNlIiAvPg0KICAgICAgICA8UXVlcnlTdHJpbmdQYXJhbWV0ZXIgTmFtZT0iY2FsbGJhY2siIFZhbHVlPSJnb29nbGV0YWcuaW1wbC5wdWJhZHMuY2FsbGJhY2tQcm94eTMiIFJlY29yZGVkVmFsdWU9Imdvb2dsZXRhZy5pbXBsLnB1YmFkcy5jYWxsYmFja1Byb3h5MyIgQ29ycmVsYXRpb25CaW5kaW5nPSIiIFVybEVuY29kZT0iRmFsc2UiIFVzZVRvR3JvdXBSZXN1bHRzPSJGYWxzZSIgLz4NCiAgICAgICAgPFF1ZXJ5U3RyaW5nUGFyYW1ldGVyIE5hbWU9ImltcGwiIFZhbHVlPSJmaWZzIiBSZWNvcmRlZFZhbHVlPSJmaWZzIiBDb3JyZWxhdGlvbkJpbmRpbmc9IiIgVXJsRW5jb2RlPSJGYWxzZSIgVXNlVG9Hcm91cFJlc3VsdHM9IkZhbHNlIiAvPg0KICAgICAgICA8UXVlcnlTdHJpbmdQYXJhbWV0ZXIgTmFtZT0iYWRzaWQiIFZhbHVlPSJOVCIgUmVjb3JkZWRWYWx1ZT0iTlQiIENvcnJlbGF0aW9uQmluZGluZz0iIiBVcmxFbmNvZGU9IkZhbHNlIiBVc2VUb0dyb3VwUmVzdWx0cz0iRmFsc2UiIC8+DQogICAgICAgIDxRdWVyeVN0cmluZ1BhcmFtZXRlciBOYW1lPSJqc29uX2EiIFZhbHVlPSIxIiBSZWNvcmRlZFZhbHVlPSIxIiBDb3JyZWxhdGlvbkJpbmRpbmc9IiIgVXJsRW5jb2RlPSJGYWxzZSIgVXNlVG9Hcm91cFJlc3VsdHM9IkZhbHNlIiAvPg0KICAgICAgICA8UXVlcnlTdHJpbmdQYXJhbWV0ZXIgTmFtZT0iZWlkIiBWYWx1ZT0iMjEwNjIyMDklMkMyMTA2MjA2OCUyQzIxMDYxODEyJTJDMjIzMjI2ODciIFJlY29yZGVkVmFsdWU9IjIxMDYyMjA5JTJDMjEwNjIwNjglMkMyMTA2MTgxMiUyQzIyMzIyNjg3IiBDb3JyZWxhdGlvbkJpbmRpbmc9IiIgVXJsRW5jb2RlPSJGYWxzZSIgVXNlVG9Hcm91cFJlc3VsdHM9IkZhbHNlIiAvPg0KICAgICAgICA8UXVlcnlTdHJpbmdQYXJhbWV0ZXIgTmFtZT0idnJnIiBWYWx1ZT0iMjE0IiBSZWNvcmRlZFZhbHVlPSIyMTQiIENvcnJlbGF0aW9uQmluZGluZz0iIiBVcmxFbmNvZGU9IkZhbHNlIiBVc2VUb0dyb3VwUmVzdWx0cz0iRmFsc2UiIC8+DQogICAgICAgIDxRdWVyeVN0cmluZ1BhcmFtZXRlciBOYW1lPSJndWNpIiBWYWx1ZT0iMS4yLjAuMC4yLjIuMCIgUmVjb3JkZWRWYWx1ZT0iMS4yLjAuMC4yLjIuMCIgQ29ycmVsYXRpb25CaW5kaW5nPSIiIFVybEVuY29kZT0iRmFsc2UiIFVzZVRvR3JvdXBSZXN1bHRzPSJGYWxzZSIgLz4NCiAgICAgICAgPFF1ZXJ5U3RyaW5nUGFyYW1ldGVyIE5hbWU9InNjIiBWYWx1ZT0iMSIgUmVjb3JkZWRWYWx1ZT0iMSIgQ29ycmVsYXRpb25CaW5kaW5nPSIiIFVybEVuY29kZT0iRmFsc2UiIFVzZVRvR3JvdXBSZXN1bHRzPSJGYWxzZSIgLz4NCiAgICAgICAgPFF1ZXJ5U3RyaW5nUGFyYW1ldGVyIE5hbWU9InNmdiIgVmFsdWU9IjEtMC0yOCIgUmVjb3JkZWRWYWx1ZT0iMS0wLTI4IiBDb3JyZWxhdGlvbkJpbmRpbmc9IiIgVXJsRW5jb2RlPSJGYWxzZSIgVXNlVG9Hcm91cFJlc3VsdHM9IkZhbHNlIiAvPg0KICAgICAgICA8UXVlcnlTdHJpbmdQYXJhbWV0ZXIgTmFtZT0iaXVfcGFydHMiIFZhbHVlPSI0MjgyJTJDd2ViJTJDbXBubC4wJTJDc2VhcmNoJTJDc3JwJTJDbHJwX2JvdCIgUmVjb3JkZWRWYWx1ZT0iNDI4MiUyQ3dlYiUyQ21wbmwuMCUyQ3NlYXJjaCUyQ3NycCUyQ2xycF9ib3QiIENvcnJlbGF0aW9uQmluZGluZz0iIiBVcmxFbmNvZGU9IkZhbHNlIiBVc2VUb0dyb3VwUmVzdWx0cz0iRmFsc2UiIC8+DQogICAgICAgIDxRdWVyeVN0cmluZ1BhcmFtZXRlciBOYW1lPSJlbmNfcHJldl9pdXMiIFZhbHVlPSIlMkYwJTJGMSUyRjIlMkYzJTJGNCUyRjUiIFJlY29yZGVkVmFsdWU9IiUyRjAlMkYxJTJGMiUyRjMlMkY0JTJGNSIgQ29ycmVsYXRpb25CaW5kaW5nPSIiIFVybEVuY29kZT0iRmFsc2UiIFVzZVRvR3JvdXBSZXN1bHRzPSJGYWxzZSIgLz4NCiAgICAgICAgPFF1ZXJ5U3RyaW5nUGFyYW1ldGVyIE5hbWU9InByZXZfaXVfc3pzIiBWYWx1ZT0iNzI4eDkwJTdDNDY4eDYwIiBSZWNvcmRlZFZhbHVlPSI3Mjh4OTAlN0M0Njh4NjAiIENvcnJlbGF0aW9uQmluZGluZz0iIiBVcmxFbmNvZGU9IkZhbHNlIiBVc2VUb0dyb3VwUmVzdWx0cz0iRmFsc2UiIC8+DQogICAgICAgIDxRdWVyeVN0cmluZ1BhcmFtZXRlciBOYW1lPSJyY3MiIFZhbHVlPSIxIiBSZWNvcmRlZFZhbHVlPSIxIiBDb3JyZWxhdGlvbkJpbmRpbmc9IiIgVXJsRW5jb2RlPSJGYWxzZSIgVXNlVG9Hcm91cFJlc3VsdHM9IkZhbHNlIiAvPg0KICAgICAgICA8UXVlcnlTdHJpbmdQYXJhbWV0ZXIgTmFtZT0icHJldl9zY3AiIFZhbHVlPSJjdCUzRDAlMjZwdGclM0RhdXI1NDUzX2ElMkNhdXI1NjA2X2ElMkNhdXI1NjA3X2ElMkNhdXI0OTI1X2MlMkNhdXI1MzM3X2IlMkNhdXI1MDcxX2IlMkNhdXI1MDcwX2ElMkNhdXI1NzQ5X2ElMkNhdXI0OTc0LWFuZHJvaWRfYiUyQ2F1cjU0ODZfYiUyQ2F1cjUzNzlfYiUyQ2F1cjQ5NTlfYSUyQ2F1cjUzODBfZCUyQ2F1cjQ4NDJfYSUyQ2F1cjU0MTVfYiUyQ2F1cjU0MzJfYSUyQ2F1cjU5NDNfYyUyQ2F1cjQxMTBfZiUyQ2F1cjU1NTlfYyUyNnB0JTNEc3JwJTI2cG9zJTNEbHJwX2JvdCUyNmhuJTNEd3d3Lm1hcmt0cGxhYXRzLm5sJTI2a3clM0RhdXRvJTI2bGklM0QwJTI2dXNlcmlkJTNEJTI2c2Vzc2lvbmlkJTNEOGQzZTllMWMtMTc5MC00YzI5LWE2NTgtYzYwMDlhYWE0YWEwJTI2aWlkJTNEOTM4MjI1MWItNTljMi05ODYwLWY0MjUtY2NkYTVhYWI3MmE4JTI2YXVzJTNEMzIwMTM2NzM0MyUyNmhiJTNEMSUyNmhvZCUzRDEyJTI2c2YlM0Q2JTI2YWRfZ3JvdXAlM0RhZF9vcHQlMjZoYl9zaXplX2FwcG5leHVzJTNEJTI2aGJfcGJfYXBwbmV4dXMlM0QlMjZoYl9hZGlkX2FwcG5leHVzJTNEJTI2aGJfYmlkZGVyX2FwcG5leHVzJTNEJTI2aGJfc2l6ZSUzRCUyNmhiX3BiJTNEJTI2aGJfYWRpZCUzRCUyNmhiX2JpZGRlciUzRCIgUmVjb3JkZWRWYWx1ZT0iY3QlM0QwJTI2cHRnJTNEYXVyNTQ1M19hJTJDYXVyNTYwNl9hJTJDYXVyNTYwN19hJTJDYXVyNDkyNV9jJTJDYXVyNTMzN19iJTJDYXVyNTA3MV9iJTJDYXVyNTA3MF9hJTJDYXVyNTc0OV9hJTJDYXVyNDk3NC1hbmRyb2lkX2IlMkNhdXI1NDg2X2IlMkNhdXI1Mzc5X2IlMkNhdXI0OTU5X2ElMkNhdXI1MzgwX2QlMkNhdXI0ODQyX2ElMkNhdXI1NDE1X2IlMkNhdXI1NDMyX2ElMkNhdXI1OTQzX2MlMkNhdXI0MTEwX2YlMkNhdXI1NTU5X2MlMjZwdCUzRHNycCUyNnBvcyUzRGxycF9ib3QlMjZobiUzRHd3dy5tYXJrdHBsYWF0cy5ubCUyNmt3JTNEYXV0byUyNmxpJTNEMCUyNnVzZXJpZCUzRCUyNnNlc3Npb25pZCUzRDhkM2U5ZTFjLTE3OTAtNGMyOS1hNjU4LWM2MDA5YWFhNGFhMCUyNmlpZCUzRDkzODIyNTFiLTU5YzItOTg2MC1mNDI1LWNjZGE1YWFiNzJhOCUyNmF1cyUzRDMyMDEzNjczNDMlMjZoYiUzRDElMjZob2QlM0QxMiUyNnNmJTNENiUyNmFkX2dyb3VwJTNEYWRfb3B0JTI2aGJfc2l6ZV9hcHBuZXh1cyUzRCUyNmhiX3BiX2FwcG5leHVzJTNEJTI2aGJfYWRpZF9hcHBuZXh1cyUzRCUyNmhiX2JpZGRlcl9hcHBuZXh1cyUzRCUyNmhiX3NpemUlM0QlMjZoYl9wYiUzRCUyNmhiX2FkaWQlM0QlMjZoYl9iaWRkZXIlM0QiIENvcnJlbGF0aW9uQmluZGluZz0iIiBVcmxFbmNvZGU9IkZhbHNlIiBVc2VUb0dyb3VwUmVzdWx0cz0iRmFsc2UiIC8+DQogICAgICAgIDxRdWVyeVN0cmluZ1BhcmFtZXRlciBOYW1lPSJlcmkiIFZhbHVlPSIxIiBSZWNvcmRlZFZhbHVlPSIxIiBDb3JyZWxhdGlvbkJpbmRpbmc9IiIgVXJsRW5jb2RlPSJGYWxzZSIgVXNlVG9Hcm91cFJlc3VsdHM9IkZhbHNlIiAvPg0KICAgICAgICA8UXVlcnlTdHJpbmdQYXJhbWV0ZXIgTmFtZT0iY3VzdF9wYXJhbXMiIFZhbHVlPSJ0byUzRDAlMjZyZWZyZXNoJTNEdHJ1ZSIgUmVjb3JkZWRWYWx1ZT0idG8lM0QwJTI2cmVmcmVzaCUzRHRydWUiIENvcnJlbGF0aW9uQmluZGluZz0iIiBVcmxFbmNvZGU9IkZhbHNlIiBVc2VUb0dyb3VwUmVzdWx0cz0iRmFsc2UiIC8+DQogICAgICAgIDxRdWVyeVN0cmluZ1BhcmFtZXRlciBOYW1lPSJjb29raWUiIFZhbHVlPSJJRCUzRDkwMjVlNTAwNTFhZDY0YmIlM0FUJTNEMTUyODgwNjQwMiUzQVMlM0RBTE5JX01aRlZWRXRwWFhITFc2anVibmNnRzB1LVRFOGFRIiBSZWNvcmRlZFZhbHVlPSJJRCUzRDkwMjVlNTAwNTFhZDY0YmIlM0FUJTNEMTUyODgwNjQwMiUzQVMlM0RBTE5JX01aRlZWRXRwWFhITFc2anVibmNnRzB1LVRFOGFRIiBDb3JyZWxhdGlvbkJpbmRpbmc9IiIgVXJsRW5jb2RlPSJGYWxzZSIgVXNlVG9Hcm91cFJlc3VsdHM9IkZhbHNlIiAvPg0KICAgICAgICA8UXVlcnlTdHJpbmdQYXJhbWV0ZXIgTmFtZT0iYmMiIFZhbHVlPSIxIiBSZWNvcmRlZFZhbHVlPSIxIiBDb3JyZWxhdGlvbkJpbmRpbmc9IiIgVXJsRW5jb2RlPSJGYWxzZSIgVXNlVG9Hcm91cFJlc3VsdHM9IkZhbHNlIiAvPg0KICAgICAgICA8UXVlcnlTdHJpbmdQYXJhbWV0ZXIgTmFtZT0iYWJ4ZSIgVmFsdWU9IjEiIFJlY29yZGVkVmFsdWU9IjEiIENvcnJlbGF0aW9uQmluZGluZz0iIiBVcmxFbmNvZGU9IkZhbHNlIiBVc2VUb0dyb3VwUmVzdWx0cz0iRmFsc2UiIC8+DQogICAgICAgIDxRdWVyeVN0cmluZ1BhcmFtZXRlciBOYW1lPSJsbXQiIFZhbHVlPSIxNTI4ODA2NDE1IiBSZWNvcmRlZFZhbHVlPSIxNTI4ODA2NDE1IiBDb3JyZWxhdGlvbkJpbmRpbmc9IiIgVXJsRW5jb2RlPSJGYWxzZSIgVXNlVG9Hcm91cFJlc3VsdHM9IkZhbHNlIiAvPg0KICAgICAgICA8UXVlcnlTdHJpbmdQYXJhbWV0ZXIgTmFtZT0iZHQiIFZhbHVlPSIxNTI4ODA2NDE1OTkzIiBSZWNvcmRlZFZhbHVlPSIxNTI4ODA2NDE1OTkzIiBDb3JyZWxhdGlvbkJpbmRpbmc9IiIgVXJsRW5jb2RlPSJGYWxzZSIgVXNlVG9Hcm91cFJlc3VsdHM9IkZhbHNlIiAvPg0KICAgICAgICA8UXVlcnlTdHJpbmdQYXJhbWV0ZXIgTmFtZT0iZGx0IiBWYWx1ZT0iMTUyODgwNjQxMjIwNSIgUmVjb3JkZWRWYWx1ZT0iMTUyODgwNjQxMjIwNSIgQ29ycmVsYXRpb25CaW5kaW5nPSIiIFVybEVuY29kZT0iRmFsc2UiIFVzZVRvR3JvdXBSZXN1bHRzPSJGYWxzZSIgLz4NCiAgICAgICAgPFF1ZXJ5U3RyaW5nUGFyYW1ldGVyIE5hbWU9ImlkdCIgVmFsdWU9IjE3MzAiIFJlY29yZGVkVmFsdWU9IjE3MzAiIENvcnJlbGF0aW9uQmluZGluZz0iIiBVcmxFbmNvZGU9IkZhbHNlIiBVc2VUb0dyb3VwUmVzdWx0cz0iRmFsc2UiIC8+DQogICAgICAgIDxRdWVyeVN0cmluZ1BhcmFtZXRlciBOYW1lPSJmcm0iIFZhbHVlPSIyMCIgUmVjb3JkZWRWYWx1ZT0iMjAiIENvcnJlbGF0aW9uQmluZGluZz0iIiBVcmxFbmNvZGU9IkZhbHNlIiBVc2VUb0dyb3VwUmVzdWx0cz0iRmFsc2UiIC8+DQogICAgICAgIDxRdWVyeVN0cmluZ1BhcmFtZXRlciBOYW1lPSJiaXciIFZhbHVlPSIxMjc0IiBSZWNvcmRlZFZhbHVlPSIxMjc0IiBDb3JyZWxhdGlvbkJpbmRpbmc9IiIgVXJsRW5jb2RlPSJGYWxzZSIgVXNlVG9Hcm91cFJlc3VsdHM9IkZhbHNlIiAvPg0KICAgICAgICA8UXVlcnlTdHJpbmdQYXJhbWV0ZXIgTmFtZT0iYmloIiBWYWx1ZT0iODY4IiBSZWNvcmRlZFZhbHVlPSI4NjgiIENvcnJlbGF0aW9uQmluZGluZz0iIiBVcmxFbmNvZGU9IkZhbHNlIiBVc2VUb0dyb3VwUmVzdWx0cz0iRmFsc2UiIC8+DQogICAgICAgIDxRdWVyeVN0cmluZ1BhcmFtZXRlciBOYW1lPSJvaWQiIFZhbHVlPSIzIiBSZWNvcmRlZFZhbHVlPSIzIiBDb3JyZWxhdGlvbkJpbmRpbmc9IiIgVXJsRW5jb2RlPSJGYWxzZSIgVXNlVG9Hcm91cFJlc3VsdHM9IkZhbHNlIiAvPg0KICAgICAgICA8UXVlcnlTdHJpbmdQYXJhbWV0ZXIgTmFtZT0iYWR4cyIgVmFsdWU9IjM3NyIgUmVjb3JkZWRWYWx1ZT0iMzc3IiBDb3JyZWxhdGlvbkJpbmRpbmc9IiIgVXJsRW5jb2RlPSJGYWxzZSIgVXNlVG9Hcm91cFJlc3VsdHM9IkZhbHNlIiAvPg0KICAgICAgICA8UXVlcnlTdHJpbmdQYXJhbWV0ZXIgTmFtZT0iYWR5cyIgVmFsdWU9IjYwMDQiIFJlY29yZGVkVmFsdWU9IjYwMDQiIENvcnJlbGF0aW9uQmluZGluZz0iIiBVcmxFbmNvZGU9IkZhbHNlIiBVc2VUb0dyb3VwUmVzdWx0cz0iRmFsc2UiIC8+DQogICAgICAgIDxRdWVyeVN0cmluZ1BhcmFtZXRlciBOYW1lPSJhZGtzIiBWYWx1ZT0iMTI0Mjg3NjI5MSIgUmVjb3JkZWRWYWx1ZT0iMTI0Mjg3NjI5MSIgQ29ycmVsYXRpb25CaW5kaW5nPSIiIFVybEVuY29kZT0iRmFsc2UiIFVzZVRvR3JvdXBSZXN1bHRzPSJGYWxzZSIgLz4NCiAgICAgICAgPFF1ZXJ5U3RyaW5nUGFyYW1ldGVyIE5hbWU9Imd1dCIgVmFsdWU9InYyIiBSZWNvcmRlZFZhbHVlPSJ2MiIgQ29ycmVsYXRpb25CaW5kaW5nPSIiIFVybEVuY29kZT0iRmFsc2UiIFVzZVRvR3JvdXBSZXN1bHRzPSJGYWxzZSIgLz4NCiAgICAgICAgPFF1ZXJ5U3RyaW5nUGFyYW1ldGVyIE5hbWU9ImlmaSIgVmFsdWU9IjgiIFJlY29yZGVkVmFsdWU9IjgiIENvcnJlbGF0aW9uQmluZGluZz0iIiBVcmxFbmNvZGU9IkZhbHNlIiBVc2VUb0dyb3VwUmVzdWx0cz0iRmFsc2UiIC8+DQogICAgICAgIDxRdWVyeVN0cmluZ1BhcmFtZXRlciBOYW1lPSJ1X3R6IiBWYWx1ZT0iMTIwIiBSZWNvcmRlZFZhbHVlPSIxMjAiIENvcnJlbGF0aW9uQmluZGluZz0iIiBVcmxFbmNvZGU9IkZhbHNlIiBVc2VUb0dyb3VwUmVzdWx0cz0iRmFsc2UiIC8+DQogICAgICAgIDxRdWVyeVN0cmluZ1BhcmFtZXRlciBOYW1lPSJ1X2hpcyIgVmFsdWU9IjMiIFJlY29yZGVkVmFsdWU9IjMiIENvcnJlbGF0aW9uQmluZGluZz0iIiBVcmxFbmNvZGU9IkZhbHNlIiBVc2VUb0dyb3VwUmVzdWx0cz0iRmFsc2UiIC8+DQogICAgICAgIDxRdWVyeVN0cmluZ1BhcmFtZXRlciBOYW1lPSJ1X2phdmEiIFZhbHVlPSJ0cnVlIiBSZWNvcmRlZFZhbHVlPSJ0cnVlIiBDb3JyZWxhdGlvbkJpbmRpbmc9IiIgVXJsRW5jb2RlPSJGYWxzZSIgVXNlVG9Hcm91cFJlc3VsdHM9IkZhbHNlIiAvPg0KICAgICAgICA8UXVlcnlTdHJpbmdQYXJhbWV0ZXIgTmFtZT0idV9oIiBWYWx1ZT0iOTU1IiBSZWNvcmRlZFZhbHVlPSI5NTUiIENvcnJlbGF0aW9uQmluZGluZz0iIiBVcmxFbmNvZGU9IkZhbHNlIiBVc2VUb0dyb3VwUmVzdWx0cz0iRmFsc2UiIC8+DQogICAgICAgIDxRdWVyeVN0cmluZ1BhcmFtZXRlciBOYW1lPSJ1X3ciIFZhbHVlPSIxNTI3IiBSZWNvcmRlZFZhbHVlPSIxNTI3IiBDb3JyZWxhdGlvbkJpbmRpbmc9IiIgVXJsRW5jb2RlPSJGYWxzZSIgVXNlVG9Hcm91cFJlc3VsdHM9IkZhbHNlIiAvPg0KICAgICAgICA8UXVlcnlTdHJpbmdQYXJhbWV0ZXIgTmFtZT0idV9haCIgVmFsdWU9IjkxOCIgUmVjb3JkZWRWYWx1ZT0iOTE4IiBDb3JyZWxhdGlvbkJpbmRpbmc9IiIgVXJsRW5jb2RlPSJGYWxzZSIgVXNlVG9Hcm91cFJlc3VsdHM9IkZhbHNlIiAvPg0KICAgICAgICA8UXVlcnlTdHJpbmdQYXJhbWV0ZXIgTmFtZT0idV9hdyIgVmFsdWU9IjE1MjciIFJlY29yZGVkVmFsdWU9IjE1MjciIENvcnJlbGF0aW9uQmluZGluZz0iIiBVcmxFbmNvZGU9IkZhbHNlIiBVc2VUb0dyb3VwUmVzdWx0cz0iRmFsc2UiIC8+DQogICAgICAgIDxRdWVyeVN0cmluZ1BhcmFtZXRlciBOYW1lPSJ1X2NkIiBWYWx1ZT0iMjQiIFJlY29yZGVkVmFsdWU9IjI0IiBDb3JyZWxhdGlvbkJpbmRpbmc9IiIgVXJsRW5jb2RlPSJGYWxzZSIgVXNlVG9Hcm91cFJlc3VsdHM9IkZhbHNlIiAvPg0KICAgICAgICA8UXVlcnlTdHJpbmdQYXJhbWV0ZXIgTmFtZT0idV9ucGx1ZyIgVmFsdWU9IjEiIFJlY29yZGVkVmFsdWU9IjEiIENvcnJlbGF0aW9uQmluZGluZz0iIiBVcmxFbmNvZGU9IkZhbHNlIiBVc2VUb0dyb3VwUmVzdWx0cz0iRmFsc2UiIC8+DQogICAgICAgIDxRdWVyeVN0cmluZ1BhcmFtZXRlciBOYW1lPSJ1X25taW1lIiBWYWx1ZT0iMiIgUmVjb3JkZWRWYWx1ZT0iMiIgQ29ycmVsYXRpb25CaW5kaW5nPSIiIFVybEVuY29kZT0iRmFsc2UiIFVzZVRvR3JvdXBSZXN1bHRzPSJGYWxzZSIgLz4NCiAgICAgICAgPFF1ZXJ5U3RyaW5nUGFyYW1ldGVyIE5hbWU9InVfc2QiIFZhbHVlPSIxLjEiIFJlY29yZGVkVmFsdWU9IjEuMSIgQ29ycmVsYXRpb25CaW5kaW5nPSIiIFVybEVuY29kZT0iRmFsc2UiIFVzZVRvR3JvdXBSZXN1bHRzPSJGYWxzZSIgLz4NCiAgICAgICAgPFF1ZXJ5U3RyaW5nUGFyYW1ldGVyIE5hbWU9ImZsYXNoIiBWYWx1ZT0iMjkuMC4wIiBSZWNvcmRlZFZhbHVlPSIyOS4wLjAiIENvcnJlbGF0aW9uQmluZGluZz0iIiBVcmxFbmNvZGU9IkZhbHNlIiBVc2VUb0dyb3VwUmVzdWx0cz0iRmFsc2UiIC8+DQogICAgICAgIDxRdWVyeVN0cmluZ1BhcmFtZXRlciBOYW1lPSJ1cmwiIFZhbHVlPSJodHRwcyUzQSUyRiUyRnd3dy5tYXJrdHBsYWF0cy5ubCUyRnouaHRtbCUzRnF1ZXJ5JTNEYXV0byUyNmNhdGVnb3J5SWQlM0QwJTI2cG9zdGNvZGUlM0QlMjZkaXN0YW5jZSUzRDAiIFJlY29yZGVkVmFsdWU9Imh0dHBzJTNBJTJGJTJGd3d3Lm1hcmt0cGxhYXRzLm5sJTJGei5odG1sJTNGcXVlcnklM0RhdXRvJTI2Y2F0ZWdvcnlJZCUzRDAlMjZwb3N0Y29kZSUzRCUyNmRpc3RhbmNlJTNEMCIgQ29ycmVsYXRpb25CaW5kaW5nPSIiIFVybEVuY29kZT0iRmFsc2UiIFVzZVRvR3JvdXBSZXN1bHRzPSJGYWxzZSIgLz4NCiAgICAgICAgPFF1ZXJ5U3RyaW5nUGFyYW1ldGVyIE5hbWU9InJlZiIgVmFsdWU9Imh0dHBzJTNBJTJGJTJGd3d3Lm1hcmt0cGxhYXRzLm5sJTJGIiBSZWNvcmRlZFZhbHVlPSJodHRwcyUzQSUyRiUyRnd3dy5tYXJrdHBsYWF0cy5ubCUyRiIgQ29ycmVsYXRpb25CaW5kaW5nPSIiIFVybEVuY29kZT0iRmFsc2UiIFVzZVRvR3JvdXBSZXN1bHRzPSJGYWxzZSIgLz4NCiAgICAgICAgPFF1ZXJ5U3RyaW5nUGFyYW1ldGVyIE5hbWU9ImRzc3oiIFZhbHVlPSI2NCIgUmVjb3JkZWRWYWx1ZT0iNjQiIENvcnJlbGF0aW9uQmluZGluZz0iIiBVcmxFbmNvZGU9IkZhbHNlIiBVc2VUb0dyb3VwUmVzdWx0cz0iRmFsc2UiIC8+DQogICAgICAgIDxRdWVyeVN0cmluZ1BhcmFtZXRlciBOYW1lPSJpY3NnIiBWYWx1ZT0iNjU2NzUyMjE1OTgyMDgwIiBSZWNvcmRlZFZhbHVlPSI2NTY3NTIyMTU5ODIwODAiIENvcnJlbGF0aW9uQmluZGluZz0iIiBVcmxFbmNvZGU9IkZhbHNlIiBVc2VUb0dyb3VwUmVzdWx0cz0iRmFsc2UiIC8+DQogICAgICAgIDxRdWVyeVN0cmluZ1BhcmFtZXRlciBOYW1lPSJtc28iIFZhbHVlPSIxNjAiIFJlY29yZGVkVmFsdWU9IjE2MCIgQ29ycmVsYXRpb25CaW5kaW5nPSIiIFVybEVuY29kZT0iRmFsc2UiIFVzZVRvR3JvdXBSZXN1bHRzPSJGYWxzZSIgLz4NCiAgICAgICAgPFF1ZXJ5U3RyaW5nUGFyYW1ldGVyIE5hbWU9InZpcyIgVmFsdWU9IjEiIFJlY29yZGVkVmFsdWU9IjEiIENvcnJlbGF0aW9uQmluZGluZz0iIiBVcmxFbmNvZGU9IkZhbHNlIiBVc2VUb0dyb3VwUmVzdWx0cz0iRmFsc2UiIC8+DQogICAgICAgIDxRdWVyeVN0cmluZ1BhcmFtZXRlciBOYW1lPSJzY3JfeCIgVmFsdWU9IjAiIFJlY29yZGVkVmFsdWU9IjAiIENvcnJlbGF0aW9uQmluZGluZz0iIiBVcmxFbmNvZGU9IkZhbHNlIiBVc2VUb0dyb3VwUmVzdWx0cz0iRmFsc2UiIC8+DQogICAgICAgIDxRdWVyeVN0cmluZ1BhcmFtZXRlciBOYW1lPSJzY3JfeSIgVmFsdWU9IjAiIFJlY29yZGVkVmFsdWU9IjAiIENvcnJlbGF0aW9uQmluZGluZz0iIiBVcmxFbmNvZGU9IkZhbHNlIiBVc2VUb0dyb3VwUmVzdWx0cz0iRmFsc2UiIC8+DQogICAgICAgIDxRdWVyeVN0cmluZ1BhcmFtZXRlciBOYW1lPSJwc3oiIFZhbHVlPSI3NzF4NTc4MSIgUmVjb3JkZWRWYWx1ZT0iNzcxeDU3ODEiIENvcnJlbGF0aW9uQmluZGluZz0iIiBVcmxFbmNvZGU9IkZhbHNlIiBVc2VUb0dyb3VwUmVzdWx0cz0iRmFsc2UiIC8+DQogICAgICAgIDxRdWVyeVN0cmluZ1BhcmFtZXRlciBOYW1lPSJnYV92aWQiIFZhbHVlPSIxNTg5NzM0MjIwLjE1Mjg4MDYzOTQiIFJlY29yZGVkVmFsdWU9IjE1ODk3MzQyMjAuMTUyODgwNjM5NCIgQ29ycmVsYXRpb25CaW5kaW5nPSIiIFVybEVuY29kZT0iRmFsc2UiIFVzZVRvR3JvdXBSZXN1bHRzPSJGYWxzZSIgLz4NCiAgICAgICAgPFF1ZXJ5U3RyaW5nUGFyYW1ldGVyIE5hbWU9ImdhX3NpZCIgVmFsdWU9IjE1Mjg4MDY0MTYiIFJlY29yZGVkVmFsdWU9IjE1Mjg4MDY0MTYiIENvcnJlbGF0aW9uQmluZGluZz0iIiBVcmxFbmNvZGU9IkZhbHNlIiBVc2VUb0dyb3VwUmVzdWx0cz0iRmFsc2UiIC8+DQogICAgICAgIDxRdWVyeVN0cmluZ1BhcmFtZXRlciBOYW1lPSJnYV9oaWQiIFZhbHVlPSI1NzYxMzg5NTQiIFJlY29yZGVkVmFsdWU9IjU3NjEzODk1NCIgQ29ycmVsYXRpb25CaW5kaW5nPSIiIFVybEVuY29kZT0iRmFsc2UiIFVzZVRvR3JvdXBSZXN1bHRzPSJGYWxzZSIgLz4NCiAgICAgIDwvUXVlcnlTdHJpbmdQYXJhbWV0ZXJzPg0KICAgIDwvUmVxdWVzdD4NCiAgICA8UmVxdWVzdCBNZXRob2Q9IkdFVCIgR3VpZD0iN2Q5Mzc3ZTgtZDdlMS00MzMxLTk0NmQtMWZkODMwMjUwNzExIiBWZXJzaW9uPSIxLjEiIFVybD0iaHR0cHM6Ly9zZWN1cmVwdWJhZHMuZy5kb3VibGVjbGljay5uZXQvZ2FtcGFkL2FkcyIgVGhpbmtUaW1lPSIwIiBUaW1lb3V0PSIzMDAiIFBhcnNlRGVwZW5kZW50UmVxdWVzdHM9IlRydWUiIEZvbGxvd1JlZGlyZWN0cz0iVHJ1ZSIgUmVjb3JkUmVzdWx0PSJUcnVlIiBDYWNoZT0iRmFsc2UiIFJlc3BvbnNlVGltZUdvYWw9IjAiIEVuY29kaW5nPSJ1dGYtOCIgRXhwZWN0ZWRIdHRwU3RhdHVzQ29kZT0iMCIgRXhwZWN0ZWRSZXNwb25zZVVybD0iIiBSZXBvcnRpbmdOYW1lPSIiIElnbm9yZUh0dHBTdGF0dXNDb2RlPSJGYWxzZSI+DQogICAgICA8SGVhZGVycz4NCiAgICAgICAgPEhlYWRlciBOYW1lPSJSZWZlcmVyIiBWYWx1ZT0iaHR0cHM6Ly93d3cubWFya3RwbGFhdHMubmwvei5odG1sP3F1ZXJ5PWF1dG8mYW1wO2NhdGVnb3J5SWQ9MCZhbXA7cG9zdGNvZGU9JmFtcDtkaXN0YW5jZT0wIiAvPg0KICAgICAgPC9IZWFkZXJzPg0KICAgICAgPFF1ZXJ5U3RyaW5nUGFyYW1ldGVycz4NCiAgICAgICAgPFF1ZXJ5U3RyaW5nUGFyYW1ldGVyIE5hbWU9ImdkZnBfcmVxIiBWYWx1ZT0iMSIgUmVjb3JkZWRWYWx1ZT0iMSIgQ29ycmVsYXRpb25CaW5kaW5nPSIiIFVybEVuY29kZT0iRmFsc2UiIFVzZVRvR3JvdXBSZXN1bHRzPSJGYWxzZSIgLz4NCiAgICAgICAgPFF1ZXJ5U3RyaW5nUGFyYW1ldGVyIE5hbWU9InB2c2lkIiBWYWx1ZT0iNDU4ODMwNzk0MjYwNTE5IiBSZWNvcmRlZFZhbHVlPSI0NTg4MzA3OTQyNjA1MTkiIENvcnJlbGF0aW9uQmluZGluZz0iIiBVcmxFbmNvZGU9IkZhbHNlIiBVc2VUb0dyb3VwUmVzdWx0cz0iRmFsc2UiIC8+DQogICAgICAgIDxRdWVyeVN0cmluZ1BhcmFtZXRlciBOYW1lPSJjb3JyZWxhdG9yIiBWYWx1ZT0iMjcyNzgzNTMzMDExOTUwMyIgUmVjb3JkZWRWYWx1ZT0iMjcyNzgzNTMzMDExOTUwMyIgQ29ycmVsYXRpb25CaW5kaW5nPSIiIFVybEVuY29kZT0iRmFsc2UiIFVzZVRvR3JvdXBSZXN1bHRzPSJGYWxzZSIgLz4NCiAgICAgICAgPFF1ZXJ5U3RyaW5nUGFyYW1ldGVyIE5hbWU9Im91dHB1dCIgVmFsdWU9Impzb25faHRtbCIgUmVjb3JkZWRWYWx1ZT0ianNvbl9odG1sIiBDb3JyZWxhdGlvbkJpbmRpbmc9IiIgVXJsRW5jb2RlPSJGYWxzZSIgVXNlVG9Hcm91cFJlc3VsdHM9IkZhbHNlIiAvPg0KICAgICAgICA8UXVlcnlTdHJpbmdQYXJhbWV0ZXIgTmFtZT0iY2FsbGJhY2siIFZhbHVlPSJnb29nbGV0YWcuaW1wbC5wdWJhZHMuY2FsbGJhY2tQcm94eTQiIFJlY29yZGVkVmFsdWU9Imdvb2dsZXRhZy5pbXBsLnB1YmFkcy5jYWxsYmFja1Byb3h5NCIgQ29ycmVsYXRpb25CaW5kaW5nPSIiIFVybEVuY29kZT0iRmFsc2UiIFVzZVRvR3JvdXBSZXN1bHRzPSJGYWxzZSIgLz4NCiAgICAgICAgPFF1ZXJ5U3RyaW5nUGFyYW1ldGVyIE5hbWU9ImltcGwiIFZhbHVlPSJmaWZzIiBSZWNvcmRlZFZhbHVlPSJmaWZzIiBDb3JyZWxhdGlvbkJpbmRpbmc9IiIgVXJsRW5jb2RlPSJGYWxzZSIgVXNlVG9Hcm91cFJlc3VsdHM9IkZhbHNlIiAvPg0KICAgICAgICA8UXVlcnlTdHJpbmdQYXJhbWV0ZXIgTmFtZT0iYWRzaWQiIFZhbHVlPSJOVCIgUmVjb3JkZWRWYWx1ZT0iTlQiIENvcnJlbGF0aW9uQmluZGluZz0iIiBVcmxFbmNvZGU9IkZhbHNlIiBVc2VUb0dyb3VwUmVzdWx0cz0iRmFsc2UiIC8+DQogICAgICAgIDxRdWVyeVN0cmluZ1BhcmFtZXRlciBOYW1lPSJqc29uX2EiIFZhbHVlPSIxIiBSZWNvcmRlZFZhbHVlPSIxIiBDb3JyZWxhdGlvbkJpbmRpbmc9IiIgVXJsRW5jb2RlPSJGYWxzZSIgVXNlVG9Hcm91cFJlc3VsdHM9IkZhbHNlIiAvPg0KICAgICAgICA8UXVlcnlTdHJpbmdQYXJhbWV0ZXIgTmFtZT0iZWlkIiBWYWx1ZT0iMjEwNjIyMDklMkMyMTA2MjA2OCUyQzIxMDYxODEyJTJDMjIzMjI2ODciIFJlY29yZGVkVmFsdWU9IjIxMDYyMjA5JTJDMjEwNjIwNjglMkMyMTA2MTgxMiUyQzIyMzIyNjg3IiBDb3JyZWxhdGlvbkJpbmRpbmc9IiIgVXJsRW5jb2RlPSJGYWxzZSIgVXNlVG9Hcm91cFJlc3VsdHM9IkZhbHNlIiAvPg0KICAgICAgICA8UXVlcnlTdHJpbmdQYXJhbWV0ZXIgTmFtZT0idnJnIiBWYWx1ZT0iMjE0IiBSZWNvcmRlZFZhbHVlPSIyMTQiIENvcnJlbGF0aW9uQmluZGluZz0iIiBVcmxFbmNvZGU9IkZhbHNlIiBVc2VUb0dyb3VwUmVzdWx0cz0iRmFsc2UiIC8+DQogICAgICAgIDxRdWVyeVN0cmluZ1BhcmFtZXRlciBOYW1lPSJndWNpIiBWYWx1ZT0iMS4yLjAuMC4yLjIuMCIgUmVjb3JkZWRWYWx1ZT0iMS4yLjAuMC4yLjIuMCIgQ29ycmVsYXRpb25CaW5kaW5nPSIiIFVybEVuY29kZT0iRmFsc2UiIFVzZVRvR3JvdXBSZXN1bHRzPSJGYWxzZSIgLz4NCiAgICAgICAgPFF1ZXJ5U3RyaW5nUGFyYW1ldGVyIE5hbWU9InNjIiBWYWx1ZT0iMSIgUmVjb3JkZWRWYWx1ZT0iMSIgQ29ycmVsYXRpb25CaW5kaW5nPSIiIFVybEVuY29kZT0iRmFsc2UiIFVzZVRvR3JvdXBSZXN1bHRzPSJGYWxzZSIgLz4NCiAgICAgICAgPFF1ZXJ5U3RyaW5nUGFyYW1ldGVyIE5hbWU9InNmdiIgVmFsdWU9IjEtMC0yOCIgUmVjb3JkZWRWYWx1ZT0iMS0wLTI4IiBDb3JyZWxhdGlvbkJpbmRpbmc9IiIgVXJsRW5jb2RlPSJGYWxzZSIgVXNlVG9Hcm91cFJlc3VsdHM9IkZhbHNlIiAvPg0KICAgICAgICA8UXVlcnlTdHJpbmdQYXJhbWV0ZXIgTmFtZT0iaXVfcGFydHMiIFZhbHVlPSI0MjgyJTJDd2ViJTJDbXBubC4wJTJDc2VhcmNoJTJDc3JwJTJDbHJwX2xlZnQiIFJlY29yZGVkVmFsdWU9IjQyODIlMkN3ZWIlMkNtcG5sLjAlMkNzZWFyY2glMkNzcnAlMkNscnBfbGVmdCIgQ29ycmVsYXRpb25CaW5kaW5nPSIiIFVybEVuY29kZT0iRmFsc2UiIFVzZVRvR3JvdXBSZXN1bHRzPSJGYWxzZSIgLz4NCiAgICAgICAgPFF1ZXJ5U3RyaW5nUGFyYW1ldGVyIE5hbWU9ImVuY19wcmV2X2l1cyIgVmFsdWU9IiUyRjAlMkYxJTJGMiUyRjMlMkY0JTJGNSIgUmVjb3JkZWRWYWx1ZT0iJTJGMCUyRjElMkYyJTJGMyUyRjQlMkY1IiBDb3JyZWxhdGlvbkJpbmRpbmc9IiIgVXJsRW5jb2RlPSJGYWxzZSIgVXNlVG9Hcm91cFJlc3VsdHM9IkZhbHNlIiAvPg0KICAgICAgICA8UXVlcnlTdHJpbmdQYXJhbWV0ZXIgTmFtZT0icHJldl9pdV9zenMiIFZhbHVlPSIxMjB4NjAwJTdDMTYweDYwMCU3QzEyMHg5MCIgUmVjb3JkZWRWYWx1ZT0iMTIweDYwMCU3QzE2MHg2MDAlN0MxMjB4OTAiIENvcnJlbGF0aW9uQmluZGluZz0iIiBVcmxFbmNvZGU9IkZhbHNlIiBVc2VUb0dyb3VwUmVzdWx0cz0iRmFsc2UiIC8+DQogICAgICAgIDxRdWVyeVN0cmluZ1BhcmFtZXRlciBOYW1lPSJyY3MiIFZhbHVlPSIxIiBSZWNvcmRlZFZhbHVlPSIxIiBDb3JyZWxhdGlvbkJpbmRpbmc9IiIgVXJsRW5jb2RlPSJGYWxzZSIgVXNlVG9Hcm91cFJlc3VsdHM9IkZhbHNlIiAvPg0KICAgICAgICA8UXVlcnlTdHJpbmdQYXJhbWV0ZXIgTmFtZT0icHJldl9zY3AiIFZhbHVlPSJjdCUzRDAlMjZwdGclM0RhdXI1NDUzX2ElMkNhdXI1NjA2X2ElMkNhdXI1NjA3X2ElMkNhdXI0OTI1X2MlMkNhdXI1MzM3X2IlMkNhdXI1MDcxX2IlMkNhdXI1MDcwX2ElMkNhdXI1NzQ5X2ElMkNhdXI0OTc0LWFuZHJvaWRfYiUyQ2F1cjU0ODZfYiUyQ2F1cjUzNzlfYiUyQ2F1cjQ5NTlfYSUyQ2F1cjUzODBfZCUyQ2F1cjQ4NDJfYSUyQ2F1cjU0MTVfYiUyQ2F1cjU0MzJfYSUyQ2F1cjU5NDNfYyUyQ2F1cjQxMTBfZiUyQ2F1cjU1NTlfYyUyNnB0JTNEc3JwJTI2cG9zJTNEbHJwX2xlZnQlMjZobiUzRHd3dy5tYXJrdHBsYWF0cy5ubCUyNmt3JTNEYXV0byUyNmxpJTNEMCUyNnVzZXJpZCUzRCUyNnNlc3Npb25pZCUzRDhkM2U5ZTFjLTE3OTAtNGMyOS1hNjU4LWM2MDA5YWFhNGFhMCUyNmlpZCUzRDU3YTNiYjQ0LTgwMDktMDJkOC1iY2Y5LTc5MWU1MGU0YjQzOSUyNmF1cyUzRDM5MzM3ODYxNTclMjZoYiUzRDElMjZob2QlM0QxMiUyNnNmJTNENSUyNmFkX2dyb3VwJTNEYWRfb3B0JTI2aGJfc2l6ZV9hcHBuZXh1cyUzRDEyMHg2MDAlMjZoYl9wYl9hcHBuZXh1cyUzRDAuOTAlMjZoYl9hZGlkX2FwcG5leHVzJTNEMjE2NWYwZWM0MjRjM2MxOCUyNmhiX2JpZGRlcl9hcHBuZXh1cyUzRGFwcG5leHVzJTI2aGJfc2l6ZSUzRDEyMHg2MDAlMjZoYl9wYiUzRDAuOTAlMjZoYl9hZGlkJTNEMjE2NWYwZWM0MjRjM2MxOCUyNmhiX2JpZGRlciUzRGFwcG5leHVzIiBSZWNvcmRlZFZhbHVlPSJjdCUzRDAlMjZwdGclM0RhdXI1NDUzX2ElMkNhdXI1NjA2X2ElMkNhdXI1NjA3X2ElMkNhdXI0OTI1X2MlMkNhdXI1MzM3X2IlMkNhdXI1MDcxX2IlMkNhdXI1MDcwX2ElMkNhdXI1NzQ5X2ElMkNhdXI0OTc0LWFuZHJvaWRfYiUyQ2F1cjU0ODZfYiUyQ2F1cjUzNzlfYiUyQ2F1cjQ5NTlfYSUyQ2F1cjUzODBfZCUyQ2F1cjQ4NDJfYSUyQ2F1cjU0MTVfYiUyQ2F1cjU0MzJfYSUyQ2F1cjU5NDNfYyUyQ2F1cjQxMTBfZiUyQ2F1cjU1NTlfYyUyNnB0JTNEc3JwJTI2cG9zJTNEbHJwX2xlZnQlMjZobiUzRHd3dy5tYXJrdHBsYWF0cy5ubCUyNmt3JTNEYXV0byUyNmxpJTNEMCUyNnVzZXJpZCUzRCUyNnNlc3Npb25pZCUzRDhkM2U5ZTFjLTE3OTAtNGMyOS1hNjU4LWM2MDA5YWFhNGFhMCUyNmlpZCUzRDU3YTNiYjQ0LTgwMDktMDJkOC1iY2Y5LTc5MWU1MGU0YjQzOSUyNmF1cyUzRDM5MzM3ODYxNTclMjZoYiUzRDElMjZob2QlM0QxMiUyNnNmJTNENSUyNmFkX2dyb3VwJTNEYWRfb3B0JTI2aGJfc2l6ZV9hcHBuZXh1cyUzRDEyMHg2MDAlMjZoYl9wYl9hcHBuZXh1cyUzRDAuOTAlMjZoYl9hZGlkX2FwcG5leHVzJTNEMjE2NWYwZWM0MjRjM2MxOCUyNmhiX2JpZGRlcl9hcHBuZXh1cyUzRGFwcG5leHVzJTI2aGJfc2l6ZSUzRDEyMHg2MDAlMjZoYl9wYiUzRDAuOTAlMjZoYl9hZGlkJTNEMjE2NWYwZWM0MjRjM2MxOCUyNmhiX2JpZGRlciUzRGFwcG5leHVzIiBDb3JyZWxhdGlvbkJpbmRpbmc9IiIgVXJsRW5jb2RlPSJGYWxzZSIgVXNlVG9Hcm91cFJlc3VsdHM9IkZhbHNlIiAvPg0KICAgICAgICA8UXVlcnlTdHJpbmdQYXJhbWV0ZXIgTmFtZT0iZXJpIiBWYWx1ZT0iMSIgUmVjb3JkZWRWYWx1ZT0iMSIgQ29ycmVsYXRpb25CaW5kaW5nPSIiIFVybEVuY29kZT0iRmFsc2UiIFVzZVRvR3JvdXBSZXN1bHRzPSJGYWxzZSIgLz4NCiAgICAgICAgPFF1ZXJ5U3RyaW5nUGFyYW1ldGVyIE5hbWU9ImN1c3RfcGFyYW1zIiBWYWx1ZT0idG8lM0QwJTI2cmVmcmVzaCUzRHRydWUiIFJlY29yZGVkVmFsdWU9InRvJTNEMCUyNnJlZnJlc2glM0R0cnVlIiBDb3JyZWxhdGlvbkJpbmRpbmc9IiIgVXJsRW5jb2RlPSJGYWxzZSIgVXNlVG9Hcm91cFJlc3VsdHM9IkZhbHNlIiAvPg0KICAgICAgICA8UXVlcnlTdHJpbmdQYXJhbWV0ZXIgTmFtZT0iY29va2llIiBWYWx1ZT0iSUQlM0Q5MDI1ZTUwMDUxYWQ2NGJiJTNBVCUzRDE1Mjg4MDY0MDIlM0FTJTNEQUxOSV9NWkZWVkV0cFhYSExXNmp1Ym5jZ0cwdS1URThhUSIgUmVjb3JkZWRWYWx1ZT0iSUQlM0Q5MDI1ZTUwMDUxYWQ2NGJiJTNBVCUzRDE1Mjg4MDY0MDIlM0FTJTNEQUxOSV9NWkZWVkV0cFhYSExXNmp1Ym5jZ0cwdS1URThhUSIgQ29ycmVsYXRpb25CaW5kaW5nPSIiIFVybEVuY29kZT0iRmFsc2UiIFVzZVRvR3JvdXBSZXN1bHRzPSJGYWxzZSIgLz4NCiAgICAgICAgPFF1ZXJ5U3RyaW5nUGFyYW1ldGVyIE5hbWU9ImJjIiBWYWx1ZT0iMSIgUmVjb3JkZWRWYWx1ZT0iMSIgQ29ycmVsYXRpb25CaW5kaW5nPSIiIFVybEVuY29kZT0iRmFsc2UiIFVzZVRvR3JvdXBSZXN1bHRzPSJGYWxzZSIgLz4NCiAgICAgICAgPFF1ZXJ5U3RyaW5nUGFyYW1ldGVyIE5hbWU9ImFieGUiIFZhbHVlPSIxIiBSZWNvcmRlZFZhbHVlPSIxIiBDb3JyZWxhdGlvbkJpbmRpbmc9IiIgVXJsRW5jb2RlPSJGYWxzZSIgVXNlVG9Hcm91cFJlc3VsdHM9IkZhbHNlIiAvPg0KICAgICAgICA8UXVlcnlTdHJpbmdQYXJhbWV0ZXIgTmFtZT0ibG10IiBWYWx1ZT0iMTUyODgwNjQxNiIgUmVjb3JkZWRWYWx1ZT0iMTUyODgwNjQxNiIgQ29ycmVsYXRpb25CaW5kaW5nPSIiIFVybEVuY29kZT0iRmFsc2UiIFVzZVRvR3JvdXBSZXN1bHRzPSJGYWxzZSIgLz4NCiAgICAgICAgPFF1ZXJ5U3RyaW5nUGFyYW1ldGVyIE5hbWU9ImR0IiBWYWx1ZT0iMTUyODgwNjQxNjAwOCIgUmVjb3JkZWRWYWx1ZT0iMTUyODgwNjQxNjAwOCIgQ29ycmVsYXRpb25CaW5kaW5nPSIiIFVybEVuY29kZT0iRmFsc2UiIFVzZVRvR3JvdXBSZXN1bHRzPSJGYWxzZSIgLz4NCiAgICAgICAgPFF1ZXJ5U3RyaW5nUGFyYW1ldGVyIE5hbWU9ImRsdCIgVmFsdWU9IjE1Mjg4MDY0MTIyMDUiIFJlY29yZGVkVmFsdWU9IjE1Mjg4MDY0MTIyMDUiIENvcnJlbGF0aW9uQmluZGluZz0iIiBVcmxFbmNvZGU9IkZhbHNlIiBVc2VUb0dyb3VwUmVzdWx0cz0iRmFsc2UiIC8+DQogICAgICAgIDxRdWVyeVN0cmluZ1BhcmFtZXRlciBOYW1lPSJpZHQiIFZhbHVlPSIxNzMwIiBSZWNvcmRlZFZhbHVlPSIxNzMwIiBDb3JyZWxhdGlvbkJpbmRpbmc9IiIgVXJsRW5jb2RlPSJGYWxzZSIgVXNlVG9Hcm91cFJlc3VsdHM9IkZhbHNlIiAvPg0KICAgICAgICA8UXVlcnlTdHJpbmdQYXJhbWV0ZXIgTmFtZT0iZnJtIiBWYWx1ZT0iMjAiIFJlY29yZGVkVmFsdWU9IjIwIiBDb3JyZWxhdGlvbkJpbmRpbmc9IiIgVXJsRW5jb2RlPSJGYWxzZSIgVXNlVG9Hcm91cFJlc3VsdHM9IkZhbHNlIiAvPg0KICAgICAgICA8UXVlcnlTdHJpbmdQYXJhbWV0ZXIgTmFtZT0iYml3IiBWYWx1ZT0iMTI3NCIgUmVjb3JkZWRWYWx1ZT0iMTI3NCIgQ29ycmVsYXRpb25CaW5kaW5nPSIiIFVybEVuY29kZT0iRmFsc2UiIFVzZVRvR3JvdXBSZXN1bHRzPSJGYWxzZSIgLz4NCiAgICAgICAgPFF1ZXJ5U3RyaW5nUGFyYW1ldGVyIE5hbWU9ImJpaCIgVmFsdWU9Ijg2OCIgUmVjb3JkZWRWYWx1ZT0iODY4IiBDb3JyZWxhdGlvbkJpbmRpbmc9IiIgVXJsRW5jb2RlPSJGYWxzZSIgVXNlVG9Hcm91cFJlc3VsdHM9IkZhbHNlIiAvPg0KICAgICAgICA8UXVlcnlTdHJpbmdQYXJhbWV0ZXIgTmFtZT0ib2lkIiBWYWx1ZT0iMyIgUmVjb3JkZWRWYWx1ZT0iMyIgQ29ycmVsYXRpb25CaW5kaW5nPSIiIFVybEVuY29kZT0iRmFsc2UiIFVzZVRvR3JvdXBSZXN1bHRzPSJGYWxzZSIgLz4NCiAgICAgICAgPFF1ZXJ5U3RyaW5nUGFyYW1ldGVyIE5hbWU9ImFkeHMiIFZhbHVlPSIxNDciIFJlY29yZGVkVmFsdWU9IjE0NyIgQ29ycmVsYXRpb25CaW5kaW5nPSIiIFVybEVuY29kZT0iRmFsc2UiIFVzZVRvR3JvdXBSZXN1bHRzPSJGYWxzZSIgLz4NCiAgICAgICAgPFF1ZXJ5U3RyaW5nUGFyYW1ldGVyIE5hbWU9ImFkeXMiIFZhbHVlPSIxMjY4IiBSZWNvcmRlZFZhbHVlPSIxMjY4IiBDb3JyZWxhdGlvbkJpbmRpbmc9IiIgVXJsRW5jb2RlPSJGYWxzZSIgVXNlVG9Hcm91cFJlc3VsdHM9IkZhbHNlIiAvPg0KICAgICAgICA8UXVlcnlTdHJpbmdQYXJhbWV0ZXIgTmFtZT0iYWRrcyIgVmFsdWU9IjIzMzAxODQxMyIgUmVjb3JkZWRWYWx1ZT0iMjMzMDE4NDEzIiBDb3JyZWxhdGlvbkJpbmRpbmc9IiIgVXJsRW5jb2RlPSJGYWxzZSIgVXNlVG9Hcm91cFJlc3VsdHM9IkZhbHNlIiAvPg0KICAgICAgICA8UXVlcnlTdHJpbmdQYXJhbWV0ZXIgTmFtZT0iZ3V0IiBWYWx1ZT0idjIiIFJlY29yZGVkVmFsdWU9InYyIiBDb3JyZWxhdGlvbkJpbmRpbmc9IiIgVXJsRW5jb2RlPSJGYWxzZSIgVXNlVG9Hcm91cFJlc3VsdHM9IkZhbHNlIiAvPg0KICAgICAgICA8UXVlcnlTdHJpbmdQYXJhbWV0ZXIgTmFtZT0iaWZpIiBWYWx1ZT0iMTAiIFJlY29yZGVkVmFsdWU9IjEwIiBDb3JyZWxhdGlvbkJpbmRpbmc9IiIgVXJsRW5jb2RlPSJGYWxzZSIgVXNlVG9Hcm91cFJlc3VsdHM9IkZhbHNlIiAvPg0KICAgICAgICA8UXVlcnlTdHJpbmdQYXJhbWV0ZXIgTmFtZT0idV90eiIgVmFsdWU9IjEyMCIgUmVjb3JkZWRWYWx1ZT0iMTIwIiBDb3JyZWxhdGlvbkJpbmRpbmc9IiIgVXJsRW5jb2RlPSJGYWxzZSIgVXNlVG9Hcm91cFJlc3VsdHM9IkZhbHNlIiAvPg0KICAgICAgICA8UXVlcnlTdHJpbmdQYXJhbWV0ZXIgTmFtZT0idV9oaXMiIFZhbHVlPSIzIiBSZWNvcmRlZFZhbHVlPSIzIiBDb3JyZWxhdGlvbkJpbmRpbmc9IiIgVXJsRW5jb2RlPSJGYWxzZSIgVXNlVG9Hcm91cFJlc3VsdHM9IkZhbHNlIiAvPg0KICAgICAgICA8UXVlcnlTdHJpbmdQYXJhbWV0ZXIgTmFtZT0idV9qYXZhIiBWYWx1ZT0idHJ1ZSIgUmVjb3JkZWRWYWx1ZT0idHJ1ZSIgQ29ycmVsYXRpb25CaW5kaW5nPSIiIFVybEVuY29kZT0iRmFsc2UiIFVzZVRvR3JvdXBSZXN1bHRzPSJGYWxzZSIgLz4NCiAgICAgICAgPFF1ZXJ5U3RyaW5nUGFyYW1ldGVyIE5hbWU9InVfaCIgVmFsdWU9Ijk1NSIgUmVjb3JkZWRWYWx1ZT0iOTU1IiBDb3JyZWxhdGlvbkJpbmRpbmc9IiIgVXJsRW5jb2RlPSJGYWxzZSIgVXNlVG9Hcm91cFJlc3VsdHM9IkZhbHNlIiAvPg0KICAgICAgICA8UXVlcnlTdHJpbmdQYXJhbWV0ZXIgTmFtZT0idV93IiBWYWx1ZT0iMTUyNyIgUmVjb3JkZWRWYWx1ZT0iMTUyNyIgQ29ycmVsYXRpb25CaW5kaW5nPSIiIFVybEVuY29kZT0iRmFsc2UiIFVzZVRvR3JvdXBSZXN1bHRzPSJGYWxzZSIgLz4NCiAgICAgICAgPFF1ZXJ5U3RyaW5nUGFyYW1ldGVyIE5hbWU9InVfYWgiIFZhbHVlPSI5MTgiIFJlY29yZGVkVmFsdWU9IjkxOCIgQ29ycmVsYXRpb25CaW5kaW5nPSIiIFVybEVuY29kZT0iRmFsc2UiIFVzZVRvR3JvdXBSZXN1bHRzPSJGYWxzZSIgLz4NCiAgICAgICAgPFF1ZXJ5U3RyaW5nUGFyYW1ldGVyIE5hbWU9InVfYXciIFZhbHVlPSIxNTI3IiBSZWNvcmRlZFZhbHVlPSIxNTI3IiBDb3JyZWxhdGlvbkJpbmRpbmc9IiIgVXJsRW5jb2RlPSJGYWxzZSIgVXNlVG9Hcm91cFJlc3VsdHM9IkZhbHNlIiAvPg0KICAgICAgICA8UXVlcnlTdHJpbmdQYXJhbWV0ZXIgTmFtZT0idV9jZCIgVmFsdWU9IjI0IiBSZWNvcmRlZFZhbHVlPSIyNCIgQ29ycmVsYXRpb25CaW5kaW5nPSIiIFVybEVuY29kZT0iRmFsc2UiIFVzZVRvR3JvdXBSZXN1bHRzPSJGYWxzZSIgLz4NCiAgICAgICAgPFF1ZXJ5U3RyaW5nUGFyYW1ldGVyIE5hbWU9InVfbnBsdWciIFZhbHVlPSIxIiBSZWNvcmRlZFZhbHVlPSIxIiBDb3JyZWxhdGlvbkJpbmRpbmc9IiIgVXJsRW5jb2RlPSJGYWxzZSIgVXNlVG9Hcm91cFJlc3VsdHM9IkZhbHNlIiAvPg0KICAgICAgICA8UXVlcnlTdHJpbmdQYXJhbWV0ZXIgTmFtZT0idV9ubWltZSIgVmFsdWU9IjIiIFJlY29yZGVkVmFsdWU9IjIiIENvcnJlbGF0aW9uQmluZGluZz0iIiBVcmxFbmNvZGU9IkZhbHNlIiBVc2VUb0dyb3VwUmVzdWx0cz0iRmFsc2UiIC8+DQogICAgICAgIDxRdWVyeVN0cmluZ1BhcmFtZXRlciBOYW1lPSJ1X3NkIiBWYWx1ZT0iMS4xIiBSZWNvcmRlZFZhbHVlPSIxLjEiIENvcnJlbGF0aW9uQmluZGluZz0iIiBVcmxFbmNvZGU9IkZhbHNlIiBVc2VUb0dyb3VwUmVzdWx0cz0iRmFsc2UiIC8+DQogICAgICAgIDxRdWVyeVN0cmluZ1BhcmFtZXRlciBOYW1lPSJmbGFzaCIgVmFsdWU9IjI5LjAuMCIgUmVjb3JkZWRWYWx1ZT0iMjkuMC4wIiBDb3JyZWxhdGlvbkJpbmRpbmc9IiIgVXJsRW5jb2RlPSJGYWxzZSIgVXNlVG9Hcm91cFJlc3VsdHM9IkZhbHNlIiAvPg0KICAgICAgICA8UXVlcnlTdHJpbmdQYXJhbWV0ZXIgTmFtZT0idXJsIiBWYWx1ZT0iaHR0cHMlM0ElMkYlMkZ3d3cubWFya3RwbGFhdHMubmwlMkZ6Lmh0bWwlM0ZxdWVyeSUzRGF1dG8lMjZjYXRlZ29yeUlkJTNEMCUyNnBvc3Rjb2RlJTNEJTI2ZGlzdGFuY2UlM0QwIiBSZWNvcmRlZFZhbHVlPSJodHRwcyUzQSUyRiUyRnd3dy5tYXJrdHBsYWF0cy5ubCUyRnouaHRtbCUzRnF1ZXJ5JTNEYXV0byUyNmNhdGVnb3J5SWQlM0QwJTI2cG9zdGNvZGUlM0QlMjZkaXN0YW5jZSUzRDAiIENvcnJlbGF0aW9uQmluZGluZz0iIiBVcmxFbmNvZGU9IkZhbHNlIiBVc2VUb0dyb3VwUmVzdWx0cz0iRmFsc2UiIC8+DQogICAgICAgIDxRdWVyeVN0cmluZ1BhcmFtZXRlciBOYW1lPSJyZWYiIFZhbHVlPSJodHRwcyUzQSUyRiUyRnd3dy5tYXJrdHBsYWF0cy5ubCUyRiIgUmVjb3JkZWRWYWx1ZT0iaHR0cHMlM0ElMkYlMkZ3d3cubWFya3RwbGFhdHMubmwlMkYiIENvcnJlbGF0aW9uQmluZGluZz0iIiBVcmxFbmNvZGU9IkZhbHNlIiBVc2VUb0dyb3VwUmVzdWx0cz0iRmFsc2UiIC8+DQogICAgICAgIDxRdWVyeVN0cmluZ1BhcmFtZXRlciBOYW1lPSJkc3N6IiBWYWx1ZT0iNjQiIFJlY29yZGVkVmFsdWU9IjY0IiBDb3JyZWxhdGlvbkJpbmRpbmc9IiIgVXJsRW5jb2RlPSJGYWxzZSIgVXNlVG9Hcm91cFJlc3VsdHM9IkZhbHNlIiAvPg0KICAgICAgICA8UXVlcnlTdHJpbmdQYXJhbWV0ZXIgTmFtZT0iaWNzZyIgVmFsdWU9IjY1Njc1MjIxNTk4MjA4MCIgUmVjb3JkZWRWYWx1ZT0iNjU2NzUyMjE1OTgyMDgwIiBDb3JyZWxhdGlvbkJpbmRpbmc9IiIgVXJsRW5jb2RlPSJGYWxzZSIgVXNlVG9Hcm91cFJlc3VsdHM9IkZhbHNlIiAvPg0KICAgICAgICA8UXVlcnlTdHJpbmdQYXJhbWV0ZXIgTmFtZT0ibXNvIiBWYWx1ZT0iMTYwIiBSZWNvcmRlZFZhbHVlPSIxNjAiIENvcnJlbGF0aW9uQmluZGluZz0iIiBVcmxFbmNvZGU9IkZhbHNlIiBVc2VUb0dyb3VwUmVzdWx0cz0iRmFsc2UiIC8+DQogICAgICAgIDxRdWVyeVN0cmluZ1BhcmFtZXRlciBOYW1lPSJ2aXMiIFZhbHVlPSIxIiBSZWNvcmRlZFZhbHVlPSIxIiBDb3JyZWxhdGlvbkJpbmRpbmc9IiIgVXJsRW5jb2RlPSJGYWxzZSIgVXNlVG9Hcm91cFJlc3VsdHM9IkZhbHNlIiAvPg0KICAgICAgICA8UXVlcnlTdHJpbmdQYXJhbWV0ZXIgTmFtZT0ic2NyX3giIFZhbHVlPSIwIiBSZWNvcmRlZFZhbHVlPSIwIiBDb3JyZWxhdGlvbkJpbmRpbmc9IiIgVXJsRW5jb2RlPSJGYWxzZSIgVXNlVG9Hcm91cFJlc3VsdHM9IkZhbHNlIiAvPg0KICAgICAgICA8UXVlcnlTdHJpbmdQYXJhbWV0ZXIgTmFtZT0ic2NyX3kiIFZhbHVlPSIwIiBSZWNvcmRlZFZhbHVlPSIwIiBDb3JyZWxhdGlvbkJpbmRpbmc9IiIgVXJsRW5jb2RlPSJGYWxzZSIgVXNlVG9Hcm91cFJlc3VsdHM9IkZhbHNlIiAvPg0KICAgICAgICA8UXVlcnlTdHJpbmdQYXJhbWV0ZXIgTmFtZT0icHN6IiBWYWx1ZT0iMTg4eC0xIiBSZWNvcmRlZFZhbHVlPSIxODh4LTEiIENvcnJlbGF0aW9uQmluZGluZz0iIiBVcmxFbmNvZGU9IkZhbHNlIiBVc2VUb0dyb3VwUmVzdWx0cz0iRmFsc2UiIC8+DQogICAgICAgIDxRdWVyeVN0cmluZ1BhcmFtZXRlciBOYW1lPSJnYV92aWQiIFZhbHVlPSIxNTg5NzM0MjIwLjE1Mjg4MDYzOTQiIFJlY29yZGVkVmFsdWU9IjE1ODk3MzQyMjAuMTUyODgwNjM5NCIgQ29ycmVsYXRpb25CaW5kaW5nPSIiIFVybEVuY29kZT0iRmFsc2UiIFVzZVRvR3JvdXBSZXN1bHRzPSJGYWxzZSIgLz4NCiAgICAgICAgPFF1ZXJ5U3RyaW5nUGFyYW1ldGVyIE5hbWU9ImdhX3NpZCIgVmFsdWU9IjE1Mjg4MDY0MTYiIFJlY29yZGVkVmFsdWU9IjE1Mjg4MDY0MTYiIENvcnJlbGF0aW9uQmluZGluZz0iIiBVcmxFbmNvZGU9IkZhbHNlIiBVc2VUb0dyb3VwUmVzdWx0cz0iRmFsc2UiIC8+DQogICAgICAgIDxRdWVyeVN0cmluZ1BhcmFtZXRlciBOYW1lPSJnYV9oaWQiIFZhbHVlPSI1NzYxMzg5NTQiIFJlY29yZGVkVmFsdWU9IjU3NjEzODk1NCIgQ29ycmVsYXRpb25CaW5kaW5nPSIiIFVybEVuY29kZT0iRmFsc2UiIFVzZVRvR3JvdXBSZXN1bHRzPSJGYWxzZSIgLz4NCiAgICAgIDwvUXVlcnlTdHJpbmdQYXJhbWV0ZXJzPg0KICAgIDwvUmVxdWVzdD4NCiAgICA8UmVxdWVzdCBNZXRob2Q9IkdFVCIgR3VpZD0iMDk0YTY0ZTEtYjYxZi00NTgxLWI2YWQtNjRkODMxZDViYjA4IiBWZXJzaW9uPSIxLjEiIFVybD0iaHR0cHM6Ly9zZWN1cmVwdWJhZHMuZy5kb3VibGVjbGljay5uZXQvZ2FtcGFkL2FkcyIgVGhpbmtUaW1lPSIwIiBUaW1lb3V0PSIzMDAiIFBhcnNlRGVwZW5kZW50UmVxdWVzdHM9IlRydWUiIEZvbGxvd1JlZGlyZWN0cz0iVHJ1ZSIgUmVjb3JkUmVzdWx0PSJUcnVlIiBDYWNoZT0iRmFsc2UiIFJlc3BvbnNlVGltZUdvYWw9IjAiIEVuY29kaW5nPSJ1dGYtOCIgRXhwZWN0ZWRIdHRwU3RhdHVzQ29kZT0iMCIgRXhwZWN0ZWRSZXNwb25zZVVybD0iIiBSZXBvcnRpbmdOYW1lPSIiIElnbm9yZUh0dHBTdGF0dXNDb2RlPSJGYWxzZSI+DQogICAgICA8SGVhZGVycz4NCiAgICAgICAgPEhlYWRlciBOYW1lPSJSZWZlcmVyIiBWYWx1ZT0iaHR0cHM6Ly93d3cubWFya3RwbGFhdHMubmwvei5odG1sP3F1ZXJ5PWF1dG8mYW1wO2NhdGVnb3J5SWQ9MCZhbXA7cG9zdGNvZGU9JmFtcDtkaXN0YW5jZT0wIiAvPg0KICAgICAgPC9IZWFkZXJzPg0KICAgICAgPFF1ZXJ5U3RyaW5nUGFyYW1ldGVycz4NCiAgICAgICAgPFF1ZXJ5U3RyaW5nUGFyYW1ldGVyIE5hbWU9ImdkZnBfcmVxIiBWYWx1ZT0iMSIgUmVjb3JkZWRWYWx1ZT0iMSIgQ29ycmVsYXRpb25CaW5kaW5nPSIiIFVybEVuY29kZT0iRmFsc2UiIFVzZVRvR3JvdXBSZXN1bHRzPSJGYWxzZSIgLz4NCiAgICAgICAgPFF1ZXJ5U3RyaW5nUGFyYW1ldGVyIE5hbWU9InB2c2lkIiBWYWx1ZT0iNDU4ODMwNzk0MjYwNTE5IiBSZWNvcmRlZFZhbHVlPSI0NTg4MzA3OTQyNjA1MTkiIENvcnJlbGF0aW9uQmluZGluZz0iIiBVcmxFbmNvZGU9IkZhbHNlIiBVc2VUb0dyb3VwUmVzdWx0cz0iRmFsc2UiIC8+DQogICAgICAgIDxRdWVyeVN0cmluZ1BhcmFtZXRlciBOYW1lPSJjb3JyZWxhdG9yIiBWYWx1ZT0iMTg5MjkzMjg2Mjg3ODk5NCIgUmVjb3JkZWRWYWx1ZT0iMTg5MjkzMjg2Mjg3ODk5NCIgQ29ycmVsYXRpb25CaW5kaW5nPSIiIFVybEVuY29kZT0iRmFsc2UiIFVzZVRvR3JvdXBSZXN1bHRzPSJGYWxzZSIgLz4NCiAgICAgICAgPFF1ZXJ5U3RyaW5nUGFyYW1ldGVyIE5hbWU9Im91dHB1dCIgVmFsdWU9Impzb25faHRtbCIgUmVjb3JkZWRWYWx1ZT0ianNvbl9odG1sIiBDb3JyZWxhdGlvbkJpbmRpbmc9IiIgVXJsRW5jb2RlPSJGYWxzZSIgVXNlVG9Hcm91cFJlc3VsdHM9IkZhbHNlIiAvPg0KICAgICAgICA8UXVlcnlTdHJpbmdQYXJhbWV0ZXIgTmFtZT0iY2FsbGJhY2siIFZhbHVlPSJnb29nbGV0YWcuaW1wbC5wdWJhZHMuY2FsbGJhY2tQcm94eTUiIFJlY29yZGVkVmFsdWU9Imdvb2dsZXRhZy5pbXBsLnB1YmFkcy5jYWxsYmFja1Byb3h5NSIgQ29ycmVsYXRpb25CaW5kaW5nPSIiIFVybEVuY29kZT0iRmFsc2UiIFVzZVRvR3JvdXBSZXN1bHRzPSJGYWxzZSIgLz4NCiAgICAgICAgPFF1ZXJ5U3RyaW5nUGFyYW1ldGVyIE5hbWU9ImltcGwiIFZhbHVlPSJmaWZzIiBSZWNvcmRlZFZhbHVlPSJmaWZzIiBDb3JyZWxhdGlvbkJpbmRpbmc9IiIgVXJsRW5jb2RlPSJGYWxzZSIgVXNlVG9Hcm91cFJlc3VsdHM9IkZhbHNlIiAvPg0KICAgICAgICA8UXVlcnlTdHJpbmdQYXJhbWV0ZXIgTmFtZT0iYWRzaWQiIFZhbHVlPSJOVCIgUmVjb3JkZWRWYWx1ZT0iTlQiIENvcnJlbGF0aW9uQmluZGluZz0iIiBVcmxFbmNvZGU9IkZhbHNlIiBVc2VUb0dyb3VwUmVzdWx0cz0iRmFsc2UiIC8+DQogICAgICAgIDxRdWVyeVN0cmluZ1BhcmFtZXRlciBOYW1lPSJqc29uX2EiIFZhbHVlPSIxIiBSZWNvcmRlZFZhbHVlPSIxIiBDb3JyZWxhdGlvbkJpbmRpbmc9IiIgVXJsRW5jb2RlPSJGYWxzZSIgVXNlVG9Hcm91cFJlc3VsdHM9IkZhbHNlIiAvPg0KICAgICAgICA8UXVlcnlTdHJpbmdQYXJhbWV0ZXIgTmFtZT0iZWlkIiBWYWx1ZT0iMjEwNjIyMDklMkMyMTA2MjA2OCUyQzIxMDYxODEyJTJDMjIzMjI2ODciIFJlY29yZGVkVmFsdWU9IjIxMDYyMjA5JTJDMjEwNjIwNjglMkMyMTA2MTgxMiUyQzIyMzIyNjg3IiBDb3JyZWxhdGlvbkJpbmRpbmc9IiIgVXJsRW5jb2RlPSJGYWxzZSIgVXNlVG9Hcm91cFJlc3VsdHM9IkZhbHNlIiAvPg0KICAgICAgICA8UXVlcnlTdHJpbmdQYXJhbWV0ZXIgTmFtZT0idnJnIiBWYWx1ZT0iMjE0IiBSZWNvcmRlZFZhbHVlPSIyMTQiIENvcnJlbGF0aW9uQmluZGluZz0iIiBVcmxFbmNvZGU9IkZhbHNlIiBVc2VUb0dyb3VwUmVzdWx0cz0iRmFsc2UiIC8+DQogICAgICAgIDxRdWVyeVN0cmluZ1BhcmFtZXRlciBOYW1lPSJndWNpIiBWYWx1ZT0iMS4yLjAuMC4yLjIuMCIgUmVjb3JkZWRWYWx1ZT0iMS4yLjAuMC4yLjIuMCIgQ29ycmVsYXRpb25CaW5kaW5nPSIiIFVybEVuY29kZT0iRmFsc2UiIFVzZVRvR3JvdXBSZXN1bHRzPSJGYWxzZSIgLz4NCiAgICAgICAgPFF1ZXJ5U3RyaW5nUGFyYW1ldGVyIE5hbWU9InNjIiBWYWx1ZT0iMSIgUmVjb3JkZWRWYWx1ZT0iMSIgQ29ycmVsYXRpb25CaW5kaW5nPSIiIFVybEVuY29kZT0iRmFsc2UiIFVzZVRvR3JvdXBSZXN1bHRzPSJGYWxzZSIgLz4NCiAgICAgICAgPFF1ZXJ5U3RyaW5nUGFyYW1ldGVyIE5hbWU9InNmdiIgVmFsdWU9IjEtMC0yOCIgUmVjb3JkZWRWYWx1ZT0iMS0wLTI4IiBDb3JyZWxhdGlvbkJpbmRpbmc9IiIgVXJsRW5jb2RlPSJGYWxzZSIgVXNlVG9Hcm91cFJlc3VsdHM9IkZhbHNlIiAvPg0KICAgICAgICA8UXVlcnlTdHJpbmdQYXJhbWV0ZXIgTmFtZT0iaXVfcGFydHMiIFZhbHVlPSI0MjgyJTJDd2ViJTJDbXBubC4wJTJDc2VhcmNoJTJDc3JwJTJDbHJwX21pZCIgUmVjb3JkZWRWYWx1ZT0iNDI4MiUyQ3dlYiUyQ21wbmwuMCUyQ3NlYXJjaCUyQ3NycCUyQ2xycF9taWQiIENvcnJlbGF0aW9uQmluZGluZz0iIiBVcmxFbmNvZGU9IkZhbHNlIiBVc2VUb0dyb3VwUmVzdWx0cz0iRmFsc2UiIC8+DQogICAgICAgIDxRdWVyeVN0cmluZ1BhcmFtZXRlciBOYW1lPSJlbmNfcHJldl9pdXMiIFZhbHVlPSIlMkYwJTJGMSUyRjIlMkYzJTJGNCUyRjUiIFJlY29yZGVkVmFsdWU9IiUyRjAlMkYxJTJGMiUyRjMlMkY0JTJGNSIgQ29ycmVsYXRpb25CaW5kaW5nPSIiIFVybEVuY29kZT0iRmFsc2UiIFVzZVRvR3JvdXBSZXN1bHRzPSJGYWxzZSIgLz4NCiAgICAgICAgPFF1ZXJ5U3RyaW5nUGFyYW1ldGVyIE5hbWU9InByZXZfaXVfc3pzIiBWYWx1ZT0iNzYweDEwMCU3QzcyOHg5MCIgUmVjb3JkZWRWYWx1ZT0iNzYweDEwMCU3QzcyOHg5MCIgQ29ycmVsYXRpb25CaW5kaW5nPSIiIFVybEVuY29kZT0iRmFsc2UiIFVzZVRvR3JvdXBSZXN1bHRzPSJGYWxzZSIgLz4NCiAgICAgICAgPFF1ZXJ5U3RyaW5nUGFyYW1ldGVyIE5hbWU9InJjcyIgVmFsdWU9IjEiIFJlY29yZGVkVmFsdWU9IjEiIENvcnJlbGF0aW9uQmluZGluZz0iIiBVcmxFbmNvZGU9IkZhbHNlIiBVc2VUb0dyb3VwUmVzdWx0cz0iRmFsc2UiIC8+DQogICAgICAgIDxRdWVyeVN0cmluZ1BhcmFtZXRlciBOYW1lPSJwcmV2X3NjcCIgVmFsdWU9ImN0JTNEMCUyNnB0ZyUzRGF1cjU0NTNfYSUyQ2F1cjU2MDZfYSUyQ2F1cjU2MDdfYSUyQ2F1cjQ5MjVfYyUyQ2F1cjUzMzdfYiUyQ2F1cjUwNzFfYiUyQ2F1cjUwNzBfYSUyQ2F1cjU3NDlfYSUyQ2F1cjQ5NzQtYW5kcm9pZF9iJTJDYXVyNTQ4Nl9iJTJDYXVyNTM3OV9iJTJDYXVyNDk1OV9hJTJDYXVyNTM4MF9kJTJDYXVyNDg0Ml9hJTJDYXVyNTQxNV9iJTJDYXVyNTQzMl9hJTJDYXVyNTk0M19jJTJDYXVyNDExMF9mJTJDYXVyNTU1OV9jJTI2cHQlM0RzcnAlMjZwb3MlM0RscnBfbWlkJTI2aG4lM0R3d3cubWFya3RwbGFhdHMubmwlMjZrdyUzRGF1dG8lMjZsaSUzRDAlMjZ1c2VyaWQlM0QlMjZzZXNzaW9uaWQlM0Q4ZDNlOWUxYy0xNzkwLTRjMjktYTY1OC1jNjAwOWFhYTRhYTAlMjZpaWQlM0Q5ZjQzN2NjZC01ODEzLTBhZTUtMTVkMS1jMWRmY2ZlZDY4NTQlMjZhdXMlM0QzNTgyNTYyMjk0JTI2aGIlM0QxJTI2aG9kJTNEMTIlMjZzZiUzRDQlMjZhZF9ncm91cCUzRGFkX29wdCUyNmhiX3NpemVfYXBwbmV4dXMlM0QlMjZoYl9wYl9hcHBuZXh1cyUzRCUyNmhiX2FkaWRfYXBwbmV4dXMlM0QlMjZoYl9iaWRkZXJfYXBwbmV4dXMlM0QlMjZoYl9zaXplJTNEJTI2aGJfcGIlM0QlMjZoYl9hZGlkJTNEJTI2aGJfYmlkZGVyJTNEIiBSZWNvcmRlZFZhbHVlPSJjdCUzRDAlMjZwdGclM0RhdXI1NDUzX2ElMkNhdXI1NjA2X2ElMkNhdXI1NjA3X2ElMkNhdXI0OTI1X2MlMkNhdXI1MzM3X2IlMkNhdXI1MDcxX2IlMkNhdXI1MDcwX2ElMkNhdXI1NzQ5X2ElMkNhdXI0OTc0LWFuZHJvaWRfYiUyQ2F1cjU0ODZfYiUyQ2F1cjUzNzlfYiUyQ2F1cjQ5NTlfYSUyQ2F1cjUzODBfZCUyQ2F1cjQ4NDJfYSUyQ2F1cjU0MTVfYiUyQ2F1cjU0MzJfYSUyQ2F1cjU5NDNfYyUyQ2F1cjQxMTBfZiUyQ2F1cjU1NTlfYyUyNnB0JTNEc3JwJTI2cG9zJTNEbHJwX21pZCUyNmhuJTNEd3d3Lm1hcmt0cGxhYXRzLm5sJTI2a3clM0RhdXRvJTI2bGklM0QwJTI2dXNlcmlkJTNEJTI2c2Vzc2lvbmlkJTNEOGQzZTllMWMtMTc5MC00YzI5LWE2NTgtYzYwMDlhYWE0YWEwJTI2aWlkJTNEOWY0MzdjY2QtNTgxMy0wYWU1LTE1ZDEtYzFkZmNmZWQ2ODU0JTI2YXVzJTNEMzU4MjU2MjI5NCUyNmhiJTNEMSUyNmhvZCUzRDEyJTI2c2YlM0Q0JTI2YWRfZ3JvdXAlM0RhZF9vcHQlMjZoYl9zaXplX2FwcG5leHVzJTNEJTI2aGJfcGJfYXBwbmV4dXMlM0QlMjZoYl9hZGlkX2FwcG5leHVzJTNEJTI2aGJfYmlkZGVyX2FwcG5leHVzJTNEJTI2aGJfc2l6ZSUzRCUyNmhiX3BiJTNEJTI2aGJfYWRpZCUzRCUyNmhiX2JpZGRlciUzRCIgQ29ycmVsYXRpb25CaW5kaW5nPSIiIFVybEVuY29kZT0iRmFsc2UiIFVzZVRvR3JvdXBSZXN1bHRzPSJGYWxzZSIgLz4NCiAgICAgICAgPFF1ZXJ5U3RyaW5nUGFyYW1ldGVyIE5hbWU9ImVyaSIgVmFsdWU9IjEiIFJlY29yZGVkVmFsdWU9IjEiIENvcnJlbGF0aW9uQmluZGluZz0iIiBVcmxFbmNvZGU9IkZhbHNlIiBVc2VUb0dyb3VwUmVzdWx0cz0iRmFsc2UiIC8+DQogICAgICAgIDxRdWVyeVN0cmluZ1BhcmFtZXRlciBOYW1lPSJjdXN0X3BhcmFtcyIgVmFsdWU9InRvJTNEMCUyNnJlZnJlc2glM0R0cnVlIiBSZWNvcmRlZFZhbHVlPSJ0byUzRDAlMjZyZWZyZXNoJTNEdHJ1ZSIgQ29ycmVsYXRpb25CaW5kaW5nPSIiIFVybEVuY29kZT0iRmFsc2UiIFVzZVRvR3JvdXBSZXN1bHRzPSJGYWxzZSIgLz4NCiAgICAgICAgPFF1ZXJ5U3RyaW5nUGFyYW1ldGVyIE5hbWU9ImNvb2tpZSIgVmFsdWU9IklEJTNEOTAyNWU1MDA1MWFkNjRiYiUzQVQlM0QxNTI4ODA2NDAyJTNBUyUzREFMTklfTVpGVlZFdHBYWEhMVzZqdWJuY2dHMHUtVEU4YVEiIFJlY29yZGVkVmFsdWU9IklEJTNEOTAyNWU1MDA1MWFkNjRiYiUzQVQlM0QxNTI4ODA2NDAyJTNBUyUzREFMTklfTVpGVlZFdHBYWEhMVzZqdWJuY2dHMHUtVEU4YVEiIENvcnJlbGF0aW9uQmluZGluZz0iIiBVcmxFbmNvZGU9IkZhbHNlIiBVc2VUb0dyb3VwUmVzdWx0cz0iRmFsc2UiIC8+DQogICAgICAgIDxRdWVyeVN0cmluZ1BhcmFtZXRlciBOYW1lPSJiYyIgVmFsdWU9IjEiIFJlY29yZGVkVmFsdWU9IjEiIENvcnJlbGF0aW9uQmluZGluZz0iIiBVcmxFbmNvZGU9IkZhbHNlIiBVc2VUb0dyb3VwUmVzdWx0cz0iRmFsc2UiIC8+DQogICAgICAgIDxRdWVyeVN0cmluZ1BhcmFtZXRlciBOYW1lPSJhYnhlIiBWYWx1ZT0iMSIgUmVjb3JkZWRWYWx1ZT0iMSIgQ29ycmVsYXRpb25CaW5kaW5nPSIiIFVybEVuY29kZT0iRmFsc2UiIFVzZVRvR3JvdXBSZXN1bHRzPSJGYWxzZSIgLz4NCiAgICAgICAgPFF1ZXJ5U3RyaW5nUGFyYW1ldGVyIE5hbWU9ImxtdCIgVmFsdWU9IjE1Mjg4MDY0MTYiIFJlY29yZGVkVmFsdWU9IjE1Mjg4MDY0MTYiIENvcnJlbGF0aW9uQmluZGluZz0iIiBVcmxFbmNvZGU9IkZhbHNlIiBVc2VUb0dyb3VwUmVzdWx0cz0iRmFsc2UiIC8+DQogICAgICAgIDxRdWVyeVN0cmluZ1BhcmFtZXRlciBOYW1lPSJkdCIgVmFsdWU9IjE1Mjg4MDY0MTYwMjQiIFJlY29yZGVkVmFsdWU9IjE1Mjg4MDY0MTYwMjQiIENvcnJlbGF0aW9uQmluZGluZz0iIiBVcmxFbmNvZGU9IkZhbHNlIiBVc2VUb0dyb3VwUmVzdWx0cz0iRmFsc2UiIC8+DQogICAgICAgIDxRdWVyeVN0cmluZ1BhcmFtZXRlciBOYW1lPSJkbHQiIFZhbHVlPSIxNTI4ODA2NDEyMjA1IiBSZWNvcmRlZFZhbHVlPSIxNTI4ODA2NDEyMjA1IiBDb3JyZWxhdGlvbkJpbmRpbmc9IiIgVXJsRW5jb2RlPSJGYWxzZSIgVXNlVG9Hcm91cFJlc3VsdHM9IkZhbHNlIiAvPg0KICAgICAgICA8UXVlcnlTdHJpbmdQYXJhbWV0ZXIgTmFtZT0iaWR0IiBWYWx1ZT0iMTczMCIgUmVjb3JkZWRWYWx1ZT0iMTczMCIgQ29ycmVsYXRpb25CaW5kaW5nPSIiIFVybEVuY29kZT0iRmFsc2UiIFVzZVRvR3JvdXBSZXN1bHRzPSJGYWxzZSIgLz4NCiAgICAgICAgPFF1ZXJ5U3RyaW5nUGFyYW1ldGVyIE5hbWU9ImZybSIgVmFsdWU9IjIwIiBSZWNvcmRlZFZhbHVlPSIyMCIgQ29ycmVsYXRpb25CaW5kaW5nPSIiIFVybEVuY29kZT0iRmFsc2UiIFVzZVRvR3JvdXBSZXN1bHRzPSJGYWxzZSIgLz4NCiAgICAgICAgPFF1ZXJ5U3RyaW5nUGFyYW1ldGVyIE5hbWU9ImJpdyIgVmFsdWU9IjEyNzQiIFJlY29yZGVkVmFsdWU9IjEyNzQiIENvcnJlbGF0aW9uQmluZGluZz0iIiBVcmxFbmNvZGU9IkZhbHNlIiBVc2VUb0dyb3VwUmVzdWx0cz0iRmFsc2UiIC8+DQogICAgICAgIDxRdWVyeVN0cmluZ1BhcmFtZXRlciBOYW1lPSJiaWgiIFZhbHVlPSI4NjgiIFJlY29yZGVkVmFsdWU9Ijg2OCIgQ29ycmVsYXRpb25CaW5kaW5nPSIiIFVybEVuY29kZT0iRmFsc2UiIFVzZVRvR3JvdXBSZXN1bHRzPSJGYWxzZSIgLz4NCiAgICAgICAgPFF1ZXJ5U3RyaW5nUGFyYW1ldGVyIE5hbWU9Im9pZCIgVmFsdWU9IjMiIFJlY29yZGVkVmFsdWU9IjMiIENvcnJlbGF0aW9uQmluZGluZz0iIiBVcmxFbmNvZGU9IkZhbHNlIiBVc2VUb0dyb3VwUmVzdWx0cz0iRmFsc2UiIC8+DQogICAgICAgIDxRdWVyeVN0cmluZ1BhcmFtZXRlciBOYW1lPSJhZHhzIiBWYWx1ZT0iMzYxIiBSZWNvcmRlZFZhbHVlPSIzNjEiIENvcnJlbGF0aW9uQmluZGluZz0iIiBVcmxFbmNvZGU9IkZhbHNlIiBVc2VUb0dyb3VwUmVzdWx0cz0iRmFsc2UiIC8+DQogICAgICAgIDxRdWVyeVN0cmluZ1BhcmFtZXRlciBOYW1lPSJhZHlzIiBWYWx1ZT0iMTM3NyIgUmVjb3JkZWRWYWx1ZT0iMTM3NyIgQ29ycmVsYXRpb25CaW5kaW5nPSIiIFVybEVuY29kZT0iRmFsc2UiIFVzZVRvR3JvdXBSZXN1bHRzPSJGYWxzZSIgLz4NCiAgICAgICAgPFF1ZXJ5U3RyaW5nUGFyYW1ldGVyIE5hbWU9ImFka3MiIFZhbHVlPSI0MDgxOTc4NDc4IiBSZWNvcmRlZFZhbHVlPSI0MDgxOTc4NDc4IiBDb3JyZWxhdGlvbkJpbmRpbmc9IiIgVXJsRW5jb2RlPSJGYWxzZSIgVXNlVG9Hcm91cFJlc3VsdHM9IkZhbHNlIiAvPg0KICAgICAgICA8UXVlcnlTdHJpbmdQYXJhbWV0ZXIgTmFtZT0iZ3V0IiBWYWx1ZT0idjIiIFJlY29yZGVkVmFsdWU9InYyIiBDb3JyZWxhdGlvbkJpbmRpbmc9IiIgVXJsRW5jb2RlPSJGYWxzZSIgVXNlVG9Hcm91cFJlc3VsdHM9IkZhbHNlIiAvPg0KICAgICAgICA8UXVlcnlTdHJpbmdQYXJhbWV0ZXIgTmFtZT0iaWZpIiBWYWx1ZT0iMTIiIFJlY29yZGVkVmFsdWU9IjEyIiBDb3JyZWxhdGlvbkJpbmRpbmc9IiIgVXJsRW5jb2RlPSJGYWxzZSIgVXNlVG9Hcm91cFJlc3VsdHM9IkZhbHNlIiAvPg0KICAgICAgICA8UXVlcnlTdHJpbmdQYXJhbWV0ZXIgTmFtZT0idV90eiIgVmFsdWU9IjEyMCIgUmVjb3JkZWRWYWx1ZT0iMTIwIiBDb3JyZWxhdGlvbkJpbmRpbmc9IiIgVXJsRW5jb2RlPSJGYWxzZSIgVXNlVG9Hcm91cFJlc3VsdHM9IkZhbHNlIiAvPg0KICAgICAgICA8UXVlcnlTdHJpbmdQYXJhbWV0ZXIgTmFtZT0idV9oaXMiIFZhbHVlPSIzIiBSZWNvcmRlZFZhbHVlPSIzIiBDb3JyZWxhdGlvbkJpbmRpbmc9IiIgVXJsRW5jb2RlPSJGYWxzZSIgVXNlVG9Hcm91cFJlc3VsdHM9IkZhbHNlIiAvPg0KICAgICAgICA8UXVlcnlTdHJpbmdQYXJhbWV0ZXIgTmFtZT0idV9qYXZhIiBWYWx1ZT0idHJ1ZSIgUmVjb3JkZWRWYWx1ZT0idHJ1ZSIgQ29ycmVsYXRpb25CaW5kaW5nPSIiIFVybEVuY29kZT0iRmFsc2UiIFVzZVRvR3JvdXBSZXN1bHRzPSJGYWxzZSIgLz4NCiAgICAgICAgPFF1ZXJ5U3RyaW5nUGFyYW1ldGVyIE5hbWU9InVfaCIgVmFsdWU9Ijk1NSIgUmVjb3JkZWRWYWx1ZT0iOTU1IiBDb3JyZWxhdGlvbkJpbmRpbmc9IiIgVXJsRW5jb2RlPSJGYWxzZSIgVXNlVG9Hcm91cFJlc3VsdHM9IkZhbHNlIiAvPg0KICAgICAgICA8UXVlcnlTdHJpbmdQYXJhbWV0ZXIgTmFtZT0idV93IiBWYWx1ZT0iMTUyNyIgUmVjb3JkZWRWYWx1ZT0iMTUyNyIgQ29ycmVsYXRpb25CaW5kaW5nPSIiIFVybEVuY29kZT0iRmFsc2UiIFVzZVRvR3JvdXBSZXN1bHRzPSJGYWxzZSIgLz4NCiAgICAgICAgPFF1ZXJ5U3RyaW5nUGFyYW1ldGVyIE5hbWU9InVfYWgiIFZhbHVlPSI5MTgiIFJlY29yZGVkVmFsdWU9IjkxOCIgQ29ycmVsYXRpb25CaW5kaW5nPSIiIFVybEVuY29kZT0iRmFsc2UiIFVzZVRvR3JvdXBSZXN1bHRzPSJGYWxzZSIgLz4NCiAgICAgICAgPFF1ZXJ5U3RyaW5nUGFyYW1ldGVyIE5hbWU9InVfYXciIFZhbHVlPSIxNTI3IiBSZWNvcmRlZFZhbHVlPSIxNTI3IiBDb3JyZWxhdGlvbkJpbmRpbmc9IiIgVXJsRW5jb2RlPSJGYWxzZSIgVXNlVG9Hcm91cFJlc3VsdHM9IkZhbHNlIiAvPg0KICAgICAgICA8UXVlcnlTdHJpbmdQYXJhbWV0ZXIgTmFtZT0idV9jZCIgVmFsdWU9IjI0IiBSZWNvcmRlZFZhbHVlPSIyNCIgQ29ycmVsYXRpb25CaW5kaW5nPSIiIFVybEVuY29kZT0iRmFsc2UiIFVzZVRvR3JvdXBSZXN1bHRzPSJGYWxzZSIgLz4NCiAgICAgICAgPFF1ZXJ5U3RyaW5nUGFyYW1ldGVyIE5hbWU9InVfbnBsdWciIFZhbHVlPSIxIiBSZWNvcmRlZFZhbHVlPSIxIiBDb3JyZWxhdGlvbkJpbmRpbmc9IiIgVXJsRW5jb2RlPSJGYWxzZSIgVXNlVG9Hcm91cFJlc3VsdHM9IkZhbHNlIiAvPg0KICAgICAgICA8UXVlcnlTdHJpbmdQYXJhbWV0ZXIgTmFtZT0idV9ubWltZSIgVmFsdWU9IjIiIFJlY29yZGVkVmFsdWU9IjIiIENvcnJlbGF0aW9uQmluZGluZz0iIiBVcmxFbmNvZGU9IkZhbHNlIiBVc2VUb0dyb3VwUmVzdWx0cz0iRmFsc2UiIC8+DQogICAgICAgIDxRdWVyeVN0cmluZ1BhcmFtZXRlciBOYW1lPSJ1X3NkIiBWYWx1ZT0iMS4xIiBSZWNvcmRlZFZhbHVlPSIxLjEiIENvcnJlbGF0aW9uQmluZGluZz0iIiBVcmxFbmNvZGU9IkZhbHNlIiBVc2VUb0dyb3VwUmVzdWx0cz0iRmFsc2UiIC8+DQogICAgICAgIDxRdWVyeVN0cmluZ1BhcmFtZXRlciBOYW1lPSJmbGFzaCIgVmFsdWU9IjI5LjAuMCIgUmVjb3JkZWRWYWx1ZT0iMjkuMC4wIiBDb3JyZWxhdGlvbkJpbmRpbmc9IiIgVXJsRW5jb2RlPSJGYWxzZSIgVXNlVG9Hcm91cFJlc3VsdHM9IkZhbHNlIiAvPg0KICAgICAgICA8UXVlcnlTdHJpbmdQYXJhbWV0ZXIgTmFtZT0idXJsIiBWYWx1ZT0iaHR0cHMlM0ElMkYlMkZ3d3cubWFya3RwbGFhdHMubmwlMkZ6Lmh0bWwlM0ZxdWVyeSUzRGF1dG8lMjZjYXRlZ29yeUlkJTNEMCUyNnBvc3Rjb2RlJTNEJTI2ZGlzdGFuY2UlM0QwIiBSZWNvcmRlZFZhbHVlPSJodHRwcyUzQSUyRiUyRnd3dy5tYXJrdHBsYWF0cy5ubCUyRnouaHRtbCUzRnF1ZXJ5JTNEYXV0byUyNmNhdGVnb3J5SWQlM0QwJTI2cG9zdGNvZGUlM0QlMjZkaXN0YW5jZSUzRDAiIENvcnJlbGF0aW9uQmluZGluZz0iIiBVcmxFbmNvZGU9IkZhbHNlIiBVc2VUb0dyb3VwUmVzdWx0cz0iRmFsc2UiIC8+DQogICAgICAgIDxRdWVyeVN0cmluZ1BhcmFtZXRlciBOYW1lPSJyZWYiIFZhbHVlPSJodHRwcyUzQSUyRiUyRnd3dy5tYXJrdHBsYWF0cy5ubCUyRiIgUmVjb3JkZWRWYWx1ZT0iaHR0cHMlM0ElMkYlMkZ3d3cubWFya3RwbGFhdHMubmwlMkYiIENvcnJlbGF0aW9uQmluZGluZz0iIiBVcmxFbmNvZGU9IkZhbHNlIiBVc2VUb0dyb3VwUmVzdWx0cz0iRmFsc2UiIC8+DQogICAgICAgIDxRdWVyeVN0cmluZ1BhcmFtZXRlciBOYW1lPSJkc3N6IiBWYWx1ZT0iNjQiIFJlY29yZGVkVmFsdWU9IjY0IiBDb3JyZWxhdGlvbkJpbmRpbmc9IiIgVXJsRW5jb2RlPSJGYWxzZSIgVXNlVG9Hcm91cFJlc3VsdHM9IkZhbHNlIiAvPg0KICAgICAgICA8UXVlcnlTdHJpbmdQYXJhbWV0ZXIgTmFtZT0iaWNzZyIgVmFsdWU9IjY1Njc1MjIxNTk4MjA4MCIgUmVjb3JkZWRWYWx1ZT0iNjU2NzUyMjE1OTgyMDgwIiBDb3JyZWxhdGlvbkJpbmRpbmc9IiIgVXJsRW5jb2RlPSJGYWxzZSIgVXNlVG9Hcm91cFJlc3VsdHM9IkZhbHNlIiAvPg0KICAgICAgICA8UXVlcnlTdHJpbmdQYXJhbWV0ZXIgTmFtZT0ibXNvIiBWYWx1ZT0iMTYwIiBSZWNvcmRlZFZhbHVlPSIxNjAiIENvcnJlbGF0aW9uQmluZGluZz0iIiBVcmxFbmNvZGU9IkZhbHNlIiBVc2VUb0dyb3VwUmVzdWx0cz0iRmFsc2UiIC8+DQogICAgICAgIDxRdWVyeVN0cmluZ1BhcmFtZXRlciBOYW1lPSJ2aXMiIFZhbHVlPSIxIiBSZWNvcmRlZFZhbHVlPSIxIiBDb3JyZWxhdGlvbkJpbmRpbmc9IiIgVXJsRW5jb2RlPSJGYWxzZSIgVXNlVG9Hcm91cFJlc3VsdHM9IkZhbHNlIiAvPg0KICAgICAgICA8UXVlcnlTdHJpbmdQYXJhbWV0ZXIgTmFtZT0ic2NyX3giIFZhbHVlPSIwIiBSZWNvcmRlZFZhbHVlPSIwIiBDb3JyZWxhdGlvbkJpbmRpbmc9IiIgVXJsRW5jb2RlPSJGYWxzZSIgVXNlVG9Hcm91cFJlc3VsdHM9IkZhbHNlIiAvPg0KICAgICAgICA8UXVlcnlTdHJpbmdQYXJhbWV0ZXIgTmFtZT0ic2NyX3kiIFZhbHVlPSIwIiBSZWNvcmRlZFZhbHVlPSIwIiBDb3JyZWxhdGlvbkJpbmRpbmc9IiIgVXJsRW5jb2RlPSJGYWxzZSIgVXNlVG9Hcm91cFJlc3VsdHM9IkZhbHNlIiAvPg0KICAgICAgICA8UXVlcnlTdHJpbmdQYXJhbWV0ZXIgTmFtZT0icHN6IiBWYWx1ZT0iNzcxeDUzMTYiIFJlY29yZGVkVmFsdWU9Ijc3MXg1MzE2IiBDb3JyZWxhdGlvbkJpbmRpbmc9IiIgVXJsRW5jb2RlPSJGYWxzZSIgVXNlVG9Hcm91cFJlc3VsdHM9IkZhbHNlIiAvPg0KICAgICAgICA8UXVlcnlTdHJpbmdQYXJhbWV0ZXIgTmFtZT0iZ2FfdmlkIiBWYWx1ZT0iMTU4OTczNDIyMC4xNTI4ODA2Mzk0IiBSZWNvcmRlZFZhbHVlPSIxNTg5NzM0MjIwLjE1Mjg4MDYzOTQiIENvcnJlbGF0aW9uQmluZGluZz0iIiBVcmxFbmNvZGU9IkZhbHNlIiBVc2VUb0dyb3VwUmVzdWx0cz0iRmFsc2UiIC8+DQogICAgICAgIDxRdWVyeVN0cmluZ1BhcmFtZXRlciBOYW1lPSJnYV9zaWQiIFZhbHVlPSIxNTI4ODA2NDE2IiBSZWNvcmRlZFZhbHVlPSIxNTI4ODA2NDE2IiBDb3JyZWxhdGlvbkJpbmRpbmc9IiIgVXJsRW5jb2RlPSJGYWxzZSIgVXNlVG9Hcm91cFJlc3VsdHM9IkZhbHNlIiAvPg0KICAgICAgICA8UXVlcnlTdHJpbmdQYXJhbWV0ZXIgTmFtZT0iZ2FfaGlkIiBWYWx1ZT0iNTc2MTM4OTU0IiBSZWNvcmRlZFZhbHVlPSI1NzYxMzg5NTQiIENvcnJlbGF0aW9uQmluZGluZz0iIiBVcmxFbmNvZGU9IkZhbHNlIiBVc2VUb0dyb3VwUmVzdWx0cz0iRmFsc2UiIC8+DQogICAgICA8L1F1ZXJ5U3RyaW5nUGFyYW1ldGVycz4NCiAgICA8L1JlcXVlc3Q+DQogICAgPFJlcXVlc3QgTWV0aG9kPSJQT1NUIiBHdWlkPSI4Y2IwYzMyNS0xODRlLTQ3NzQtYWM0Yy1jY2NmNTlhNjZkNjAiIFZlcnNpb249IjEuMSIgVXJsPSJodHRwczovL2FwaS5tYXJrdHBsYWF0cy5ubC9hdWRpZW5jZS10YXJnZXRpbmcvdjEvZXZlbnQiIFRoaW5rVGltZT0iMCIgVGltZW91dD0iMzAwIiBQYXJzZURlcGVuZGVudFJlcXVlc3RzPSJUcnVlIiBGb2xsb3dSZWRpcmVjdHM9IlRydWUiIFJlY29yZFJlc3VsdD0iVHJ1ZSIgQ2FjaGU9IkZhbHNlIiBSZXNwb25zZVRpbWVHb2FsPSIwIiBFbmNvZGluZz0idXRmLTgiIEV4cGVjdGVkSHR0cFN0YXR1c0NvZGU9IjAiIEV4cGVjdGVkUmVzcG9uc2VVcmw9IiIgUmVwb3J0aW5nTmFtZT0iIiBJZ25vcmVIdHRwU3RhdHVzQ29kZT0iRmFsc2UiPg0KICAgICAgPEhlYWRlcnM+DQogICAgICAgIDxIZWFkZXIgTmFtZT0iUmVmZXJlciIgVmFsdWU9Imh0dHBzOi8vd3d3Lm1hcmt0cGxhYXRzLm5sL3ouaHRtbD9xdWVyeT1hdXRvJmFtcDtjYXRlZ29yeUlkPTAmYW1wO3Bvc3Rjb2RlPSZhbXA7ZGlzdGFuY2U9MCIgLz4NCiAgICAgIDwvSGVhZGVycz4NCiAgICAgIDxTdHJpbmdIdHRwQm9keSBDb250ZW50VHlwZT0iYXBwbGljYXRpb24vanNvbiIgSW5zZXJ0Qnl0ZU9yZGVyTWFyaz0iRmFsc2UiPmV3QWlBR2tBYmdCMEFHVUFiZ0IwQUNJQU9nQWlBSE1BWlFCaEFISUFZd0JvQUNJQUxBQWlBR1lBYVFCdUFHY0FaUUJ5QUZBQWNnQnBBRzRBZEFBaUFEb0FJZ0EwQURJQVlRQTFBRFVBWmdBekFHUUFMUUF4QUdVQVlnQm1BQzBBTkFCakFEa0FaUUF0QURnQU9BQTRBR1VBTFFBM0FEVUFZZ0JqQUdJQVl3QTNBR1VBWVFBNEFHRUFPQUFpQUN3QUlnQnpBR1VBWVFCeUFHTUFhQUJSQUhVQVpRQnlBSGtBSWdBNkFDSUFZUUIxQUhRQWJ3QWlBQ3dBSWdCekFHVUFZUUJ5QUdNQWFBQlFBRzhBY3dCMEFHRUFiQUJEQUc4QVpBQmxBQ0lBT2dBaUFDSUFMQUFpQUhNQVpRQmhBSElBWXdCb0FFRUFkQUIwQUhJQWFRQmlBSFVBZEFCbEFITUFJZ0E2QUhzQWZRQXNBQ0lBY3dCdkFISUFkQUJVQUhrQWNBQmxBQ0lBT2dBaUFITUFkQUJoQUc0QVpBQmhBR0VBY2dCa0FDSUFMQUFpQUhNQWJ3QnlBSFFBVHdCeUFHUUFaUUJ5QUNJQU9nQWlBR1FBWlFCakFISUFaUUJoQUhNQWFRQnVBR2NBSWdBc0FDSUFaQUJsQUhZQWFRQmpBR1VBSWdBNkFDSUFkd0JsQUdJQUlnQXNBQ0lBZFFCMUFHa0FaQUFpQURvQUlnQTBBREFBT0FBNEFEZ0FNQUE0QURnQU1nQXhBRGdBT1FBeUFERUFNd0E1QURFQU5RQXpBRFFBTlFBM0FESUFNZ0E0QURJQU5RQXdBRGdBTndBMUFEZ0FOd0F6QURNQU1RQTBBRGdBSWdCOUFBPT08L1N0cmluZ0h0dHBCb2R5Pg0KICAgIDwvUmVxdWVzdD4NCiAgICA8UmVxdWVzdCBNZXRob2Q9IkdFVCIgR3VpZD0iZTAzOGRhODQtMTQ2My00YWEwLTllODgtZTg0Yzc2MzQyMjY2IiBWZXJzaW9uPSIxLjEiIFVybD0iaHR0cHM6Ly9jb25uZWN0LmZhY2Vib29rLm5ldC9zaWduYWxzL2NvbmZpZy8xNzA2OTMxMjUyOTUzMDYwIiBUaGlua1RpbWU9IjAiIFRpbWVvdXQ9IjMwMCIgUGFyc2VEZXBlbmRlbnRSZXF1ZXN0cz0iVHJ1ZSIgRm9sbG93UmVkaXJlY3RzPSJUcnVlIiBSZWNvcmRSZXN1bHQ9IlRydWUiIENhY2hlPSJGYWxzZSIgUmVzcG9uc2VUaW1lR29hbD0iMCIgRW5jb2Rpbmc9InV0Zi04IiBFeHBlY3RlZEh0dHBTdGF0dXNDb2RlPSIwIiBFeHBlY3RlZFJlc3BvbnNlVXJsPSIiIFJlcG9ydGluZ05hbWU9IiIgSWdub3JlSHR0cFN0YXR1c0NvZGU9IkZhbHNlIj4NCiAgICAgIDxIZWFkZXJzPg0KICAgICAgICA8SGVhZGVyIE5hbWU9IlJlZmVyZXIiIFZhbHVlPSJodHRwczovL3d3dy5tYXJrdHBsYWF0cy5ubC96Lmh0bWw/cXVlcnk9YXV0byZhbXA7Y2F0ZWdvcnlJZD0wJmFtcDtwb3N0Y29kZT0mYW1wO2Rpc3RhbmNlPTAiIC8+DQogICAgICA8L0hlYWRlcnM+DQogICAgICA8UXVlcnlTdHJpbmdQYXJhbWV0ZXJzPg0KICAgICAgICA8UXVlcnlTdHJpbmdQYXJhbWV0ZXIgTmFtZT0idiIgVmFsdWU9IjIuOC4xNiIgUmVjb3JkZWRWYWx1ZT0iMi44LjE2IiBDb3JyZWxhdGlvbkJpbmRpbmc9IiIgVXJsRW5jb2RlPSJGYWxzZSIgVXNlVG9Hcm91cFJlc3VsdHM9IkZhbHNlIiAvPg0KICAgICAgICA8UXVlcnlTdHJpbmdQYXJhbWV0ZXIgTmFtZT0iciIgVmFsdWU9InN0YWJsZSIgUmVjb3JkZWRWYWx1ZT0ic3RhYmxlIiBDb3JyZWxhdGlvbkJpbmRpbmc9IiIgVXJsRW5jb2RlPSJGYWxzZSIgVXNlVG9Hcm91cFJlc3VsdHM9IkZhbHNlIiAvPg0KICAgICAgPC9RdWVyeVN0cmluZ1BhcmFtZXRlcnM+DQogICAgPC9SZXF1ZXN0Pg0KICAgIDxSZXF1ZXN0IE1ldGhvZD0iUE9TVCIgR3VpZD0iYWM4Mzg1ZDItM2FjNS00OTkyLTkxYzAtZmJmM2I0MzhjZDYxIiBWZXJzaW9uPSIxLjEiIFVybD0iaHR0cHM6Ly9tYXJrdHBsYWF0cy5kZW1kZXgubmV0L2V2ZW50IiBUaGlua1RpbWU9IjAiIFRpbWVvdXQ9IjMwMCIgUGFyc2VEZXBlbmRlbnRSZXF1ZXN0cz0iVHJ1ZSIgRm9sbG93UmVkaXJlY3RzPSJUcnVlIiBSZWNvcmRSZXN1bHQ9IlRydWUiIENhY2hlPSJGYWxzZSIgUmVzcG9uc2VUaW1lR29hbD0iMCIgRW5jb2Rpbmc9InV0Zi04IiBFeHBlY3RlZEh0dHBTdGF0dXNDb2RlPSIwIiBFeHBlY3RlZFJlc3BvbnNlVXJsPSIiIFJlcG9ydGluZ05hbWU9IiIgSWdub3JlSHR0cFN0YXR1c0NvZGU9IkZhbHNlIj4NCiAgICAgIDxIZWFkZXJzPg0KICAgICAgICA8SGVhZGVyIE5hbWU9IlJlZmVyZXIiIFZhbHVlPSJodHRwczovL3d3dy5tYXJrdHBsYWF0cy5ubC96Lmh0bWw/cXVlcnk9YXV0byZhbXA7Y2F0ZWdvcnlJZD0wJmFtcDtwb3N0Y29kZT0mYW1wO2Rpc3RhbmNlPTAiIC8+DQogICAgICA8L0hlYWRlcnM+DQogICAgICA8UXVlcnlTdHJpbmdQYXJhbWV0ZXJzPg0KICAgICAgICA8UXVlcnlTdHJpbmdQYXJhbWV0ZXIgTmFtZT0iX3RzIiBWYWx1ZT0iMTUyODgwNjQxNjg0MCIgUmVjb3JkZWRWYWx1ZT0iMTUyODgwNjQxNjg0MCIgQ29ycmVsYXRpb25CaW5kaW5nPSIiIFVybEVuY29kZT0iRmFsc2UiIFVzZVRvR3JvdXBSZXN1bHRzPSJGYWxzZSIgLz4NCiAgICAgIDwvUXVlcnlTdHJpbmdQYXJhbWV0ZXJzPg0KICAgICAgPEZvcm1Qb3N0SHR0cEJvZHk+DQogICAgICAgIDxGb3JtUG9zdFBhcmFtZXRlciBOYW1lPSJkX21pZCIgVmFsdWU9IjQwNjY3OTc1MTk2NDI0NDI1MDg0NTkyMTEyMDI1NjE2NTU2NzM3IiBSZWNvcmRlZFZhbHVlPSI0MDY2Nzk3NTE5NjQyNDQyNTA4NDU5MjExMjAyNTYxNjU1NjczNyIgQ29ycmVsYXRpb25CaW5kaW5nPSIiIFVybEVuY29kZT0iVHJ1ZSIgLz4NCiAgICAgICAgPEZvcm1Qb3N0UGFyYW1ldGVyIE5hbWU9ImRfbnNpZCIgVmFsdWU9IjAiIFJlY29yZGVkVmFsdWU9IjAiIENvcnJlbGF0aW9uQmluZGluZz0ie3tGb3JtUG9zdFBhcmFtNC5kX25zaWR9fSIgVXJsRW5jb2RlPSJUcnVlIiAvPg0KICAgICAgICA8Rm9ybVBvc3RQYXJhbWV0ZXIgTmFtZT0iZF9sZCIgVmFsdWU9Il90cz0xNTI4ODA2NDE2ODQwIiBSZWNvcmRlZFZhbHVlPSJfdHM9MTUyODgwNjQxNjg0MCIgQ29ycmVsYXRpb25CaW5kaW5nPSIiIFVybEVuY29kZT0iVHJ1ZSIgLz4NCiAgICAgICAgPEZvcm1Qb3N0UGFyYW1ldGVyIE5hbWU9ImRfcnRiZCIgVmFsdWU9Impzb24iIFJlY29yZGVkVmFsdWU9Impzb24iIENvcnJlbGF0aW9uQmluZGluZz0iIiBVcmxFbmNvZGU9IlRydWUiIC8+DQogICAgICAgIDxGb3JtUG9zdFBhcmFtZXRlciBOYW1lPSJkX2pzb252IiBWYWx1ZT0iMSIgUmVjb3JkZWRWYWx1ZT0iMSIgQ29ycmVsYXRpb25CaW5kaW5nPSJ7e0Zvcm1Qb3N0UGFyYW01LmRfanNvbnZ9fSIgVXJsRW5jb2RlPSJUcnVlIiAvPg0KICAgICAgICA8Rm9ybVBvc3RQYXJhbWV0ZXIgTmFtZT0iZF9kc3QiIFZhbHVlPSIxIiBSZWNvcmRlZFZhbHVlPSIxIiBDb3JyZWxhdGlvbkJpbmRpbmc9Int7Rm9ybVBvc3RQYXJhbTYuZF9kc3R9fSIgVXJsRW5jb2RlPSJUcnVlIiAvPg0KICAgICAgPC9Gb3JtUG9zdEh0dHBCb2R5Pg0KICAgIDwvUmVxdWVzdD4NCiAgICA8UmVxdWVzdCBNZXRob2Q9IkdFVCIgR3VpZD0iMjEyMWYwODYtYjQ1Zi00N2ExLWEzZDgtYzUxNjM5MDUxYWEyIiBWZXJzaW9uPSIxLjEiIFVybD0iaHR0cHM6Ly9oYi1lbmRwb2ludC1lbGItMzA3ODQxNDExLmFkb21pay5jb20vIiBUaGlua1RpbWU9IjAiIFRpbWVvdXQ9IjMwMCIgUGFyc2VEZXBlbmRlbnRSZXF1ZXN0cz0iVHJ1ZSIgRm9sbG93UmVkaXJlY3RzPSJUcnVlIiBSZWNvcmRSZXN1bHQ9IlRydWUiIENhY2hlPSJGYWxzZSIgUmVzcG9uc2VUaW1lR29hbD0iMCIgRW5jb2Rpbmc9InV0Zi04IiBFeHBlY3RlZEh0dHBTdGF0dXNDb2RlPSIwIiBFeHBlY3RlZFJlc3BvbnNlVXJsPSIiIFJlcG9ydGluZ05hbWU9IiIgSWdub3JlSHR0cFN0YXR1c0NvZGU9IkZhbHNlIj4NCiAgICAgIDxIZWFkZXJzPg0KICAgICAgICA8SGVhZGVyIE5hbWU9IlJlZmVyZXIiIFZhbHVlPSJodHRwczovL3d3dy5tYXJrdHBsYWF0cy5ubC96Lmh0bWw/cXVlcnk9YXV0byZhbXA7Y2F0ZWdvcnlJZD0wJmFtcDtwb3N0Y29kZT0mYW1wO2Rpc3RhbmNlPTAiIC8+DQogICAgICA8L0hlYWRlcnM+DQogICAgICA8UXVlcnlTdHJpbmdQYXJhbWV0ZXJzPg0KICAgICAgICA8UXVlcnlTdHJpbmdQYXJhbWV0ZXIgTmFtZT0icSIgVmFsdWU9IkpHMWhjbXQwY0d4aFlYUnpMVGsyTnpReU12JTJGVDBlUUlKSGQzZHk1dFlYSnJkSEJzWVdGMGN5NXViQXBHTHpReU9ESXZkMlZpTDIxd2Jtd3VNQzl6WldGeVkyZ3ZjM0p3TDJ4eWNGOTBiM0FDc0F1MEFRQUFCQjQwTldVd1pqWTFOVEptTkdObFlUTU9VbFZDU1VOUFRnQUFBQUFBQUp3a0FnQWVOVEJrTW1SbFltRmpNalE0TkdVekhFbE5VRkpQVmtWRVNVZEpWRUZNQUFBQUFBQUE2aVlDQVFBQVJpODBNamd5TDNkbFlpOXRjRzVzTGpBdmMyVmhjbU5vTDNOeWNDOXNjbkJmYldsa0F2QUx5QUVBQUFRZ05EWXlabVkwTURBeE5EUmtZVGxqWXc1U1ZVSkpRMDlPQUFBQUFBQUFoQ2NDQVNBMU1XRmxNMk5pWWpaa01UWTRNemM0SEVsTlVGSlBWa1ZFU1VkSlZFRk1BQUFBQUFBQTdDWUNBUUFBU0M4ME1qZ3lMM2RsWWk5dGNHNXNMakF2YzJWaGNtTm9MM055Y0M5c2NuQmZiR1ZtZEFMd0FiQUpBQUFFSGpRM01tRTJNV1prTXpFM01XRmhZdzVTVlVKSlEwOU9BQUFBQUFBQWhDY0NBUjQxTWpnek0yUmhaR1JtTlRGbU4yWWNTVTFRVWs5V1JVUkpSMGxVUVV3QUFBQUFBQURzSmdJQkFBQkdMelF5T0RJdmQyVmlMMjF3Ym13dU1DOXpaV0Z5WTJndmMzSndMMnh5Y0Y5aWIzUUNxQWQ0QUFBRUhqUTRaR015WmpNMk5qWTJPREJpT1E1U1ZVSkpRMDlPQUFBQUFBQUFoaWNDQVNBMU16QTJNREJsT0dNNE16TTVaak0wSEVsTlVGSlBWa1ZFU1VkSlZFRk1BQUFBQUFBQTdDWUNBUUFBU2k4ME1qZ3lMM2RsWWk5dGNHNXNMakF2YzJWaGNtTm9MM055Y0M5c2NuQmZiR1ZtZERFQzhBR3dDUUFBQWg0ME9XVmhZMlF5TmpSa1pqWXdPVEVPVWxWQ1NVTlBUZ0FBQUFBQUFJZ25BZ0VBQUFBJTNEIiBSZWNvcmRlZFZhbHVlPSJKRzFoY210MGNHeGhZWFJ6TFRrMk56UXlNdiUyRlQwZVFJSkhkM2R5NXRZWEpyZEhCc1lXRjBjeTV1YkFwR0x6UXlPREl2ZDJWaUwyMXdibXd1TUM5elpXRnlZMmd2YzNKd0wyeHljRjkwYjNBQ3NBdTBBUUFBQkI0ME5XVXdaalkxTlRKbU5HTmxZVE1PVWxWQ1NVTlBUZ0FBQUFBQUFKd2tBZ0FlTlRCa01tUmxZbUZqTWpRNE5HVXpIRWxOVUZKUFZrVkVTVWRKVkVGTUFBQUFBQUFBNmlZQ0FRQUFSaTgwTWpneUwzZGxZaTl0Y0c1c0xqQXZjMlZoY21Ob0wzTnljQzlzY25CZmJXbGtBdkFMeUFFQUFBUWdORFl5Wm1ZME1EQXhORFJrWVRsall3NVNWVUpKUTA5T0FBQUFBQUFBaENjQ0FTQTFNV0ZsTTJOaVlqWmtNVFk0TXpjNEhFbE5VRkpQVmtWRVNVZEpWRUZNQUFBQUFBQUE3Q1lDQVFBQVNDODBNamd5TDNkbFlpOXRjRzVzTGpBdmMyVmhjbU5vTDNOeWNDOXNjbkJmYkdWbWRBTHdBYkFKQUFBRUhqUTNNbUUyTVdaa016RTNNV0ZoWXc1U1ZVSkpRMDlPQUFBQUFBQUFoQ2NDQVI0MU1qZ3pNMlJoWkdSbU5URm1OMlljU1UxUVVrOVdSVVJKUjBsVVFVd0FBQUFBQUFEc0pnSUJBQUJHTHpReU9ESXZkMlZpTDIxd2Jtd3VNQzl6WldGeVkyZ3ZjM0p3TDJ4eWNGOWliM1FDcUFkNEFBQUVIalE0WkdNeVpqTTJOalkyT0RCaU9RNVNWVUpKUTA5T0FBQUFBQUFBaGljQ0FTQTFNekEyTURCbE9HTTRNek01WmpNMEhFbE5VRkpQVmtWRVNVZEpWRUZNQUFBQUFBQUE3Q1lDQVFBQVNpODBNamd5TDNkbFlpOXRjRzVzTGpBdmMyVmhjbU5vTDNOeWNDOXNjbkJmYkdWbWRERUM4QUd3Q1FBQUFoNDBPV1ZoWTJReU5qUmtaall3T1RFT1VsVkNTVU5QVGdBQUFBQUFBSWduQWdFQUFBQSUzRCIgQ29ycmVsYXRpb25CaW5kaW5nPSIiIFVybEVuY29kZT0iRmFsc2UiIFVzZVRvR3JvdXBSZXN1bHRzPSJGYWxzZSIgLz4NCiAgICAgIDwvUXVlcnlTdHJpbmdQYXJhbWV0ZXJzPg0KICAgIDwvUmVxdWVzdD4NCiAgICA8UmVxdWVzdCBNZXRob2Q9IlBPU1QiIEd1aWQ9IjRjNWM0MTRmLTE4NWEtNGFkZS1iYWY0LTZiOWExMTUwZjBkOCIgVmVyc2lvbj0iMS4xIiBVcmw9Imh0dHBzOi8vd3d3Lm1hcmt0cGxhYXRzLm5sL21ldHJpY3Mvc2l0ZXNwZWVkIiBUaGlua1RpbWU9IjAiIFRpbWVvdXQ9IjMwMCIgUGFyc2VEZXBlbmRlbnRSZXF1ZXN0cz0iVHJ1ZSIgRm9sbG93UmVkaXJlY3RzPSJUcnVlIiBSZWNvcmRSZXN1bHQ9IlRydWUiIENhY2hlPSJGYWxzZSIgUmVzcG9uc2VUaW1lR29hbD0iMCIgRW5jb2Rpbmc9InV0Zi04IiBFeHBlY3RlZEh0dHBTdGF0dXNDb2RlPSIwIiBFeHBlY3RlZFJlc3BvbnNlVXJsPSIiIFJlcG9ydGluZ05hbWU9IiIgSWdub3JlSHR0cFN0YXR1c0NvZGU9IkZhbHNlIj4NCiAgICAgIDxIZWFkZXJzPg0KICAgICAgICA8SGVhZGVyIE5hbWU9IkFjY2VwdCIgVmFsdWU9IiovKiIgLz4NCiAgICAgICAgPEhlYWRlciBOYW1lPSJYLVJlcXVlc3RlZC1XaXRoIiBWYWx1ZT0iWE1MSHR0cFJlcXVlc3QiIC8+DQogICAgICAgIDxIZWFkZXIgTmFtZT0iUmVmZXJlciIgVmFsdWU9Imh0dHBzOi8vd3d3Lm1hcmt0cGxhYXRzLm5sL3ouaHRtbD9xdWVyeT1hdXRvJmFtcDtjYXRlZ29yeUlkPTAmYW1wO3Bvc3Rjb2RlPSZhbXA7ZGlzdGFuY2U9MCIgLz4NCiAgICAgIDwvSGVhZGVycz4NCiAgICAgIDxTdHJpbmdIdHRwQm9keSBDb250ZW50VHlwZT0iYXBwbGljYXRpb24vanNvbjsgY2hhcnNldD11dGYtOCIgSW5zZXJ0Qnl0ZU9yZGVyTWFyaz0iRmFsc2UiPmV3QWlBSFlBYVFCeUFIUUFkUUJoQUd3QVZRQnlBR3dBSWdBNkFDSUFMd0JNQUZJQUx3QlRBRVVBUVFCU0FFTUFTQUEvQUdNQVBRQXdBQ1lBWVFCdEFIQUFPd0J4QUQwQVlRQjFBSFFBYndBaUFDd0FJZ0IxQUhNQVpRQnlBRUVBWndCbEFHNEFkQUJDQUhJQWJ3QjNBSE1BWlFCeUFDSUFPZ0FpQUcwQWJ3QjZBR2tBYkFCc0FHRUFMd0ExQUM0QU1BQWdBQ2dBZHdCcEFHNEFaQUJ2QUhjQWN3QWdBRzRBZEFBZ0FERUFNQUF1QURBQU93QWdBSGNBYndCM0FEWUFOQUE3QUNBQWRBQnlBR2tBWkFCbEFHNEFkQUF2QURjQUxnQXdBRHNBSUFBdUFHNEFaUUIwQURRQUxnQXdBR01BT3dBZ0FDNEFiZ0JsQUhRQU5BQXVBREFBWlFBN0FDQUFkd0JpQUhnQUlBQXhBQzRBTUFBdUFEQUFPd0FnQUhJQWRnQTZBREVBTVFBdUFEQUFLUUFnQUd3QWFRQnJBR1VBSUFCbkFHVUFZd0JyQUc4QUlnQXNBQ0lBYVFCekFFMEFid0JpQUdrQWJBQmxBQ0lBT2dCbUFHRUFiQUJ6QUdVQUxBQWlBR2dBWVFCekFGQUFaUUJ5QUdZQWJ3QnlBRzBBWVFCdUFHTUFaUUFpQURvQWRBQnlBSFVBWlFBc0FDSUFaQUJ2QUcwQVV3QjBBR0VBY2dCMEFDSUFPZ0F4QURVQU1nQTRBRGdBTUFBMkFEUUFNUUF5QURJQU1BQTFBQ3dBSWdCeUFHVUFaQUJwQUhJQVpRQmpBSFFBVkFCcEFHMEFaUUFpQURvQU1BQXNBQ0lBWXdCdkFHNEFiZ0JsQUdNQWRBQlVBR2tBYlFCbEFDSUFPZ0F3QUN3QUlnQnlBR1VBY1FCMUFHVUFjd0IwQUZRQWFRQnRBR1VBSWdBNkFERUFMQUFpQUhJQVpRQnpBSEFBYndCdUFITUFaUUJVQUdrQWJRQmxBQ0lBT2dBeUFESUFMQUFpQUd3QWJ3QmhBR1FBUlFCMkFHVUFiZ0IwQUZRQWFRQnRBR1VBSWdBNkFETUFNQUEzQURJQUxBQWlBR1FBYndCdEFFTUFid0J1QUhRQVpRQnVBSFFBVkFCcEFHMEFaUUFpQURvQU13QXdBRE1BTUFBc0FDSUFiZ0JsQUhRQWR3QnZBSElBYXdCTUFHRUFkQUJsQUc0QVl3QjVBQ0lBT2dBM0FESUFOd0FzQUNJQWNnQmxBRzRBWkFCbEFISUFWQUJwQUcwQVpRQWlBRG9BTWdBekFEVUFOUUFzQUNJQWRBQnZBSFFBWVFCc0FGQUFZUUJuQUdVQVRBQnZBR0VBWkFBaUFEb0FNd0F3QURnQU1nQXNBQ0lBWkFCdkFHMEFRd0J2QUcwQWNBQnNBR1VBZEFCbEFGUUFhUUJ0QUdVQUlnQTZBRElBTXdBMUFEa0FmUUE9PC9TdHJpbmdIdHRwQm9keT4NCiAgICA8L1JlcXVlc3Q+DQogICAgPFJlcXVlc3QgTWV0aG9kPSJHRVQiIEd1aWQ9ImEyNjMwMTkwLWE5OTgtNDkwNy04MzU4LTA4MWNlN2JjNjllOCIgVmVyc2lvbj0iMS4xIiBVcmw9Imh0dHBzOi8vZ29vZ2xlYWRzLmcuZG91YmxlY2xpY2submV0L3hiYmUvcGl4ZWwiIFRoaW5rVGltZT0iMCIgVGltZW91dD0iMzAwIiBQYXJzZURlcGVuZGVudFJlcXVlc3RzPSJUcnVlIiBGb2xsb3dSZWRpcmVjdHM9IlRydWUiIFJlY29yZFJlc3VsdD0iVHJ1ZSIgQ2FjaGU9IkZhbHNlIiBSZXNwb25zZVRpbWVHb2FsPSIwIiBFbmNvZGluZz0idXRmLTgiIEV4cGVjdGVkSHR0cFN0YXR1c0NvZGU9IjAiIEV4cGVjdGVkUmVzcG9uc2VVcmw9IiIgUmVwb3J0aW5nTmFtZT0iIiBJZ25vcmVIdHRwU3RhdHVzQ29kZT0iRmFsc2UiPg0KICAgICAgPEhlYWRlcnM+DQogICAgICAgIDxIZWFkZXIgTmFtZT0iUmVmZXJlciIgVmFsdWU9Imh0dHBzOi8vdHBjLmdvb2dsZXN5bmRpY2F0aW9uLmNvbS9zYWZlZnJhbWUvMS0wLTI4L2h0bWwvY29udGFpbmVyLmh0bWwiIC8+DQogICAgICA8L0hlYWRlcnM+DQogICAgICA8UXVlcnlTdHJpbmdQYXJhbWV0ZXJzPg0KICAgICAgICA8UXVlcnlTdHJpbmdQYXJhbWV0ZXIgTmFtZT0iZCIgVmFsdWU9IkNPUGlCeERHNGdzWXdhbjNOVEFCIiBSZWNvcmRlZFZhbHVlPSJDT1BpQnhERzRnc1l3YW4zTlRBQiIgQ29ycmVsYXRpb25CaW5kaW5nPSIiIFVybEVuY29kZT0iRmFsc2UiIFVzZVRvR3JvdXBSZXN1bHRzPSJGYWxzZSIgLz4NCiAgICAgICAgPFF1ZXJ5U3RyaW5nUGFyYW1ldGVyIE5hbWU9InYiIFZhbHVlPSJBUEV1Y05VRkptTGZqZzVtRXh3TURlbThIQUVQM0dnbVppbU5SMGVqcW9vS2pMLUhZd0YwMFluOUl2SjA0OVdxeDdjVnZrdWRRdWY1WnRYdU5rY2lsZGdhQW9rbGphTUlmdyIgUmVjb3JkZWRWYWx1ZT0iQVBFdWNOVUZKbUxmamc1bUV4d01EZW04SEFFUDNHZ21aaW1OUjBlanFvb0tqTC1IWXdGMDBZbjlJdkowNDlXcXg3Y1Z2a3VkUXVmNVp0WHVOa2NpbGRnYUFva2xqYU1JZnciIENvcnJlbGF0aW9uQmluZGluZz0iIiBVcmxFbmNvZGU9IkZhbHNlIiBVc2VUb0dyb3VwUmVzdWx0cz0iRmFsc2UiIC8+DQogICAgICA8L1F1ZXJ5U3RyaW5nUGFyYW1ldGVycz4NCiAgICA8L1JlcXVlc3Q+DQogICAgPFJlcXVlc3QgTWV0aG9kPSJHRVQiIEd1aWQ9IjQ5ZmY2YjkyLTMyZjQtNDdlYy1iN2NiLTFmNTY0YTg5YmI3NyIgVmVyc2lvbj0iMS4xIiBVcmw9Imh0dHBzOi8vZ29vZ2xlYWRzLmcuZG91YmxlY2xpY2submV0L3hiYmUvcGl4ZWwiIFRoaW5rVGltZT0iMCIgVGltZW91dD0iMzAwIiBQYXJzZURlcGVuZGVudFJlcXVlc3RzPSJUcnVlIiBGb2xsb3dSZWRpcmVjdHM9IlRydWUiIFJlY29yZFJlc3VsdD0iVHJ1ZSIgQ2FjaGU9IkZhbHNlIiBSZXNwb25zZVRpbWVHb2FsPSIwIiBFbmNvZGluZz0idXRmLTgiIEV4cGVjdGVkSHR0cFN0YXR1c0NvZGU9IjAiIEV4cGVjdGVkUmVzcG9uc2VVcmw9IiIgUmVwb3J0aW5nTmFtZT0iIiBJZ25vcmVIdHRwU3RhdHVzQ29kZT0iRmFsc2UiPg0KICAgICAgPEhlYWRlcnM+DQogICAgICAgIDxIZWFkZXIgTmFtZT0iUmVmZXJlciIgVmFsdWU9Imh0dHBzOi8vdHBjLmdvb2dsZXN5bmRpY2F0aW9uLmNvbS9zYWZlZnJhbWUvMS0wLTI4L2h0bWwvY29udGFpbmVyLmh0bWwiIC8+DQogICAgICA8L0hlYWRlcnM+DQogICAgICA8UXVlcnlTdHJpbmdQYXJhbWV0ZXJzPg0KICAgICAgICA8UXVlcnlTdHJpbmdQYXJhbWV0ZXIgTmFtZT0iZCIgVmFsdWU9IkNPUGlCeERHNGdzWXdhbjNOVEFCIiBSZWNvcmRlZFZhbHVlPSJDT1BpQnhERzRnc1l3YW4zTlRBQiIgQ29ycmVsYXRpb25CaW5kaW5nPSIiIFVybEVuY29kZT0iRmFsc2UiIFVzZVRvR3JvdXBSZXN1bHRzPSJGYWxzZSIgLz4NCiAgICAgICAgPFF1ZXJ5U3RyaW5nUGFyYW1ldGVyIE5hbWU9InYiIFZhbHVlPSJBUEV1Y05YNkV0Nm4wQVZ6SUJKRVRWWS00cXhscDQ5Y0R2azYzN3c5TlIxcGNDWmRsRDJtX0tuRi11eXFVdzJyc1A4OUtiOVZIMjRLdm5vWXdGMVlxeW9WTlhJUk5xZ3dRZyIgUmVjb3JkZWRWYWx1ZT0iQVBFdWNOWDZFdDZuMEFWeklCSkVUVlktNHF4bHA0OWNEdms2Mzd3OU5SMXBjQ1pkbEQybV9LbkYtdXlxVXcycnNQODlLYjlWSDI0S3Zub1l3RjFZcXlvVk5YSVJOcWd3UWciIENvcnJlbGF0aW9uQmluZGluZz0iIiBVcmxFbmNvZGU9IkZhbHNlIiBVc2VUb0dyb3VwUmVzdWx0cz0iRmFsc2UiIC8+DQogICAgICA8L1F1ZXJ5U3RyaW5nUGFyYW1ldGVycz4NCiAgICA8L1JlcXVlc3Q+DQogICAgPFJlcXVlc3QgTWV0aG9kPSJHRVQiIEd1aWQ9IjZjNDU5NjRmLTk5ZjgtNDkxOC05MTliLTc3ODMyYjM1MjViYyIgVmVyc2lvbj0iMS4xIiBVcmw9Imh0dHBzOi8vZ29vZ2xlYWRzLmcuZG91YmxlY2xpY2submV0L3BhZ2VhZC9kcnQvcyIgVGhpbmtUaW1lPSIwIiBUaW1lb3V0PSIzMDAiIFBhcnNlRGVwZW5kZW50UmVxdWVzdHM9IlRydWUiIEZvbGxvd1JlZGlyZWN0cz0iVHJ1ZSIgUmVjb3JkUmVzdWx0PSJUcnVlIiBDYWNoZT0iRmFsc2UiIFJlc3BvbnNlVGltZUdvYWw9IjAiIEVuY29kaW5nPSJ1dGYtOCIgRXhwZWN0ZWRIdHRwU3RhdHVzQ29kZT0iMCIgRXhwZWN0ZWRSZXNwb25zZVVybD0iIiBSZXBvcnRpbmdOYW1lPSIiIElnbm9yZUh0dHBTdGF0dXNDb2RlPSJGYWxzZSI+DQogICAgICA8SGVhZGVycz4NCiAgICAgICAgPEhlYWRlciBOYW1lPSJSZWZlcmVyIiBWYWx1ZT0iaHR0cHM6Ly90cGMuZ29vZ2xlc3luZGljYXRpb24uY29tL3NhZmVmcmFtZS8xLTAtMjgvaHRtbC9jb250YWluZXIuaHRtbCIgLz4NCiAgICAgIDwvSGVhZGVycz4NCiAgICAgIDxRdWVyeVN0cmluZ1BhcmFtZXRlcnM+DQogICAgICAgIDxRdWVyeVN0cmluZ1BhcmFtZXRlciBOYW1lPSJ2IiBWYWx1ZT0icjIwMTIwMjExIiBSZWNvcmRlZFZhbHVlPSJyMjAxMjAyMTEiIENvcnJlbGF0aW9uQmluZGluZz0iIiBVcmxFbmNvZGU9IkZhbHNlIiBVc2VUb0dyb3VwUmVzdWx0cz0iRmFsc2UiIC8+DQogICAgICA8L1F1ZXJ5U3RyaW5nUGFyYW1ldGVycz4NCiAgICA8L1JlcXVlc3Q+DQogICAgPFJlcXVlc3QgTWV0aG9kPSJHRVQiIEd1aWQ9ImQxYmQ2NzE2LTEzNzYtNGNjMi05MzJmLTNiZmI4NzQwNzZlNyIgVmVyc2lvbj0iMS4xIiBVcmw9Imh0dHBzOi8vdHBjLmdvb2dsZXN5bmRpY2F0aW9uLmNvbS9zb2Rhci82dVFUS1FKei5odG1sIiBUaGlua1RpbWU9IjAiIFRpbWVvdXQ9IjMwMCIgUGFyc2VEZXBlbmRlbnRSZXF1ZXN0cz0iVHJ1ZSIgRm9sbG93UmVkaXJlY3RzPSJUcnVlIiBSZWNvcmRSZXN1bHQ9IlRydWUiIENhY2hlPSJGYWxzZSIgUmVzcG9uc2VUaW1lR29hbD0iMCIgRW5jb2Rpbmc9InV0Zi04IiBFeHBlY3RlZEh0dHBTdGF0dXNDb2RlPSIwIiBFeHBlY3RlZFJlc3BvbnNlVXJsPSIiIFJlcG9ydGluZ05hbWU9IiIgSWdub3JlSHR0cFN0YXR1c0NvZGU9IkZhbHNlIj4NCiAgICAgIDxIZWFkZXJzPg0KICAgICAgICA8SGVhZGVyIE5hbWU9IlJlZmVyZXIiIFZhbHVlPSJodHRwczovL3RwYy5nb29nbGVzeW5kaWNhdGlvbi5jb20vc2FmZWZyYW1lLzEtMC0yOC9odG1sL2NvbnRhaW5lci5odG1sIiAvPg0KICAgICAgPC9IZWFkZXJzPg0KICAgIDwvUmVxdWVzdD4NCiAgICA8UmVxdWVzdCBNZXRob2Q9IkdFVCIgR3VpZD0iZTNlYjMyMmItZDVhNC00NTdkLWIzMjMtMWQ1NTQ1MjQ4ZWFjIiBWZXJzaW9uPSIxLjEiIFVybD0iaHR0cHM6Ly9zMC4ybWRuLm5ldC9kZnAvMzAwNjgyLzEzMjA4MjQyLzE1MDkzNjUzMjYzNzYvaW5kZXguaHRtbCIgVGhpbmtUaW1lPSIwIiBUaW1lb3V0PSIzMDAiIFBhcnNlRGVwZW5kZW50UmVxdWVzdHM9IlRydWUiIEZvbGxvd1JlZGlyZWN0cz0iVHJ1ZSIgUmVjb3JkUmVzdWx0PSJUcnVlIiBDYWNoZT0iRmFsc2UiIFJlc3BvbnNlVGltZUdvYWw9IjAiIEVuY29kaW5nPSJ1dGYtOCIgRXhwZWN0ZWRIdHRwU3RhdHVzQ29kZT0iMCIgRXhwZWN0ZWRSZXNwb25zZVVybD0iIiBSZXBvcnRpbmdOYW1lPSIiIElnbm9yZUh0dHBTdGF0dXNDb2RlPSJGYWxzZSI+DQogICAgICA8SGVhZGVycz4NCiAgICAgICAgPEhlYWRlciBOYW1lPSJSZWZlcmVyIiBWYWx1ZT0iaHR0cHM6Ly90cGMuZ29vZ2xlc3luZGljYXRpb24uY29tL3NhZmVmcmFtZS8xLTAtMjgvaHRtbC9jb250YWluZXIuaHRtbCIgLz4NCiAgICAgIDwvSGVhZGVycz4NCiAgICA8L1JlcXVlc3Q+DQogICAgPFJlcXVlc3QgTWV0aG9kPSJHRVQiIEd1aWQ9IjQ4OWQwNzZlLTBjM2QtNGUxZC1hYzNlLTU3YzNjYjU2ZTY4YiIgVmVyc2lvbj0iMS4xIiBVcmw9Imh0dHBzOi8vczAuMm1kbi5uZXQvYWRzL3JpY2htZWRpYS9zdHVkaW8vcHYyLzYwNjkzNTQ0LzIwMTgwNTI4MDQ1MjE4NDY1L2luZGV4Lmh0bWwiIFRoaW5rVGltZT0iMCIgVGltZW91dD0iMzAwIiBQYXJzZURlcGVuZGVudFJlcXVlc3RzPSJUcnVlIiBGb2xsb3dSZWRpcmVjdHM9IlRydWUiIFJlY29yZFJlc3VsdD0iVHJ1ZSIgQ2FjaGU9IkZhbHNlIiBSZXNwb25zZVRpbWVHb2FsPSIwIiBFbmNvZGluZz0idXRmLTgiIEV4cGVjdGVkSHR0cFN0YXR1c0NvZGU9IjAiIEV4cGVjdGVkUmVzcG9uc2VVcmw9IiIgUmVwb3J0aW5nTmFtZT0iIiBJZ25vcmVIdHRwU3RhdHVzQ29kZT0iRmFsc2UiPg0KICAgICAgPEhlYWRlcnM+DQogICAgICAgIDxIZWFkZXIgTmFtZT0iUmVmZXJlciIgVmFsdWU9Imh0dHBzOi8vdHBjLmdvb2dsZXN5bmRpY2F0aW9uLmNvbS9zYWZlZnJhbWUvMS0wLTI4L2h0bWwvY29udGFpbmVyLmh0bWwiIC8+DQogICAgICA8L0hlYWRlcnM+DQogICAgICA8UXVlcnlTdHJpbmdQYXJhbWV0ZXJzPg0KICAgICAgICA8UXVlcnlTdHJpbmdQYXJhbWV0ZXIgTmFtZT0iZSIgVmFsdWU9IjY5IiBSZWNvcmRlZFZhbHVlPSI2OSIgQ29ycmVsYXRpb25CaW5kaW5nPSIiIFVybEVuY29kZT0iRmFsc2UiIFVzZVRvR3JvdXBSZXN1bHRzPSJGYWxzZSIgLz4NCiAgICAgICAgPFF1ZXJ5U3RyaW5nUGFyYW1ldGVyIE5hbWU9InJlbmRlcmluZ1R5cGUiIFZhbHVlPSIyIiBSZWNvcmRlZFZhbHVlPSIyIiBDb3JyZWxhdGlvbkJpbmRpbmc9IiIgVXJsRW5jb2RlPSJGYWxzZSIgVXNlVG9Hcm91cFJlc3VsdHM9IkZhbHNlIiAvPg0KICAgICAgICA8UXVlcnlTdHJpbmdQYXJhbWV0ZXIgTmFtZT0ibGVmdE9mZnNldCIgVmFsdWU9IjAiIFJlY29yZGVkVmFsdWU9IjAiIENvcnJlbGF0aW9uQmluZGluZz0iIiBVcmxFbmNvZGU9IkZhbHNlIiBVc2VUb0dyb3VwUmVzdWx0cz0iRmFsc2UiIC8+DQogICAgICAgIDxRdWVyeVN0cmluZ1BhcmFtZXRlciBOYW1lPSJ0b3BPZmZzZXQiIFZhbHVlPSIwIiBSZWNvcmRlZFZhbHVlPSIwIiBDb3JyZWxhdGlvbkJpbmRpbmc9IiIgVXJsRW5jb2RlPSJGYWxzZSIgVXNlVG9Hcm91cFJlc3VsdHM9IkZhbHNlIiAvPg0KICAgICAgICA8UXVlcnlTdHJpbmdQYXJhbWV0ZXIgTmFtZT0iYyIgVmFsdWU9IllLT3hjSkRTOWUiIFJlY29yZGVkVmFsdWU9IllLT3hjSkRTOWUiIENvcnJlbGF0aW9uQmluZGluZz0iIiBVcmxFbmNvZGU9IkZhbHNlIiBVc2VUb0dyb3VwUmVzdWx0cz0iRmFsc2UiIC8+DQogICAgICAgIDxRdWVyeVN0cmluZ1BhcmFtZXRlciBOYW1lPSJ0IiBWYWx1ZT0iMSIgUmVjb3JkZWRWYWx1ZT0iMSIgQ29ycmVsYXRpb25CaW5kaW5nPSIiIFVybEVuY29kZT0iRmFsc2UiIFVzZVRvR3JvdXBSZXN1bHRzPSJGYWxzZSIgLz4NCiAgICAgIDwvUXVlcnlTdHJpbmdQYXJhbWV0ZXJzPg0KICAgIDwvUmVxdWVzdD4NCiAgICA8UmVxdWVzdCBNZXRob2Q9IlBPU1QiIEd1aWQ9IjBjNTZkMjRlLTI2YmEtNDRiYy04MGFjLTI4ODQ5ZWUwMDk4YiIgVmVyc2lvbj0iMS4xIiBVcmw9Imh0dHBzOi8vd3d3Lm1hcmt0cGxhYXRzLm5sL21ldHJpY3MvZGlzcGxheSIgVGhpbmtUaW1lPSIwIiBUaW1lb3V0PSIzMDAiIFBhcnNlRGVwZW5kZW50UmVxdWVzdHM9IlRydWUiIEZvbGxvd1JlZGlyZWN0cz0iVHJ1ZSIgUmVjb3JkUmVzdWx0PSJUcnVlIiBDYWNoZT0iRmFsc2UiIFJlc3BvbnNlVGltZUdvYWw9IjAiIEVuY29kaW5nPSJ1dGYtOCIgRXhwZWN0ZWRIdHRwU3RhdHVzQ29kZT0iMCIgRXhwZWN0ZWRSZXNwb25zZVVybD0iIiBSZXBvcnRpbmdOYW1lPSIiIElnbm9yZUh0dHBTdGF0dXNDb2RlPSJGYWxzZSI+DQogICAgICA8SGVhZGVycz4NCiAgICAgICAgPEhlYWRlciBOYW1lPSJSZWZlcmVyIiBWYWx1ZT0iaHR0cHM6Ly93d3cubWFya3RwbGFhdHMubmwvei5odG1sP3F1ZXJ5PWF1dG8mYW1wO2NhdGVnb3J5SWQ9MCZhbXA7cG9zdGNvZGU9JmFtcDtkaXN0YW5jZT0wIiAvPg0KICAgICAgPC9IZWFkZXJzPg0KICAgICAgPFN0cmluZ0h0dHBCb2R5IENvbnRlbnRUeXBlPSJhcHBsaWNhdGlvbi9qc29uIiBJbnNlcnRCeXRlT3JkZXJNYXJrPSJGYWxzZSI+ZXdBaUFIWUFhUUJ5QUhRQWRRQmhBR3dBVlFCeUFHd0FJZ0E2QUNJQVVnQmxBSE1BZFFCc0FIUUFjd0JUQUdVQVlRQnlBR01BYUFBaUFDd0FJZ0J6QUd3QWJ3QjBBRklBWlFCdUFHUUFaUUJ5QUdVQVpBQWlBRG9BTmdBMEFESUFOd0I5QUE9PTwvU3RyaW5nSHR0cEJvZHk+DQogICAgPC9SZXF1ZXN0Pg0KICAgIDxSZXF1ZXN0IE1ldGhvZD0iR0VUIiBHdWlkPSJkMzJkOTA4OS1lMjBhLTQ3OTItOGNhYS03MmMyZGJiZWM3ODkiIFZlcnNpb249IjEuMSIgVXJsPSJodHRwczovL3RwYy5nb29nbGVzeW5kaWNhdGlvbi5jb20vc2FmZWZyYW1lLzEtMC0yOC9odG1sL2NvbnRhaW5lci5odG1sIiBUaGlua1RpbWU9IjAiIFRpbWVvdXQ9IjMwMCIgUGFyc2VEZXBlbmRlbnRSZXF1ZXN0cz0iVHJ1ZSIgRm9sbG93UmVkaXJlY3RzPSJUcnVlIiBSZWNvcmRSZXN1bHQ9IlRydWUiIENhY2hlPSJGYWxzZSIgUmVzcG9uc2VUaW1lR29hbD0iMCIgRW5jb2Rpbmc9InV0Zi04IiBFeHBlY3RlZEh0dHBTdGF0dXNDb2RlPSIwIiBFeHBlY3RlZFJlc3BvbnNlVXJsPSIiIFJlcG9ydGluZ05hbWU9IiIgSWdub3JlSHR0cFN0YXR1c0NvZGU9IkZhbHNlIj4NCiAgICAgIDxIZWFkZXJzPg0KICAgICAgICA8SGVhZGVyIE5hbWU9IlJlZmVyZXIiIFZhbHVlPSJodHRwczovL3d3dy5tYXJrdHBsYWF0cy5ubC96Lmh0bWw/cXVlcnk9YXV0byZhbXA7Y2F0ZWdvcnlJZD0wJmFtcDtwb3N0Y29kZT0mYW1wO2Rpc3RhbmNlPTAiIC8+DQogICAgICA8L0hlYWRlcnM+DQogICAgPC9SZXF1ZXN0Pg0KICAgIDxSZXF1ZXN0IE1ldGhvZD0iUE9TVCIgR3VpZD0iODkyNDRkYmMtYjRlNy00MjI3LWE2MDQtOGM0M2FmNDcwYzc5IiBWZXJzaW9uPSIxLjEiIFVybD0iaHR0cHM6Ly93d3cubWFya3RwbGFhdHMubmwvbWV0cmljcy9kaXNwbGF5IiBUaGlua1RpbWU9IjAiIFRpbWVvdXQ9IjMwMCIgUGFyc2VEZXBlbmRlbnRSZXF1ZXN0cz0iVHJ1ZSIgRm9sbG93UmVkaXJlY3RzPSJUcnVlIiBSZWNvcmRSZXN1bHQ9IlRydWUiIENhY2hlPSJGYWxzZSIgUmVzcG9uc2VUaW1lR29hbD0iMCIgRW5jb2Rpbmc9InV0Zi04IiBFeHBlY3RlZEh0dHBTdGF0dXNDb2RlPSIwIiBFeHBlY3RlZFJlc3BvbnNlVXJsPSIiIFJlcG9ydGluZ05hbWU9IiIgSWdub3JlSHR0cFN0YXR1c0NvZGU9IkZhbHNlIj4NCiAgICAgIDxIZWFkZXJzPg0KICAgICAgICA8SGVhZGVyIE5hbWU9IlJlZmVyZXIiIFZhbHVlPSJodHRwczovL3d3dy5tYXJrdHBsYWF0cy5ubC96Lmh0bWw/cXVlcnk9YXV0byZhbXA7Y2F0ZWdvcnlJZD0wJmFtcDtwb3N0Y29kZT0mYW1wO2Rpc3RhbmNlPTAiIC8+DQogICAgICA8L0hlYWRlcnM+DQogICAgICA8U3RyaW5nSHR0cEJvZHkgQ29udGVudFR5cGU9ImFwcGxpY2F0aW9uL2pzb24iIEluc2VydEJ5dGVPcmRlck1hcms9IkZhbHNlIj5ld0FpQUhZQWFRQnlBSFFBZFFCaEFHd0FWUUJ5QUd3QUlnQTZBQ0lBVWdCbEFITUFkUUJzQUhRQWN3QlRBR1VBWVFCeUFHTUFhQUFpQUN3QUlnQnpBR3dBYndCMEFGSUFaUUJ1QUdRQVpRQnlBR1VBWkFBaUFEb0FOZ0EwQURZQU53QjlBQT09PC9TdHJpbmdIdHRwQm9keT4NCiAgICA8L1JlcXVlc3Q+DQogICAgPFJlcXVlc3QgTWV0aG9kPSJHRVQiIEd1aWQ9IjgxMWM0YWEzLTg3NjctNDQxNi05ZGIxLTA2M2UxNjAwMzE3NCIgVmVyc2lvbj0iMS4xIiBVcmw9Imh0dHBzOi8vc2VjdXJlcHViYWRzLmcuZG91YmxlY2xpY2submV0L3Bjcy92aWV3IiBUaGlua1RpbWU9IjAiIFRpbWVvdXQ9IjMwMCIgUGFyc2VEZXBlbmRlbnRSZXF1ZXN0cz0iVHJ1ZSIgRm9sbG93UmVkaXJlY3RzPSJUcnVlIiBSZWNvcmRSZXN1bHQ9IlRydWUiIENhY2hlPSJGYWxzZSIgUmVzcG9uc2VUaW1lR29hbD0iMCIgRW5jb2Rpbmc9InV0Zi04IiBFeHBlY3RlZEh0dHBTdGF0dXNDb2RlPSIwIiBFeHBlY3RlZFJlc3BvbnNlVXJsPSIiIFJlcG9ydGluZ05hbWU9IiIgSWdub3JlSHR0cFN0YXR1c0NvZGU9IkZhbHNlIj4NCiAgICAgIDxIZWFkZXJzPg0KICAgICAgICA8SGVhZGVyIE5hbWU9IlJlZmVyZXIiIFZhbHVlPSJodHRwczovL3d3dy5tYXJrdHBsYWF0cy5ubC96Lmh0bWw/cXVlcnk9YXV0byZhbXA7Y2F0ZWdvcnlJZD0wJmFtcDtwb3N0Y29kZT0mYW1wO2Rpc3RhbmNlPTAiIC8+DQogICAgICA8L0hlYWRlcnM+DQogICAgICA8UXVlcnlTdHJpbmdQYXJhbWV0ZXJzPg0KICAgICAgICA8UXVlcnlTdHJpbmdQYXJhbWV0ZXIgTmFtZT0ieGFpIiBWYWx1ZT0iQUtBT2pzc3dUOEhOakxqQjdVay1KUktJcE5PRzdKNTdCRm5zZE1FUjdvMGh0c3VPcWxDVWZFdFZKTGNEWjJvRlpNTnBZQ3JjS0VkVjJ5clhSaXg3MHVfXzcwZTFTZHhKa3hRMVBtZ081NHg4SkFuX0VBLUU2eThUVHFxbnNTSGJjTEdaVXVJTm14SU9LUFZfQmVKSGh3Y0ZhLUwwbnFfdWR5aVh4Q0ZUYzRyOXZ3X0ZsdTZ3UWNsekJPX2NpZnl0QnZnbjlZSkM2Z0lkc0FDQllwLVFpQko1cG5ERTlYSmVJUm5MYkRQdG15QVBtOVJ2dU9CekEzM3c5MVNiQkgyZC1hbm5WYXRqb21WbFBQSkxXVmFGMGpsakhFWWYiIFJlY29yZGVkVmFsdWU9IkFLQU9qc3N3VDhITmpMakI3VWstSlJLSXBOT0c3SjU3QkZuc2RNRVI3bzBodHN1T3FsQ1VmRXRWSkxjRFoyb0ZaTU5wWUNyY0tFZFYyeXJYUml4NzB1X183MGUxU2R4Smt4UTFQbWdPNTR4OEpBbl9FQS1FNnk4VFRxcW5zU0hiY0xHWlV1SU5teElPS1BWX0JlSkhod2NGYS1MMG5xX3VkeWlYeENGVGM0cjl2d19GbHU2d1FjbHpCT19jaWZ5dEJ2Z245WUpDNmdJZHNBQ0JZcC1RaUJKNXBuREU5WEplSVJuTGJEUHRteUFQbTlSdnVPQnpBMzN3OTFTYkJIMmQtYW5uVmF0am9tVmxQUEpMV1ZhRjBqbGpIRVlmIiBDb3JyZWxhdGlvbkJpbmRpbmc9IiIgVXJsRW5jb2RlPSJGYWxzZSIgVXNlVG9Hcm91cFJlc3VsdHM9IkZhbHNlIiAvPg0KICAgICAgICA8UXVlcnlTdHJpbmdQYXJhbWV0ZXIgTmFtZT0ic2FpIiBWYWx1ZT0iQU1mbC1ZVEZrMnhETW1RUTdWMDdsSDZ6aEpBYVZrZGljTU0xSVdzT1JhSDR6REl1SFM2aEtvWXhfczdYU2Vnc1VfamFHZnNCSGQ1QVFwS0l0YU85ajFhWV9nc3NWd0YxbzRvZGw4Z1hBUmRDaDl0LXg1WnU3MkphWFo1ZTRDTloiIFJlY29yZGVkVmFsdWU9IkFNZmwtWVRGazJ4RE1tUVE3VjA3bEg2emhKQWFWa2RpY01NMUlXc09SYUg0ekRJdUhTNmhLb1l4X3M3WFNlZ3NVX2phR2ZzQkhkNUFRcEtJdGFPOWoxYVlfZ3NzVndGMW80b2RsOGdYQVJkQ2g5dC14NVp1NzJKYVhaNWU0Q05aIiBDb3JyZWxhdGlvbkJpbmRpbmc9IiIgVXJsRW5jb2RlPSJGYWxzZSIgVXNlVG9Hcm91cFJlc3VsdHM9IkZhbHNlIiAvPg0KICAgICAgICA8UXVlcnlTdHJpbmdQYXJhbWV0ZXIgTmFtZT0ic2lnIiBWYWx1ZT0iQ2cwQXJLSlN6TU9xNkNYMTF0eGpFQUUiIFJlY29yZGVkVmFsdWU9IkNnMEFyS0pTek1PcTZDWDExdHhqRUFFIiBDb3JyZWxhdGlvbkJpbmRpbmc9IiIgVXJsRW5jb2RlPSJGYWxzZSIgVXNlVG9Hcm91cFJlc3VsdHM9IkZhbHNlIiAvPg0KICAgICAgICA8UXVlcnlTdHJpbmdQYXJhbWV0ZXIgTmFtZT0idXJsZml4IiBWYWx1ZT0iMSIgUmVjb3JkZWRWYWx1ZT0iMSIgQ29ycmVsYXRpb25CaW5kaW5nPSIiIFVybEVuY29kZT0iRmFsc2UiIFVzZVRvR3JvdXBSZXN1bHRzPSJGYWxzZSIgLz4NCiAgICAgICAgPFF1ZXJ5U3RyaW5nUGFyYW1ldGVyIE5hbWU9ImFkdXJsIiBWYWx1ZT0iIiBSZWNvcmRlZFZhbHVlPSIiIENvcnJlbGF0aW9uQmluZGluZz0iIiBVcmxFbmNvZGU9IkZhbHNlIiBVc2VUb0dyb3VwUmVzdWx0cz0iRmFsc2UiIC8+DQogICAgICA8L1F1ZXJ5U3RyaW5nUGFyYW1ldGVycz4NCiAgICA8L1JlcXVlc3Q+DQogICAgPFJlcXVlc3QgTWV0aG9kPSJQT1NUIiBHdWlkPSJlMGRmM2JiZC04ZDIwLTRlM2UtYjM1OC03YTdhZjU2MTM4YzkiIFZlcnNpb249IjEuMSIgVXJsPSJodHRwczovL3d3dy5tYXJrdHBsYWF0cy5ubC9tZXRyaWNzL2Rpc3BsYXkiIFRoaW5rVGltZT0iMCIgVGltZW91dD0iMzAwIiBQYXJzZURlcGVuZGVudFJlcXVlc3RzPSJUcnVlIiBGb2xsb3dSZWRpcmVjdHM9IlRydWUiIFJlY29yZFJlc3VsdD0iVHJ1ZSIgQ2FjaGU9IkZhbHNlIiBSZXNwb25zZVRpbWVHb2FsPSIwIiBFbmNvZGluZz0idXRmLTgiIEV4cGVjdGVkSHR0cFN0YXR1c0NvZGU9IjAiIEV4cGVjdGVkUmVzcG9uc2VVcmw9IiIgUmVwb3J0aW5nTmFtZT0iIiBJZ25vcmVIdHRwU3RhdHVzQ29kZT0iRmFsc2UiPg0KICAgICAgPEhlYWRlcnM+DQogICAgICAgIDxIZWFkZXIgTmFtZT0iUmVmZXJlciIgVmFsdWU9Imh0dHBzOi8vd3d3Lm1hcmt0cGxhYXRzLm5sL3ouaHRtbD9xdWVyeT1hdXRvJmFtcDtjYXRlZ29yeUlkPTAmYW1wO3Bvc3Rjb2RlPSZhbXA7ZGlzdGFuY2U9MCIgLz4NCiAgICAgIDwvSGVhZGVycz4NCiAgICAgIDxTdHJpbmdIdHRwQm9keSBDb250ZW50VHlwZT0iYXBwbGljYXRpb24vanNvbiIgSW5zZXJ0Qnl0ZU9yZGVyTWFyaz0iRmFsc2UiPmV3QWlBSFlBYVFCeUFIUUFkUUJoQUd3QVZRQnlBR3dBSWdBNkFDSUFVZ0JsQUhNQWRRQnNBSFFBY3dCVEFHVUFZUUJ5QUdNQWFBQWlBQ3dBSWdCekFHd0Fid0IwQUZJQVpRQnVBR1FBWlFCeUFHVUFaQUFpQURvQU5nQTFBREFBTWdCOUFBPT08L1N0cmluZ0h0dHBCb2R5Pg0KICAgIDwvUmVxdWVzdD4NCiAgICA8UmVxdWVzdCBNZXRob2Q9IkdFVCIgR3VpZD0iZTMzNTMyOGMtZTQ4YS00ZGY2LWFkYTAtODQ4NGQzODRlOGZkIiBWZXJzaW9uPSIxLjEiIFVybD0iaHR0cHM6Ly90cGMuZ29vZ2xlc3luZGljYXRpb24uY29tL3NhZmVmcmFtZS8xLTAtMjgvaHRtbC9jb250YWluZXIuaHRtbCIgVGhpbmtUaW1lPSIwIiBUaW1lb3V0PSIzMDAiIFBhcnNlRGVwZW5kZW50UmVxdWVzdHM9IlRydWUiIEZvbGxvd1JlZGlyZWN0cz0iVHJ1ZSIgUmVjb3JkUmVzdWx0PSJUcnVlIiBDYWNoZT0iRmFsc2UiIFJlc3BvbnNlVGltZUdvYWw9IjAiIEVuY29kaW5nPSJ1dGYtOCIgRXhwZWN0ZWRIdHRwU3RhdHVzQ29kZT0iMCIgRXhwZWN0ZWRSZXNwb25zZVVybD0iIiBSZXBvcnRpbmdOYW1lPSIiIElnbm9yZUh0dHBTdGF0dXNDb2RlPSJGYWxzZSI+DQogICAgICA8SGVhZGVycz4NCiAgICAgICAgPEhlYWRlciBOYW1lPSJSZWZlcmVyIiBWYWx1ZT0iaHR0cHM6Ly93d3cubWFya3RwbGFhdHMubmwvei5odG1sP3F1ZXJ5PWF1dG8mYW1wO2NhdGVnb3J5SWQ9MCZhbXA7cG9zdGNvZGU9JmFtcDtkaXN0YW5jZT0wIiAvPg0KICAgICAgPC9IZWFkZXJzPg0KICAgIDwvUmVxdWVzdD4NCiAgICA8UmVxdWVzdCBNZXRob2Q9IlBPU1QiIEd1aWQ9Ijc5YjljYjU0LWFmODAtNDRkYi04MDY1LWMyY2YwMDJhZTgxZCIgVmVyc2lvbj0iMS4xIiBVcmw9Imh0dHBzOi8vd3d3Lm1hcmt0cGxhYXRzLm5sL21ldHJpY3MvZGlzcGxheSIgVGhpbmtUaW1lPSIwIiBUaW1lb3V0PSIzMDAiIFBhcnNlRGVwZW5kZW50UmVxdWVzdHM9IlRydWUiIEZvbGxvd1JlZGlyZWN0cz0iVHJ1ZSIgUmVjb3JkUmVzdWx0PSJUcnVlIiBDYWNoZT0iRmFsc2UiIFJlc3BvbnNlVGltZUdvYWw9IjAiIEVuY29kaW5nPSJ1dGYtOCIgRXhwZWN0ZWRIdHRwU3RhdHVzQ29kZT0iMCIgRXhwZWN0ZWRSZXNwb25zZVVybD0iIiBSZXBvcnRpbmdOYW1lPSIiIElnbm9yZUh0dHBTdGF0dXNDb2RlPSJGYWxzZSI+DQogICAgICA8SGVhZGVycz4NCiAgICAgICAgPEhlYWRlciBOYW1lPSJSZWZlcmVyIiBWYWx1ZT0iaHR0cHM6Ly93d3cubWFya3RwbGFhdHMubmwvei5odG1sP3F1ZXJ5PWF1dG8mYW1wO2NhdGVnb3J5SWQ9MCZhbXA7cG9zdGNvZGU9JmFtcDtkaXN0YW5jZT0wIiAvPg0KICAgICAgPC9IZWFkZXJzPg0KICAgICAgPFN0cmluZ0h0dHBCb2R5IENvbnRlbnRUeXBlPSJhcHBsaWNhdGlvbi9qc29uIiBJbnNlcnRCeXRlT3JkZXJNYXJrPSJGYWxzZSI+ZXdBaUFIWUFhUUJ5QUhRQWRRQmhBR3dBVlFCeUFHd0FJZ0E2QUNJQVVnQmxBSE1BZFFCc0FIUUFjd0JUQUdVQVlRQnlBR01BYUFBaUFDd0FJZ0J6QUd3QWJ3QjBBRklBWlFCdUFHUUFaUUJ5QUdVQVpBQWlBRG9BTmdBMUFEWUFNZ0I5QUE9PTwvU3RyaW5nSHR0cEJvZHk+DQogICAgPC9SZXF1ZXN0Pg0KICAgIDxSZXF1ZXN0IE1ldGhvZD0iR0VUIiBHdWlkPSI5NmMzMDdkZC1hMGRkLTQ2NzgtOTNjMy0zZmY3OGQxOTU3MmMiIFZlcnNpb249IjEuMSIgVXJsPSJodHRwczovL3RwYy5nb29nbGVzeW5kaWNhdGlvbi5jb20vc2FmZWZyYW1lLzEtMC0yOC9odG1sL2NvbnRhaW5lci5odG1sIiBUaGlua1RpbWU9IjAiIFRpbWVvdXQ9IjMwMCIgUGFyc2VEZXBlbmRlbnRSZXF1ZXN0cz0iVHJ1ZSIgRm9sbG93UmVkaXJlY3RzPSJUcnVlIiBSZWNvcmRSZXN1bHQ9IlRydWUiIENhY2hlPSJGYWxzZSIgUmVzcG9uc2VUaW1lR29hbD0iMCIgRW5jb2Rpbmc9InV0Zi04IiBFeHBlY3RlZEh0dHBTdGF0dXNDb2RlPSIwIiBFeHBlY3RlZFJlc3BvbnNlVXJsPSIiIFJlcG9ydGluZ05hbWU9IiIgSWdub3JlSHR0cFN0YXR1c0NvZGU9IkZhbHNlIj4NCiAgICAgIDxIZWFkZXJzPg0KICAgICAgICA8SGVhZGVyIE5hbWU9IlJlZmVyZXIiIFZhbHVlPSJodHRwczovL3d3dy5tYXJrdHBsYWF0cy5ubC96Lmh0bWw/cXVlcnk9YXV0byZhbXA7Y2F0ZWdvcnlJZD0wJmFtcDtwb3N0Y29kZT0mYW1wO2Rpc3RhbmNlPTAiIC8+DQogICAgICA8L0hlYWRlcnM+DQogICAgPC9SZXF1ZXN0Pg0KICAgIDxSZXF1ZXN0IE1ldGhvZD0iUE9TVCIgR3VpZD0iMGUxYzc4ODUtNWI0My00OWVjLWJlZGMtMzY3ZDM5ZDY5MmFhIiBWZXJzaW9uPSIxLjEiIFVybD0iaHR0cHM6Ly93d3cubWFya3RwbGFhdHMubmwvbWV0cmljcy9kaXNwbGF5IiBUaGlua1RpbWU9IjAiIFRpbWVvdXQ9IjMwMCIgUGFyc2VEZXBlbmRlbnRSZXF1ZXN0cz0iVHJ1ZSIgRm9sbG93UmVkaXJlY3RzPSJUcnVlIiBSZWNvcmRSZXN1bHQ9IlRydWUiIENhY2hlPSJGYWxzZSIgUmVzcG9uc2VUaW1lR29hbD0iMCIgRW5jb2Rpbmc9InV0Zi04IiBFeHBlY3RlZEh0dHBTdGF0dXNDb2RlPSIwIiBFeHBlY3RlZFJlc3BvbnNlVXJsPSIiIFJlcG9ydGluZ05hbWU9IiIgSWdub3JlSHR0cFN0YXR1c0NvZGU9IkZhbHNlIj4NCiAgICAgIDxIZWFkZXJzPg0KICAgICAgICA8SGVhZGVyIE5hbWU9IlJlZmVyZXIiIFZhbHVlPSJodHRwczovL3d3dy5tYXJrdHBsYWF0cy5ubC96Lmh0bWw/cXVlcnk9YXV0byZhbXA7Y2F0ZWdvcnlJZD0wJmFtcDtwb3N0Y29kZT0mYW1wO2Rpc3RhbmNlPTAiIC8+DQogICAgICA8L0hlYWRlcnM+DQogICAgICA8U3RyaW5nSHR0cEJvZHkgQ29udGVudFR5cGU9ImFwcGxpY2F0aW9uL2pzb24iIEluc2VydEJ5dGVPcmRlck1hcms9IkZhbHNlIj5ld0FpQUhZQWFRQnlBSFFBZFFCaEFHd0FWUUJ5QUd3QUlnQTZBQ0lBVWdCbEFITUFkUUJzQUhRQWN3QlRBR1VBWVFCeUFHTUFhQUFpQUN3QUlnQnpBR3dBYndCMEFGSUFaUUJ1QUdRQVpRQnlBR1VBWkFBaUFEb0FOZ0EyQURBQU13QjlBQT09PC9TdHJpbmdIdHRwQm9keT4NCiAgICA8L1JlcXVlc3Q+DQogICAgPFJlcXVlc3QgTWV0aG9kPSJHRVQiIEd1aWQ9Ijk5NzI4OGZiLTY1ZWQtNGRmNC04NjMxLWE4MDI3ZDc2ZTY3YyIgVmVyc2lvbj0iMS4xIiBVcmw9Imh0dHBzOi8vdHBjLmdvb2dsZXN5bmRpY2F0aW9uLmNvbS9zYWZlZnJhbWUvMS0wLTI4L2h0bWwvY29udGFpbmVyLmh0bWwiIFRoaW5rVGltZT0iMCIgVGltZW91dD0iMzAwIiBQYXJzZURlcGVuZGVudFJlcXVlc3RzPSJUcnVlIiBGb2xsb3dSZWRpcmVjdHM9IlRydWUiIFJlY29yZFJlc3VsdD0iVHJ1ZSIgQ2FjaGU9IkZhbHNlIiBSZXNwb25zZVRpbWVHb2FsPSIwIiBFbmNvZGluZz0idXRmLTgiIEV4cGVjdGVkSHR0cFN0YXR1c0NvZGU9IjAiIEV4cGVjdGVkUmVzcG9uc2VVcmw9IiIgUmVwb3J0aW5nTmFtZT0iIiBJZ25vcmVIdHRwU3RhdHVzQ29kZT0iRmFsc2UiPg0KICAgICAgPEhlYWRlcnM+DQogICAgICAgIDxIZWFkZXIgTmFtZT0iUmVmZXJlciIgVmFsdWU9Imh0dHBzOi8vd3d3Lm1hcmt0cGxhYXRzLm5sL3ouaHRtbD9xdWVyeT1hdXRvJmFtcDtjYXRlZ29yeUlkPTAmYW1wO3Bvc3Rjb2RlPSZhbXA7ZGlzdGFuY2U9MCIgLz4NCiAgICAgIDwvSGVhZGVycz4NCiAgICA8L1JlcXVlc3Q+DQogICAgPFJlcXVlc3QgTWV0aG9kPSJQT1NUIiBHdWlkPSI3ZDBjYmU0Ni0xNmI4LTRkZTEtYTE4Mi0wZGNiYzUxZjdiMTkiIFZlcnNpb249IjEuMSIgVXJsPSJodHRwczovL3d3dy5tYXJrdHBsYWF0cy5ubC9tZXRyaWNzL2Rpc3BsYXkiIFRoaW5rVGltZT0iMCIgVGltZW91dD0iMzAwIiBQYXJzZURlcGVuZGVudFJlcXVlc3RzPSJUcnVlIiBGb2xsb3dSZWRpcmVjdHM9IlRydWUiIFJlY29yZFJlc3VsdD0iVHJ1ZSIgQ2FjaGU9IkZhbHNlIiBSZXNwb25zZVRpbWVHb2FsPSIwIiBFbmNvZGluZz0idXRmLTgiIEV4cGVjdGVkSHR0cFN0YXR1c0NvZGU9IjAiIEV4cGVjdGVkUmVzcG9uc2VVcmw9IiIgUmVwb3J0aW5nTmFtZT0iIiBJZ25vcmVIdHRwU3RhdHVzQ29kZT0iRmFsc2UiPg0KICAgICAgPEhlYWRlcnM+DQogICAgICAgIDxIZWFkZXIgTmFtZT0iUmVmZXJlciIgVmFsdWU9Imh0dHBzOi8vd3d3Lm1hcmt0cGxhYXRzLm5sL3ouaHRtbD9xdWVyeT1hdXRvJmFtcDtjYXRlZ29yeUlkPTAmYW1wO3Bvc3Rjb2RlPSZhbXA7ZGlzdGFuY2U9MCIgLz4NCiAgICAgIDwvSGVhZGVycz4NCiAgICAgIDxTdHJpbmdIdHRwQm9keSBDb250ZW50VHlwZT0iYXBwbGljYXRpb24vanNvbiIgSW5zZXJ0Qnl0ZU9yZGVyTWFyaz0iRmFsc2UiPmV3QWlBSFlBYVFCeUFIUUFkUUJoQUd3QVZRQnlBR3dBSWdBNkFDSUFVZ0JsQUhNQWRRQnNBSFFBY3dCVEFHVUFZUUJ5QUdNQWFBQWlBQ3dBSWdCekFHd0Fid0IwQUZJQVpRQnVBR1FBWlFCeUFHVUFaQUFpQURvQU5nQTJBRE1BT0FCOUFBPT08L1N0cmluZ0h0dHBCb2R5Pg0KICAgIDwvUmVxdWVzdD4NCiAgICA8UmVxdWVzdCBNZXRob2Q9IkdFVCIgR3VpZD0iYjRkZGRkODctOGUwNi00ZjQ1LTg0NWEtMmJiNWFjMzY4Zjc0IiBWZXJzaW9uPSIxLjEiIFVybD0iaHR0cHM6Ly9zZWN1cmVwdWJhZHMuZy5kb3VibGVjbGljay5uZXQvcGNzL3ZpZXciIFRoaW5rVGltZT0iMCIgVGltZW91dD0iMzAwIiBQYXJzZURlcGVuZGVudFJlcXVlc3RzPSJUcnVlIiBGb2xsb3dSZWRpcmVjdHM9IlRydWUiIFJlY29yZFJlc3VsdD0iVHJ1ZSIgQ2FjaGU9IkZhbHNlIiBSZXNwb25zZVRpbWVHb2FsPSIwIiBFbmNvZGluZz0idXRmLTgiIEV4cGVjdGVkSHR0cFN0YXR1c0NvZGU9IjAiIEV4cGVjdGVkUmVzcG9uc2VVcmw9IiIgUmVwb3J0aW5nTmFtZT0iIiBJZ25vcmVIdHRwU3RhdHVzQ29kZT0iRmFsc2UiPg0KICAgICAgPEhlYWRlcnM+DQogICAgICAgIDxIZWFkZXIgTmFtZT0iUmVmZXJlciIgVmFsdWU9Imh0dHBzOi8vd3d3Lm1hcmt0cGxhYXRzLm5sL3ouaHRtbD9xdWVyeT1hdXRvJmFtcDtjYXRlZ29yeUlkPTAmYW1wO3Bvc3Rjb2RlPSZhbXA7ZGlzdGFuY2U9MCIgLz4NCiAgICAgIDwvSGVhZGVycz4NCiAgICAgIDxRdWVyeVN0cmluZ1BhcmFtZXRlcnM+DQogICAgICAgIDxRdWVyeVN0cmluZ1BhcmFtZXRlciBOYW1lPSJ4YWkiIFZhbHVlPSJBS0FPanN2OVo1NVRCWTc0WUFiTUNVRXRzcmNJSVA5THV0Z21idXBiLXdFR1RUVlU5NG1KUXowMksyaE9mdnJoR3c3QUp3bDk1U1dCTGNtb05hTWpPUWs5TVd3a041cExacEtCOTk2eE93enFwR1VaeUgtTnkzUHpRLTFXNFFJbmdCNzZyN19zQjJJMFVpanpacW5VQkllM2E1S3h4R3VTeldLOWo4blN0aGp4alkxTDU1cV95S19hYVZmeVd3bGlXX2pWclRtTDdQN3NWSWJDQUdnc01JX1QzZmNISGpnbV9zdld5MURmSEY2bnRudHpKbW42UDFrUGdEWUVaUDZhYU9FdW0zY2JZS0pqZUVqc20tOWF0V0czRjZ1aCIgUmVjb3JkZWRWYWx1ZT0iQUtBT2pzdjlaNTVUQlk3NFlBYk1DVUV0c3JjSUlQOUx1dGdtYnVwYi13RUdUVFZVOTRtSlF6MDJLMmhPZnZyaEd3N0FKd2w5NVNXQkxjbW9OYU1qT1FrOU1Xd2tONXBMWnBLQjk5NnhPd3pxcEdVWnlILU55M1B6US0xVzRRSW5nQjc2cjdfc0IySTBVaWp6WnFuVUJJZTNhNUt4eEd1U3pXSzlqOG5TdGhqeGpZMUw1NXFfeUtfYWFWZnlXd2xpV19qVnJUbUw3UDdzVkliQ0FHZ3NNSV9UM2ZjSEhqZ21fc3ZXeTFEZkhGNm50bnR6Sm1uNlAxa1BnRFlFWlA2YWFPRXVtM2NiWUtKamVFanNtLTlhdFdHM0Y2dWgiIENvcnJlbGF0aW9uQmluZGluZz0iIiBVcmxFbmNvZGU9IkZhbHNlIiBVc2VUb0dyb3VwUmVzdWx0cz0iRmFsc2UiIC8+DQogICAgICAgIDxRdWVyeVN0cmluZ1BhcmFtZXRlciBOYW1lPSJzYWkiIFZhbHVlPSJBTWZsLVlRdll6NXkwdGVmVThJTmN5WHA2ZV9lLVg0V01yRDBFYm1IRm41dFdLSVpsYlI2c3ZBVVVMLUJFejVTQ1ozQ1FMbThsWXZZRmVRVzFsV1J6eTlQX0Q2TmdRRklXXy03djBUSGdtY1pNM0VldlQ4WG1yeGlhOHQ0Rk54aCIgUmVjb3JkZWRWYWx1ZT0iQU1mbC1ZUXZZejV5MHRlZlU4SU5jeVhwNmVfZS1YNFdNckQwRWJtSEZuNXRXS0labGJSNnN2QVVVTC1CRXo1U0NaM0NRTG04bFl2WUZlUVcxbFdSenk5UF9ENk5nUUZJV18tN3YwVEhnbWNaTTNFZXZUOFhtcnhpYTh0NEZOeGgiIENvcnJlbGF0aW9uQmluZGluZz0iIiBVcmxFbmNvZGU9IkZhbHNlIiBVc2VUb0dyb3VwUmVzdWx0cz0iRmFsc2UiIC8+DQogICAgICAgIDxRdWVyeVN0cmluZ1BhcmFtZXRlciBOYW1lPSJzaWciIFZhbHVlPSJDZzBBcktKU3pFYmpoRHRaazRtNUVBRSIgUmVjb3JkZWRWYWx1ZT0iQ2cwQXJLSlN6RWJqaER0Wms0bTVFQUUiIENvcnJlbGF0aW9uQmluZGluZz0iIiBVcmxFbmNvZGU9IkZhbHNlIiBVc2VUb0dyb3VwUmVzdWx0cz0iRmFsc2UiIC8+DQogICAgICAgIDxRdWVyeVN0cmluZ1BhcmFtZXRlciBOYW1lPSJ1cmxmaXgiIFZhbHVlPSIxIiBSZWNvcmRlZFZhbHVlPSIxIiBDb3JyZWxhdGlvbkJpbmRpbmc9IiIgVXJsRW5jb2RlPSJGYWxzZSIgVXNlVG9Hcm91cFJlc3VsdHM9IkZhbHNlIiAvPg0KICAgICAgICA8UXVlcnlTdHJpbmdQYXJhbWV0ZXIgTmFtZT0iYWR1cmwiIFZhbHVlPSIiIFJlY29yZGVkVmFsdWU9IiIgQ29ycmVsYXRpb25CaW5kaW5nPSIiIFVybEVuY29kZT0iRmFsc2UiIFVzZVRvR3JvdXBSZXN1bHRzPSJGYWxzZSIgLz4NCiAgICAgIDwvUXVlcnlTdHJpbmdQYXJhbWV0ZXJzPg0KICAgIDwvUmVxdWVzdD4NCiAgICA8UmVxdWVzdCBNZXRob2Q9IlBPU1QiIEd1aWQ9IjVkOTcyNzg5LThmZGItNDllYi04ODAzLTI0MjM5M2NlYWY3NCIgVmVyc2lvbj0iMS4xIiBVcmw9Imh0dHBzOi8vd3d3Lm1hcmt0cGxhYXRzLm5sL21ldHJpY3MvZGlzcGxheSIgVGhpbmtUaW1lPSIwIiBUaW1lb3V0PSIzMDAiIFBhcnNlRGVwZW5kZW50UmVxdWVzdHM9IlRydWUiIEZvbGxvd1JlZGlyZWN0cz0iVHJ1ZSIgUmVjb3JkUmVzdWx0PSJUcnVlIiBDYWNoZT0iRmFsc2UiIFJlc3BvbnNlVGltZUdvYWw9IjAiIEVuY29kaW5nPSJ1dGYtOCIgRXhwZWN0ZWRIdHRwU3RhdHVzQ29kZT0iMCIgRXhwZWN0ZWRSZXNwb25zZVVybD0iIiBSZXBvcnRpbmdOYW1lPSIiIElnbm9yZUh0dHBTdGF0dXNDb2RlPSJGYWxzZSI+DQogICAgICA8SGVhZGVycz4NCiAgICAgICAgPEhlYWRlciBOYW1lPSJSZWZlcmVyIiBWYWx1ZT0iaHR0cHM6Ly93d3cubWFya3RwbGFhdHMubmwvei5odG1sP3F1ZXJ5PWF1dG8mYW1wO2NhdGVnb3J5SWQ9MCZhbXA7cG9zdGNvZGU9JmFtcDtkaXN0YW5jZT0wIiAvPg0KICAgICAgPC9IZWFkZXJzPg0KICAgICAgPFN0cmluZ0h0dHBCb2R5IENvbnRlbnRUeXBlPSJhcHBsaWNhdGlvbi9qc29uIiBJbnNlcnRCeXRlT3JkZXJNYXJrPSJGYWxzZSI+ZXdBaUFIWUFhUUJ5QUhRQWRRQmhBR3dBVlFCeUFHd0FJZ0E2QUNJQVVnQmxBSE1BZFFCc0FIUUFjd0JUQUdVQVlRQnlBR01BYUFBaUFDd0FJZ0J6QUd3QWJ3QjBBRklBWlFCdUFHUUFaUUJ5QUdVQVpBQWlBRG9BTmdBMkFEY0FNd0I5QUE9PTwvU3RyaW5nSHR0cEJvZHk+DQogICAgPC9SZXF1ZXN0Pg0KICAgIDxSZXF1ZXN0IE1ldGhvZD0iR0VUIiBHdWlkPSI1OTIxZTliNC03NjBjLTQxMjMtOTE2ZC01M2Y3YTBkNTM2ZjMiIFZlcnNpb249IjEuMSIgVXJsPSJodHRwczovL3RwYy5nb29nbGVzeW5kaWNhdGlvbi5jb20vc2FmZWZyYW1lLzEtMC0yOC9odG1sL2NvbnRhaW5lci5odG1sIiBUaGlua1RpbWU9IjAiIFRpbWVvdXQ9IjMwMCIgUGFyc2VEZXBlbmRlbnRSZXF1ZXN0cz0iVHJ1ZSIgRm9sbG93UmVkaXJlY3RzPSJUcnVlIiBSZWNvcmRSZXN1bHQ9IlRydWUiIENhY2hlPSJGYWxzZSIgUmVzcG9uc2VUaW1lR29hbD0iMCIgRW5jb2Rpbmc9InV0Zi04IiBFeHBlY3RlZEh0dHBTdGF0dXNDb2RlPSIwIiBFeHBlY3RlZFJlc3BvbnNlVXJsPSIiIFJlcG9ydGluZ05hbWU9IiIgSWdub3JlSHR0cFN0YXR1c0NvZGU9IkZhbHNlIj4NCiAgICAgIDxIZWFkZXJzPg0KICAgICAgICA8SGVhZGVyIE5hbWU9IlJlZmVyZXIiIFZhbHVlPSJodHRwczovL3d3dy5tYXJrdHBsYWF0cy5ubC96Lmh0bWw/cXVlcnk9YXV0byZhbXA7Y2F0ZWdvcnlJZD0wJmFtcDtwb3N0Y29kZT0mYW1wO2Rpc3RhbmNlPTAiIC8+DQogICAgICA8L0hlYWRlcnM+DQogICAgPC9SZXF1ZXN0Pg0KICAgIDxSZXF1ZXN0IE1ldGhvZD0iUE9TVCIgR3VpZD0iMzM3MzQ2ZGEtZjYyMS00MTQ3LTlkZDUtMDMyNzNkMzU2ZTNiIiBWZXJzaW9uPSIxLjEiIFVybD0iaHR0cHM6Ly93d3cubWFya3RwbGFhdHMubmwvbWV0cmljcy9kaXNwbGF5IiBUaGlua1RpbWU9IjAiIFRpbWVvdXQ9IjMwMCIgUGFyc2VEZXBlbmRlbnRSZXF1ZXN0cz0iVHJ1ZSIgRm9sbG93UmVkaXJlY3RzPSJUcnVlIiBSZWNvcmRSZXN1bHQ9IlRydWUiIENhY2hlPSJGYWxzZSIgUmVzcG9uc2VUaW1lR29hbD0iMCIgRW5jb2Rpbmc9InV0Zi04IiBFeHBlY3RlZEh0dHBTdGF0dXNDb2RlPSIwIiBFeHBlY3RlZFJlc3BvbnNlVXJsPSIiIFJlcG9ydGluZ05hbWU9IiIgSWdub3JlSHR0cFN0YXR1c0NvZGU9IkZhbHNlIj4NCiAgICAgIDxIZWFkZXJzPg0KICAgICAgICA8SGVhZGVyIE5hbWU9IlJlZmVyZXIiIFZhbHVlPSJodHRwczovL3d3dy5tYXJrdHBsYWF0cy5ubC96Lmh0bWw/cXVlcnk9YXV0byZhbXA7Y2F0ZWdvcnlJZD0wJmFtcDtwb3N0Y29kZT0mYW1wO2Rpc3RhbmNlPTAiIC8+DQogICAgICA8L0hlYWRlcnM+DQogICAgICA8U3RyaW5nSHR0cEJvZHkgQ29udGVudFR5cGU9ImFwcGxpY2F0aW9uL2pzb24iIEluc2VydEJ5dGVPcmRlck1hcms9IkZhbHNlIj5ld0FpQUhZQWFRQnlBSFFBZFFCaEFHd0FWUUJ5QUd3QUlnQTZBQ0lBVWdCbEFITUFkUUJzQUhRQWN3QlRBR1VBWVFCeUFHTUFhQUFpQUN3QUlnQnpBR3dBYndCMEFGSUFaUUJ1QUdRQVpRQnlBR1VBWkFBaUFEb0FOZ0EzQURFQU53QjlBQT09PC9TdHJpbmdIdHRwQm9keT4NCiAgICA8L1JlcXVlc3Q+DQogICAgPFJlcXVlc3QgTWV0aG9kPSJQT1NUIiBHdWlkPSJkMzFhMjQ1My1lYzM2LTQxMjYtYTRlMy03NmJkZjI0YzUxMzEiIFZlcnNpb249IjEuMSIgVXJsPSJodHRwczovL3d3dy5tYXJrdHBsYWF0cy5ubC9tZXRyaWNzL2Rpc3BsYXkiIFRoaW5rVGltZT0iMCIgVGltZW91dD0iMzAwIiBQYXJzZURlcGVuZGVudFJlcXVlc3RzPSJUcnVlIiBGb2xsb3dSZWRpcmVjdHM9IlRydWUiIFJlY29yZFJlc3VsdD0iVHJ1ZSIgQ2FjaGU9IkZhbHNlIiBSZXNwb25zZVRpbWVHb2FsPSIwIiBFbmNvZGluZz0idXRmLTgiIEV4cGVjdGVkSHR0cFN0YXR1c0NvZGU9IjAiIEV4cGVjdGVkUmVzcG9uc2VVcmw9IiIgUmVwb3J0aW5nTmFtZT0iIiBJZ25vcmVIdHRwU3RhdHVzQ29kZT0iRmFsc2UiPg0KICAgICAgPEhlYWRlcnM+DQogICAgICAgIDxIZWFkZXIgTmFtZT0iUmVmZXJlciIgVmFsdWU9Imh0dHBzOi8vd3d3Lm1hcmt0cGxhYXRzLm5sL3ouaHRtbD9xdWVyeT1hdXRvJmFtcDtjYXRlZ29yeUlkPTAmYW1wO3Bvc3Rjb2RlPSZhbXA7ZGlzdGFuY2U9MCIgLz4NCiAgICAgIDwvSGVhZGVycz4NCiAgICAgIDxTdHJpbmdIdHRwQm9keSBDb250ZW50VHlwZT0iYXBwbGljYXRpb24vanNvbiIgSW5zZXJ0Qnl0ZU9yZGVyTWFyaz0iRmFsc2UiPmV3QWlBSFlBYVFCeUFIUUFkUUJoQUd3QVZRQnlBR3dBSWdBNkFDSUFVZ0JsQUhNQWRRQnNBSFFBY3dCVEFHVUFZUUJ5QUdNQWFBQWlBQ3dBSWdCekFHd0Fid0IwQUV3QWJ3QmhBR1FBWlFCa0FDSUFPZ0EzQURJQU9RQTRBSDBBPC9TdHJpbmdIdHRwQm9keT4NCiAgICA8L1JlcXVlc3Q+DQogICAgPFJlcXVlc3QgTWV0aG9kPSJHRVQiIEd1aWQ9IjkzZWMyNzQzLTNjNTctNGJjMi1hY2IyLTQzYzYzMTg5MjJkNCIgVmVyc2lvbj0iMS4xIiBVcmw9Imh0dHBzOi8vaGItZW5kcG9pbnQtZWxiLTMwNzg0MTQxMS5hZG9taWsuY29tLyIgVGhpbmtUaW1lPSIwIiBUaW1lb3V0PSIzMDAiIFBhcnNlRGVwZW5kZW50UmVxdWVzdHM9IlRydWUiIEZvbGxvd1JlZGlyZWN0cz0iVHJ1ZSIgUmVjb3JkUmVzdWx0PSJUcnVlIiBDYWNoZT0iRmFsc2UiIFJlc3BvbnNlVGltZUdvYWw9IjAiIEVuY29kaW5nPSJ1dGYtOCIgRXhwZWN0ZWRIdHRwU3RhdHVzQ29kZT0iMCIgRXhwZWN0ZWRSZXNwb25zZVVybD0iIiBSZXBvcnRpbmdOYW1lPSIiIElnbm9yZUh0dHBTdGF0dXNDb2RlPSJGYWxzZSI+DQogICAgICA8SGVhZGVycz4NCiAgICAgICAgPEhlYWRlciBOYW1lPSJSZWZlcmVyIiBWYWx1ZT0iaHR0cHM6Ly93d3cubWFya3RwbGFhdHMubmwvei5odG1sP3F1ZXJ5PWF1dG8mYW1wO2NhdGVnb3J5SWQ9MCZhbXA7cG9zdGNvZGU9JmFtcDtkaXN0YW5jZT0wIiAvPg0KICAgICAgPC9IZWFkZXJzPg0KICAgICAgPFF1ZXJ5U3RyaW5nUGFyYW1ldGVycz4NCiAgICAgICAgPFF1ZXJ5U3RyaW5nUGFyYW1ldGVyIE5hbWU9InEiIFZhbHVlPSJKRzFoY210MGNHeGhZWFJ6TFRrMk56UXlNdiUyRlQwZVFJSkhkM2R5NXRZWEpyZEhCc1lXRjBjeTV1YkFKSUx6UXlPREl2ZDJWaUwyMXdibXd1TUM5elpXRnlZMmd2YzNKd0wyeHljRjlzWldaMEF2QUJzQWtBQUFBRUlESXhOalZtTUdWak5ESTBZek5qTVRnZ01qRTJOV1l3WldNME1qUmpNMk14T0FBQSIgUmVjb3JkZWRWYWx1ZT0iSkcxaGNtdDBjR3hoWVhSekxUazJOelF5TXYlMkZUMGVRSUpIZDNkeTV0WVhKcmRIQnNZV0YwY3k1dWJBSklMelF5T0RJdmQyVmlMMjF3Ym13dU1DOXpaV0Z5WTJndmMzSndMMnh5Y0Y5c1pXWjBBdkFCc0FrQUFBQUVJREl4TmpWbU1HVmpOREkwWXpOak1UZ2dNakUyTldZd1pXTTBNalJqTTJNeE9BQUEiIENvcnJlbGF0aW9uQmluZGluZz0iIiBVcmxFbmNvZGU9IkZhbHNlIiBVc2VUb0dyb3VwUmVzdWx0cz0iRmFsc2UiIC8+DQogICAgICA8L1F1ZXJ5U3RyaW5nUGFyYW1ldGVycz4NCiAgICA8L1JlcXVlc3Q+DQogICAgPFJlcXVlc3QgTWV0aG9kPSJQT1NUIiBHdWlkPSI1MzdlYzhmMC0yOGQ0LTQ5NWYtODJhYS00ZDJjMDY1ZjZmOTAiIFZlcnNpb249IjEuMSIgVXJsPSJodHRwczovL3d3dy5tYXJrdHBsYWF0cy5ubC9tZXRyaWNzL2Rpc3BsYXkiIFRoaW5rVGltZT0iMCIgVGltZW91dD0iMzAwIiBQYXJzZURlcGVuZGVudFJlcXVlc3RzPSJUcnVlIiBGb2xsb3dSZWRpcmVjdHM9IlRydWUiIFJlY29yZFJlc3VsdD0iVHJ1ZSIgQ2FjaGU9IkZhbHNlIiBSZXNwb25zZVRpbWVHb2FsPSIwIiBFbmNvZGluZz0idXRmLTgiIEV4cGVjdGVkSHR0cFN0YXR1c0NvZGU9IjAiIEV4cGVjdGVkUmVzcG9uc2VVcmw9IiIgUmVwb3J0aW5nTmFtZT0iIiBJZ25vcmVIdHRwU3RhdHVzQ29kZT0iRmFsc2UiPg0KICAgICAgPEhlYWRlcnM+DQogICAgICAgIDxIZWFkZXIgTmFtZT0iUmVmZXJlciIgVmFsdWU9Imh0dHBzOi8vd3d3Lm1hcmt0cGxhYXRzLm5sL3ouaHRtbD9xdWVyeT1hdXRvJmFtcDtjYXRlZ29yeUlkPTAmYW1wO3Bvc3Rjb2RlPSZhbXA7ZGlzdGFuY2U9MCIgLz4NCiAgICAgIDwvSGVhZGVycz4NCiAgICAgIDxTdHJpbmdIdHRwQm9keSBDb250ZW50VHlwZT0iYXBwbGljYXRpb24vanNvbiIgSW5zZXJ0Qnl0ZU9yZGVyTWFyaz0iRmFsc2UiPmV3QWlBSFlBYVFCeUFIUUFkUUJoQUd3QVZRQnlBR3dBSWdBNkFDSUFVZ0JsQUhNQWRRQnNBSFFBY3dCVEFHVUFZUUJ5QUdNQWFBQWlBQ3dBSWdCekFHd0Fid0IwQUV3QWJ3QmhBR1FBWlFCa0FDSUFPZ0EzQURnQU5nQXhBSDBBPC9TdHJpbmdIdHRwQm9keT4NCiAgICA8L1JlcXVlc3Q+DQogICAgPFJlcXVlc3QgTWV0aG9kPSJHRVQiIEd1aWQ9IjhlNGQ4ZTI1LTQyNzAtNDVjYS1hMjRjLTE0ZWRjM2Q5MTAzZSIgVmVyc2lvbj0iMS4xIiBVcmw9Imh0dHBzOi8vY20uZy5kb3VibGVjbGljay5uZXQvcGl4ZWwvYXR0ciIgVGhpbmtUaW1lPSIwIiBUaW1lb3V0PSIzMDAiIFBhcnNlRGVwZW5kZW50UmVxdWVzdHM9IlRydWUiIEZvbGxvd1JlZGlyZWN0cz0iVHJ1ZSIgUmVjb3JkUmVzdWx0PSJUcnVlIiBDYWNoZT0iRmFsc2UiIFJlc3BvbnNlVGltZUdvYWw9IjAiIEVuY29kaW5nPSJ1dGYtOCIgRXhwZWN0ZWRIdHRwU3RhdHVzQ29kZT0iMCIgRXhwZWN0ZWRSZXNwb25zZVVybD0iIiBSZXBvcnRpbmdOYW1lPSIiIElnbm9yZUh0dHBTdGF0dXNDb2RlPSJGYWxzZSI+DQogICAgICA8SGVhZGVycz4NCiAgICAgICAgPEhlYWRlciBOYW1lPSJSZWZlcmVyIiBWYWx1ZT0iaHR0cHM6Ly9wYWdlYWQyLmdvb2dsZXN5bmRpY2F0aW9uLmNvbS9wYWdlYWQvcy9jb29raWVfcHVzaC5odG1sIiAvPg0KICAgICAgPC9IZWFkZXJzPg0KICAgICAgPFF1ZXJ5U3RyaW5nUGFyYW1ldGVycz4NCiAgICAgICAgPFF1ZXJ5U3RyaW5nUGFyYW1ldGVyIE5hbWU9ImQiIFZhbHVlPSJBSE5GMTNJc0ZCSGJxMDgyZzE3c0thd2lET0dEb1NldmdYSHIiIFJlY29yZGVkVmFsdWU9IkFITkYxM0lzRkJIYnEwODJnMTdzS2F3aURPR0RvU2V2Z1hIciIgQ29ycmVsYXRpb25CaW5kaW5nPSIiIFVybEVuY29kZT0iRmFsc2UiIFVzZVRvR3JvdXBSZXN1bHRzPSJGYWxzZSIgLz4NCiAgICAgIDwvUXVlcnlTdHJpbmdQYXJhbWV0ZXJzPg0KICAgIDwvUmVxdWVzdD4NCiAgICA8UmVxdWVzdCBNZXRob2Q9IkdFVCIgR3VpZD0iOGQxOTA1YjctZDcwYy00Y2Y3LThmNjQtOGNlNGU1OTgxNmQ5IiBWZXJzaW9uPSIxLjEiIFVybD0iaHR0cHM6Ly9jbS5nLmRvdWJsZWNsaWNrLm5ldC9waXhlbC9hdHRyIiBUaGlua1RpbWU9IjAiIFRpbWVvdXQ9IjMwMCIgUGFyc2VEZXBlbmRlbnRSZXF1ZXN0cz0iVHJ1ZSIgRm9sbG93UmVkaXJlY3RzPSJUcnVlIiBSZWNvcmRSZXN1bHQ9IlRydWUiIENhY2hlPSJGYWxzZSIgUmVzcG9uc2VUaW1lR29hbD0iMCIgRW5jb2Rpbmc9InV0Zi04IiBFeHBlY3RlZEh0dHBTdGF0dXNDb2RlPSIwIiBFeHBlY3RlZFJlc3BvbnNlVXJsPSIiIFJlcG9ydGluZ05hbWU9IiIgSWdub3JlSHR0cFN0YXR1c0NvZGU9IkZhbHNlIj4NCiAgICAgIDxIZWFkZXJzPg0KICAgICAgICA8SGVhZGVyIE5hbWU9IlJlZmVyZXIiIFZhbHVlPSJodHRwczovL3BhZ2VhZDIuZ29vZ2xlc3luZGljYXRpb24uY29tL3BhZ2VhZC9zL2Nvb2tpZV9wdXNoLmh0bWwiIC8+DQogICAgICA8L0hlYWRlcnM+DQogICAgICA8UXVlcnlTdHJpbmdQYXJhbWV0ZXJzPg0KICAgICAgICA8UXVlcnlTdHJpbmdQYXJhbWV0ZXIgTmFtZT0iZCIgVmFsdWU9IkFITkYxM0x0R2pDTE9PUHo1MndHR1pickpKLTFQYVN4OWJIYiIgUmVjb3JkZWRWYWx1ZT0iQUhORjEzTHRHakNMT09QejUyd0dHWmJySkotMVBhU3g5YkhiIiBDb3JyZWxhdGlvbkJpbmRpbmc9IiIgVXJsRW5jb2RlPSJGYWxzZSIgVXNlVG9Hcm91cFJlc3VsdHM9IkZhbHNlIiAvPg0KICAgICAgPC9RdWVyeVN0cmluZ1BhcmFtZXRlcnM+DQogICAgPC9SZXF1ZXN0Pg0KICAgIDxSZXF1ZXN0IE1ldGhvZD0iUE9TVCIgR3VpZD0iMjkwYzQxNTItOTA0NS00YjVlLWIwOGMtN2FlMjkxMjhjZjc3IiBWZXJzaW9uPSIxLjEiIFVybD0iaHR0cHM6Ly93d3cubWFya3RwbGFhdHMubmwvbWV0cmljcy9kaXNwbGF5IiBUaGlua1RpbWU9IjAiIFRpbWVvdXQ9IjMwMCIgUGFyc2VEZXBlbmRlbnRSZXF1ZXN0cz0iVHJ1ZSIgRm9sbG93UmVkaXJlY3RzPSJUcnVlIiBSZWNvcmRSZXN1bHQ9IlRydWUiIENhY2hlPSJGYWxzZSIgUmVzcG9uc2VUaW1lR29hbD0iMCIgRW5jb2Rpbmc9InV0Zi04IiBFeHBlY3RlZEh0dHBTdGF0dXNDb2RlPSIwIiBFeHBlY3RlZFJlc3BvbnNlVXJsPSIiIFJlcG9ydGluZ05hbWU9IiIgSWdub3JlSHR0cFN0YXR1c0NvZGU9IkZhbHNlIj4NCiAgICAgIDxIZWFkZXJzPg0KICAgICAgICA8SGVhZGVyIE5hbWU9IlJlZmVyZXIiIFZhbHVlPSJodHRwczovL3d3dy5tYXJrdHBsYWF0cy5ubC96Lmh0bWw/cXVlcnk9YXV0byZhbXA7Y2F0ZWdvcnlJZD0wJmFtcDtwb3N0Y29kZT0mYW1wO2Rpc3RhbmNlPTAiIC8+DQogICAgICA8L0hlYWRlcnM+DQogICAgICA8U3RyaW5nSHR0cEJvZHkgQ29udGVudFR5cGU9ImFwcGxpY2F0aW9uL2pzb24iIEluc2VydEJ5dGVPcmRlck1hcms9IkZhbHNlIj5ld0FpQUhZQWFRQnlBSFFBZFFCaEFHd0FWUUJ5QUd3QUlnQTZBQ0lBVWdCbEFITUFkUUJzQUhRQWN3QlRBR1VBWVFCeUFHTUFhQUFpQUN3QUlnQnpBR3dBYndCMEFFd0Fid0JoQUdRQVpRQmtBQ0lBT2dBNUFEVUFOQUExQUgwQTwvU3RyaW5nSHR0cEJvZHk+DQogICAgPC9SZXF1ZXN0Pg0KICAgIDxSZXF1ZXN0IE1ldGhvZD0iUE9TVCIgR3VpZD0iMDRiYTkxNTgtMWQ1Zi00MjkyLThhZjItZWFjMjI3M2Y2MzIyIiBWZXJzaW9uPSIxLjEiIFVybD0iaHR0cHM6Ly93d3cubWFya3RwbGFhdHMubmwvbWV0cmljcy9kaXNwbGF5IiBUaGlua1RpbWU9IjEiIFRpbWVvdXQ9IjMwMCIgUGFyc2VEZXBlbmRlbnRSZXF1ZXN0cz0iVHJ1ZSIgRm9sbG93UmVkaXJlY3RzPSJUcnVlIiBSZWNvcmRSZXN1bHQ9IlRydWUiIENhY2hlPSJGYWxzZSIgUmVzcG9uc2VUaW1lR29hbD0iMCIgRW5jb2Rpbmc9InV0Zi04IiBFeHBlY3RlZEh0dHBTdGF0dXNDb2RlPSIwIiBFeHBlY3RlZFJlc3BvbnNlVXJsPSIiIFJlcG9ydGluZ05hbWU9IiIgSWdub3JlSHR0cFN0YXR1c0NvZGU9IkZhbHNlIj4NCiAgICAgIDxIZWFkZXJzPg0KICAgICAgICA8SGVhZGVyIE5hbWU9IlJlZmVyZXIiIFZhbHVlPSJodHRwczovL3d3dy5tYXJrdHBsYWF0cy5ubC96Lmh0bWw/cXVlcnk9YXV0byZhbXA7Y2F0ZWdvcnlJZD0wJmFtcDtwb3N0Y29kZT0mYW1wO2Rpc3RhbmNlPTAiIC8+DQogICAgICA8L0hlYWRlcnM+DQogICAgICA8U3RyaW5nSHR0cEJvZHkgQ29udGVudFR5cGU9ImFwcGxpY2F0aW9uL2pzb24iIEluc2VydEJ5dGVPcmRlck1hcms9IkZhbHNlIj5ld0FpQUhZQWFRQnlBSFFBZFFCaEFHd0FWUUJ5QUd3QUlnQTZBQ0lBVWdCbEFITUFkUUJzQUhRQWN3QlRBR1VBWVFCeUFHTUFhQUFpQUN3QUlnQnpBR3dBYndCMEFFd0Fid0JoQUdRQVpRQmtBQ0lBT2dBNUFEWUFNUUF6QUgwQTwvU3RyaW5nSHR0cEJvZHk+DQogICAgPC9SZXF1ZXN0Pg0KICAgIDxSZXF1ZXN0IE1ldGhvZD0iUE9TVCIgR3VpZD0iNDg2ZDY2NjItODI4NC00YWQ5LWExY2ItYWIyMTY0M2UxNzcxIiBWZXJzaW9uPSIxLjEiIFVybD0iaHR0cHM6Ly93d3cubWFya3RwbGFhdHMubmwvbWV0cmljcy9kaXNwbGF5IiBUaGlua1RpbWU9IjAiIFRpbWVvdXQ9IjMwMCIgUGFyc2VEZXBlbmRlbnRSZXF1ZXN0cz0iVHJ1ZSIgRm9sbG93UmVkaXJlY3RzPSJUcnVlIiBSZWNvcmRSZXN1bHQ9IlRydWUiIENhY2hlPSJGYWxzZSIgUmVzcG9uc2VUaW1lR29hbD0iMCIgRW5jb2Rpbmc9InV0Zi04IiBFeHBlY3RlZEh0dHBTdGF0dXNDb2RlPSIwIiBFeHBlY3RlZFJlc3BvbnNlVXJsPSIiIFJlcG9ydGluZ05hbWU9IiIgSWdub3JlSHR0cFN0YXR1c0NvZGU9IkZhbHNlIj4NCiAgICAgIDxIZWFkZXJzPg0KICAgICAgICA8SGVhZGVyIE5hbWU9IlJlZmVyZXIiIFZhbHVlPSJodHRwczovL3d3dy5tYXJrdHBsYWF0cy5ubC96Lmh0bWw/cXVlcnk9YXV0byZhbXA7Y2F0ZWdvcnlJZD0wJmFtcDtwb3N0Y29kZT0mYW1wO2Rpc3RhbmNlPTAiIC8+DQogICAgICA8L0hlYWRlcnM+DQogICAgICA8U3RyaW5nSHR0cEJvZHkgQ29udGVudFR5cGU9ImFwcGxpY2F0aW9uL2pzb24iIEluc2VydEJ5dGVPcmRlck1hcms9IkZhbHNlIj5ld0FpQUhZQWFRQnlBSFFBZFFCaEFHd0FWUUJ5QUd3QUlnQTZBQ0lBVWdCbEFITUFkUUJzQUhRQWN3QlRBR1VBWVFCeUFHTUFhQUFpQUN3QUlnQnBBRzBBY0FCeUFHVUFjd0J6QUdrQWJ3QnVBRllBYVFCbEFIY0FZUUJpQUd3QVpRQWlBRG9BTVFBeEFESUFOQUF5QUgwQTwvU3RyaW5nSHR0cEJvZHk+DQogICAgPC9SZXF1ZXN0Pg0KICAgIDxSZXF1ZXN0IE1ldGhvZD0iUE9TVCIgR3VpZD0iYjk4MGM4ZDgtYzRiYS00ZDc3LWI3ODYtMzc4ODQ1NzUyMjdjIiBWZXJzaW9uPSIxLjEiIFVybD0iaHR0cHM6Ly93d3cubWFya3RwbGFhdHMubmwvbWV0cmljcy9kaXNwbGF5IiBUaGlua1RpbWU9IjAiIFRpbWVvdXQ9IjMwMCIgUGFyc2VEZXBlbmRlbnRSZXF1ZXN0cz0iVHJ1ZSIgRm9sbG93UmVkaXJlY3RzPSJUcnVlIiBSZWNvcmRSZXN1bHQ9IlRydWUiIENhY2hlPSJGYWxzZSIgUmVzcG9uc2VUaW1lR29hbD0iMCIgRW5jb2Rpbmc9InV0Zi04IiBFeHBlY3RlZEh0dHBTdGF0dXNDb2RlPSIwIiBFeHBlY3RlZFJlc3BvbnNlVXJsPSIiIFJlcG9ydGluZ05hbWU9IiIgSWdub3JlSHR0cFN0YXR1c0NvZGU9IkZhbHNlIj4NCiAgICAgIDxIZWFkZXJzPg0KICAgICAgICA8SGVhZGVyIE5hbWU9IlJlZmVyZXIiIFZhbHVlPSJodHRwczovL3d3dy5tYXJrdHBsYWF0cy5ubC96Lmh0bWw/cXVlcnk9YXV0byZhbXA7Y2F0ZWdvcnlJZD0wJmFtcDtwb3N0Y29kZT0mYW1wO2Rpc3RhbmNlPTAiIC8+DQogICAgICA8L0hlYWRlcnM+DQogICAgICA8U3RyaW5nSHR0cEJvZHkgQ29udGVudFR5cGU9ImFwcGxpY2F0aW9uL2pzb24iIEluc2VydEJ5dGVPcmRlck1hcms9IkZhbHNlIj5ld0FpQUhZQWFRQnlBSFFBZFFCaEFHd0FWUUJ5QUd3QUlnQTZBQ0lBVWdCbEFITUFkUUJzQUhRQWN3QlRBR1VBWVFCeUFHTUFhQUFpQUN3QUlnQnBBRzBBY0FCeUFHVUFjd0J6QUdrQWJ3QnVBRllBYVFCbEFIY0FZUUJpQUd3QVpRQWlBRG9BTVFBeEFESUFOQUExQUgwQTwvU3RyaW5nSHR0cEJvZHk+DQogICAgPC9SZXF1ZXN0Pg0KICAgIDxSZXF1ZXN0IE1ldGhvZD0iR0VUIiBHdWlkPSI4YjUzNzNjZi1lM2YxLTRjNDAtYmJiOS1iZjBkOWQzYWNiMDMiIFZlcnNpb249IjEuMSIgVXJsPSJodHRwczovL3d3dy5nb29nbGUuY29tL3BhZ2VhZC9kcnQvdWkiIFRoaW5rVGltZT0iMCIgVGltZW91dD0iMzAwIiBQYXJzZURlcGVuZGVudFJlcXVlc3RzPSJUcnVlIiBGb2xsb3dSZWRpcmVjdHM9IlRydWUiIFJlY29yZFJlc3VsdD0iVHJ1ZSIgQ2FjaGU9IkZhbHNlIiBSZXNwb25zZVRpbWVHb2FsPSIwIiBFbmNvZGluZz0idXRmLTgiIEV4cGVjdGVkSHR0cFN0YXR1c0NvZGU9IjAiIEV4cGVjdGVkUmVzcG9uc2VVcmw9Imh0dHBzOi8vZ29vZ2xlYWRzLmcuZG91YmxlY2xpY2submV0L3BhZ2VhZC9kcnQvc2kiIFJlcG9ydGluZ05hbWU9IiIgSWdub3JlSHR0cFN0YXR1c0NvZGU9IkZhbHNlIiAvPg0KICA8L0l0ZW1zPg0KICA8VmFsaWRhdGlvblJ1bGVzPg0KICAgIDxWYWxpZGF0aW9uUnVsZSBDbGFzc25hbWU9Ik1pY3Jvc29mdC5WaXN1YWxTdHVkaW8uVGVzdFRvb2xzLldlYlRlc3RpbmcuUnVsZXMuVmFsaWRhdGVSZXNwb25zZVVybCwgTWljcm9zb2Z0LlZpc3VhbFN0dWRpby5RdWFsaXR5VG9vbHMuV2ViVGVzdEZyYW1ld29yaywgVmVyc2lvbj0xMC4wLjAuMCwgQ3VsdHVyZT1uZXV0cmFsLCBQdWJsaWNLZXlUb2tlbj1iMDNmNWY3ZjExZDUwYTNhIiBEaXNwbGF5TmFtZT0iUmVzcG9uc2UgVVJMIiBEZXNjcmlwdGlvbj0iVmFsaWRhdGVzIHRoYXQgdGhlIHJlc3BvbnNlIFVSTCBhZnRlciByZWRpcmVjdHMgYXJlIGZvbGxvd2VkIGlzIHRoZSBzYW1lIGFzIHRoZSByZWNvcmRlZCByZXNwb25zZSBVUkwuICBRdWVyeVN0cmluZyBwYXJhbWV0ZXJzIGFyZSBpZ25vcmVkLiIgTGV2ZWw9IkxvdyIgRXhlY3R1aW9uT3JkZXI9IkJlZm9yZURlcGVuZGVudHMiIC8+DQogICAgPFZhbGlkYXRpb25SdWxlIENsYXNzbmFtZT0iTWljcm9zb2Z0LlZpc3VhbFN0dWRpby5UZXN0VG9vbHMuV2ViVGVzdGluZy5SdWxlcy5WYWxpZGF0aW9uUnVsZVJlc3BvbnNlVGltZUdvYWwsIE1pY3Jvc29mdC5WaXN1YWxTdHVkaW8uUXVhbGl0eVRvb2xzLldlYlRlc3RGcmFtZXdvcmssIFZlcnNpb249MTAuMC4wLjAsIEN1bHR1cmU9bmV1dHJhbCwgUHVibGljS2V5VG9rZW49YjAzZjVmN2YxMWQ1MGEzYSIgRGlzcGxheU5hbWU9IlJlc3BvbnNlIFRpbWUgR29hbCIgRGVzY3JpcHRpb249IlZhbGlkYXRlcyB0aGF0IHRoZSByZXNwb25zZSB0aW1lIGZvciB0aGUgcmVxdWVzdCBpcyBsZXNzIHRoYW4gb3IgZXF1YWwgdG8gdGhlIHJlc3BvbnNlIHRpbWUgZ29hbCBhcyBzcGVjaWZpZWQgb24gdGhlIHJlcXVlc3QuICBSZXNwb25zZSB0aW1lIGdvYWxzIG9mIHplcm8gd2lsbCBiZSBpZ25vcmVkLiIgTGV2ZWw9IkxvdyIgRXhlY3R1aW9uT3JkZXI9IkFmdGVyRGVwZW5kZW50cyI+DQogICAgICA8UnVsZVBhcmFtZXRlcnM+DQogICAgICAgIDxSdWxlUGFyYW1ldGVyIE5hbWU9IlRvbGVyYW5jZSIgVmFsdWU9IjAiIC8+DQogICAgICA8L1J1bGVQYXJhbWV0ZXJzPg0KICAgIDwvVmFsaWRhdGlvblJ1bGU+DQogIDwvVmFsaWRhdGlvblJ1bGVzPg0KPC9XZWJUZXN0Pg==">
      <Execution id="215b0c5e-8049-4f4e-9c1d-d1b8d69d165a" />
    </WebTest>
  </TestDefinitions>
  <TestLists>
    <TestList name="Results Not in a List" id="8c84fa94-04c1-424b-9868-57a2d4851a1d" />
    <TestList name="All Loaded Results" id="19431567-8539-422a-85d7-44ee4e166bda" />
  </TestLists>
  <TestEntries>
    <TestEntry isTransparent="false" testId="2a6c56fe-7e44-4c44-a555-8137a92e4c8b" executionId="215b0c5e-8049-4f4e-9c1d-d1b8d69d165a" testListId="8c84fa94-04c1-424b-9868-57a2d4851a1d" />
  </TestEntries>
  <Results>
    <WebTestResult executionId="215b0c5e-8049-4f4e-9c1d-d1b8d69d165a" testId="2a6c56fe-7e44-4c44-a555-8137a92e4c8b" testName="WebTest2" computerName="LPBVDBOVENKAMP1" duration="00:00:14.0241614" startTime="2018-06-12T14:27:16.2465868+02:00" endTime="2018-06-12T14:27:40.9431658+02:00" testType="4e7599fa-5ecb-43e9-a887-cd63cf72d207" outcome="Failed" testListId="8c84fa94-04c1-424b-9868-57a2d4851a1d" relativeResultsDirectory="215b0c5e-8049-4f4e-9c1d-d1b8d69d165a">
      <Output>
        <ErrorInfo>
          <Message>23 primary requests, 0 dependant requests and 0 conditional rules failed</Message>
        </ErrorInfo>
      </Output>
      <ResultFiles>
        <ResultFile path="WebTest2.webtestResult" />
      </ResultFiles>
      <TestSettings name="Local" id="7b033f6e-e62e-47ef-a74c-e5b947ff6714">
        <Description>These are default test settings for a local test run.</Description>
        <Execution hostProcessPlatform="MSIL">
          <TestTypeSpecific>
            <WebTestRunConfiguration testTypeId="4e7599fa-5ecb-43e9-a887-cd63cf72d207">
              <Browser name="Internet Explorer 9.0" MaxConnections="6">
                <Headers>
                  <Header name="User-Agent" value="Mozilla/5.0 (compatible; MSIE 9.0; Windows NT 6.1; Trident/5.0)" />
                  <Header name="Accept" value="*/*" />
                  <Header name="Accept-Language" value="{{$IEAcceptLanguage}}" />
                  <Header name="Accept-Encoding" value="GZIP" />
                </Headers>
              </Browser>
            </WebTestRunConfiguration>
          </TestTypeSpecific>
          <AgentRule name="Execution Agents">
          </AgentRule>
        </Execution>
        <Deployment runDeploymentRoot="bvdbovenkamp_LPBVDBOVENKAMP1 2018-06-12 14_27_14" />
        <Properties>
          <Property name="TestSettingsUIType" value="LoadTest" />
        </Properties>
      </TestSettings>
      <WebTestResultFilePath>bvdbovenkamp_LPBVDBOVENKAMP1 2018-06-12 14_27_14\In\215b0c5e-8049-4f4e-9c1d-d1b8d69d165a\WebTest2.webtestResult</WebTestResultFilePath>
    </WebTestResult>
  </Results>
</TestRun>